[2.893s] Invoking command in '/home/user/ros2_ws/src/py_pkg': PYTHONPATH=/home/user/ros2_ws/build/py_pkg/prefix_override:/usr/lib/python3/dist-packages/colcon_core/task/python/colcon_distutils_commands:/home/user/ros2_ws/install/py_pkg/lib/python3.10/site-packages:${PYTHONPATH} /usr/bin/python3 -W ignore:setup.py install is deprecated -W ignore:easy_install command is deprecated setup.py egg_info --egg-base ../../build/py_pkg build --build-base /home/user/ros2_ws/build/py_pkg/build install --record /home/user/ros2_ws/build/py_pkg/install.log --single-version-externally-managed install_data
[4.038s] running egg_info
[4.041s] writing ../../build/py_pkg/py_pkg.egg-info/PKG-INFO
[4.042s] writing dependency_links to ../../build/py_pkg/py_pkg.egg-info/dependency_links.txt
[4.043s] writing entry points to ../../build/py_pkg/py_pkg.egg-info/entry_points.txt
[4.044s] writing requirements to ../../build/py_pkg/py_pkg.egg-info/requires.txt
[4.045s] writing top-level names to ../../build/py_pkg/py_pkg.egg-info/top_level.txt
[4.055s] reading manifest file '../../build/py_pkg/py_pkg.egg-info/SOURCES.txt'
[4.059s] writing manifest file '../../build/py_pkg/py_pkg.egg-info/SOURCES.txt'
[4.060s] running build
[4.061s] running build_py
[4.062s] copying py_pkg/lidar_node.py -> /home/user/ros2_ws/build/py_pkg/build/lib/py_pkg
[4.063s] running install
[4.065s] running install_lib
[4.069s] copying /home/user/ros2_ws/build/py_pkg/build/lib/py_pkg/lidar_node.py -> /home/user/ros2_ws/install/py_pkg/lib/python3.10/site-packages/py_pkg
[4.071s] byte-compiling /home/user/ros2_ws/install/py_pkg/lib/python3.10/site-packages/py_pkg/lidar_node.py to lidar_node.cpython-310.pyc
[4.074s] running install_data
[4.074s] running install_egg_info
[4.082s] removing '/home/user/ros2_ws/install/py_pkg/lib/python3.10/site-packages/py_pkg-0.0.0-py3.10.egg-info' (and everything under it)
[4.083s] Copying ../../build/py_pkg/py_pkg.egg-info to /home/user/ros2_ws/install/py_pkg/lib/python3.10/site-packages/py_pkg-0.0.0-py3.10.egg-info
[4.088s] running install_scripts
[4.171s] Installing lidar_node script to /home/user/ros2_ws/install/py_pkg/lib/py_pkg
[4.172s] Installing node_template script to /home/user/ros2_ws/install/py_pkg/lib/py_pkg
[4.174s] writing list of installed files to '/home/user/ros2_ws/build/py_pkg/install.log'
[4.296s] Invoked command in '/home/user/ros2_ws/src/py_pkg' returned '0': PYTHONPATH=/home/user/ros2_ws/build/py_pkg/prefix_override:/usr/lib/python3/dist-packages/colcon_core/task/python/colcon_distutils_commands:/home/user/ros2_ws/install/py_pkg/lib/python3.10/site-packages:${PYTHONPATH} /usr/bin/python3 -W ignore:setup.py install is deprecated -W ignore:easy_install command is deprecated setup.py egg_info --egg-base ../../build/py_pkg build --build-base /home/user/ros2_ws/build/py_pkg/build install --record /home/user/ros2_ws/build/py_pkg/install.log --single-version-externally-managed install_data
