[0.060s] Invoking command in '/home/user/ros2_ws/build/cpp_pkg': CMAKE_PREFIX_PATH=${CMAKE_PREFIX_PATH}:/home/user/ros2_ws/install/py_pkg:/opt/ros/humble /usr/bin/cmake --build /home/user/ros2_ws/build/cpp_pkg -- -j4 -l4
[0.263s] [35m[1mConsolidate compiler generated dependencies of target test_node[0m
[0.321s] [ 33%] Built target node_template
[0.328s] [ 66%] Built target LIDAR_node
[0.356s] [ 83%] [32mBuilding CXX object CMakeFiles/test_node.dir/src/test_node.cpp.o[0m
[10.448s] [01m[K/home/user/ros2_ws/src/cpp_pkg/src/test_node.cpp:[m[K In member function ‘[01m[Kvoid TestNode::timerCallback()[m[K’:
[10.449s] [01m[K/home/user/ros2_ws/src/cpp_pkg/src/test_node.cpp:41:20:[m[K [01;35m[Kwarning: [m[Kleft operand of comma operator has no effect [[01;35m[K]8;;https://gcc.gnu.org/onlinedocs/gcc/Warning-Options.html#index-Wunused-value-Wunused-value]8;;[m[K]
[10.449s]    41 |                 if([01;35m[K23[m[K, HIGH){
[10.449s]       |                    [01;35m[K^~[m[K
[13.924s] [100%] [32m[1mLinking CXX executable test_node[0m
[14.444s] [100%] Built target test_node
[14.486s] Invoked command in '/home/user/ros2_ws/build/cpp_pkg' returned '0': CMAKE_PREFIX_PATH=${CMAKE_PREFIX_PATH}:/home/user/ros2_ws/install/py_pkg:/opt/ros/humble /usr/bin/cmake --build /home/user/ros2_ws/build/cpp_pkg -- -j4 -l4
[14.529s] Invoking command in '/home/user/ros2_ws/build/cpp_pkg': CMAKE_PREFIX_PATH=${CMAKE_PREFIX_PATH}:/home/user/ros2_ws/install/py_pkg:/opt/ros/humble /usr/bin/cmake --install /home/user/ros2_ws/build/cpp_pkg
[14.559s] -- Install configuration: "Release"
[14.561s] -- Execute custom install script
[14.562s] -- Up-to-date symlink: /home/user/ros2_ws/install/cpp_pkg/lib/cpp_pkg/node_template
[14.563s] -- Up-to-date symlink: /home/user/ros2_ws/install/cpp_pkg/lib/cpp_pkg/test_node
[14.563s] -- Up-to-date symlink: /home/user/ros2_ws/install/cpp_pkg/lib/cpp_pkg/LIDAR_node
[14.565s] -- Up-to-date symlink: /home/user/ros2_ws/install/cpp_pkg/share/ament_index/resource_index/package_run_dependencies/cpp_pkg
[14.566s] -- Up-to-date symlink: /home/user/ros2_ws/install/cpp_pkg/share/ament_index/resource_index/parent_prefix_path/cpp_pkg
[14.567s] -- Up-to-date symlink: /home/user/ros2_ws/install/cpp_pkg/share/cpp_pkg/environment/ament_prefix_path.sh
[14.567s] -- Up-to-date symlink: /home/user/ros2_ws/install/cpp_pkg/share/cpp_pkg/environment/ament_prefix_path.dsv
[14.568s] -- Up-to-date symlink: /home/user/ros2_ws/install/cpp_pkg/share/cpp_pkg/environment/path.sh
[14.569s] -- Up-to-date symlink: /home/user/ros2_ws/install/cpp_pkg/share/cpp_pkg/environment/path.dsv
[14.570s] -- Up-to-date symlink: /home/user/ros2_ws/install/cpp_pkg/share/cpp_pkg/local_setup.bash
[14.571s] -- Up-to-date symlink: /home/user/ros2_ws/install/cpp_pkg/share/cpp_pkg/local_setup.sh
[14.571s] -- Up-to-date symlink: /home/user/ros2_ws/install/cpp_pkg/share/cpp_pkg/local_setup.zsh
[14.572s] -- Up-to-date symlink: /home/user/ros2_ws/install/cpp_pkg/share/cpp_pkg/local_setup.dsv
[14.573s] -- Symlinking: /home/user/ros2_ws/install/cpp_pkg/share/cpp_pkg/package.dsv
[14.606s] -- Up-to-date symlink: /home/user/ros2_ws/install/cpp_pkg/share/ament_index/resource_index/packages/cpp_pkg
[14.607s] -- Up-to-date symlink: /home/user/ros2_ws/install/cpp_pkg/share/cpp_pkg/cmake/cpp_pkgConfig.cmake
[14.608s] -- Up-to-date symlink: /home/user/ros2_ws/install/cpp_pkg/share/cpp_pkg/cmake/cpp_pkgConfig-version.cmake
[14.609s] -- Up-to-date symlink: /home/user/ros2_ws/install/cpp_pkg/share/cpp_pkg/package.xml
[14.615s] Invoked command in '/home/user/ros2_ws/build/cpp_pkg' returned '0': CMAKE_PREFIX_PATH=${CMAKE_PREFIX_PATH}:/home/user/ros2_ws/install/py_pkg:/opt/ros/humble /usr/bin/cmake --install /home/user/ros2_ws/build/cpp_pkg
