[0.060s] Invoking command in '/home/user/ros2_ws/build/ldlidar': AMENT_PREFIX_PATH=/home/user/ros2_ws/install/ldlidar_node:/home/user/ros2_ws/install/ldlidar_component:${AMENT_PREFIX_PATH} CMAKE_PREFIX_PATH=/home/user/ros2_ws/install/ldlidar_node:/home/user/ros2_ws/install/ldlidar_component:/home/user/ros2_ws/install/cpp_pkg:/home/user/ros2_ws/install/py_pkg:/opt/ros/humble LD_LIBRARY_PATH=/home/user/ros2_ws/install/ldlidar_component/lib:${LD_LIBRARY_PATH} /usr/bin/cmake /home/user/ros2_ws/src/ldrobot-lidar-ros2/ldlidar -DCMAKE_BUILD_TYPE=Release -DAMENT_CMAKE_SYMLINK_INSTALL=1 -DCMAKE_INSTALL_PREFIX=/home/user/ros2_ws/install/ldlidar
[0.157s] -- Found ament_cmake: 1.3.10 (/opt/ros/humble/share/ament_cmake/cmake)
[1.044s] -- Found Python3: /usr/bin/python3 (found version "3.10.12") found components: Interpreter 
[1.342s] -- Override CMake install command with custom implementation using symlinks instead of copying resources
[2.021s] -- Configuring done
[2.042s] -- Generating done
[2.049s] -- Build files have been written to: /home/user/ros2_ws/build/ldlidar
[2.057s] Invoked command in '/home/user/ros2_ws/build/ldlidar' returned '0': AMENT_PREFIX_PATH=/home/user/ros2_ws/install/ldlidar_node:/home/user/ros2_ws/install/ldlidar_component:${AMENT_PREFIX_PATH} CMAKE_PREFIX_PATH=/home/user/ros2_ws/install/ldlidar_node:/home/user/ros2_ws/install/ldlidar_component:/home/user/ros2_ws/install/cpp_pkg:/home/user/ros2_ws/install/py_pkg:/opt/ros/humble LD_LIBRARY_PATH=/home/user/ros2_ws/install/ldlidar_component/lib:${LD_LIBRARY_PATH} /usr/bin/cmake /home/user/ros2_ws/src/ldrobot-lidar-ros2/ldlidar -DCMAKE_BUILD_TYPE=Release -DAMENT_CMAKE_SYMLINK_INSTALL=1 -DCMAKE_INSTALL_PREFIX=/home/user/ros2_ws/install/ldlidar
[2.064s] Invoking command in '/home/user/ros2_ws/build/ldlidar': AMENT_PREFIX_PATH=/home/user/ros2_ws/install/ldlidar_node:/home/user/ros2_ws/install/ldlidar_component:${AMENT_PREFIX_PATH} CMAKE_PREFIX_PATH=/home/user/ros2_ws/install/ldlidar_node:/home/user/ros2_ws/install/ldlidar_component:/home/user/ros2_ws/install/cpp_pkg:/home/user/ros2_ws/install/py_pkg:/opt/ros/humble LD_LIBRARY_PATH=/home/user/ros2_ws/install/ldlidar_component/lib:${LD_LIBRARY_PATH} /usr/bin/cmake --build /home/user/ros2_ws/build/ldlidar -- -j4 -l4
[2.217s] Invoked command in '/home/user/ros2_ws/build/ldlidar' returned '0': AMENT_PREFIX_PATH=/home/user/ros2_ws/install/ldlidar_node:/home/user/ros2_ws/install/ldlidar_component:${AMENT_PREFIX_PATH} CMAKE_PREFIX_PATH=/home/user/ros2_ws/install/ldlidar_node:/home/user/ros2_ws/install/ldlidar_component:/home/user/ros2_ws/install/cpp_pkg:/home/user/ros2_ws/install/py_pkg:/opt/ros/humble LD_LIBRARY_PATH=/home/user/ros2_ws/install/ldlidar_component/lib:${LD_LIBRARY_PATH} /usr/bin/cmake --build /home/user/ros2_ws/build/ldlidar -- -j4 -l4
[2.229s] Invoking command in '/home/user/ros2_ws/build/ldlidar': AMENT_PREFIX_PATH=/home/user/ros2_ws/install/ldlidar_node:/home/user/ros2_ws/install/ldlidar_component:${AMENT_PREFIX_PATH} CMAKE_PREFIX_PATH=/home/user/ros2_ws/install/ldlidar_node:/home/user/ros2_ws/install/ldlidar_component:/home/user/ros2_ws/install/cpp_pkg:/home/user/ros2_ws/install/py_pkg:/opt/ros/humble LD_LIBRARY_PATH=/home/user/ros2_ws/install/ldlidar_component/lib:${LD_LIBRARY_PATH} /usr/bin/cmake --install /home/user/ros2_ws/build/ldlidar
[2.259s] -- Install configuration: "Release"
[2.260s] -- Execute custom install script
[2.262s] -- Symlinking: /home/user/ros2_ws/install/ldlidar/share/ament_index/resource_index/package_run_dependencies/ldlidar
[2.297s] -- Symlinking: /home/user/ros2_ws/install/ldlidar/share/ament_index/resource_index/parent_prefix_path/ldlidar
[2.336s] -- Symlinking: /home/user/ros2_ws/install/ldlidar/share/ldlidar/environment/ament_prefix_path.sh
[2.374s] -- Symlinking: /home/user/ros2_ws/install/ldlidar/share/ldlidar/environment/ament_prefix_path.dsv
[2.409s] -- Symlinking: /home/user/ros2_ws/install/ldlidar/share/ldlidar/environment/path.sh
[2.448s] -- Symlinking: /home/user/ros2_ws/install/ldlidar/share/ldlidar/environment/path.dsv
[2.482s] -- Symlinking: /home/user/ros2_ws/install/ldlidar/share/ldlidar/local_setup.bash
[2.515s] -- Symlinking: /home/user/ros2_ws/install/ldlidar/share/ldlidar/local_setup.sh
[2.554s] -- Symlinking: /home/user/ros2_ws/install/ldlidar/share/ldlidar/local_setup.zsh
[2.587s] -- Symlinking: /home/user/ros2_ws/install/ldlidar/share/ldlidar/local_setup.dsv
[2.621s] -- Symlinking: /home/user/ros2_ws/install/ldlidar/share/ldlidar/package.dsv
[2.660s] -- Symlinking: /home/user/ros2_ws/install/ldlidar/share/ament_index/resource_index/packages/ldlidar
[2.695s] -- Symlinking: /home/user/ros2_ws/install/ldlidar/share/ldlidar/cmake/ldlidarConfig.cmake
[2.730s] -- Symlinking: /home/user/ros2_ws/install/ldlidar/share/ldlidar/cmake/ldlidarConfig-version.cmake
[2.765s] -- Symlinking: /home/user/ros2_ws/install/ldlidar/share/ldlidar/package.xml
[2.805s] Invoked command in '/home/user/ros2_ws/build/ldlidar' returned '0': AMENT_PREFIX_PATH=/home/user/ros2_ws/install/ldlidar_node:/home/user/ros2_ws/install/ldlidar_component:${AMENT_PREFIX_PATH} CMAKE_PREFIX_PATH=/home/user/ros2_ws/install/ldlidar_node:/home/user/ros2_ws/install/ldlidar_component:/home/user/ros2_ws/install/cpp_pkg:/home/user/ros2_ws/install/py_pkg:/opt/ros/humble LD_LIBRARY_PATH=/home/user/ros2_ws/install/ldlidar_component/lib:${LD_LIBRARY_PATH} /usr/bin/cmake --install /home/user/ros2_ws/build/ldlidar
