[0.146s] Invoking command in '/home/user/ros2_ws/build/ldlidar_component': CMAKE_PREFIX_PATH=${CMAKE_PREFIX_PATH}:/home/user/ros2_ws/install/py_pkg:/opt/ros/humble /usr/bin/cmake /home/user/ros2_ws/src/ldrobot-lidar-ros2/ldlidar_component -DCMAKE_BUILD_TYPE=Release -DAMENT_CMAKE_SYMLINK_INSTALL=1 -DCMAKE_INSTALL_PREFIX=/home/user/ros2_ws/install/ldlidar_component
[1.688s] -- The C compiler identification is GNU 11.4.0
[2.875s] -- The CXX compiler identification is GNU 11.4.0
[2.916s] -- Detecting C compiler ABI info
[3.349s] -- Detecting C compiler ABI info - done
[3.376s] -- Check for working C compiler: /usr/bin/cc - skipped
[3.380s] -- Detecting C compile features
[3.384s] -- Detecting C compile features - done
[3.400s] -- Detecting CXX compiler ABI info
[3.833s] -- Detecting CXX compiler ABI info - done
[3.872s] -- Check for working CXX compiler: /usr/bin/c++ - skipped
[3.873s] -- Detecting CXX compile features
[3.877s] -- Detecting CXX compile features - done
[3.884s] --  * Release Mode
[3.886s] -- * Found ROS2 humble
[3.887s] -- * ROS2 humble is officially supported by this package.
[3.934s] -- Found ament_cmake: 1.3.10 (/opt/ros/humble/share/ament_cmake/cmake)
[5.566s] -- Found Python3: /usr/bin/python3 (found version "3.10.12") found components: Interpreter 
[5.940s] -- Override CMake install command with custom implementation using symlinks instead of copying resources
[6.359s] -- Found rclcpp_lifecycle: 16.0.10 (/opt/ros/humble/share/rclcpp_lifecycle/cmake)
[7.877s] -- Found rosidl_generator_c: 3.1.5 (/opt/ros/humble/share/rosidl_generator_c/cmake)
[8.188s] -- Found rosidl_adapter: 3.1.5 (/opt/ros/humble/share/rosidl_adapter/cmake)
[8.490s] -- Found rosidl_generator_cpp: 3.1.5 (/opt/ros/humble/share/rosidl_generator_cpp/cmake)
[8.810s] -- Using all available rosidl_typesupport_c: rosidl_typesupport_fastrtps_c;rosidl_typesupport_introspection_c
[9.314s] -- Using all available rosidl_typesupport_cpp: rosidl_typesupport_fastrtps_cpp;rosidl_typesupport_introspection_cpp
[10.500s] -- Found rmw_implementation_cmake: 6.1.2 (/opt/ros/humble/share/rmw_implementation_cmake/cmake)
[10.647s] -- Found rmw_fastrtps_cpp: 6.2.7 (/opt/ros/humble/share/rmw_fastrtps_cpp/cmake)
[12.583s] -- Found OpenSSL: /usr/lib/aarch64-linux-gnu/libcrypto.so (found version "3.0.2")  
[13.302s] -- Found FastRTPS: /opt/ros/humble/include  
[14.263s] -- Using RMW implementation 'rmw_fastrtps_cpp' as default
[14.384s] -- Looking for pthread.h
[15.019s] -- Looking for pthread.h - found
[15.021s] -- Performing Test CMAKE_HAVE_LIBC_PTHREAD
[15.585s] -- Performing Test CMAKE_HAVE_LIBC_PTHREAD - Success
[15.597s] -- Found Threads: TRUE  
[16.417s] -- Found rclcpp_components: 16.0.10 (/opt/ros/humble/share/rclcpp_components/cmake)
[16.857s] -- Found nav2_util: 1.1.16 (/opt/ros/humble/share/nav2_util/cmake)
[18.999s] -- Found eigen3_cmake_module: 0.1.1 (/opt/ros/humble/share/eigen3_cmake_module/cmake)
[19.010s] -- Found Eigen3: TRUE (found version "3.4.0") 
[19.012s] -- Ensuring Eigen3 include directory is part of orocos-kdl CMake target
[19.422s] -- Found sensor_msgs: 4.2.4 (/opt/ros/humble/share/sensor_msgs/cmake)
[19.599s] -- Found diagnostic_msgs: 4.2.4 (/opt/ros/humble/share/diagnostic_msgs/cmake)
[19.761s] -- Found diagnostic_updater: 4.0.0 (/opt/ros/humble/share/diagnostic_updater/cmake)
[20.123s] -- Found ament_lint_auto: 0.12.11 (/opt/ros/humble/share/ament_lint_auto/cmake)
[21.663s] -- Added test 'copyright' to check source files copyright and LICENSE
[21.744s] -- Added test 'cppcheck' to perform static code analysis on C / C++ code
[21.750s] -- Configured cppcheck include dirs: /home/user/ros2_ws/src/ldrobot-lidar-ros2/ldlidar_component/include;/home/user/ros2_ws/src/ldrobot-lidar-ros2/ldlidar_component/tools/include;/home/user/ros2_ws/src/ldrobot-lidar-ros2/ldlidar_component/component/include;/home/user/ros2_ws/src/ldrobot-lidar-ros2/ldlidar_component/ldlidar_driver/include/core;/home/user/ros2_ws/src/ldrobot-lidar-ros2/ldlidar_component/ldlidar_driver/include/dataprocess;/home/user/ros2_ws/src/ldrobot-lidar-ros2/ldlidar_component/ldlidar_driver/include/filter;/home/user/ros2_ws/src/ldrobot-lidar-ros2/ldlidar_component/ldlidar_driver/include/logger;/home/user/ros2_ws/src/ldrobot-lidar-ros2/ldlidar_component/ldlidar_driver/include/networkcom;/home/user/ros2_ws/src/ldrobot-lidar-ros2/ldlidar_component/ldlidar_driver/include/serialcom
[21.751s] -- Configured cppcheck exclude dirs and/or files: 
[21.807s] -- Added test 'cpplint' to check C / C++ code against the Google style
[21.808s] -- Configured cpplint exclude dirs and/or files: 
[21.844s] -- Added test 'lint_cmake' to check CMake code style
[21.926s] -- Added test 'uncrustify' to check C / C++ code style
[21.927s] -- Configured uncrustify additional arguments: 
[21.941s] -- Added test 'xmllint' to check XML markup files
[21.995s] -- Configuring done
[22.799s] -- Generating done
[22.846s] -- Build files have been written to: /home/user/ros2_ws/build/ldlidar_component
[22.944s] Invoked command in '/home/user/ros2_ws/build/ldlidar_component' returned '0': CMAKE_PREFIX_PATH=${CMAKE_PREFIX_PATH}:/home/user/ros2_ws/install/py_pkg:/opt/ros/humble /usr/bin/cmake /home/user/ros2_ws/src/ldrobot-lidar-ros2/ldlidar_component -DCMAKE_BUILD_TYPE=Release -DAMENT_CMAKE_SYMLINK_INSTALL=1 -DCMAKE_INSTALL_PREFIX=/home/user/ros2_ws/install/ldlidar_component
[22.947s] Invoking command in '/home/user/ros2_ws/build/ldlidar_component': CMAKE_PREFIX_PATH=${CMAKE_PREFIX_PATH}:/home/user/ros2_ws/install/py_pkg:/opt/ros/humble /usr/bin/cmake --build /home/user/ros2_ws/build/ldlidar_component -- -j4 -l4
[23.382s] [ 10%] [32mBuilding CXX object ldlidar_driver/CMakeFiles/ldlidar.dir/src/dataprocess/lipkg.cpp.o[0m
[23.385s] [ 20%] [32mBuilding CXX object ldlidar_driver/CMakeFiles/ldlidar.dir/src/core/ldlidar_driver.cpp.o[0m
[23.412s] [ 30%] [32mBuilding CXX object ldlidar_driver/CMakeFiles/ldlidar.dir/src/filter/tofbf.cpp.o[0m
[23.428s] [ 40%] [32mBuilding CXX object ldlidar_driver/CMakeFiles/ldlidar.dir/src/logger/log_module.cpp.o[0m
[29.001s] [ 50%] [32mBuilding CXX object ldlidar_driver/CMakeFiles/ldlidar.dir/src/networkcom/network_socket_interface_linux.cpp.o[0m
[31.795s] [ 60%] [32mBuilding CXX object ldlidar_driver/CMakeFiles/ldlidar.dir/src/serialcom/serial_interface_linux.cpp.o[0m
[36.828s] [ 70%] [32m[1mLinking CXX static library libldlidar.a[0m
[37.158s] [ 70%] Built target ldlidar
[37.317s] [ 80%] [32mBuilding CXX object CMakeFiles/ldlidar_component.dir/tools/src/ldlidar_tools.cpp.o[0m
[37.369s] [ 90%] [32mBuilding CXX object CMakeFiles/ldlidar_component.dir/component/src/ldlidar_component.cpp.o[0m
[82.706s] [100%] [32m[1mLinking CXX shared library libldlidar_component.so[0m
[84.311s] [100%] Built target ldlidar_component
[84.356s] Invoked command in '/home/user/ros2_ws/build/ldlidar_component' returned '0': CMAKE_PREFIX_PATH=${CMAKE_PREFIX_PATH}:/home/user/ros2_ws/install/py_pkg:/opt/ros/humble /usr/bin/cmake --build /home/user/ros2_ws/build/ldlidar_component -- -j4 -l4
[84.365s] Invoking command in '/home/user/ros2_ws/build/ldlidar_component': CMAKE_PREFIX_PATH=${CMAKE_PREFIX_PATH}:/home/user/ros2_ws/install/py_pkg:/opt/ros/humble /usr/bin/cmake --install /home/user/ros2_ws/build/ldlidar_component
[84.399s] -- Install configuration: "Release"
[84.401s] -- Execute custom install script
[84.403s] -- Symlinking: /home/user/ros2_ws/install/ldlidar_component/lib/libldlidar_component.so
[84.437s] -- Symlinking: /home/user/ros2_ws/install/ldlidar_component/include/ldlidar_component//defines.hpp
[84.470s] -- Symlinking: /home/user/ros2_ws/install/ldlidar_component/include/ldlidar_component//ldlidar_component.hpp
[84.508s] -- Symlinking: /home/user/ros2_ws/install/ldlidar_component/include/ldlidar_component//ldlidar_tools.hpp
[84.541s] -- Symlinking: /home/user/ros2_ws/install/ldlidar_component/include/ldlidar_component//visibility_control.hpp
[84.574s] -- Symlinking: /home/user/ros2_ws/install/ldlidar_component/include/ldlidar_component//ldlidar_datatype.h
[84.612s] -- Symlinking: /home/user/ros2_ws/install/ldlidar_component/include/ldlidar_component//ldlidar_driver.h
[84.646s] -- Symlinking: /home/user/ros2_ws/install/ldlidar_component/include/ldlidar_component//lipkg.h
[84.678s] -- Symlinking: /home/user/ros2_ws/install/ldlidar_component/include/ldlidar_component//tofbf.h
[84.715s] -- Symlinking: /home/user/ros2_ws/install/ldlidar_component/include/ldlidar_component//log_module.h
[84.749s] -- Symlinking: /home/user/ros2_ws/install/ldlidar_component/include/ldlidar_component//network_socket_interface_linux.h
[84.783s] -- Symlinking: /home/user/ros2_ws/install/ldlidar_component/include/ldlidar_component//serial_interface_linux.h
[84.820s] -- Symlinking: /home/user/ros2_ws/install/ldlidar_component/share/ldlidar_component/environment/library_path.sh
[84.853s] -- Symlinking: /home/user/ros2_ws/install/ldlidar_component/share/ldlidar_component/environment/library_path.dsv
[84.887s] -- Symlinking: /home/user/ros2_ws/install/ldlidar_component/share/ament_index/resource_index/package_run_dependencies/ldlidar_component
[84.927s] -- Symlinking: /home/user/ros2_ws/install/ldlidar_component/share/ament_index/resource_index/parent_prefix_path/ldlidar_component
[84.964s] -- Symlinking: /home/user/ros2_ws/install/ldlidar_component/share/ldlidar_component/environment/ament_prefix_path.sh
[85.001s] -- Symlinking: /home/user/ros2_ws/install/ldlidar_component/share/ldlidar_component/environment/ament_prefix_path.dsv
[85.035s] -- Symlinking: /home/user/ros2_ws/install/ldlidar_component/share/ldlidar_component/environment/path.sh
[85.069s] -- Symlinking: /home/user/ros2_ws/install/ldlidar_component/share/ldlidar_component/environment/path.dsv
[85.105s] -- Symlinking: /home/user/ros2_ws/install/ldlidar_component/share/ldlidar_component/local_setup.bash
[85.139s] -- Symlinking: /home/user/ros2_ws/install/ldlidar_component/share/ldlidar_component/local_setup.sh
[85.173s] -- Symlinking: /home/user/ros2_ws/install/ldlidar_component/share/ldlidar_component/local_setup.zsh
[85.209s] -- Symlinking: /home/user/ros2_ws/install/ldlidar_component/share/ldlidar_component/local_setup.dsv
[85.245s] -- Symlinking: /home/user/ros2_ws/install/ldlidar_component/share/ldlidar_component/package.dsv
[85.277s] -- Symlinking: /home/user/ros2_ws/install/ldlidar_component/share/ament_index/resource_index/packages/ldlidar_component
[85.315s] -- Symlinking: /home/user/ros2_ws/install/ldlidar_component/share/ament_index/resource_index/rclcpp_components/ldlidar_component
[85.350s] -- Symlinking: /home/user/ros2_ws/install/ldlidar_component/share/ldlidar_component/cmake/ament_cmake_export_include_directories-extras.cmake
[85.382s] -- Symlinking: /home/user/ros2_ws/install/ldlidar_component/share/ldlidar_component/cmake/ament_cmake_export_libraries-extras.cmake
[85.420s] -- Symlinking: /home/user/ros2_ws/install/ldlidar_component/share/ldlidar_component/cmake/ament_cmake_export_dependencies-extras.cmake
[85.453s] -- Symlinking: /home/user/ros2_ws/install/ldlidar_component/share/ldlidar_component/cmake/ldlidar_componentConfig.cmake
[85.487s] -- Symlinking: /home/user/ros2_ws/install/ldlidar_component/share/ldlidar_component/cmake/ldlidar_componentConfig-version.cmake
[85.524s] -- Symlinking: /home/user/ros2_ws/install/ldlidar_component/share/ldlidar_component/package.xml
[85.564s] Invoked command in '/home/user/ros2_ws/build/ldlidar_component' returned '0': CMAKE_PREFIX_PATH=${CMAKE_PREFIX_PATH}:/home/user/ros2_ws/install/py_pkg:/opt/ros/humble /usr/bin/cmake --install /home/user/ros2_ws/build/ldlidar_component
