[3.208s] Invoking command in '/home/user/ros2_ws/src/py_pkg': PYTHONPATH=/home/user/ros2_ws/src/build/py_pkg/prefix_override:/usr/lib/python3/dist-packages/colcon_core/task/python/colcon_distutils_commands:/home/user/ros2_ws/src/install/py_pkg/lib/python3.10/site-packages:${PYTHONPATH} /usr/bin/python3 -W ignore:setup.py install is deprecated setup.py egg_info --egg-base ../build/py_pkg build --build-base /home/user/ros2_ws/src/build/py_pkg/build install --record /home/user/ros2_ws/src/build/py_pkg/install.log --single-version-externally-managed install_data
[4.424s] running egg_info
[4.427s] writing ../build/py_pkg/py_pkg.egg-info/PKG-INFO
[4.428s] writing dependency_links to ../build/py_pkg/py_pkg.egg-info/dependency_links.txt
[4.430s] writing entry points to ../build/py_pkg/py_pkg.egg-info/entry_points.txt
[4.431s] writing requirements to ../build/py_pkg/py_pkg.egg-info/requires.txt
[4.432s] writing top-level names to ../build/py_pkg/py_pkg.egg-info/top_level.txt
[5.554s] reading manifest file '../build/py_pkg/py_pkg.egg-info/SOURCES.txt'
[5.558s] writing manifest file '../build/py_pkg/py_pkg.egg-info/SOURCES.txt'
[5.558s] running build
[5.559s] running build_py
[5.559s] running install
[5.561s] running install_lib
[5.566s] running install_data
[5.567s] running install_egg_info
[5.574s] removing '/home/user/ros2_ws/src/install/py_pkg/lib/python3.10/site-packages/py_pkg-0.0.0-py3.10.egg-info' (and everything under it)
[5.575s] Copying ../build/py_pkg/py_pkg.egg-info to /home/user/ros2_ws/src/install/py_pkg/lib/python3.10/site-packages/py_pkg-0.0.0-py3.10.egg-info
[5.580s] running install_scripts
[5.665s] writing list of installed files to '/home/user/ros2_ws/src/build/py_pkg/install.log'
[5.799s] Invoked command in '/home/user/ros2_ws/src/py_pkg' returned '0': PYTHONPATH=/home/user/ros2_ws/src/build/py_pkg/prefix_override:/usr/lib/python3/dist-packages/colcon_core/task/python/colcon_distutils_commands:/home/user/ros2_ws/src/install/py_pkg/lib/python3.10/site-packages:${PYTHONPATH} /usr/bin/python3 -W ignore:setup.py install is deprecated setup.py egg_info --egg-base ../build/py_pkg build --build-base /home/user/ros2_ws/src/build/py_pkg/build install --record /home/user/ros2_ws/src/build/py_pkg/install.log --single-version-externally-managed install_data
