[0.079s] Invoking command in '/home/user/ros2_ws/build/cpp_pkg': CMAKE_PREFIX_PATH=/opt/ros/humble /usr/bin/cmake /home/user/ros2_ws/src/cpp_pkg -DCMAKE_INSTALL_PREFIX=/home/user/ros2_ws/install/cpp_pkg
[0.358s] -- The C compiler identification is GNU 11.4.0
[0.626s] -- The CXX compiler identification is GNU 11.4.0
[0.656s] -- Detecting C compiler ABI info
[0.980s] -- Detecting C compiler ABI info - done
[1.005s] -- Check for working C compiler: /usr/bin/cc - skipped
[1.007s] -- Detecting C compile features
[1.008s] -- Detecting C compile features - done
[1.022s] -- Detecting CXX compiler ABI info
[1.386s] -- Detecting CXX compiler ABI info - done
[1.412s] -- Check for working CXX compiler: /usr/bin/c++ - skipped
[1.413s] -- Detecting CXX compile features
[1.414s] -- Detecting CXX compile features - done
[1.441s] -- Found ament_cmake: 1.3.10 (/opt/ros/humble/share/ament_cmake/cmake)
[2.269s] -- Found Python3: /usr/bin/python3 (found version "3.10.12") found components: Interpreter 
[2.827s] -- Found rclcpp: 16.0.10 (/opt/ros/humble/share/rclcpp/cmake)
[3.186s] -- Found rosidl_generator_c: 3.1.5 (/opt/ros/humble/share/rosidl_generator_c/cmake)
[3.235s] -- Found rosidl_adapter: 3.1.5 (/opt/ros/humble/share/rosidl_adapter/cmake)
[3.307s] -- Found rosidl_generator_cpp: 3.1.5 (/opt/ros/humble/share/rosidl_generator_cpp/cmake)
[3.386s] -- Using all available rosidl_typesupport_c: rosidl_typesupport_fastrtps_c;rosidl_typesupport_introspection_c
[3.493s] -- Using all available rosidl_typesupport_cpp: rosidl_typesupport_fastrtps_cpp;rosidl_typesupport_introspection_cpp
[3.794s] -- Found rmw_implementation_cmake: 6.1.2 (/opt/ros/humble/share/rmw_implementation_cmake/cmake)
[3.816s] -- Found rmw_fastrtps_cpp: 6.2.7 (/opt/ros/humble/share/rmw_fastrtps_cpp/cmake)
[4.367s] -- Found OpenSSL: /usr/lib/aarch64-linux-gnu/libcrypto.so (found version "3.0.2")  
[4.628s] -- Found FastRTPS: /opt/ros/humble/include  
[5.052s] -- Using RMW implementation 'rmw_fastrtps_cpp' as default
[5.117s] -- Looking for pthread.h
[5.454s] -- Looking for pthread.h - found
[5.456s] -- Performing Test CMAKE_HAVE_LIBC_PTHREAD
[5.801s] -- Performing Test CMAKE_HAVE_LIBC_PTHREAD - Success
[5.806s] -- Found Threads: TRUE  
[6.059s] -- Found ament_lint_auto: 0.12.11 (/opt/ros/humble/share/ament_lint_auto/cmake)
[6.479s] -- Added test 'lint_cmake' to check CMake code style
[6.486s] -- Added test 'xmllint' to check XML markup files
[6.492s] -- Configuring done
[6.530s] -- Generating done
[6.536s] -- Build files have been written to: /home/user/ros2_ws/build/cpp_pkg
[6.576s] Invoked command in '/home/user/ros2_ws/build/cpp_pkg' returned '0': CMAKE_PREFIX_PATH=/opt/ros/humble /usr/bin/cmake /home/user/ros2_ws/src/cpp_pkg -DCMAKE_INSTALL_PREFIX=/home/user/ros2_ws/install/cpp_pkg
[6.586s] Invoking command in '/home/user/ros2_ws/build/cpp_pkg': CMAKE_PREFIX_PATH=/opt/ros/humble /usr/bin/cmake --build /home/user/ros2_ws/build/cpp_pkg -- -j4 -l4
[6.747s] Invoked command in '/home/user/ros2_ws/build/cpp_pkg' returned '0': CMAKE_PREFIX_PATH=/opt/ros/humble /usr/bin/cmake --build /home/user/ros2_ws/build/cpp_pkg -- -j4 -l4
[6.906s] Invoking command in '/home/user/ros2_ws/build/cpp_pkg': CMAKE_PREFIX_PATH=/opt/ros/humble /usr/bin/cmake --install /home/user/ros2_ws/build/cpp_pkg
[6.935s] -- Install configuration: ""
[6.936s] -- Installing: /home/user/ros2_ws/install/cpp_pkg/share/ament_index/resource_index/package_run_dependencies/cpp_pkg
[6.938s] -- Installing: /home/user/ros2_ws/install/cpp_pkg/share/ament_index/resource_index/parent_prefix_path/cpp_pkg
[6.940s] -- Installing: /home/user/ros2_ws/install/cpp_pkg/share/cpp_pkg/environment/ament_prefix_path.sh
[6.941s] -- Installing: /home/user/ros2_ws/install/cpp_pkg/share/cpp_pkg/environment/ament_prefix_path.dsv
[6.942s] -- Installing: /home/user/ros2_ws/install/cpp_pkg/share/cpp_pkg/environment/path.sh
[6.943s] -- Installing: /home/user/ros2_ws/install/cpp_pkg/share/cpp_pkg/environment/path.dsv
[6.944s] -- Installing: /home/user/ros2_ws/install/cpp_pkg/share/cpp_pkg/local_setup.bash
[6.945s] -- Installing: /home/user/ros2_ws/install/cpp_pkg/share/cpp_pkg/local_setup.sh
[6.946s] -- Installing: /home/user/ros2_ws/install/cpp_pkg/share/cpp_pkg/local_setup.zsh
[6.947s] -- Installing: /home/user/ros2_ws/install/cpp_pkg/share/cpp_pkg/local_setup.dsv
[6.948s] -- Installing: /home/user/ros2_ws/install/cpp_pkg/share/cpp_pkg/package.dsv
[6.949s] -- Installing: /home/user/ros2_ws/install/cpp_pkg/share/ament_index/resource_index/packages/cpp_pkg
[6.951s] -- Installing: /home/user/ros2_ws/install/cpp_pkg/share/cpp_pkg/cmake/cpp_pkgConfig.cmake
[6.952s] -- Installing: /home/user/ros2_ws/install/cpp_pkg/share/cpp_pkg/cmake/cpp_pkgConfig-version.cmake
[6.953s] -- Installing: /home/user/ros2_ws/install/cpp_pkg/share/cpp_pkg/package.xml
[6.960s] Invoked command in '/home/user/ros2_ws/build/cpp_pkg' returned '0': CMAKE_PREFIX_PATH=/opt/ros/humble /usr/bin/cmake --install /home/user/ros2_ws/build/cpp_pkg
