[0.454s] DEBUG:colcon:Command line arguments: ['/usr/bin/colcon', 'build']
[0.455s] DEBUG:colcon:Parsed command line arguments: Namespace(log_base=None, log_level=None, verb_name='build', build_base='build', install_base='install', merge_install=False, symlink_install=False, test_result_base=None, continue_on_error=False, executor='parallel', parallel_workers=4, event_handlers=None, ignore_user_meta=False, metas=['./colcon.meta'], base_paths=['.'], packages_ignore=None, packages_ignore_regex=None, paths=None, packages_up_to=None, packages_up_to_regex=None, packages_above=None, packages_above_and_dependencies=None, packages_above_depth=None, packages_select_by_dep=None, packages_skip_by_dep=None, packages_skip_up_to=None, packages_select_build_failed=False, packages_skip_build_finished=False, packages_select_test_failures=False, packages_skip_test_passed=False, packages_select=None, packages_skip=None, packages_select_regex=None, packages_skip_regex=None, packages_start=None, packages_end=None, allow_overriding=[], cmake_args=None, cmake_target=None, cmake_target_skip_unavailable=False, cmake_clean_cache=False, cmake_clean_first=False, cmake_force_configure=False, ament_cmake_args=None, catkin_cmake_args=None, catkin_skip_building_tests=False, mixin_files=None, mixin=None, verb_parser=<colcon_mixin.mixin.mixin_argument.MixinArgumentDecorator object at 0xffff884edcc0>, verb_extension=<colcon_core.verb.build.BuildVerb object at 0xffff8860a3b0>, main=<bound method BuildVerb.main of <colcon_core.verb.build.BuildVerb object at 0xffff8860a3b0>>, mixin_verb=('build',))
[1.235s] Level 1:colcon.colcon_core.package_discovery:discover_packages(colcon_meta) check parameters
[1.235s] Level 1:colcon.colcon_core.package_discovery:discover_packages(recursive) check parameters
[1.236s] Level 1:colcon.colcon_core.package_discovery:discover_packages(ignore) check parameters
[1.236s] Level 1:colcon.colcon_core.package_discovery:discover_packages(path) check parameters
[1.236s] Level 1:colcon.colcon_core.package_discovery:discover_packages(colcon_meta) discover
[1.236s] Level 1:colcon.colcon_core.package_discovery:discover_packages(recursive) discover
[1.236s] INFO:colcon.colcon_core.package_discovery:Crawling recursively for packages in '/home/user/ros2_ws/src'
[1.237s] Level 1:colcon.colcon_core.package_identification:_identify(.) by extensions ['ignore', 'ignore_ament_install']
[1.237s] Level 1:colcon.colcon_core.package_identification:_identify(.) by extension 'ignore'
[1.237s] Level 1:colcon.colcon_core.package_identification:_identify(.) by extension 'ignore_ament_install'
[1.237s] Level 1:colcon.colcon_core.package_identification:_identify(.) by extensions ['colcon_pkg']
[1.238s] Level 1:colcon.colcon_core.package_identification:_identify(.) by extension 'colcon_pkg'
[1.238s] Level 1:colcon.colcon_core.package_identification:_identify(.) by extensions ['colcon_meta']
[1.238s] Level 1:colcon.colcon_core.package_identification:_identify(.) by extension 'colcon_meta'
[1.238s] Level 1:colcon.colcon_core.package_identification:_identify(.) by extensions ['ros']
[1.238s] Level 1:colcon.colcon_core.package_identification:_identify(.) by extension 'ros'
[1.285s] Level 1:colcon.colcon_core.package_identification:_identify(.) by extensions ['cmake', 'python']
[1.285s] Level 1:colcon.colcon_core.package_identification:_identify(.) by extension 'cmake'
[1.285s] Level 1:colcon.colcon_core.package_identification:_identify(.) by extension 'python'
[1.286s] Level 1:colcon.colcon_core.package_identification:_identify(.) by extensions ['python_setup_py']
[1.286s] Level 1:colcon.colcon_core.package_identification:_identify(.) by extension 'python_setup_py'
[1.286s] Level 1:colcon.colcon_core.package_identification:_identify(build) by extensions ['ignore', 'ignore_ament_install']
[1.287s] Level 1:colcon.colcon_core.package_identification:_identify(build) by extension 'ignore'
[1.287s] Level 1:colcon.colcon_core.package_identification:_identify(build) ignored
[1.287s] Level 1:colcon.colcon_core.package_identification:_identify(cpp_pkg) by extensions ['ignore', 'ignore_ament_install']
[1.288s] Level 1:colcon.colcon_core.package_identification:_identify(cpp_pkg) by extension 'ignore'
[1.288s] Level 1:colcon.colcon_core.package_identification:_identify(cpp_pkg) by extension 'ignore_ament_install'
[1.288s] Level 1:colcon.colcon_core.package_identification:_identify(cpp_pkg) by extensions ['colcon_pkg']
[1.288s] Level 1:colcon.colcon_core.package_identification:_identify(cpp_pkg) by extension 'colcon_pkg'
[1.289s] Level 1:colcon.colcon_core.package_identification:_identify(cpp_pkg) by extensions ['colcon_meta']
[1.289s] Level 1:colcon.colcon_core.package_identification:_identify(cpp_pkg) by extension 'colcon_meta'
[1.289s] Level 1:colcon.colcon_core.package_identification:_identify(cpp_pkg) by extensions ['ros']
[1.289s] Level 1:colcon.colcon_core.package_identification:_identify(cpp_pkg) by extension 'ros'
[1.298s] DEBUG:colcon.colcon_core.package_identification:Package 'cpp_pkg' with type 'ros.ament_cmake' and name 'cpp_pkg'
[1.298s] Level 1:colcon.colcon_core.package_identification:_identify(install) by extensions ['ignore', 'ignore_ament_install']
[1.299s] Level 1:colcon.colcon_core.package_identification:_identify(install) by extension 'ignore'
[1.299s] Level 1:colcon.colcon_core.package_identification:_identify(install) ignored
[1.299s] Level 1:colcon.colcon_core.package_identification:_identify(log) by extensions ['ignore', 'ignore_ament_install']
[1.300s] Level 1:colcon.colcon_core.package_identification:_identify(log) by extension 'ignore'
[1.300s] Level 1:colcon.colcon_core.package_identification:_identify(log) ignored
[1.300s] Level 1:colcon.colcon_core.package_identification:_identify(py_pkg) by extensions ['ignore', 'ignore_ament_install']
[1.301s] Level 1:colcon.colcon_core.package_identification:_identify(py_pkg) by extension 'ignore'
[1.301s] Level 1:colcon.colcon_core.package_identification:_identify(py_pkg) by extension 'ignore_ament_install'
[1.301s] Level 1:colcon.colcon_core.package_identification:_identify(py_pkg) by extensions ['colcon_pkg']
[1.301s] Level 1:colcon.colcon_core.package_identification:_identify(py_pkg) by extension 'colcon_pkg'
[1.301s] Level 1:colcon.colcon_core.package_identification:_identify(py_pkg) by extensions ['colcon_meta']
[1.301s] Level 1:colcon.colcon_core.package_identification:_identify(py_pkg) by extension 'colcon_meta'
[1.301s] Level 1:colcon.colcon_core.package_identification:_identify(py_pkg) by extensions ['ros']
[1.302s] Level 1:colcon.colcon_core.package_identification:_identify(py_pkg) by extension 'ros'
[1.304s] DEBUG:colcon.colcon_core.package_identification:Package 'py_pkg' with type 'ros.ament_python' and name 'py_pkg'
[1.304s] Level 1:colcon.colcon_core.package_discovery:discover_packages(recursive) using defaults
[1.304s] Level 1:colcon.colcon_core.package_discovery:discover_packages(ignore) discover
[1.304s] Level 1:colcon.colcon_core.package_discovery:discover_packages(ignore) using defaults
[1.305s] Level 1:colcon.colcon_core.package_discovery:discover_packages(path) discover
[1.305s] Level 1:colcon.colcon_core.package_discovery:discover_packages(path) using defaults
[1.384s] Level 1:colcon.colcon_core.package_discovery:discover_packages(prefix_path) check parameters
[1.384s] Level 1:colcon.colcon_core.package_discovery:discover_packages(prefix_path) discover
[1.430s] DEBUG:colcon.colcon_installed_package_information.package_discovery:Found 0 installed packages in /home/user/ros2_ws/install
[1.439s] DEBUG:colcon.colcon_installed_package_information.package_discovery:Found 270 installed packages in /opt/ros/humble
[1.445s] Level 1:colcon.colcon_core.package_discovery:discover_packages(prefix_path) using defaults
[1.608s] Level 5:colcon.colcon_core.verb:set package 'cpp_pkg' build argument 'cmake_args' from command line to 'None'
[1.608s] Level 5:colcon.colcon_core.verb:set package 'cpp_pkg' build argument 'cmake_target' from command line to 'None'
[1.608s] Level 5:colcon.colcon_core.verb:set package 'cpp_pkg' build argument 'cmake_target_skip_unavailable' from command line to 'False'
[1.608s] Level 5:colcon.colcon_core.verb:set package 'cpp_pkg' build argument 'cmake_clean_cache' from command line to 'False'
[1.608s] Level 5:colcon.colcon_core.verb:set package 'cpp_pkg' build argument 'cmake_clean_first' from command line to 'False'
[1.608s] Level 5:colcon.colcon_core.verb:set package 'cpp_pkg' build argument 'cmake_force_configure' from command line to 'False'
[1.609s] Level 5:colcon.colcon_core.verb:set package 'cpp_pkg' build argument 'ament_cmake_args' from command line to 'None'
[1.609s] Level 5:colcon.colcon_core.verb:set package 'cpp_pkg' build argument 'catkin_cmake_args' from command line to 'None'
[1.609s] Level 5:colcon.colcon_core.verb:set package 'cpp_pkg' build argument 'catkin_skip_building_tests' from command line to 'False'
[1.609s] DEBUG:colcon.colcon_core.verb:Building package 'cpp_pkg' with the following arguments: {'ament_cmake_args': None, 'build_base': '/home/user/ros2_ws/src/build/cpp_pkg', 'catkin_cmake_args': None, 'catkin_skip_building_tests': False, 'cmake_args': None, 'cmake_clean_cache': False, 'cmake_clean_first': False, 'cmake_force_configure': False, 'cmake_target': None, 'cmake_target_skip_unavailable': False, 'install_base': '/home/user/ros2_ws/src/install/cpp_pkg', 'merge_install': False, 'path': '/home/user/ros2_ws/src/cpp_pkg', 'symlink_install': False, 'test_result_base': None}
[1.610s] Level 5:colcon.colcon_core.verb:set package 'py_pkg' build argument 'cmake_args' from command line to 'None'
[1.610s] Level 5:colcon.colcon_core.verb:set package 'py_pkg' build argument 'cmake_target' from command line to 'None'
[1.611s] Level 5:colcon.colcon_core.verb:set package 'py_pkg' build argument 'cmake_target_skip_unavailable' from command line to 'False'
[1.611s] Level 5:colcon.colcon_core.verb:set package 'py_pkg' build argument 'cmake_clean_cache' from command line to 'False'
[1.611s] Level 5:colcon.colcon_core.verb:set package 'py_pkg' build argument 'cmake_clean_first' from command line to 'False'
[1.611s] Level 5:colcon.colcon_core.verb:set package 'py_pkg' build argument 'cmake_force_configure' from command line to 'False'
[1.611s] Level 5:colcon.colcon_core.verb:set package 'py_pkg' build argument 'ament_cmake_args' from command line to 'None'
[1.611s] Level 5:colcon.colcon_core.verb:set package 'py_pkg' build argument 'catkin_cmake_args' from command line to 'None'
[1.611s] Level 5:colcon.colcon_core.verb:set package 'py_pkg' build argument 'catkin_skip_building_tests' from command line to 'False'
[1.611s] DEBUG:colcon.colcon_core.verb:Building package 'py_pkg' with the following arguments: {'ament_cmake_args': None, 'build_base': '/home/user/ros2_ws/src/build/py_pkg', 'catkin_cmake_args': None, 'catkin_skip_building_tests': False, 'cmake_args': None, 'cmake_clean_cache': False, 'cmake_clean_first': False, 'cmake_force_configure': False, 'cmake_target': None, 'cmake_target_skip_unavailable': False, 'install_base': '/home/user/ros2_ws/src/install/py_pkg', 'merge_install': False, 'path': '/home/user/ros2_ws/src/py_pkg', 'symlink_install': False, 'test_result_base': None}
[1.612s] INFO:colcon.colcon_core.executor:Executing jobs using 'parallel' executor
[1.615s] DEBUG:colcon.colcon_parallel_executor.executor.parallel:run_until_complete
[1.616s] INFO:colcon.colcon_ros.task.ament_cmake.build:Building ROS package in '/home/user/ros2_ws/src/cpp_pkg' with build type 'ament_cmake'
[1.616s] INFO:colcon.colcon_cmake.task.cmake.build:Building CMake package in '/home/user/ros2_ws/src/cpp_pkg'
[1.625s] INFO:colcon.colcon_core.plugin_system:Skipping extension 'colcon_core.shell.bat': Not used on non-Windows systems
[1.626s] INFO:colcon.colcon_core.shell:Skip shell extension 'powershell' for command environment: Not usable outside of PowerShell
[1.626s] DEBUG:colcon.colcon_core.shell:Skip shell extension 'dsv' for command environment
[1.646s] INFO:colcon.colcon_ros.task.ament_python.build:Building ROS package in '/home/user/ros2_ws/src/py_pkg' with build type 'ament_python'
[1.646s] Level 1:colcon.colcon_core.shell:create_environment_hook('py_pkg', 'ament_prefix_path')
[1.648s] INFO:colcon.colcon_core.shell:Creating environment hook '/home/user/ros2_ws/src/install/py_pkg/share/py_pkg/hook/ament_prefix_path.ps1'
[1.654s] INFO:colcon.colcon_core.shell:Creating environment descriptor '/home/user/ros2_ws/src/install/py_pkg/share/py_pkg/hook/ament_prefix_path.dsv'
[1.657s] INFO:colcon.colcon_core.shell:Creating environment hook '/home/user/ros2_ws/src/install/py_pkg/share/py_pkg/hook/ament_prefix_path.sh'
[1.661s] INFO:colcon.colcon_core.shell:Skip shell extension 'powershell' for command environment: Not usable outside of PowerShell
[1.662s] DEBUG:colcon.colcon_core.shell:Skip shell extension 'dsv' for command environment
[1.699s] DEBUG:colcon.colcon_core.event_handler.log_command:Invoking command in '/home/user/ros2_ws/src/build/cpp_pkg': CMAKE_PREFIX_PATH=/opt/ros/humble /usr/bin/cmake /home/user/ros2_ws/src/cpp_pkg -DCMAKE_INSTALL_PREFIX=/home/user/ros2_ws/src/install/cpp_pkg
[3.207s] INFO:colcon.colcon_core.task.python.build:Building Python package in '/home/user/ros2_ws/src/py_pkg'
[3.208s] INFO:colcon.colcon_core.shell:Skip shell extension 'powershell' for command environment: Not usable outside of PowerShell
[3.208s] DEBUG:colcon.colcon_core.shell:Skip shell extension 'dsv' for command environment
[4.857s] DEBUG:colcon.colcon_core.event_handler.log_command:Invoking command in '/home/user/ros2_ws/src/py_pkg': PYTHONPATH=/home/user/ros2_ws/src/build/py_pkg/prefix_override:/usr/lib/python3/dist-packages/colcon_core/task/python/colcon_distutils_commands:/home/user/ros2_ws/src/install/py_pkg/lib/python3.10/site-packages:${PYTHONPATH} /usr/bin/python3 -W ignore:setup.py install is deprecated setup.py egg_info --egg-base ../build/py_pkg build --build-base /home/user/ros2_ws/src/build/py_pkg/build install --record /home/user/ros2_ws/src/build/py_pkg/install.log --single-version-externally-managed install_data
[7.446s] DEBUG:colcon.colcon_core.event_handler.log_command:Invoked command in '/home/user/ros2_ws/src/py_pkg' returned '0': PYTHONPATH=/home/user/ros2_ws/src/build/py_pkg/prefix_override:/usr/lib/python3/dist-packages/colcon_core/task/python/colcon_distutils_commands:/home/user/ros2_ws/src/install/py_pkg/lib/python3.10/site-packages:${PYTHONPATH} /usr/bin/python3 -W ignore:setup.py install is deprecated setup.py egg_info --egg-base ../build/py_pkg build --build-base /home/user/ros2_ws/src/build/py_pkg/build install --record /home/user/ros2_ws/src/build/py_pkg/install.log --single-version-externally-managed install_data
[7.455s] Level 1:colcon.colcon_core.environment:checking '/home/user/ros2_ws/src/install/py_pkg' for CMake module files
[7.459s] Level 1:colcon.colcon_core.environment:checking '/home/user/ros2_ws/src/install/py_pkg' for CMake config files
[7.462s] Level 1:colcon.colcon_core.environment:checking '/home/user/ros2_ws/src/install/py_pkg/lib'
[7.463s] Level 1:colcon.colcon_core.environment:checking '/home/user/ros2_ws/src/install/py_pkg/bin'
[7.463s] Level 1:colcon.colcon_core.environment:checking '/home/user/ros2_ws/src/install/py_pkg/lib/pkgconfig/py_pkg.pc'
[7.464s] Level 1:colcon.colcon_core.environment:checking '/home/user/ros2_ws/src/install/py_pkg/lib/python3.10/site-packages'
[7.465s] Level 1:colcon.colcon_core.shell:create_environment_hook('py_pkg', 'pythonpath')
[7.465s] INFO:colcon.colcon_core.shell:Creating environment hook '/home/user/ros2_ws/src/install/py_pkg/share/py_pkg/hook/pythonpath.ps1'
[7.468s] INFO:colcon.colcon_core.shell:Creating environment descriptor '/home/user/ros2_ws/src/install/py_pkg/share/py_pkg/hook/pythonpath.dsv'
[7.469s] INFO:colcon.colcon_core.shell:Creating environment hook '/home/user/ros2_ws/src/install/py_pkg/share/py_pkg/hook/pythonpath.sh'
[7.472s] Level 1:colcon.colcon_core.environment:checking '/home/user/ros2_ws/src/install/py_pkg/bin'
[7.473s] Level 1:colcon.colcon_core.environment:create_environment_scripts_only(py_pkg)
[7.474s] INFO:colcon.colcon_core.shell:Creating package script '/home/user/ros2_ws/src/install/py_pkg/share/py_pkg/package.ps1'
[7.477s] INFO:colcon.colcon_core.shell:Creating package descriptor '/home/user/ros2_ws/src/install/py_pkg/share/py_pkg/package.dsv'
[7.480s] INFO:colcon.colcon_core.shell:Creating package script '/home/user/ros2_ws/src/install/py_pkg/share/py_pkg/package.sh'
[7.484s] INFO:colcon.colcon_core.shell:Creating package script '/home/user/ros2_ws/src/install/py_pkg/share/py_pkg/package.bash'
[7.488s] INFO:colcon.colcon_core.shell:Creating package script '/home/user/ros2_ws/src/install/py_pkg/share/py_pkg/package.zsh'
[7.493s] Level 1:colcon.colcon_core.environment:create_file_with_runtime_dependencies(/home/user/ros2_ws/src/install/py_pkg/share/colcon-core/packages/py_pkg)
[9.114s] DEBUG:colcon.colcon_core.event_handler.log_command:Invoked command in '/home/user/ros2_ws/src/build/cpp_pkg' returned '0': CMAKE_PREFIX_PATH=/opt/ros/humble /usr/bin/cmake /home/user/ros2_ws/src/cpp_pkg -DCMAKE_INSTALL_PREFIX=/home/user/ros2_ws/src/install/cpp_pkg
[9.126s] DEBUG:colcon.colcon_core.event_handler.log_command:Invoking command in '/home/user/ros2_ws/src/build/cpp_pkg': CMAKE_PREFIX_PATH=/opt/ros/humble /usr/bin/cmake --build /home/user/ros2_ws/src/build/cpp_pkg -- -j4 -l4
[9.282s] DEBUG:colcon.colcon_core.event_handler.log_command:Invoked command in '/home/user/ros2_ws/src/build/cpp_pkg' returned '0': CMAKE_PREFIX_PATH=/opt/ros/humble /usr/bin/cmake --build /home/user/ros2_ws/src/build/cpp_pkg -- -j4 -l4
[9.438s] DEBUG:colcon.colcon_core.event_handler.log_command:Invoking command in '/home/user/ros2_ws/src/build/cpp_pkg': CMAKE_PREFIX_PATH=/opt/ros/humble /usr/bin/cmake --install /home/user/ros2_ws/src/build/cpp_pkg
[9.488s] Level 1:colcon.colcon_core.environment:create_environment_scripts_only(cpp_pkg)
[9.489s] Level 1:colcon.colcon_core.environment:checking '/home/user/ros2_ws/src/install/cpp_pkg' for CMake module files
[9.491s] DEBUG:colcon.colcon_core.event_handler.log_command:Invoked command in '/home/user/ros2_ws/src/build/cpp_pkg' returned '0': CMAKE_PREFIX_PATH=/opt/ros/humble /usr/bin/cmake --install /home/user/ros2_ws/src/build/cpp_pkg
[9.493s] Level 1:colcon.colcon_core.environment:checking '/home/user/ros2_ws/src/install/cpp_pkg' for CMake config files
[9.494s] Level 1:colcon.colcon_core.shell:create_environment_hook('cpp_pkg', 'cmake_prefix_path')
[9.496s] INFO:colcon.colcon_core.shell:Creating environment hook '/home/user/ros2_ws/src/install/cpp_pkg/share/cpp_pkg/hook/cmake_prefix_path.ps1'
[9.498s] INFO:colcon.colcon_core.shell:Creating environment descriptor '/home/user/ros2_ws/src/install/cpp_pkg/share/cpp_pkg/hook/cmake_prefix_path.dsv'
[9.501s] INFO:colcon.colcon_core.shell:Creating environment hook '/home/user/ros2_ws/src/install/cpp_pkg/share/cpp_pkg/hook/cmake_prefix_path.sh'
[9.506s] Level 1:colcon.colcon_core.environment:checking '/home/user/ros2_ws/src/install/cpp_pkg/bin'
[9.507s] Level 1:colcon.colcon_core.environment:checking '/home/user/ros2_ws/src/install/cpp_pkg/lib/pkgconfig/cpp_pkg.pc'
[9.508s] Level 1:colcon.colcon_core.environment:checking '/home/user/ros2_ws/src/install/cpp_pkg/lib/python3.10/site-packages'
[9.509s] Level 1:colcon.colcon_core.environment:checking '/home/user/ros2_ws/src/install/cpp_pkg/bin'
[9.510s] INFO:colcon.colcon_core.shell:Creating package script '/home/user/ros2_ws/src/install/cpp_pkg/share/cpp_pkg/package.ps1'
[9.512s] INFO:colcon.colcon_core.shell:Creating package descriptor '/home/user/ros2_ws/src/install/cpp_pkg/share/cpp_pkg/package.dsv'
[9.514s] INFO:colcon.colcon_core.shell:Creating package script '/home/user/ros2_ws/src/install/cpp_pkg/share/cpp_pkg/package.sh'
[9.516s] INFO:colcon.colcon_core.shell:Creating package script '/home/user/ros2_ws/src/install/cpp_pkg/share/cpp_pkg/package.bash'
[9.517s] INFO:colcon.colcon_core.shell:Creating package script '/home/user/ros2_ws/src/install/cpp_pkg/share/cpp_pkg/package.zsh'
[9.519s] Level 1:colcon.colcon_core.environment:create_file_with_runtime_dependencies(/home/user/ros2_ws/src/install/cpp_pkg/share/colcon-core/packages/cpp_pkg)
[9.630s] Level 1:colcon.colcon_core.environment:create_environment_scripts_only(cpp_pkg)
[9.631s] Level 1:colcon.colcon_core.environment:checking '/home/user/ros2_ws/src/install/cpp_pkg' for CMake module files
[9.633s] Level 1:colcon.colcon_core.environment:checking '/home/user/ros2_ws/src/install/cpp_pkg' for CMake config files
[9.635s] Level 1:colcon.colcon_core.shell:create_environment_hook('cpp_pkg', 'cmake_prefix_path')
[9.636s] INFO:colcon.colcon_core.shell:Creating environment hook '/home/user/ros2_ws/src/install/cpp_pkg/share/cpp_pkg/hook/cmake_prefix_path.ps1'
[9.638s] INFO:colcon.colcon_core.shell:Creating environment descriptor '/home/user/ros2_ws/src/install/cpp_pkg/share/cpp_pkg/hook/cmake_prefix_path.dsv'
[9.640s] INFO:colcon.colcon_core.shell:Creating environment hook '/home/user/ros2_ws/src/install/cpp_pkg/share/cpp_pkg/hook/cmake_prefix_path.sh'
[9.643s] Level 1:colcon.colcon_core.environment:checking '/home/user/ros2_ws/src/install/cpp_pkg/bin'
[9.644s] Level 1:colcon.colcon_core.environment:checking '/home/user/ros2_ws/src/install/cpp_pkg/lib/pkgconfig/cpp_pkg.pc'
[9.645s] Level 1:colcon.colcon_core.environment:checking '/home/user/ros2_ws/src/install/cpp_pkg/lib/python3.10/site-packages'
[9.646s] Level 1:colcon.colcon_core.environment:checking '/home/user/ros2_ws/src/install/cpp_pkg/bin'
[9.647s] INFO:colcon.colcon_core.shell:Creating package script '/home/user/ros2_ws/src/install/cpp_pkg/share/cpp_pkg/package.ps1'
[9.650s] INFO:colcon.colcon_core.shell:Creating package descriptor '/home/user/ros2_ws/src/install/cpp_pkg/share/cpp_pkg/package.dsv'
[10.796s] INFO:colcon.colcon_core.shell:Creating package script '/home/user/ros2_ws/src/install/cpp_pkg/share/cpp_pkg/package.sh'
[10.800s] INFO:colcon.colcon_core.shell:Creating package script '/home/user/ros2_ws/src/install/cpp_pkg/share/cpp_pkg/package.bash'
[10.804s] INFO:colcon.colcon_core.shell:Creating package script '/home/user/ros2_ws/src/install/cpp_pkg/share/cpp_pkg/package.zsh'
[10.807s] Level 1:colcon.colcon_core.environment:create_file_with_runtime_dependencies(/home/user/ros2_ws/src/install/cpp_pkg/share/colcon-core/packages/cpp_pkg)
[10.809s] DEBUG:colcon.colcon_parallel_executor.executor.parallel:closing loop
[10.811s] DEBUG:colcon.colcon_parallel_executor.executor.parallel:loop closed
[10.813s] DEBUG:colcon.colcon_parallel_executor.executor.parallel:run_until_complete finished with '0'
[10.813s] DEBUG:colcon.colcon_core.event_reactor:joining thread
[10.837s] INFO:colcon.colcon_core.plugin_system:Skipping extension 'colcon_notification.desktop_notification.terminal_notifier': Not used on non-Darwin systems
[10.838s] INFO:colcon.colcon_core.plugin_system:Skipping extension 'colcon_notification.desktop_notification.win32': Not used on non-Windows systems
[10.838s] INFO:colcon.colcon_notification.desktop_notification:Sending desktop notification using 'notify2'
[10.896s] DEBUG:colcon.colcon_core.event_reactor:joined thread
[10.897s] INFO:colcon.colcon_core.shell:Creating prefix script '/home/user/ros2_ws/src/install/local_setup.ps1'
[11.915s] INFO:colcon.colcon_core.shell:Creating prefix util module '/home/user/ros2_ws/src/install/_local_setup_util_ps1.py'
[11.929s] INFO:colcon.colcon_core.shell:Creating prefix chain script '/home/user/ros2_ws/src/install/setup.ps1'
[11.934s] INFO:colcon.colcon_core.shell:Creating prefix script '/home/user/ros2_ws/src/install/local_setup.sh'
[11.937s] INFO:colcon.colcon_core.shell:Creating prefix util module '/home/user/ros2_ws/src/install/_local_setup_util_sh.py'
[11.939s] INFO:colcon.colcon_core.shell:Creating prefix chain script '/home/user/ros2_ws/src/install/setup.sh'
[11.944s] INFO:colcon.colcon_core.shell:Creating prefix script '/home/user/ros2_ws/src/install/local_setup.bash'
[11.946s] INFO:colcon.colcon_core.shell:Creating prefix chain script '/home/user/ros2_ws/src/install/setup.bash'
[11.950s] INFO:colcon.colcon_core.shell:Creating prefix script '/home/user/ros2_ws/src/install/local_setup.zsh'
[11.952s] INFO:colcon.colcon_core.shell:Creating prefix chain script '/home/user/ros2_ws/src/install/setup.zsh'
