[0.081s] Invoking command in '/home/user/ros2_ws/build/cpp_pkg': CMAKE_PREFIX_PATH=${CMAKE_PREFIX_PATH}:/home/user/ros2_ws/install/py_pkg:/opt/ros/humble /usr/bin/cmake --build /home/user/ros2_ws/build/cpp_pkg -- -j4 -l4
[0.691s] [35m[1mConsolidate compiler generated dependencies of target test_node[0m
[0.898s] [ 75%] [32mBuilding CXX object CMakeFiles/test_node.dir/src/test_node.cpp.o[0m
[0.899s] [ 75%] Built target node_template
[15.384s] [100%] [32m[1mLinking CXX executable test_node[0m
[16.100s] [100%] Built target test_node
[16.141s] Invoked command in '/home/user/ros2_ws/build/cpp_pkg' returned '0': CMAKE_PREFIX_PATH=${CMAKE_PREFIX_PATH}:/home/user/ros2_ws/install/py_pkg:/opt/ros/humble /usr/bin/cmake --build /home/user/ros2_ws/build/cpp_pkg -- -j4 -l4
[16.333s] Invoking command in '/home/user/ros2_ws/build/cpp_pkg': CMAKE_PREFIX_PATH=${CMAKE_PREFIX_PATH}:/home/user/ros2_ws/install/py_pkg:/opt/ros/humble /usr/bin/cmake --install /home/user/ros2_ws/build/cpp_pkg
[16.373s] -- Install configuration: ""
[16.381s] -- Up-to-date: /home/user/ros2_ws/install/cpp_pkg/lib/cpp_pkg/node_template
[16.384s] -- Installing: /home/user/ros2_ws/install/cpp_pkg/lib/cpp_pkg/test_node
[16.390s] -- Set runtime path of "/home/user/ros2_ws/install/cpp_pkg/lib/cpp_pkg/test_node" to ""
[16.391s] -- Up-to-date: /home/user/ros2_ws/install/cpp_pkg/share/ament_index/resource_index/package_run_dependencies/cpp_pkg
[16.393s] -- Up-to-date: /home/user/ros2_ws/install/cpp_pkg/share/ament_index/resource_index/parent_prefix_path/cpp_pkg
[16.394s] -- Up-to-date: /home/user/ros2_ws/install/cpp_pkg/share/cpp_pkg/environment/ament_prefix_path.sh
[16.394s] -- Up-to-date: /home/user/ros2_ws/install/cpp_pkg/share/cpp_pkg/environment/ament_prefix_path.dsv
[16.395s] -- Up-to-date: /home/user/ros2_ws/install/cpp_pkg/share/cpp_pkg/environment/path.sh
[16.395s] -- Up-to-date: /home/user/ros2_ws/install/cpp_pkg/share/cpp_pkg/environment/path.dsv
[16.395s] -- Up-to-date: /home/user/ros2_ws/install/cpp_pkg/share/cpp_pkg/local_setup.bash
[16.396s] -- Up-to-date: /home/user/ros2_ws/install/cpp_pkg/share/cpp_pkg/local_setup.sh
[16.396s] -- Up-to-date: /home/user/ros2_ws/install/cpp_pkg/share/cpp_pkg/local_setup.zsh
[16.397s] -- Up-to-date: /home/user/ros2_ws/install/cpp_pkg/share/cpp_pkg/local_setup.dsv
[16.397s] -- Installing: /home/user/ros2_ws/install/cpp_pkg/share/cpp_pkg/package.dsv
[16.399s] -- Up-to-date: /home/user/ros2_ws/install/cpp_pkg/share/ament_index/resource_index/packages/cpp_pkg
[16.400s] -- Up-to-date: /home/user/ros2_ws/install/cpp_pkg/share/cpp_pkg/cmake/cpp_pkgConfig.cmake
[16.401s] -- Up-to-date: /home/user/ros2_ws/install/cpp_pkg/share/cpp_pkg/cmake/cpp_pkgConfig-version.cmake
[16.401s] -- Up-to-date: /home/user/ros2_ws/install/cpp_pkg/share/cpp_pkg/package.xml
[16.416s] Invoked command in '/home/user/ros2_ws/build/cpp_pkg' returned '0': CMAKE_PREFIX_PATH=${CMAKE_PREFIX_PATH}:/home/user/ros2_ws/install/py_pkg:/opt/ros/humble /usr/bin/cmake --install /home/user/ros2_ws/build/cpp_pkg
