[0.119s] Invoking command in '/home/user/ros2_ws/build/cpp_pkg': CMAKE_PREFIX_PATH=${CMAKE_PREFIX_PATH}:/home/user/ros2_ws/install/py_pkg:/opt/ros/humble /usr/bin/cmake --build /home/user/ros2_ws/build/cpp_pkg -- -j4 -l4
[0.639s] -- Found ament_cmake: 1.3.10 (/opt/ros/humble/share/ament_cmake/cmake)
[1.413s] -- Found rclcpp: 16.0.10 (/opt/ros/humble/share/rclcpp/cmake)
[1.729s] -- Found rosidl_generator_c: 3.1.5 (/opt/ros/humble/share/rosidl_generator_c/cmake)
[1.750s] -- Found rosidl_adapter: 3.1.5 (/opt/ros/humble/share/rosidl_adapter/cmake)
[1.799s] -- Found rosidl_generator_cpp: 3.1.5 (/opt/ros/humble/share/rosidl_generator_cpp/cmake)
[1.872s] -- Using all available rosidl_typesupport_c: rosidl_typesupport_fastrtps_c;rosidl_typesupport_introspection_c
[1.962s] -- Using all available rosidl_typesupport_cpp: rosidl_typesupport_fastrtps_cpp;rosidl_typesupport_introspection_cpp
[2.200s] -- Found rmw_implementation_cmake: 6.1.2 (/opt/ros/humble/share/rmw_implementation_cmake/cmake)
[2.213s] -- Found rmw_fastrtps_cpp: 6.2.7 (/opt/ros/humble/share/rmw_fastrtps_cpp/cmake)
[3.273s] -- Using RMW implementation 'rmw_fastrtps_cpp' as default
[4.006s] -- Configuring done
[4.124s] -- Generating done
[4.137s] -- Build files have been written to: /home/user/ros2_ws/build/cpp_pkg
[4.260s] [35m[1mConsolidate compiler generated dependencies of target node_template[0m
[4.275s] [35m[1mConsolidate compiler generated dependencies of target test_node[0m
[4.456s] [ 75%] [32mBuilding CXX object CMakeFiles/test_node.dir/src/test_node.cpp.o[0m
[4.457s] [ 75%] Built target node_template
[18.714s] [100%] [32m[1mLinking CXX executable test_node[0m
[19.513s] [100%] Built target test_node
[19.553s] Invoked command in '/home/user/ros2_ws/build/cpp_pkg' returned '0': CMAKE_PREFIX_PATH=${CMAKE_PREFIX_PATH}:/home/user/ros2_ws/install/py_pkg:/opt/ros/humble /usr/bin/cmake --build /home/user/ros2_ws/build/cpp_pkg -- -j4 -l4
[19.746s] Invoking command in '/home/user/ros2_ws/build/cpp_pkg': CMAKE_PREFIX_PATH=${CMAKE_PREFIX_PATH}:/home/user/ros2_ws/install/py_pkg:/opt/ros/humble /usr/bin/cmake --install /home/user/ros2_ws/build/cpp_pkg
[19.773s] -- Install configuration: ""
[19.778s] -- Up-to-date: /home/user/ros2_ws/install/cpp_pkg/lib/cpp_pkg/node_template
[19.785s] -- Installing: /home/user/ros2_ws/install/cpp_pkg/lib/cpp_pkg/test_node
[19.791s] -- Set runtime path of "/home/user/ros2_ws/install/cpp_pkg/lib/cpp_pkg/test_node" to ""
[19.791s] -- Up-to-date: /home/user/ros2_ws/install/cpp_pkg/share/ament_index/resource_index/package_run_dependencies/cpp_pkg
[19.793s] -- Up-to-date: /home/user/ros2_ws/install/cpp_pkg/share/ament_index/resource_index/parent_prefix_path/cpp_pkg
[19.793s] -- Up-to-date: /home/user/ros2_ws/install/cpp_pkg/share/cpp_pkg/environment/ament_prefix_path.sh
[19.794s] -- Installing: /home/user/ros2_ws/install/cpp_pkg/share/cpp_pkg/environment/ament_prefix_path.dsv
[19.796s] -- Up-to-date: /home/user/ros2_ws/install/cpp_pkg/share/cpp_pkg/environment/path.sh
[19.796s] -- Installing: /home/user/ros2_ws/install/cpp_pkg/share/cpp_pkg/environment/path.dsv
[19.797s] -- Up-to-date: /home/user/ros2_ws/install/cpp_pkg/share/cpp_pkg/local_setup.bash
[19.798s] -- Up-to-date: /home/user/ros2_ws/install/cpp_pkg/share/cpp_pkg/local_setup.sh
[19.798s] -- Up-to-date: /home/user/ros2_ws/install/cpp_pkg/share/cpp_pkg/local_setup.zsh
[19.799s] -- Installing: /home/user/ros2_ws/install/cpp_pkg/share/cpp_pkg/local_setup.dsv
[19.800s] -- Installing: /home/user/ros2_ws/install/cpp_pkg/share/cpp_pkg/package.dsv
[19.802s] -- Up-to-date: /home/user/ros2_ws/install/cpp_pkg/share/ament_index/resource_index/packages/cpp_pkg
[19.803s] -- Up-to-date: /home/user/ros2_ws/install/cpp_pkg/share/cpp_pkg/cmake/cpp_pkgConfig.cmake
[19.803s] -- Up-to-date: /home/user/ros2_ws/install/cpp_pkg/share/cpp_pkg/cmake/cpp_pkgConfig-version.cmake
[19.804s] -- Installing: /home/user/ros2_ws/install/cpp_pkg/share/cpp_pkg/package.xml
[19.813s] Invoked command in '/home/user/ros2_ws/build/cpp_pkg' returned '0': CMAKE_PREFIX_PATH=${CMAKE_PREFIX_PATH}:/home/user/ros2_ws/install/py_pkg:/opt/ros/humble /usr/bin/cmake --install /home/user/ros2_ws/build/cpp_pkg
