[0.053s] Invoking command in '/home/user/ros2_ws/build/cpp_pkg': CMAKE_PREFIX_PATH=${CMAKE_PREFIX_PATH}:/home/user/ros2_ws/install/py_pkg:/opt/ros/humble /usr/bin/cmake --build /home/user/ros2_ws/build/cpp_pkg -- -j4 -l4
[0.164s] -- Found ament_cmake: 1.3.10 (/opt/ros/humble/share/ament_cmake/cmake)
[0.740s] -- Found rclcpp: 16.0.10 (/opt/ros/humble/share/rclcpp/cmake)
[0.909s] -- Found rosidl_generator_c: 3.1.5 (/opt/ros/humble/share/rosidl_generator_c/cmake)
[0.919s] -- Found rosidl_adapter: 3.1.5 (/opt/ros/humble/share/rosidl_adapter/cmake)
[0.945s] -- Found rosidl_generator_cpp: 3.1.5 (/opt/ros/humble/share/rosidl_generator_cpp/cmake)
[0.983s] -- Using all available rosidl_typesupport_c: rosidl_typesupport_fastrtps_c;rosidl_typesupport_introspection_c
[1.033s] -- Using all available rosidl_typesupport_cpp: rosidl_typesupport_fastrtps_cpp;rosidl_typesupport_introspection_cpp
[1.163s] -- Found rmw_implementation_cmake: 6.1.2 (/opt/ros/humble/share/rmw_implementation_cmake/cmake)
[1.169s] -- Found rmw_fastrtps_cpp: 6.2.7 (/opt/ros/humble/share/rmw_fastrtps_cpp/cmake)
[2.093s] -- Using RMW implementation 'rmw_fastrtps_cpp' as default
[2.447s] [31mCMake Error at CMakeLists.txt:11 (find_package):
[2.447s]   By not providing "FindwiringPi.cmake" in CMAKE_MODULE_PATH this project has
[2.448s]   asked CMake to find a package configuration file provided by "wiringPi",
[2.448s]   but CMake did not find one.
[2.448s] 
[2.448s]   Could not find a package configuration file provided by "wiringPi" with any
[2.449s]   of the following names:
[2.449s] 
[2.449s]     wiringPiConfig.cmake
[2.449s]     wiringpi-config.cmake
[2.450s] 
[2.450s]   Add the installation prefix of "wiringPi" to CMAKE_PREFIX_PATH or set
[2.450s]   "wiringPi_DIR" to a directory containing one of the above files.  If
[2.451s]   "wiringPi" provides a separate development package or SDK, be sure it has
[2.451s]   been installed.
[2.451s] 
[2.452s] [0m
[2.452s] -- Configuring incomplete, errors occurred!
[2.453s] See also "/home/user/ros2_ws/build/cpp_pkg/CMakeFiles/CMakeOutput.log".
[2.478s] gmake: *** [Makefile:308: cmake_check_build_system] Error 1
[2.484s] Invoked command in '/home/user/ros2_ws/build/cpp_pkg' returned '2': CMAKE_PREFIX_PATH=${CMAKE_PREFIX_PATH}:/home/user/ros2_ws/install/py_pkg:/opt/ros/humble /usr/bin/cmake --build /home/user/ros2_ws/build/cpp_pkg -- -j4 -l4
