[0.473s] DEBUG:colcon:Command line arguments: ['/usr/bin/colcon', 'build', '--packages-select', 'py_pkg']
[0.473s] DEBUG:colcon:Parsed command line arguments: Namespace(log_base=None, log_level=None, verb_name='build', build_base='build', install_base='install', merge_install=False, symlink_install=False, test_result_base=None, continue_on_error=False, executor='parallel', parallel_workers=4, event_handlers=None, ignore_user_meta=False, metas=['./colcon.meta'], base_paths=['.'], packages_ignore=None, packages_ignore_regex=None, paths=None, packages_up_to=None, packages_up_to_regex=None, packages_above=None, packages_above_and_dependencies=None, packages_above_depth=None, packages_select_by_dep=None, packages_skip_by_dep=None, packages_skip_up_to=None, packages_select_build_failed=False, packages_skip_build_finished=False, packages_select_test_failures=False, packages_skip_test_passed=False, packages_select=['py_pkg'], packages_skip=None, packages_select_regex=None, packages_skip_regex=None, packages_start=None, packages_end=None, allow_overriding=[], cmake_args=None, cmake_target=None, cmake_target_skip_unavailable=False, cmake_clean_cache=False, cmake_clean_first=False, cmake_force_configure=False, ament_cmake_args=None, catkin_cmake_args=None, catkin_skip_building_tests=False, mixin_files=None, mixin=None, verb_parser=<colcon_mixin.mixin.mixin_argument.MixinArgumentDecorator object at 0xffffa6437190>, verb_extension=<colcon_core.verb.build.BuildVerb object at 0xffffa6436ce0>, main=<bound method BuildVerb.main of <colcon_core.verb.build.BuildVerb object at 0xffffa6436ce0>>, mixin_verb=('build',))
[1.297s] Level 1:colcon.colcon_core.package_discovery:discover_packages(colcon_meta) check parameters
[1.512s] Level 1:colcon.colcon_core.package_discovery:discover_packages(recursive) check parameters
[1.513s] Level 1:colcon.colcon_core.package_discovery:discover_packages(ignore) check parameters
[1.513s] Level 1:colcon.colcon_core.package_discovery:discover_packages(path) check parameters
[1.513s] Level 1:colcon.colcon_core.package_discovery:discover_packages(colcon_meta) discover
[1.514s] Level 1:colcon.colcon_core.package_discovery:discover_packages(recursive) discover
[1.514s] INFO:colcon.colcon_core.package_discovery:Crawling recursively for packages in '/home/user/ros2_ws'
[1.515s] Level 1:colcon.colcon_core.package_identification:_identify(.) by extensions ['ignore', 'ignore_ament_install']
[1.516s] Level 1:colcon.colcon_core.package_identification:_identify(.) by extension 'ignore'
[1.517s] Level 1:colcon.colcon_core.package_identification:_identify(.) by extension 'ignore_ament_install'
[1.517s] Level 1:colcon.colcon_core.package_identification:_identify(.) by extensions ['colcon_pkg']
[1.517s] Level 1:colcon.colcon_core.package_identification:_identify(.) by extension 'colcon_pkg'
[1.518s] Level 1:colcon.colcon_core.package_identification:_identify(.) by extensions ['colcon_meta']
[1.518s] Level 1:colcon.colcon_core.package_identification:_identify(.) by extension 'colcon_meta'
[1.518s] Level 1:colcon.colcon_core.package_identification:_identify(.) by extensions ['ros']
[1.519s] Level 1:colcon.colcon_core.package_identification:_identify(.) by extension 'ros'
[1.568s] Level 1:colcon.colcon_core.package_identification:_identify(.) by extensions ['cmake', 'python']
[1.568s] Level 1:colcon.colcon_core.package_identification:_identify(.) by extension 'cmake'
[1.568s] Level 1:colcon.colcon_core.package_identification:_identify(.) by extension 'python'
[1.569s] Level 1:colcon.colcon_core.package_identification:_identify(.) by extensions ['python_setup_py']
[1.569s] Level 1:colcon.colcon_core.package_identification:_identify(.) by extension 'python_setup_py'
[1.569s] Level 1:colcon.colcon_core.package_identification:_identify(build) by extensions ['ignore', 'ignore_ament_install']
[1.570s] Level 1:colcon.colcon_core.package_identification:_identify(build) by extension 'ignore'
[1.570s] Level 1:colcon.colcon_core.package_identification:_identify(build) ignored
[1.571s] Level 1:colcon.colcon_core.package_identification:_identify(install) by extensions ['ignore', 'ignore_ament_install']
[1.571s] Level 1:colcon.colcon_core.package_identification:_identify(install) by extension 'ignore'
[1.571s] Level 1:colcon.colcon_core.package_identification:_identify(install) ignored
[1.572s] Level 1:colcon.colcon_core.package_identification:_identify(log) by extensions ['ignore', 'ignore_ament_install']
[1.573s] Level 1:colcon.colcon_core.package_identification:_identify(log) by extension 'ignore'
[1.573s] Level 1:colcon.colcon_core.package_identification:_identify(log) ignored
[1.573s] Level 1:colcon.colcon_core.package_identification:_identify(sdk_ldrobotsensorteam_stl) by extensions ['ignore', 'ignore_ament_install']
[1.574s] Level 1:colcon.colcon_core.package_identification:_identify(sdk_ldrobotsensorteam_stl) by extension 'ignore'
[1.574s] Level 1:colcon.colcon_core.package_identification:_identify(sdk_ldrobotsensorteam_stl) by extension 'ignore_ament_install'
[1.574s] Level 1:colcon.colcon_core.package_identification:_identify(sdk_ldrobotsensorteam_stl) by extensions ['colcon_pkg']
[1.574s] Level 1:colcon.colcon_core.package_identification:_identify(sdk_ldrobotsensorteam_stl) by extension 'colcon_pkg'
[1.574s] Level 1:colcon.colcon_core.package_identification:_identify(sdk_ldrobotsensorteam_stl) by extensions ['colcon_meta']
[1.574s] Level 1:colcon.colcon_core.package_identification:_identify(sdk_ldrobotsensorteam_stl) by extension 'colcon_meta'
[1.575s] Level 1:colcon.colcon_core.package_identification:_identify(sdk_ldrobotsensorteam_stl) by extensions ['ros']
[1.575s] Level 1:colcon.colcon_core.package_identification:_identify(sdk_ldrobotsensorteam_stl) by extension 'ros'
[1.575s] Level 1:colcon.colcon_core.package_identification:_identify(sdk_ldrobotsensorteam_stl) by extensions ['cmake', 'python']
[1.575s] Level 1:colcon.colcon_core.package_identification:_identify(sdk_ldrobotsensorteam_stl) by extension 'cmake'
[1.575s] Level 1:colcon.colcon_core.package_identification:_identify(sdk_ldrobotsensorteam_stl) by extension 'python'
[1.576s] Level 1:colcon.colcon_core.package_identification:_identify(sdk_ldrobotsensorteam_stl) by extensions ['python_setup_py']
[1.576s] Level 1:colcon.colcon_core.package_identification:_identify(sdk_ldrobotsensorteam_stl) by extension 'python_setup_py'
[1.576s] Level 1:colcon.colcon_core.package_identification:_identify(sdk_ldrobotsensorteam_stl/ldlidar_driver) by extensions ['ignore', 'ignore_ament_install']
[1.576s] Level 1:colcon.colcon_core.package_identification:_identify(sdk_ldrobotsensorteam_stl/ldlidar_driver) by extension 'ignore'
[1.577s] Level 1:colcon.colcon_core.package_identification:_identify(sdk_ldrobotsensorteam_stl/ldlidar_driver) by extension 'ignore_ament_install'
[1.577s] Level 1:colcon.colcon_core.package_identification:_identify(sdk_ldrobotsensorteam_stl/ldlidar_driver) by extensions ['colcon_pkg']
[1.577s] Level 1:colcon.colcon_core.package_identification:_identify(sdk_ldrobotsensorteam_stl/ldlidar_driver) by extension 'colcon_pkg'
[1.577s] Level 1:colcon.colcon_core.package_identification:_identify(sdk_ldrobotsensorteam_stl/ldlidar_driver) by extensions ['colcon_meta']
[1.577s] Level 1:colcon.colcon_core.package_identification:_identify(sdk_ldrobotsensorteam_stl/ldlidar_driver) by extension 'colcon_meta'
[1.577s] Level 1:colcon.colcon_core.package_identification:_identify(sdk_ldrobotsensorteam_stl/ldlidar_driver) by extensions ['ros']
[1.578s] Level 1:colcon.colcon_core.package_identification:_identify(sdk_ldrobotsensorteam_stl/ldlidar_driver) by extension 'ros'
[1.578s] Level 1:colcon.colcon_core.package_identification:_identify(sdk_ldrobotsensorteam_stl/ldlidar_driver) by extensions ['cmake', 'python']
[1.578s] Level 1:colcon.colcon_core.package_identification:_identify(sdk_ldrobotsensorteam_stl/ldlidar_driver) by extension 'cmake'
[1.578s] Level 1:colcon.colcon_core.package_identification:_identify(sdk_ldrobotsensorteam_stl/ldlidar_driver) by extension 'python'
[1.578s] Level 1:colcon.colcon_core.package_identification:_identify(sdk_ldrobotsensorteam_stl/ldlidar_driver) by extensions ['python_setup_py']
[1.578s] Level 1:colcon.colcon_core.package_identification:_identify(sdk_ldrobotsensorteam_stl/ldlidar_driver) by extension 'python_setup_py'
[1.579s] Level 1:colcon.colcon_core.package_identification:_identify(sdk_ldrobotsensorteam_stl/ldlidar_driver/include) by extensions ['ignore', 'ignore_ament_install']
[1.579s] Level 1:colcon.colcon_core.package_identification:_identify(sdk_ldrobotsensorteam_stl/ldlidar_driver/include) by extension 'ignore'
[1.580s] Level 1:colcon.colcon_core.package_identification:_identify(sdk_ldrobotsensorteam_stl/ldlidar_driver/include) by extension 'ignore_ament_install'
[1.580s] Level 1:colcon.colcon_core.package_identification:_identify(sdk_ldrobotsensorteam_stl/ldlidar_driver/include) by extensions ['colcon_pkg']
[1.580s] Level 1:colcon.colcon_core.package_identification:_identify(sdk_ldrobotsensorteam_stl/ldlidar_driver/include) by extension 'colcon_pkg'
[1.580s] Level 1:colcon.colcon_core.package_identification:_identify(sdk_ldrobotsensorteam_stl/ldlidar_driver/include) by extensions ['colcon_meta']
[1.580s] Level 1:colcon.colcon_core.package_identification:_identify(sdk_ldrobotsensorteam_stl/ldlidar_driver/include) by extension 'colcon_meta'
[1.580s] Level 1:colcon.colcon_core.package_identification:_identify(sdk_ldrobotsensorteam_stl/ldlidar_driver/include) by extensions ['ros']
[1.581s] Level 1:colcon.colcon_core.package_identification:_identify(sdk_ldrobotsensorteam_stl/ldlidar_driver/include) by extension 'ros'
[1.581s] Level 1:colcon.colcon_core.package_identification:_identify(sdk_ldrobotsensorteam_stl/ldlidar_driver/include) by extensions ['cmake', 'python']
[1.581s] Level 1:colcon.colcon_core.package_identification:_identify(sdk_ldrobotsensorteam_stl/ldlidar_driver/include) by extension 'cmake'
[1.581s] Level 1:colcon.colcon_core.package_identification:_identify(sdk_ldrobotsensorteam_stl/ldlidar_driver/include) by extension 'python'
[1.581s] Level 1:colcon.colcon_core.package_identification:_identify(sdk_ldrobotsensorteam_stl/ldlidar_driver/include) by extensions ['python_setup_py']
[1.581s] Level 1:colcon.colcon_core.package_identification:_identify(sdk_ldrobotsensorteam_stl/ldlidar_driver/include) by extension 'python_setup_py'
[1.582s] Level 1:colcon.colcon_core.package_identification:_identify(sdk_ldrobotsensorteam_stl/ldlidar_driver/include/core) by extensions ['ignore', 'ignore_ament_install']
[1.582s] Level 1:colcon.colcon_core.package_identification:_identify(sdk_ldrobotsensorteam_stl/ldlidar_driver/include/core) by extension 'ignore'
[1.582s] Level 1:colcon.colcon_core.package_identification:_identify(sdk_ldrobotsensorteam_stl/ldlidar_driver/include/core) by extension 'ignore_ament_install'
[1.583s] Level 1:colcon.colcon_core.package_identification:_identify(sdk_ldrobotsensorteam_stl/ldlidar_driver/include/core) by extensions ['colcon_pkg']
[1.583s] Level 1:colcon.colcon_core.package_identification:_identify(sdk_ldrobotsensorteam_stl/ldlidar_driver/include/core) by extension 'colcon_pkg'
[1.583s] Level 1:colcon.colcon_core.package_identification:_identify(sdk_ldrobotsensorteam_stl/ldlidar_driver/include/core) by extensions ['colcon_meta']
[1.583s] Level 1:colcon.colcon_core.package_identification:_identify(sdk_ldrobotsensorteam_stl/ldlidar_driver/include/core) by extension 'colcon_meta'
[1.583s] Level 1:colcon.colcon_core.package_identification:_identify(sdk_ldrobotsensorteam_stl/ldlidar_driver/include/core) by extensions ['ros']
[1.584s] Level 1:colcon.colcon_core.package_identification:_identify(sdk_ldrobotsensorteam_stl/ldlidar_driver/include/core) by extension 'ros'
[1.584s] Level 1:colcon.colcon_core.package_identification:_identify(sdk_ldrobotsensorteam_stl/ldlidar_driver/include/core) by extensions ['cmake', 'python']
[1.584s] Level 1:colcon.colcon_core.package_identification:_identify(sdk_ldrobotsensorteam_stl/ldlidar_driver/include/core) by extension 'cmake'
[1.584s] Level 1:colcon.colcon_core.package_identification:_identify(sdk_ldrobotsensorteam_stl/ldlidar_driver/include/core) by extension 'python'
[1.584s] Level 1:colcon.colcon_core.package_identification:_identify(sdk_ldrobotsensorteam_stl/ldlidar_driver/include/core) by extensions ['python_setup_py']
[1.585s] Level 1:colcon.colcon_core.package_identification:_identify(sdk_ldrobotsensorteam_stl/ldlidar_driver/include/core) by extension 'python_setup_py'
[1.585s] Level 1:colcon.colcon_core.package_identification:_identify(sdk_ldrobotsensorteam_stl/ldlidar_driver/include/dataprocess) by extensions ['ignore', 'ignore_ament_install']
[1.585s] Level 1:colcon.colcon_core.package_identification:_identify(sdk_ldrobotsensorteam_stl/ldlidar_driver/include/dataprocess) by extension 'ignore'
[1.586s] Level 1:colcon.colcon_core.package_identification:_identify(sdk_ldrobotsensorteam_stl/ldlidar_driver/include/dataprocess) by extension 'ignore_ament_install'
[1.586s] Level 1:colcon.colcon_core.package_identification:_identify(sdk_ldrobotsensorteam_stl/ldlidar_driver/include/dataprocess) by extensions ['colcon_pkg']
[1.586s] Level 1:colcon.colcon_core.package_identification:_identify(sdk_ldrobotsensorteam_stl/ldlidar_driver/include/dataprocess) by extension 'colcon_pkg'
[1.586s] Level 1:colcon.colcon_core.package_identification:_identify(sdk_ldrobotsensorteam_stl/ldlidar_driver/include/dataprocess) by extensions ['colcon_meta']
[1.586s] Level 1:colcon.colcon_core.package_identification:_identify(sdk_ldrobotsensorteam_stl/ldlidar_driver/include/dataprocess) by extension 'colcon_meta'
[1.586s] Level 1:colcon.colcon_core.package_identification:_identify(sdk_ldrobotsensorteam_stl/ldlidar_driver/include/dataprocess) by extensions ['ros']
[1.586s] Level 1:colcon.colcon_core.package_identification:_identify(sdk_ldrobotsensorteam_stl/ldlidar_driver/include/dataprocess) by extension 'ros'
[1.587s] Level 1:colcon.colcon_core.package_identification:_identify(sdk_ldrobotsensorteam_stl/ldlidar_driver/include/dataprocess) by extensions ['cmake', 'python']
[1.587s] Level 1:colcon.colcon_core.package_identification:_identify(sdk_ldrobotsensorteam_stl/ldlidar_driver/include/dataprocess) by extension 'cmake'
[1.587s] Level 1:colcon.colcon_core.package_identification:_identify(sdk_ldrobotsensorteam_stl/ldlidar_driver/include/dataprocess) by extension 'python'
[1.587s] Level 1:colcon.colcon_core.package_identification:_identify(sdk_ldrobotsensorteam_stl/ldlidar_driver/include/dataprocess) by extensions ['python_setup_py']
[1.587s] Level 1:colcon.colcon_core.package_identification:_identify(sdk_ldrobotsensorteam_stl/ldlidar_driver/include/dataprocess) by extension 'python_setup_py'
[1.588s] Level 1:colcon.colcon_core.package_identification:_identify(sdk_ldrobotsensorteam_stl/ldlidar_driver/include/filter) by extensions ['ignore', 'ignore_ament_install']
[1.588s] Level 1:colcon.colcon_core.package_identification:_identify(sdk_ldrobotsensorteam_stl/ldlidar_driver/include/filter) by extension 'ignore'
[1.588s] Level 1:colcon.colcon_core.package_identification:_identify(sdk_ldrobotsensorteam_stl/ldlidar_driver/include/filter) by extension 'ignore_ament_install'
[1.589s] Level 1:colcon.colcon_core.package_identification:_identify(sdk_ldrobotsensorteam_stl/ldlidar_driver/include/filter) by extensions ['colcon_pkg']
[1.589s] Level 1:colcon.colcon_core.package_identification:_identify(sdk_ldrobotsensorteam_stl/ldlidar_driver/include/filter) by extension 'colcon_pkg'
[1.589s] Level 1:colcon.colcon_core.package_identification:_identify(sdk_ldrobotsensorteam_stl/ldlidar_driver/include/filter) by extensions ['colcon_meta']
[1.589s] Level 1:colcon.colcon_core.package_identification:_identify(sdk_ldrobotsensorteam_stl/ldlidar_driver/include/filter) by extension 'colcon_meta'
[1.589s] Level 1:colcon.colcon_core.package_identification:_identify(sdk_ldrobotsensorteam_stl/ldlidar_driver/include/filter) by extensions ['ros']
[1.589s] Level 1:colcon.colcon_core.package_identification:_identify(sdk_ldrobotsensorteam_stl/ldlidar_driver/include/filter) by extension 'ros'
[1.590s] Level 1:colcon.colcon_core.package_identification:_identify(sdk_ldrobotsensorteam_stl/ldlidar_driver/include/filter) by extensions ['cmake', 'python']
[1.590s] Level 1:colcon.colcon_core.package_identification:_identify(sdk_ldrobotsensorteam_stl/ldlidar_driver/include/filter) by extension 'cmake'
[1.590s] Level 1:colcon.colcon_core.package_identification:_identify(sdk_ldrobotsensorteam_stl/ldlidar_driver/include/filter) by extension 'python'
[1.590s] Level 1:colcon.colcon_core.package_identification:_identify(sdk_ldrobotsensorteam_stl/ldlidar_driver/include/filter) by extensions ['python_setup_py']
[1.590s] Level 1:colcon.colcon_core.package_identification:_identify(sdk_ldrobotsensorteam_stl/ldlidar_driver/include/filter) by extension 'python_setup_py'
[1.591s] Level 1:colcon.colcon_core.package_identification:_identify(sdk_ldrobotsensorteam_stl/ldlidar_driver/include/logger) by extensions ['ignore', 'ignore_ament_install']
[1.591s] Level 1:colcon.colcon_core.package_identification:_identify(sdk_ldrobotsensorteam_stl/ldlidar_driver/include/logger) by extension 'ignore'
[1.591s] Level 1:colcon.colcon_core.package_identification:_identify(sdk_ldrobotsensorteam_stl/ldlidar_driver/include/logger) by extension 'ignore_ament_install'
[1.592s] Level 1:colcon.colcon_core.package_identification:_identify(sdk_ldrobotsensorteam_stl/ldlidar_driver/include/logger) by extensions ['colcon_pkg']
[1.592s] Level 1:colcon.colcon_core.package_identification:_identify(sdk_ldrobotsensorteam_stl/ldlidar_driver/include/logger) by extension 'colcon_pkg'
[1.592s] Level 1:colcon.colcon_core.package_identification:_identify(sdk_ldrobotsensorteam_stl/ldlidar_driver/include/logger) by extensions ['colcon_meta']
[1.592s] Level 1:colcon.colcon_core.package_identification:_identify(sdk_ldrobotsensorteam_stl/ldlidar_driver/include/logger) by extension 'colcon_meta'
[1.592s] Level 1:colcon.colcon_core.package_identification:_identify(sdk_ldrobotsensorteam_stl/ldlidar_driver/include/logger) by extensions ['ros']
[1.592s] Level 1:colcon.colcon_core.package_identification:_identify(sdk_ldrobotsensorteam_stl/ldlidar_driver/include/logger) by extension 'ros'
[1.593s] Level 1:colcon.colcon_core.package_identification:_identify(sdk_ldrobotsensorteam_stl/ldlidar_driver/include/logger) by extensions ['cmake', 'python']
[1.593s] Level 1:colcon.colcon_core.package_identification:_identify(sdk_ldrobotsensorteam_stl/ldlidar_driver/include/logger) by extension 'cmake'
[1.593s] Level 1:colcon.colcon_core.package_identification:_identify(sdk_ldrobotsensorteam_stl/ldlidar_driver/include/logger) by extension 'python'
[1.593s] Level 1:colcon.colcon_core.package_identification:_identify(sdk_ldrobotsensorteam_stl/ldlidar_driver/include/logger) by extensions ['python_setup_py']
[1.593s] Level 1:colcon.colcon_core.package_identification:_identify(sdk_ldrobotsensorteam_stl/ldlidar_driver/include/logger) by extension 'python_setup_py'
[1.594s] Level 1:colcon.colcon_core.package_identification:_identify(sdk_ldrobotsensorteam_stl/ldlidar_driver/include/networkcom) by extensions ['ignore', 'ignore_ament_install']
[1.594s] Level 1:colcon.colcon_core.package_identification:_identify(sdk_ldrobotsensorteam_stl/ldlidar_driver/include/networkcom) by extension 'ignore'
[1.594s] Level 1:colcon.colcon_core.package_identification:_identify(sdk_ldrobotsensorteam_stl/ldlidar_driver/include/networkcom) by extension 'ignore_ament_install'
[1.594s] Level 1:colcon.colcon_core.package_identification:_identify(sdk_ldrobotsensorteam_stl/ldlidar_driver/include/networkcom) by extensions ['colcon_pkg']
[1.594s] Level 1:colcon.colcon_core.package_identification:_identify(sdk_ldrobotsensorteam_stl/ldlidar_driver/include/networkcom) by extension 'colcon_pkg'
[1.595s] Level 1:colcon.colcon_core.package_identification:_identify(sdk_ldrobotsensorteam_stl/ldlidar_driver/include/networkcom) by extensions ['colcon_meta']
[1.595s] Level 1:colcon.colcon_core.package_identification:_identify(sdk_ldrobotsensorteam_stl/ldlidar_driver/include/networkcom) by extension 'colcon_meta'
[1.595s] Level 1:colcon.colcon_core.package_identification:_identify(sdk_ldrobotsensorteam_stl/ldlidar_driver/include/networkcom) by extensions ['ros']
[1.595s] Level 1:colcon.colcon_core.package_identification:_identify(sdk_ldrobotsensorteam_stl/ldlidar_driver/include/networkcom) by extension 'ros'
[1.596s] Level 1:colcon.colcon_core.package_identification:_identify(sdk_ldrobotsensorteam_stl/ldlidar_driver/include/networkcom) by extensions ['cmake', 'python']
[1.596s] Level 1:colcon.colcon_core.package_identification:_identify(sdk_ldrobotsensorteam_stl/ldlidar_driver/include/networkcom) by extension 'cmake'
[1.596s] Level 1:colcon.colcon_core.package_identification:_identify(sdk_ldrobotsensorteam_stl/ldlidar_driver/include/networkcom) by extension 'python'
[1.596s] Level 1:colcon.colcon_core.package_identification:_identify(sdk_ldrobotsensorteam_stl/ldlidar_driver/include/networkcom) by extensions ['python_setup_py']
[1.596s] Level 1:colcon.colcon_core.package_identification:_identify(sdk_ldrobotsensorteam_stl/ldlidar_driver/include/networkcom) by extension 'python_setup_py'
[1.597s] Level 1:colcon.colcon_core.package_identification:_identify(sdk_ldrobotsensorteam_stl/ldlidar_driver/include/serialcom) by extensions ['ignore', 'ignore_ament_install']
[1.597s] Level 1:colcon.colcon_core.package_identification:_identify(sdk_ldrobotsensorteam_stl/ldlidar_driver/include/serialcom) by extension 'ignore'
[1.597s] Level 1:colcon.colcon_core.package_identification:_identify(sdk_ldrobotsensorteam_stl/ldlidar_driver/include/serialcom) by extension 'ignore_ament_install'
[1.597s] Level 1:colcon.colcon_core.package_identification:_identify(sdk_ldrobotsensorteam_stl/ldlidar_driver/include/serialcom) by extensions ['colcon_pkg']
[1.598s] Level 1:colcon.colcon_core.package_identification:_identify(sdk_ldrobotsensorteam_stl/ldlidar_driver/include/serialcom) by extension 'colcon_pkg'
[1.598s] Level 1:colcon.colcon_core.package_identification:_identify(sdk_ldrobotsensorteam_stl/ldlidar_driver/include/serialcom) by extensions ['colcon_meta']
[1.598s] Level 1:colcon.colcon_core.package_identification:_identify(sdk_ldrobotsensorteam_stl/ldlidar_driver/include/serialcom) by extension 'colcon_meta'
[1.598s] Level 1:colcon.colcon_core.package_identification:_identify(sdk_ldrobotsensorteam_stl/ldlidar_driver/include/serialcom) by extensions ['ros']
[1.598s] Level 1:colcon.colcon_core.package_identification:_identify(sdk_ldrobotsensorteam_stl/ldlidar_driver/include/serialcom) by extension 'ros'
[1.598s] Level 1:colcon.colcon_core.package_identification:_identify(sdk_ldrobotsensorteam_stl/ldlidar_driver/include/serialcom) by extensions ['cmake', 'python']
[1.599s] Level 1:colcon.colcon_core.package_identification:_identify(sdk_ldrobotsensorteam_stl/ldlidar_driver/include/serialcom) by extension 'cmake'
[1.599s] Level 1:colcon.colcon_core.package_identification:_identify(sdk_ldrobotsensorteam_stl/ldlidar_driver/include/serialcom) by extension 'python'
[1.599s] Level 1:colcon.colcon_core.package_identification:_identify(sdk_ldrobotsensorteam_stl/ldlidar_driver/include/serialcom) by extensions ['python_setup_py']
[1.599s] Level 1:colcon.colcon_core.package_identification:_identify(sdk_ldrobotsensorteam_stl/ldlidar_driver/include/serialcom) by extension 'python_setup_py'
[1.600s] Level 1:colcon.colcon_core.package_identification:_identify(sdk_ldrobotsensorteam_stl/ldlidar_driver/src) by extensions ['ignore', 'ignore_ament_install']
[1.600s] Level 1:colcon.colcon_core.package_identification:_identify(sdk_ldrobotsensorteam_stl/ldlidar_driver/src) by extension 'ignore'
[1.600s] Level 1:colcon.colcon_core.package_identification:_identify(sdk_ldrobotsensorteam_stl/ldlidar_driver/src) by extension 'ignore_ament_install'
[1.600s] Level 1:colcon.colcon_core.package_identification:_identify(sdk_ldrobotsensorteam_stl/ldlidar_driver/src) by extensions ['colcon_pkg']
[1.600s] Level 1:colcon.colcon_core.package_identification:_identify(sdk_ldrobotsensorteam_stl/ldlidar_driver/src) by extension 'colcon_pkg'
[1.601s] Level 1:colcon.colcon_core.package_identification:_identify(sdk_ldrobotsensorteam_stl/ldlidar_driver/src) by extensions ['colcon_meta']
[1.601s] Level 1:colcon.colcon_core.package_identification:_identify(sdk_ldrobotsensorteam_stl/ldlidar_driver/src) by extension 'colcon_meta'
[1.601s] Level 1:colcon.colcon_core.package_identification:_identify(sdk_ldrobotsensorteam_stl/ldlidar_driver/src) by extensions ['ros']
[1.601s] Level 1:colcon.colcon_core.package_identification:_identify(sdk_ldrobotsensorteam_stl/ldlidar_driver/src) by extension 'ros'
[1.601s] Level 1:colcon.colcon_core.package_identification:_identify(sdk_ldrobotsensorteam_stl/ldlidar_driver/src) by extensions ['cmake', 'python']
[1.602s] Level 1:colcon.colcon_core.package_identification:_identify(sdk_ldrobotsensorteam_stl/ldlidar_driver/src) by extension 'cmake'
[1.602s] Level 1:colcon.colcon_core.package_identification:_identify(sdk_ldrobotsensorteam_stl/ldlidar_driver/src) by extension 'python'
[1.602s] Level 1:colcon.colcon_core.package_identification:_identify(sdk_ldrobotsensorteam_stl/ldlidar_driver/src) by extensions ['python_setup_py']
[1.602s] Level 1:colcon.colcon_core.package_identification:_identify(sdk_ldrobotsensorteam_stl/ldlidar_driver/src) by extension 'python_setup_py'
[1.602s] Level 1:colcon.colcon_core.package_identification:_identify(sdk_ldrobotsensorteam_stl/ldlidar_driver/src/core) by extensions ['ignore', 'ignore_ament_install']
[1.603s] Level 1:colcon.colcon_core.package_identification:_identify(sdk_ldrobotsensorteam_stl/ldlidar_driver/src/core) by extension 'ignore'
[1.603s] Level 1:colcon.colcon_core.package_identification:_identify(sdk_ldrobotsensorteam_stl/ldlidar_driver/src/core) by extension 'ignore_ament_install'
[1.603s] Level 1:colcon.colcon_core.package_identification:_identify(sdk_ldrobotsensorteam_stl/ldlidar_driver/src/core) by extensions ['colcon_pkg']
[1.603s] Level 1:colcon.colcon_core.package_identification:_identify(sdk_ldrobotsensorteam_stl/ldlidar_driver/src/core) by extension 'colcon_pkg'
[1.603s] Level 1:colcon.colcon_core.package_identification:_identify(sdk_ldrobotsensorteam_stl/ldlidar_driver/src/core) by extensions ['colcon_meta']
[1.604s] Level 1:colcon.colcon_core.package_identification:_identify(sdk_ldrobotsensorteam_stl/ldlidar_driver/src/core) by extension 'colcon_meta'
[1.604s] Level 1:colcon.colcon_core.package_identification:_identify(sdk_ldrobotsensorteam_stl/ldlidar_driver/src/core) by extensions ['ros']
[1.604s] Level 1:colcon.colcon_core.package_identification:_identify(sdk_ldrobotsensorteam_stl/ldlidar_driver/src/core) by extension 'ros'
[1.604s] Level 1:colcon.colcon_core.package_identification:_identify(sdk_ldrobotsensorteam_stl/ldlidar_driver/src/core) by extensions ['cmake', 'python']
[1.604s] Level 1:colcon.colcon_core.package_identification:_identify(sdk_ldrobotsensorteam_stl/ldlidar_driver/src/core) by extension 'cmake'
[1.605s] Level 1:colcon.colcon_core.package_identification:_identify(sdk_ldrobotsensorteam_stl/ldlidar_driver/src/core) by extension 'python'
[1.605s] Level 1:colcon.colcon_core.package_identification:_identify(sdk_ldrobotsensorteam_stl/ldlidar_driver/src/core) by extensions ['python_setup_py']
[1.605s] Level 1:colcon.colcon_core.package_identification:_identify(sdk_ldrobotsensorteam_stl/ldlidar_driver/src/core) by extension 'python_setup_py'
[1.605s] Level 1:colcon.colcon_core.package_identification:_identify(sdk_ldrobotsensorteam_stl/ldlidar_driver/src/dataprocess) by extensions ['ignore', 'ignore_ament_install']
[1.606s] Level 1:colcon.colcon_core.package_identification:_identify(sdk_ldrobotsensorteam_stl/ldlidar_driver/src/dataprocess) by extension 'ignore'
[1.606s] Level 1:colcon.colcon_core.package_identification:_identify(sdk_ldrobotsensorteam_stl/ldlidar_driver/src/dataprocess) by extension 'ignore_ament_install'
[1.606s] Level 1:colcon.colcon_core.package_identification:_identify(sdk_ldrobotsensorteam_stl/ldlidar_driver/src/dataprocess) by extensions ['colcon_pkg']
[1.606s] Level 1:colcon.colcon_core.package_identification:_identify(sdk_ldrobotsensorteam_stl/ldlidar_driver/src/dataprocess) by extension 'colcon_pkg'
[1.606s] Level 1:colcon.colcon_core.package_identification:_identify(sdk_ldrobotsensorteam_stl/ldlidar_driver/src/dataprocess) by extensions ['colcon_meta']
[1.606s] Level 1:colcon.colcon_core.package_identification:_identify(sdk_ldrobotsensorteam_stl/ldlidar_driver/src/dataprocess) by extension 'colcon_meta'
[1.607s] Level 1:colcon.colcon_core.package_identification:_identify(sdk_ldrobotsensorteam_stl/ldlidar_driver/src/dataprocess) by extensions ['ros']
[1.607s] Level 1:colcon.colcon_core.package_identification:_identify(sdk_ldrobotsensorteam_stl/ldlidar_driver/src/dataprocess) by extension 'ros'
[1.607s] Level 1:colcon.colcon_core.package_identification:_identify(sdk_ldrobotsensorteam_stl/ldlidar_driver/src/dataprocess) by extensions ['cmake', 'python']
[1.607s] Level 1:colcon.colcon_core.package_identification:_identify(sdk_ldrobotsensorteam_stl/ldlidar_driver/src/dataprocess) by extension 'cmake'
[1.608s] Level 1:colcon.colcon_core.package_identification:_identify(sdk_ldrobotsensorteam_stl/ldlidar_driver/src/dataprocess) by extension 'python'
[1.608s] Level 1:colcon.colcon_core.package_identification:_identify(sdk_ldrobotsensorteam_stl/ldlidar_driver/src/dataprocess) by extensions ['python_setup_py']
[1.608s] Level 1:colcon.colcon_core.package_identification:_identify(sdk_ldrobotsensorteam_stl/ldlidar_driver/src/dataprocess) by extension 'python_setup_py'
[1.608s] Level 1:colcon.colcon_core.package_identification:_identify(sdk_ldrobotsensorteam_stl/ldlidar_driver/src/filter) by extensions ['ignore', 'ignore_ament_install']
[1.609s] Level 1:colcon.colcon_core.package_identification:_identify(sdk_ldrobotsensorteam_stl/ldlidar_driver/src/filter) by extension 'ignore'
[1.609s] Level 1:colcon.colcon_core.package_identification:_identify(sdk_ldrobotsensorteam_stl/ldlidar_driver/src/filter) by extension 'ignore_ament_install'
[1.609s] Level 1:colcon.colcon_core.package_identification:_identify(sdk_ldrobotsensorteam_stl/ldlidar_driver/src/filter) by extensions ['colcon_pkg']
[1.609s] Level 1:colcon.colcon_core.package_identification:_identify(sdk_ldrobotsensorteam_stl/ldlidar_driver/src/filter) by extension 'colcon_pkg'
[1.609s] Level 1:colcon.colcon_core.package_identification:_identify(sdk_ldrobotsensorteam_stl/ldlidar_driver/src/filter) by extensions ['colcon_meta']
[1.609s] Level 1:colcon.colcon_core.package_identification:_identify(sdk_ldrobotsensorteam_stl/ldlidar_driver/src/filter) by extension 'colcon_meta'
[1.610s] Level 1:colcon.colcon_core.package_identification:_identify(sdk_ldrobotsensorteam_stl/ldlidar_driver/src/filter) by extensions ['ros']
[1.610s] Level 1:colcon.colcon_core.package_identification:_identify(sdk_ldrobotsensorteam_stl/ldlidar_driver/src/filter) by extension 'ros'
[1.610s] Level 1:colcon.colcon_core.package_identification:_identify(sdk_ldrobotsensorteam_stl/ldlidar_driver/src/filter) by extensions ['cmake', 'python']
[1.610s] Level 1:colcon.colcon_core.package_identification:_identify(sdk_ldrobotsensorteam_stl/ldlidar_driver/src/filter) by extension 'cmake'
[1.610s] Level 1:colcon.colcon_core.package_identification:_identify(sdk_ldrobotsensorteam_stl/ldlidar_driver/src/filter) by extension 'python'
[1.611s] Level 1:colcon.colcon_core.package_identification:_identify(sdk_ldrobotsensorteam_stl/ldlidar_driver/src/filter) by extensions ['python_setup_py']
[1.611s] Level 1:colcon.colcon_core.package_identification:_identify(sdk_ldrobotsensorteam_stl/ldlidar_driver/src/filter) by extension 'python_setup_py'
[1.611s] Level 1:colcon.colcon_core.package_identification:_identify(sdk_ldrobotsensorteam_stl/ldlidar_driver/src/logger) by extensions ['ignore', 'ignore_ament_install']
[1.611s] Level 1:colcon.colcon_core.package_identification:_identify(sdk_ldrobotsensorteam_stl/ldlidar_driver/src/logger) by extension 'ignore'
[1.612s] Level 1:colcon.colcon_core.package_identification:_identify(sdk_ldrobotsensorteam_stl/ldlidar_driver/src/logger) by extension 'ignore_ament_install'
[1.612s] Level 1:colcon.colcon_core.package_identification:_identify(sdk_ldrobotsensorteam_stl/ldlidar_driver/src/logger) by extensions ['colcon_pkg']
[1.612s] Level 1:colcon.colcon_core.package_identification:_identify(sdk_ldrobotsensorteam_stl/ldlidar_driver/src/logger) by extension 'colcon_pkg'
[1.612s] Level 1:colcon.colcon_core.package_identification:_identify(sdk_ldrobotsensorteam_stl/ldlidar_driver/src/logger) by extensions ['colcon_meta']
[1.612s] Level 1:colcon.colcon_core.package_identification:_identify(sdk_ldrobotsensorteam_stl/ldlidar_driver/src/logger) by extension 'colcon_meta'
[1.613s] Level 1:colcon.colcon_core.package_identification:_identify(sdk_ldrobotsensorteam_stl/ldlidar_driver/src/logger) by extensions ['ros']
[1.613s] Level 1:colcon.colcon_core.package_identification:_identify(sdk_ldrobotsensorteam_stl/ldlidar_driver/src/logger) by extension 'ros'
[1.613s] Level 1:colcon.colcon_core.package_identification:_identify(sdk_ldrobotsensorteam_stl/ldlidar_driver/src/logger) by extensions ['cmake', 'python']
[1.613s] Level 1:colcon.colcon_core.package_identification:_identify(sdk_ldrobotsensorteam_stl/ldlidar_driver/src/logger) by extension 'cmake'
[1.613s] Level 1:colcon.colcon_core.package_identification:_identify(sdk_ldrobotsensorteam_stl/ldlidar_driver/src/logger) by extension 'python'
[1.613s] Level 1:colcon.colcon_core.package_identification:_identify(sdk_ldrobotsensorteam_stl/ldlidar_driver/src/logger) by extensions ['python_setup_py']
[1.614s] Level 1:colcon.colcon_core.package_identification:_identify(sdk_ldrobotsensorteam_stl/ldlidar_driver/src/logger) by extension 'python_setup_py'
[1.614s] Level 1:colcon.colcon_core.package_identification:_identify(sdk_ldrobotsensorteam_stl/ldlidar_driver/src/networkcom) by extensions ['ignore', 'ignore_ament_install']
[1.614s] Level 1:colcon.colcon_core.package_identification:_identify(sdk_ldrobotsensorteam_stl/ldlidar_driver/src/networkcom) by extension 'ignore'
[1.615s] Level 1:colcon.colcon_core.package_identification:_identify(sdk_ldrobotsensorteam_stl/ldlidar_driver/src/networkcom) by extension 'ignore_ament_install'
[1.615s] Level 1:colcon.colcon_core.package_identification:_identify(sdk_ldrobotsensorteam_stl/ldlidar_driver/src/networkcom) by extensions ['colcon_pkg']
[1.615s] Level 1:colcon.colcon_core.package_identification:_identify(sdk_ldrobotsensorteam_stl/ldlidar_driver/src/networkcom) by extension 'colcon_pkg'
[1.615s] Level 1:colcon.colcon_core.package_identification:_identify(sdk_ldrobotsensorteam_stl/ldlidar_driver/src/networkcom) by extensions ['colcon_meta']
[1.615s] Level 1:colcon.colcon_core.package_identification:_identify(sdk_ldrobotsensorteam_stl/ldlidar_driver/src/networkcom) by extension 'colcon_meta'
[1.616s] Level 1:colcon.colcon_core.package_identification:_identify(sdk_ldrobotsensorteam_stl/ldlidar_driver/src/networkcom) by extensions ['ros']
[1.616s] Level 1:colcon.colcon_core.package_identification:_identify(sdk_ldrobotsensorteam_stl/ldlidar_driver/src/networkcom) by extension 'ros'
[1.616s] Level 1:colcon.colcon_core.package_identification:_identify(sdk_ldrobotsensorteam_stl/ldlidar_driver/src/networkcom) by extensions ['cmake', 'python']
[1.616s] Level 1:colcon.colcon_core.package_identification:_identify(sdk_ldrobotsensorteam_stl/ldlidar_driver/src/networkcom) by extension 'cmake'
[1.616s] Level 1:colcon.colcon_core.package_identification:_identify(sdk_ldrobotsensorteam_stl/ldlidar_driver/src/networkcom) by extension 'python'
[1.616s] Level 1:colcon.colcon_core.package_identification:_identify(sdk_ldrobotsensorteam_stl/ldlidar_driver/src/networkcom) by extensions ['python_setup_py']
[1.617s] Level 1:colcon.colcon_core.package_identification:_identify(sdk_ldrobotsensorteam_stl/ldlidar_driver/src/networkcom) by extension 'python_setup_py'
[1.617s] Level 1:colcon.colcon_core.package_identification:_identify(sdk_ldrobotsensorteam_stl/ldlidar_driver/src/serialcom) by extensions ['ignore', 'ignore_ament_install']
[1.617s] Level 1:colcon.colcon_core.package_identification:_identify(sdk_ldrobotsensorteam_stl/ldlidar_driver/src/serialcom) by extension 'ignore'
[1.617s] Level 1:colcon.colcon_core.package_identification:_identify(sdk_ldrobotsensorteam_stl/ldlidar_driver/src/serialcom) by extension 'ignore_ament_install'
[1.618s] Level 1:colcon.colcon_core.package_identification:_identify(sdk_ldrobotsensorteam_stl/ldlidar_driver/src/serialcom) by extensions ['colcon_pkg']
[1.618s] Level 1:colcon.colcon_core.package_identification:_identify(sdk_ldrobotsensorteam_stl/ldlidar_driver/src/serialcom) by extension 'colcon_pkg'
[1.618s] Level 1:colcon.colcon_core.package_identification:_identify(sdk_ldrobotsensorteam_stl/ldlidar_driver/src/serialcom) by extensions ['colcon_meta']
[1.618s] Level 1:colcon.colcon_core.package_identification:_identify(sdk_ldrobotsensorteam_stl/ldlidar_driver/src/serialcom) by extension 'colcon_meta'
[1.618s] Level 1:colcon.colcon_core.package_identification:_identify(sdk_ldrobotsensorteam_stl/ldlidar_driver/src/serialcom) by extensions ['ros']
[1.618s] Level 1:colcon.colcon_core.package_identification:_identify(sdk_ldrobotsensorteam_stl/ldlidar_driver/src/serialcom) by extension 'ros'
[1.619s] Level 1:colcon.colcon_core.package_identification:_identify(sdk_ldrobotsensorteam_stl/ldlidar_driver/src/serialcom) by extensions ['cmake', 'python']
[1.619s] Level 1:colcon.colcon_core.package_identification:_identify(sdk_ldrobotsensorteam_stl/ldlidar_driver/src/serialcom) by extension 'cmake'
[1.619s] Level 1:colcon.colcon_core.package_identification:_identify(sdk_ldrobotsensorteam_stl/ldlidar_driver/src/serialcom) by extension 'python'
[1.619s] Level 1:colcon.colcon_core.package_identification:_identify(sdk_ldrobotsensorteam_stl/ldlidar_driver/src/serialcom) by extensions ['python_setup_py']
[1.620s] Level 1:colcon.colcon_core.package_identification:_identify(sdk_ldrobotsensorteam_stl/ldlidar_driver/src/serialcom) by extension 'python_setup_py'
[1.620s] Level 1:colcon.colcon_core.package_identification:_identify(sdk_ldrobotsensorteam_stl/linux_app) by extensions ['ignore', 'ignore_ament_install']
[1.620s] Level 1:colcon.colcon_core.package_identification:_identify(sdk_ldrobotsensorteam_stl/linux_app) by extension 'ignore'
[1.621s] Level 1:colcon.colcon_core.package_identification:_identify(sdk_ldrobotsensorteam_stl/linux_app) by extension 'ignore_ament_install'
[1.621s] Level 1:colcon.colcon_core.package_identification:_identify(sdk_ldrobotsensorteam_stl/linux_app) by extensions ['colcon_pkg']
[1.621s] Level 1:colcon.colcon_core.package_identification:_identify(sdk_ldrobotsensorteam_stl/linux_app) by extension 'colcon_pkg'
[1.621s] Level 1:colcon.colcon_core.package_identification:_identify(sdk_ldrobotsensorteam_stl/linux_app) by extensions ['colcon_meta']
[1.621s] Level 1:colcon.colcon_core.package_identification:_identify(sdk_ldrobotsensorteam_stl/linux_app) by extension 'colcon_meta'
[1.621s] Level 1:colcon.colcon_core.package_identification:_identify(sdk_ldrobotsensorteam_stl/linux_app) by extensions ['ros']
[1.621s] Level 1:colcon.colcon_core.package_identification:_identify(sdk_ldrobotsensorteam_stl/linux_app) by extension 'ros'
[1.622s] Level 1:colcon.colcon_core.package_identification:_identify(sdk_ldrobotsensorteam_stl/linux_app) by extensions ['cmake', 'python']
[1.622s] Level 1:colcon.colcon_core.package_identification:_identify(sdk_ldrobotsensorteam_stl/linux_app) by extension 'cmake'
[1.627s] Level 1:colcon.colcon_core.package_identification:_identify(sdk_ldrobotsensorteam_stl/linux_app) by extension 'python'
[1.628s] DEBUG:colcon.colcon_core.package_identification:Package 'sdk_ldrobotsensorteam_stl/linux_app' with type 'cmake' and name 'ldlidar_stl'
[1.628s] Level 1:colcon.colcon_core.package_identification:_identify(sdk_ldrobotsensorteam_stl/ros2_app) by extensions ['ignore', 'ignore_ament_install']
[1.628s] Level 1:colcon.colcon_core.package_identification:_identify(sdk_ldrobotsensorteam_stl/ros2_app) by extension 'ignore'
[1.629s] Level 1:colcon.colcon_core.package_identification:_identify(sdk_ldrobotsensorteam_stl/ros2_app) by extension 'ignore_ament_install'
[1.629s] Level 1:colcon.colcon_core.package_identification:_identify(sdk_ldrobotsensorteam_stl/ros2_app) by extensions ['colcon_pkg']
[1.629s] Level 1:colcon.colcon_core.package_identification:_identify(sdk_ldrobotsensorteam_stl/ros2_app) by extension 'colcon_pkg'
[1.629s] Level 1:colcon.colcon_core.package_identification:_identify(sdk_ldrobotsensorteam_stl/ros2_app) by extensions ['colcon_meta']
[1.629s] Level 1:colcon.colcon_core.package_identification:_identify(sdk_ldrobotsensorteam_stl/ros2_app) by extension 'colcon_meta'
[1.630s] Level 1:colcon.colcon_core.package_identification:_identify(sdk_ldrobotsensorteam_stl/ros2_app) by extensions ['ros']
[1.630s] Level 1:colcon.colcon_core.package_identification:_identify(sdk_ldrobotsensorteam_stl/ros2_app) by extension 'ros'
[1.630s] Level 1:colcon.colcon_core.package_identification:_identify(sdk_ldrobotsensorteam_stl/ros2_app) by extensions ['cmake', 'python']
[1.630s] Level 1:colcon.colcon_core.package_identification:_identify(sdk_ldrobotsensorteam_stl/ros2_app) by extension 'cmake'
[1.630s] Level 1:colcon.colcon_core.package_identification:_identify(sdk_ldrobotsensorteam_stl/ros2_app) by extension 'python'
[1.630s] Level 1:colcon.colcon_core.package_identification:_identify(sdk_ldrobotsensorteam_stl/ros2_app) by extensions ['python_setup_py']
[1.631s] Level 1:colcon.colcon_core.package_identification:_identify(sdk_ldrobotsensorteam_stl/ros2_app) by extension 'python_setup_py'
[1.631s] Level 1:colcon.colcon_core.package_identification:_identify(sdk_ldrobotsensorteam_stl/ros2_app/build) by extensions ['ignore', 'ignore_ament_install']
[1.632s] Level 1:colcon.colcon_core.package_identification:_identify(sdk_ldrobotsensorteam_stl/ros2_app/build) by extension 'ignore'
[1.632s] Level 1:colcon.colcon_core.package_identification:_identify(sdk_ldrobotsensorteam_stl/ros2_app/build) ignored
[1.632s] Level 1:colcon.colcon_core.package_identification:_identify(sdk_ldrobotsensorteam_stl/ros2_app/install) by extensions ['ignore', 'ignore_ament_install']
[1.633s] Level 1:colcon.colcon_core.package_identification:_identify(sdk_ldrobotsensorteam_stl/ros2_app/install) by extension 'ignore'
[1.633s] Level 1:colcon.colcon_core.package_identification:_identify(sdk_ldrobotsensorteam_stl/ros2_app/install) ignored
[1.633s] Level 1:colcon.colcon_core.package_identification:_identify(sdk_ldrobotsensorteam_stl/ros2_app/log) by extensions ['ignore', 'ignore_ament_install']
[1.633s] Level 1:colcon.colcon_core.package_identification:_identify(sdk_ldrobotsensorteam_stl/ros2_app/log) by extension 'ignore'
[1.634s] Level 1:colcon.colcon_core.package_identification:_identify(sdk_ldrobotsensorteam_stl/ros2_app/log) ignored
[1.634s] Level 1:colcon.colcon_core.package_identification:_identify(sdk_ldrobotsensorteam_stl/ros2_app/src) by extensions ['ignore', 'ignore_ament_install']
[1.634s] Level 1:colcon.colcon_core.package_identification:_identify(sdk_ldrobotsensorteam_stl/ros2_app/src) by extension 'ignore'
[1.634s] Level 1:colcon.colcon_core.package_identification:_identify(sdk_ldrobotsensorteam_stl/ros2_app/src) by extension 'ignore_ament_install'
[1.635s] Level 1:colcon.colcon_core.package_identification:_identify(sdk_ldrobotsensorteam_stl/ros2_app/src) by extensions ['colcon_pkg']
[1.635s] Level 1:colcon.colcon_core.package_identification:_identify(sdk_ldrobotsensorteam_stl/ros2_app/src) by extension 'colcon_pkg'
[1.635s] Level 1:colcon.colcon_core.package_identification:_identify(sdk_ldrobotsensorteam_stl/ros2_app/src) by extensions ['colcon_meta']
[1.635s] Level 1:colcon.colcon_core.package_identification:_identify(sdk_ldrobotsensorteam_stl/ros2_app/src) by extension 'colcon_meta'
[1.635s] Level 1:colcon.colcon_core.package_identification:_identify(sdk_ldrobotsensorteam_stl/ros2_app/src) by extensions ['ros']
[1.635s] Level 1:colcon.colcon_core.package_identification:_identify(sdk_ldrobotsensorteam_stl/ros2_app/src) by extension 'ros'
[1.636s] Level 1:colcon.colcon_core.package_identification:_identify(sdk_ldrobotsensorteam_stl/ros2_app/src) by extensions ['cmake', 'python']
[1.636s] Level 1:colcon.colcon_core.package_identification:_identify(sdk_ldrobotsensorteam_stl/ros2_app/src) by extension 'cmake'
[1.636s] Level 1:colcon.colcon_core.package_identification:_identify(sdk_ldrobotsensorteam_stl/ros2_app/src) by extension 'python'
[1.636s] Level 1:colcon.colcon_core.package_identification:_identify(sdk_ldrobotsensorteam_stl/ros2_app/src) by extensions ['python_setup_py']
[1.636s] Level 1:colcon.colcon_core.package_identification:_identify(sdk_ldrobotsensorteam_stl/ros2_app/src) by extension 'python_setup_py'
[1.637s] Level 1:colcon.colcon_core.package_identification:_identify(sdk_ldrobotsensorteam_stl/ros2_app/src/ldlidar) by extensions ['ignore', 'ignore_ament_install']
[1.637s] Level 1:colcon.colcon_core.package_identification:_identify(sdk_ldrobotsensorteam_stl/ros2_app/src/ldlidar) by extension 'ignore'
[1.637s] Level 1:colcon.colcon_core.package_identification:_identify(sdk_ldrobotsensorteam_stl/ros2_app/src/ldlidar) by extension 'ignore_ament_install'
[1.638s] Level 1:colcon.colcon_core.package_identification:_identify(sdk_ldrobotsensorteam_stl/ros2_app/src/ldlidar) by extensions ['colcon_pkg']
[1.638s] Level 1:colcon.colcon_core.package_identification:_identify(sdk_ldrobotsensorteam_stl/ros2_app/src/ldlidar) by extension 'colcon_pkg'
[1.638s] Level 1:colcon.colcon_core.package_identification:_identify(sdk_ldrobotsensorteam_stl/ros2_app/src/ldlidar) by extensions ['colcon_meta']
[1.638s] Level 1:colcon.colcon_core.package_identification:_identify(sdk_ldrobotsensorteam_stl/ros2_app/src/ldlidar) by extension 'colcon_meta'
[1.638s] Level 1:colcon.colcon_core.package_identification:_identify(sdk_ldrobotsensorteam_stl/ros2_app/src/ldlidar) by extensions ['ros']
[1.638s] Level 1:colcon.colcon_core.package_identification:_identify(sdk_ldrobotsensorteam_stl/ros2_app/src/ldlidar) by extension 'ros'
[1.648s] DEBUG:colcon.colcon_core.package_identification:Package 'sdk_ldrobotsensorteam_stl/ros2_app/src/ldlidar' with type 'ros.ament_cmake' and name 'ldlidar'
[1.649s] Level 1:colcon.colcon_core.package_identification:_identify(sdk_ldrobotsensorteam_stl/ros_app) by extensions ['ignore', 'ignore_ament_install']
[1.649s] Level 1:colcon.colcon_core.package_identification:_identify(sdk_ldrobotsensorteam_stl/ros_app) by extension 'ignore'
[1.649s] Level 1:colcon.colcon_core.package_identification:_identify(sdk_ldrobotsensorteam_stl/ros_app) by extension 'ignore_ament_install'
[1.649s] Level 1:colcon.colcon_core.package_identification:_identify(sdk_ldrobotsensorteam_stl/ros_app) by extensions ['colcon_pkg']
[1.650s] Level 1:colcon.colcon_core.package_identification:_identify(sdk_ldrobotsensorteam_stl/ros_app) by extension 'colcon_pkg'
[1.650s] Level 1:colcon.colcon_core.package_identification:_identify(sdk_ldrobotsensorteam_stl/ros_app) by extensions ['colcon_meta']
[1.650s] Level 1:colcon.colcon_core.package_identification:_identify(sdk_ldrobotsensorteam_stl/ros_app) by extension 'colcon_meta'
[1.650s] Level 1:colcon.colcon_core.package_identification:_identify(sdk_ldrobotsensorteam_stl/ros_app) by extensions ['ros']
[1.650s] Level 1:colcon.colcon_core.package_identification:_identify(sdk_ldrobotsensorteam_stl/ros_app) by extension 'ros'
[1.651s] Level 1:colcon.colcon_core.package_identification:_identify(sdk_ldrobotsensorteam_stl/ros_app) by extensions ['cmake', 'python']
[1.651s] Level 1:colcon.colcon_core.package_identification:_identify(sdk_ldrobotsensorteam_stl/ros_app) by extension 'cmake'
[1.651s] Level 1:colcon.colcon_core.package_identification:_identify(sdk_ldrobotsensorteam_stl/ros_app) by extension 'python'
[1.651s] Level 1:colcon.colcon_core.package_identification:_identify(sdk_ldrobotsensorteam_stl/ros_app) by extensions ['python_setup_py']
[1.651s] Level 1:colcon.colcon_core.package_identification:_identify(sdk_ldrobotsensorteam_stl/ros_app) by extension 'python_setup_py'
[1.652s] Level 1:colcon.colcon_core.package_identification:_identify(sdk_ldrobotsensorteam_stl/ros_app/src) by extensions ['ignore', 'ignore_ament_install']
[1.652s] Level 1:colcon.colcon_core.package_identification:_identify(sdk_ldrobotsensorteam_stl/ros_app/src) by extension 'ignore'
[1.652s] Level 1:colcon.colcon_core.package_identification:_identify(sdk_ldrobotsensorteam_stl/ros_app/src) by extension 'ignore_ament_install'
[1.652s] Level 1:colcon.colcon_core.package_identification:_identify(sdk_ldrobotsensorteam_stl/ros_app/src) by extensions ['colcon_pkg']
[1.652s] Level 1:colcon.colcon_core.package_identification:_identify(sdk_ldrobotsensorteam_stl/ros_app/src) by extension 'colcon_pkg'
[1.653s] Level 1:colcon.colcon_core.package_identification:_identify(sdk_ldrobotsensorteam_stl/ros_app/src) by extensions ['colcon_meta']
[1.653s] Level 1:colcon.colcon_core.package_identification:_identify(sdk_ldrobotsensorteam_stl/ros_app/src) by extension 'colcon_meta'
[1.653s] Level 1:colcon.colcon_core.package_identification:_identify(sdk_ldrobotsensorteam_stl/ros_app/src) by extensions ['ros']
[1.653s] Level 1:colcon.colcon_core.package_identification:_identify(sdk_ldrobotsensorteam_stl/ros_app/src) by extension 'ros'
[1.653s] Level 1:colcon.colcon_core.package_identification:_identify(sdk_ldrobotsensorteam_stl/ros_app/src) by extensions ['cmake', 'python']
[1.654s] Level 1:colcon.colcon_core.package_identification:_identify(sdk_ldrobotsensorteam_stl/ros_app/src) by extension 'cmake'
[1.654s] Level 1:colcon.colcon_core.package_identification:_identify(sdk_ldrobotsensorteam_stl/ros_app/src) by extension 'python'
[1.654s] Level 1:colcon.colcon_core.package_identification:_identify(sdk_ldrobotsensorteam_stl/ros_app/src) by extensions ['python_setup_py']
[1.654s] Level 1:colcon.colcon_core.package_identification:_identify(sdk_ldrobotsensorteam_stl/ros_app/src) by extension 'python_setup_py'
[1.655s] Level 1:colcon.colcon_core.package_identification:_identify(sdk_ldrobotsensorteam_stl/ros_app/src/ldlidar) by extensions ['ignore', 'ignore_ament_install']
[1.655s] Level 1:colcon.colcon_core.package_identification:_identify(sdk_ldrobotsensorteam_stl/ros_app/src/ldlidar) by extension 'ignore'
[1.655s] Level 1:colcon.colcon_core.package_identification:_identify(sdk_ldrobotsensorteam_stl/ros_app/src/ldlidar) by extension 'ignore_ament_install'
[1.655s] Level 1:colcon.colcon_core.package_identification:_identify(sdk_ldrobotsensorteam_stl/ros_app/src/ldlidar) by extensions ['colcon_pkg']
[1.656s] Level 1:colcon.colcon_core.package_identification:_identify(sdk_ldrobotsensorteam_stl/ros_app/src/ldlidar) by extension 'colcon_pkg'
[1.656s] Level 1:colcon.colcon_core.package_identification:_identify(sdk_ldrobotsensorteam_stl/ros_app/src/ldlidar) by extensions ['colcon_meta']
[1.656s] Level 1:colcon.colcon_core.package_identification:_identify(sdk_ldrobotsensorteam_stl/ros_app/src/ldlidar) by extension 'colcon_meta'
[1.656s] Level 1:colcon.colcon_core.package_identification:_identify(sdk_ldrobotsensorteam_stl/ros_app/src/ldlidar) by extensions ['ros']
[1.656s] Level 1:colcon.colcon_core.package_identification:_identify(sdk_ldrobotsensorteam_stl/ros_app/src/ldlidar) by extension 'ros'
[1.659s] DEBUG:colcon.colcon_core.package_identification:Package 'sdk_ldrobotsensorteam_stl/ros_app/src/ldlidar' with type 'ros.catkin' and name 'ldlidar'
[1.660s] Level 1:colcon.colcon_core.package_identification:_identify(src) by extensions ['ignore', 'ignore_ament_install']
[1.660s] Level 1:colcon.colcon_core.package_identification:_identify(src) by extension 'ignore'
[1.661s] Level 1:colcon.colcon_core.package_identification:_identify(src) by extension 'ignore_ament_install'
[1.661s] Level 1:colcon.colcon_core.package_identification:_identify(src) by extensions ['colcon_pkg']
[1.661s] Level 1:colcon.colcon_core.package_identification:_identify(src) by extension 'colcon_pkg'
[1.661s] Level 1:colcon.colcon_core.package_identification:_identify(src) by extensions ['colcon_meta']
[1.661s] Level 1:colcon.colcon_core.package_identification:_identify(src) by extension 'colcon_meta'
[1.661s] Level 1:colcon.colcon_core.package_identification:_identify(src) by extensions ['ros']
[1.662s] Level 1:colcon.colcon_core.package_identification:_identify(src) by extension 'ros'
[1.662s] Level 1:colcon.colcon_core.package_identification:_identify(src) by extensions ['cmake', 'python']
[1.662s] Level 1:colcon.colcon_core.package_identification:_identify(src) by extension 'cmake'
[1.662s] Level 1:colcon.colcon_core.package_identification:_identify(src) by extension 'python'
[1.662s] Level 1:colcon.colcon_core.package_identification:_identify(src) by extensions ['python_setup_py']
[1.662s] Level 1:colcon.colcon_core.package_identification:_identify(src) by extension 'python_setup_py'
[1.663s] Level 1:colcon.colcon_core.package_identification:_identify(src/build) by extensions ['ignore', 'ignore_ament_install']
[1.663s] Level 1:colcon.colcon_core.package_identification:_identify(src/build) by extension 'ignore'
[1.663s] Level 1:colcon.colcon_core.package_identification:_identify(src/build) ignored
[1.664s] Level 1:colcon.colcon_core.package_identification:_identify(src/cpp_pkg) by extensions ['ignore', 'ignore_ament_install']
[1.664s] Level 1:colcon.colcon_core.package_identification:_identify(src/cpp_pkg) by extension 'ignore'
[1.664s] Level 1:colcon.colcon_core.package_identification:_identify(src/cpp_pkg) by extension 'ignore_ament_install'
[1.664s] Level 1:colcon.colcon_core.package_identification:_identify(src/cpp_pkg) by extensions ['colcon_pkg']
[1.665s] Level 1:colcon.colcon_core.package_identification:_identify(src/cpp_pkg) by extension 'colcon_pkg'
[1.665s] Level 1:colcon.colcon_core.package_identification:_identify(src/cpp_pkg) by extensions ['colcon_meta']
[1.665s] Level 1:colcon.colcon_core.package_identification:_identify(src/cpp_pkg) by extension 'colcon_meta'
[1.665s] Level 1:colcon.colcon_core.package_identification:_identify(src/cpp_pkg) by extensions ['ros']
[1.665s] Level 1:colcon.colcon_core.package_identification:_identify(src/cpp_pkg) by extension 'ros'
[1.668s] DEBUG:colcon.colcon_core.package_identification:Package 'src/cpp_pkg' with type 'ros.ament_cmake' and name 'cpp_pkg'
[1.668s] Level 1:colcon.colcon_core.package_identification:_identify(src/install) by extensions ['ignore', 'ignore_ament_install']
[1.669s] Level 1:colcon.colcon_core.package_identification:_identify(src/install) by extension 'ignore'
[1.669s] Level 1:colcon.colcon_core.package_identification:_identify(src/install) ignored
[1.669s] Level 1:colcon.colcon_core.package_identification:_identify(src/ldrobot-lidar-ros2) by extensions ['ignore', 'ignore_ament_install']
[1.670s] Level 1:colcon.colcon_core.package_identification:_identify(src/ldrobot-lidar-ros2) by extension 'ignore'
[1.670s] Level 1:colcon.colcon_core.package_identification:_identify(src/ldrobot-lidar-ros2) by extension 'ignore_ament_install'
[1.670s] Level 1:colcon.colcon_core.package_identification:_identify(src/ldrobot-lidar-ros2) by extensions ['colcon_pkg']
[1.670s] Level 1:colcon.colcon_core.package_identification:_identify(src/ldrobot-lidar-ros2) by extension 'colcon_pkg'
[1.670s] Level 1:colcon.colcon_core.package_identification:_identify(src/ldrobot-lidar-ros2) by extensions ['colcon_meta']
[1.670s] Level 1:colcon.colcon_core.package_identification:_identify(src/ldrobot-lidar-ros2) by extension 'colcon_meta'
[1.671s] Level 1:colcon.colcon_core.package_identification:_identify(src/ldrobot-lidar-ros2) by extensions ['ros']
[1.671s] Level 1:colcon.colcon_core.package_identification:_identify(src/ldrobot-lidar-ros2) by extension 'ros'
[1.671s] Level 1:colcon.colcon_core.package_identification:_identify(src/ldrobot-lidar-ros2) by extensions ['cmake', 'python']
[1.671s] Level 1:colcon.colcon_core.package_identification:_identify(src/ldrobot-lidar-ros2) by extension 'cmake'
[1.671s] Level 1:colcon.colcon_core.package_identification:_identify(src/ldrobot-lidar-ros2) by extension 'python'
[1.672s] Level 1:colcon.colcon_core.package_identification:_identify(src/ldrobot-lidar-ros2) by extensions ['python_setup_py']
[1.672s] Level 1:colcon.colcon_core.package_identification:_identify(src/ldrobot-lidar-ros2) by extension 'python_setup_py'
[1.672s] Level 1:colcon.colcon_core.package_identification:_identify(src/ldrobot-lidar-ros2/3d_model) by extensions ['ignore', 'ignore_ament_install']
[1.672s] Level 1:colcon.colcon_core.package_identification:_identify(src/ldrobot-lidar-ros2/3d_model) by extension 'ignore'
[1.673s] Level 1:colcon.colcon_core.package_identification:_identify(src/ldrobot-lidar-ros2/3d_model) by extension 'ignore_ament_install'
[1.673s] Level 1:colcon.colcon_core.package_identification:_identify(src/ldrobot-lidar-ros2/3d_model) by extensions ['colcon_pkg']
[1.673s] Level 1:colcon.colcon_core.package_identification:_identify(src/ldrobot-lidar-ros2/3d_model) by extension 'colcon_pkg'
[1.673s] Level 1:colcon.colcon_core.package_identification:_identify(src/ldrobot-lidar-ros2/3d_model) by extensions ['colcon_meta']
[1.673s] Level 1:colcon.colcon_core.package_identification:_identify(src/ldrobot-lidar-ros2/3d_model) by extension 'colcon_meta'
[1.674s] Level 1:colcon.colcon_core.package_identification:_identify(src/ldrobot-lidar-ros2/3d_model) by extensions ['ros']
[1.674s] Level 1:colcon.colcon_core.package_identification:_identify(src/ldrobot-lidar-ros2/3d_model) by extension 'ros'
[1.674s] Level 1:colcon.colcon_core.package_identification:_identify(src/ldrobot-lidar-ros2/3d_model) by extensions ['cmake', 'python']
[1.674s] Level 1:colcon.colcon_core.package_identification:_identify(src/ldrobot-lidar-ros2/3d_model) by extension 'cmake'
[1.674s] Level 1:colcon.colcon_core.package_identification:_identify(src/ldrobot-lidar-ros2/3d_model) by extension 'python'
[1.674s] Level 1:colcon.colcon_core.package_identification:_identify(src/ldrobot-lidar-ros2/3d_model) by extensions ['python_setup_py']
[1.674s] Level 1:colcon.colcon_core.package_identification:_identify(src/ldrobot-lidar-ros2/3d_model) by extension 'python_setup_py'
[1.675s] Level 1:colcon.colcon_core.package_identification:_identify(src/ldrobot-lidar-ros2/docs) by extensions ['ignore', 'ignore_ament_install']
[1.675s] Level 1:colcon.colcon_core.package_identification:_identify(src/ldrobot-lidar-ros2/docs) by extension 'ignore'
[1.676s] Level 1:colcon.colcon_core.package_identification:_identify(src/ldrobot-lidar-ros2/docs) by extension 'ignore_ament_install'
[1.676s] Level 1:colcon.colcon_core.package_identification:_identify(src/ldrobot-lidar-ros2/docs) by extensions ['colcon_pkg']
[1.676s] Level 1:colcon.colcon_core.package_identification:_identify(src/ldrobot-lidar-ros2/docs) by extension 'colcon_pkg'
[1.676s] Level 1:colcon.colcon_core.package_identification:_identify(src/ldrobot-lidar-ros2/docs) by extensions ['colcon_meta']
[1.676s] Level 1:colcon.colcon_core.package_identification:_identify(src/ldrobot-lidar-ros2/docs) by extension 'colcon_meta'
[1.676s] Level 1:colcon.colcon_core.package_identification:_identify(src/ldrobot-lidar-ros2/docs) by extensions ['ros']
[1.676s] Level 1:colcon.colcon_core.package_identification:_identify(src/ldrobot-lidar-ros2/docs) by extension 'ros'
[1.677s] Level 1:colcon.colcon_core.package_identification:_identify(src/ldrobot-lidar-ros2/docs) by extensions ['cmake', 'python']
[1.677s] Level 1:colcon.colcon_core.package_identification:_identify(src/ldrobot-lidar-ros2/docs) by extension 'cmake'
[1.677s] Level 1:colcon.colcon_core.package_identification:_identify(src/ldrobot-lidar-ros2/docs) by extension 'python'
[1.677s] Level 1:colcon.colcon_core.package_identification:_identify(src/ldrobot-lidar-ros2/docs) by extensions ['python_setup_py']
[1.677s] Level 1:colcon.colcon_core.package_identification:_identify(src/ldrobot-lidar-ros2/docs) by extension 'python_setup_py'
[1.678s] Level 1:colcon.colcon_core.package_identification:_identify(src/ldrobot-lidar-ros2/images) by extensions ['ignore', 'ignore_ament_install']
[1.678s] Level 1:colcon.colcon_core.package_identification:_identify(src/ldrobot-lidar-ros2/images) by extension 'ignore'
[1.678s] Level 1:colcon.colcon_core.package_identification:_identify(src/ldrobot-lidar-ros2/images) by extension 'ignore_ament_install'
[1.678s] Level 1:colcon.colcon_core.package_identification:_identify(src/ldrobot-lidar-ros2/images) by extensions ['colcon_pkg']
[1.679s] Level 1:colcon.colcon_core.package_identification:_identify(src/ldrobot-lidar-ros2/images) by extension 'colcon_pkg'
[1.679s] Level 1:colcon.colcon_core.package_identification:_identify(src/ldrobot-lidar-ros2/images) by extensions ['colcon_meta']
[1.679s] Level 1:colcon.colcon_core.package_identification:_identify(src/ldrobot-lidar-ros2/images) by extension 'colcon_meta'
[1.679s] Level 1:colcon.colcon_core.package_identification:_identify(src/ldrobot-lidar-ros2/images) by extensions ['ros']
[1.679s] Level 1:colcon.colcon_core.package_identification:_identify(src/ldrobot-lidar-ros2/images) by extension 'ros'
[1.680s] Level 1:colcon.colcon_core.package_identification:_identify(src/ldrobot-lidar-ros2/images) by extensions ['cmake', 'python']
[1.680s] Level 1:colcon.colcon_core.package_identification:_identify(src/ldrobot-lidar-ros2/images) by extension 'cmake'
[1.680s] Level 1:colcon.colcon_core.package_identification:_identify(src/ldrobot-lidar-ros2/images) by extension 'python'
[1.680s] Level 1:colcon.colcon_core.package_identification:_identify(src/ldrobot-lidar-ros2/images) by extensions ['python_setup_py']
[1.680s] Level 1:colcon.colcon_core.package_identification:_identify(src/ldrobot-lidar-ros2/images) by extension 'python_setup_py'
[1.681s] Level 1:colcon.colcon_core.package_identification:_identify(src/ldrobot-lidar-ros2/ldlidar) by extensions ['ignore', 'ignore_ament_install']
[1.681s] Level 1:colcon.colcon_core.package_identification:_identify(src/ldrobot-lidar-ros2/ldlidar) by extension 'ignore'
[1.681s] Level 1:colcon.colcon_core.package_identification:_identify(src/ldrobot-lidar-ros2/ldlidar) by extension 'ignore_ament_install'
[1.682s] Level 1:colcon.colcon_core.package_identification:_identify(src/ldrobot-lidar-ros2/ldlidar) by extensions ['colcon_pkg']
[1.682s] Level 1:colcon.colcon_core.package_identification:_identify(src/ldrobot-lidar-ros2/ldlidar) by extension 'colcon_pkg'
[1.682s] Level 1:colcon.colcon_core.package_identification:_identify(src/ldrobot-lidar-ros2/ldlidar) by extensions ['colcon_meta']
[1.682s] Level 1:colcon.colcon_core.package_identification:_identify(src/ldrobot-lidar-ros2/ldlidar) by extension 'colcon_meta'
[1.682s] Level 1:colcon.colcon_core.package_identification:_identify(src/ldrobot-lidar-ros2/ldlidar) by extensions ['ros']
[1.682s] Level 1:colcon.colcon_core.package_identification:_identify(src/ldrobot-lidar-ros2/ldlidar) by extension 'ros'
[1.685s] DEBUG:colcon.colcon_core.package_identification:Package 'src/ldrobot-lidar-ros2/ldlidar' with type 'ros.ament_cmake' and name 'ldlidar'
[1.686s] Level 1:colcon.colcon_core.package_identification:_identify(src/ldrobot-lidar-ros2/ldlidar_component) by extensions ['ignore', 'ignore_ament_install']
[1.686s] Level 1:colcon.colcon_core.package_identification:_identify(src/ldrobot-lidar-ros2/ldlidar_component) by extension 'ignore'
[1.686s] Level 1:colcon.colcon_core.package_identification:_identify(src/ldrobot-lidar-ros2/ldlidar_component) by extension 'ignore_ament_install'
[1.686s] Level 1:colcon.colcon_core.package_identification:_identify(src/ldrobot-lidar-ros2/ldlidar_component) by extensions ['colcon_pkg']
[1.686s] Level 1:colcon.colcon_core.package_identification:_identify(src/ldrobot-lidar-ros2/ldlidar_component) by extension 'colcon_pkg'
[1.687s] Level 1:colcon.colcon_core.package_identification:_identify(src/ldrobot-lidar-ros2/ldlidar_component) by extensions ['colcon_meta']
[1.687s] Level 1:colcon.colcon_core.package_identification:_identify(src/ldrobot-lidar-ros2/ldlidar_component) by extension 'colcon_meta'
[1.687s] Level 1:colcon.colcon_core.package_identification:_identify(src/ldrobot-lidar-ros2/ldlidar_component) by extensions ['ros']
[1.687s] Level 1:colcon.colcon_core.package_identification:_identify(src/ldrobot-lidar-ros2/ldlidar_component) by extension 'ros'
[1.693s] DEBUG:colcon.colcon_core.package_identification:Package 'src/ldrobot-lidar-ros2/ldlidar_component' with type 'ros.ament_cmake' and name 'ldlidar_component'
[1.693s] Level 1:colcon.colcon_core.package_identification:_identify(src/ldrobot-lidar-ros2/ldlidar_node) by extensions ['ignore', 'ignore_ament_install']
[1.694s] Level 1:colcon.colcon_core.package_identification:_identify(src/ldrobot-lidar-ros2/ldlidar_node) by extension 'ignore'
[1.694s] Level 1:colcon.colcon_core.package_identification:_identify(src/ldrobot-lidar-ros2/ldlidar_node) by extension 'ignore_ament_install'
[1.694s] Level 1:colcon.colcon_core.package_identification:_identify(src/ldrobot-lidar-ros2/ldlidar_node) by extensions ['colcon_pkg']
[1.694s] Level 1:colcon.colcon_core.package_identification:_identify(src/ldrobot-lidar-ros2/ldlidar_node) by extension 'colcon_pkg'
[1.694s] Level 1:colcon.colcon_core.package_identification:_identify(src/ldrobot-lidar-ros2/ldlidar_node) by extensions ['colcon_meta']
[1.695s] Level 1:colcon.colcon_core.package_identification:_identify(src/ldrobot-lidar-ros2/ldlidar_node) by extension 'colcon_meta'
[1.695s] Level 1:colcon.colcon_core.package_identification:_identify(src/ldrobot-lidar-ros2/ldlidar_node) by extensions ['ros']
[1.695s] Level 1:colcon.colcon_core.package_identification:_identify(src/ldrobot-lidar-ros2/ldlidar_node) by extension 'ros'
[1.698s] DEBUG:colcon.colcon_core.package_identification:Package 'src/ldrobot-lidar-ros2/ldlidar_node' with type 'ros.ament_cmake' and name 'ldlidar_node'
[1.698s] Level 1:colcon.colcon_core.package_identification:_identify(src/ldrobot-lidar-ros2/rules) by extensions ['ignore', 'ignore_ament_install']
[1.699s] Level 1:colcon.colcon_core.package_identification:_identify(src/ldrobot-lidar-ros2/rules) by extension 'ignore'
[1.699s] Level 1:colcon.colcon_core.package_identification:_identify(src/ldrobot-lidar-ros2/rules) by extension 'ignore_ament_install'
[1.699s] Level 1:colcon.colcon_core.package_identification:_identify(src/ldrobot-lidar-ros2/rules) by extensions ['colcon_pkg']
[1.699s] Level 1:colcon.colcon_core.package_identification:_identify(src/ldrobot-lidar-ros2/rules) by extension 'colcon_pkg'
[1.700s] Level 1:colcon.colcon_core.package_identification:_identify(src/ldrobot-lidar-ros2/rules) by extensions ['colcon_meta']
[1.700s] Level 1:colcon.colcon_core.package_identification:_identify(src/ldrobot-lidar-ros2/rules) by extension 'colcon_meta'
[1.700s] Level 1:colcon.colcon_core.package_identification:_identify(src/ldrobot-lidar-ros2/rules) by extensions ['ros']
[1.700s] Level 1:colcon.colcon_core.package_identification:_identify(src/ldrobot-lidar-ros2/rules) by extension 'ros'
[1.700s] Level 1:colcon.colcon_core.package_identification:_identify(src/ldrobot-lidar-ros2/rules) by extensions ['cmake', 'python']
[1.700s] Level 1:colcon.colcon_core.package_identification:_identify(src/ldrobot-lidar-ros2/rules) by extension 'cmake'
[1.701s] Level 1:colcon.colcon_core.package_identification:_identify(src/ldrobot-lidar-ros2/rules) by extension 'python'
[1.701s] Level 1:colcon.colcon_core.package_identification:_identify(src/ldrobot-lidar-ros2/rules) by extensions ['python_setup_py']
[1.701s] Level 1:colcon.colcon_core.package_identification:_identify(src/ldrobot-lidar-ros2/rules) by extension 'python_setup_py'
[1.701s] Level 1:colcon.colcon_core.package_identification:_identify(src/ldrobot-lidar-ros2/scripts) by extensions ['ignore', 'ignore_ament_install']
[1.702s] Level 1:colcon.colcon_core.package_identification:_identify(src/ldrobot-lidar-ros2/scripts) by extension 'ignore'
[1.702s] Level 1:colcon.colcon_core.package_identification:_identify(src/ldrobot-lidar-ros2/scripts) by extension 'ignore_ament_install'
[1.702s] Level 1:colcon.colcon_core.package_identification:_identify(src/ldrobot-lidar-ros2/scripts) by extensions ['colcon_pkg']
[1.702s] Level 1:colcon.colcon_core.package_identification:_identify(src/ldrobot-lidar-ros2/scripts) by extension 'colcon_pkg'
[1.702s] Level 1:colcon.colcon_core.package_identification:_identify(src/ldrobot-lidar-ros2/scripts) by extensions ['colcon_meta']
[1.702s] Level 1:colcon.colcon_core.package_identification:_identify(src/ldrobot-lidar-ros2/scripts) by extension 'colcon_meta'
[1.703s] Level 1:colcon.colcon_core.package_identification:_identify(src/ldrobot-lidar-ros2/scripts) by extensions ['ros']
[1.703s] Level 1:colcon.colcon_core.package_identification:_identify(src/ldrobot-lidar-ros2/scripts) by extension 'ros'
[1.703s] Level 1:colcon.colcon_core.package_identification:_identify(src/ldrobot-lidar-ros2/scripts) by extensions ['cmake', 'python']
[1.703s] Level 1:colcon.colcon_core.package_identification:_identify(src/ldrobot-lidar-ros2/scripts) by extension 'cmake'
[1.703s] Level 1:colcon.colcon_core.package_identification:_identify(src/ldrobot-lidar-ros2/scripts) by extension 'python'
[1.704s] Level 1:colcon.colcon_core.package_identification:_identify(src/ldrobot-lidar-ros2/scripts) by extensions ['python_setup_py']
[1.704s] Level 1:colcon.colcon_core.package_identification:_identify(src/ldrobot-lidar-ros2/scripts) by extension 'python_setup_py'
[1.704s] Level 1:colcon.colcon_core.package_identification:_identify(src/log) by extensions ['ignore', 'ignore_ament_install']
[1.705s] Level 1:colcon.colcon_core.package_identification:_identify(src/log) by extension 'ignore'
[1.705s] Level 1:colcon.colcon_core.package_identification:_identify(src/log) ignored
[1.705s] Level 1:colcon.colcon_core.package_identification:_identify(src/py_pkg) by extensions ['ignore', 'ignore_ament_install']
[1.705s] Level 1:colcon.colcon_core.package_identification:_identify(src/py_pkg) by extension 'ignore'
[1.706s] Level 1:colcon.colcon_core.package_identification:_identify(src/py_pkg) by extension 'ignore_ament_install'
[1.706s] Level 1:colcon.colcon_core.package_identification:_identify(src/py_pkg) by extensions ['colcon_pkg']
[1.706s] Level 1:colcon.colcon_core.package_identification:_identify(src/py_pkg) by extension 'colcon_pkg'
[1.706s] Level 1:colcon.colcon_core.package_identification:_identify(src/py_pkg) by extensions ['colcon_meta']
[1.706s] Level 1:colcon.colcon_core.package_identification:_identify(src/py_pkg) by extension 'colcon_meta'
[1.706s] Level 1:colcon.colcon_core.package_identification:_identify(src/py_pkg) by extensions ['ros']
[1.706s] Level 1:colcon.colcon_core.package_identification:_identify(src/py_pkg) by extension 'ros'
[1.709s] DEBUG:colcon.colcon_core.package_identification:Package 'src/py_pkg' with type 'ros.ament_python' and name 'py_pkg'
[1.709s] Level 1:colcon.colcon_core.package_discovery:discover_packages(recursive) using defaults
[1.709s] Level 1:colcon.colcon_core.package_discovery:discover_packages(ignore) discover
[1.709s] Level 1:colcon.colcon_core.package_discovery:discover_packages(ignore) using defaults
[1.709s] Level 1:colcon.colcon_core.package_discovery:discover_packages(path) discover
[1.710s] Level 1:colcon.colcon_core.package_discovery:discover_packages(path) using defaults
[1.833s] INFO:colcon.colcon_core.package_selection:Skipping not selected package 'cpp_pkg' in 'src/cpp_pkg'
[1.834s] INFO:colcon.colcon_core.package_selection:Skipping not selected package 'ldlidar' in 'sdk_ldrobotsensorteam_stl/ros_app/src/ldlidar'
[1.834s] INFO:colcon.colcon_core.package_selection:Skipping not selected package 'ldlidar' in 'sdk_ldrobotsensorteam_stl/ros2_app/src/ldlidar'
[1.834s] INFO:colcon.colcon_core.package_selection:Skipping not selected package 'ldlidar_component' in 'src/ldrobot-lidar-ros2/ldlidar_component'
[1.834s] INFO:colcon.colcon_core.package_selection:Skipping not selected package 'ldlidar_stl' in 'sdk_ldrobotsensorteam_stl/linux_app'
[1.834s] INFO:colcon.colcon_core.package_selection:Skipping not selected package 'ldlidar_node' in 'src/ldrobot-lidar-ros2/ldlidar_node'
[1.834s] INFO:colcon.colcon_core.package_selection:Skipping not selected package 'ldlidar' in 'src/ldrobot-lidar-ros2/ldlidar'
[1.836s] Level 1:colcon.colcon_core.package_discovery:discover_packages(prefix_path) check parameters
[1.836s] Level 1:colcon.colcon_core.package_discovery:discover_packages(prefix_path) discover
[1.846s] DEBUG:colcon.colcon_installed_package_information.package_discovery:Found 1 installed packages in /home/user/ldlidar_ros2_ws/install
[1.848s] DEBUG:colcon.colcon_installed_package_information.package_discovery:Found 1 installed packages in /home/user/ros2_ws/sdk_ldrobotsensorteam_stl/ros2_app/install
[1.851s] DEBUG:colcon.colcon_installed_package_information.package_discovery:Found 5 installed packages in /home/user/ros2_ws/install
[1.861s] DEBUG:colcon.colcon_installed_package_information.package_discovery:Found 338 installed packages in /opt/ros/humble
[1.869s] Level 1:colcon.colcon_core.package_discovery:discover_packages(prefix_path) using defaults
[2.066s] Level 5:colcon.colcon_core.verb:set package 'py_pkg' build argument 'cmake_args' from command line to 'None'
[2.066s] Level 5:colcon.colcon_core.verb:set package 'py_pkg' build argument 'cmake_target' from command line to 'None'
[2.067s] Level 5:colcon.colcon_core.verb:set package 'py_pkg' build argument 'cmake_target_skip_unavailable' from command line to 'False'
[2.067s] Level 5:colcon.colcon_core.verb:set package 'py_pkg' build argument 'cmake_clean_cache' from command line to 'False'
[2.067s] Level 5:colcon.colcon_core.verb:set package 'py_pkg' build argument 'cmake_clean_first' from command line to 'False'
[2.067s] Level 5:colcon.colcon_core.verb:set package 'py_pkg' build argument 'cmake_force_configure' from command line to 'False'
[2.067s] Level 5:colcon.colcon_core.verb:set package 'py_pkg' build argument 'ament_cmake_args' from command line to 'None'
[2.067s] Level 5:colcon.colcon_core.verb:set package 'py_pkg' build argument 'catkin_cmake_args' from command line to 'None'
[2.067s] Level 5:colcon.colcon_core.verb:set package 'py_pkg' build argument 'catkin_skip_building_tests' from command line to 'False'
[2.067s] DEBUG:colcon.colcon_core.verb:Building package 'py_pkg' with the following arguments: {'ament_cmake_args': None, 'build_base': '/home/user/ros2_ws/build/py_pkg', 'catkin_cmake_args': None, 'catkin_skip_building_tests': False, 'cmake_args': None, 'cmake_clean_cache': False, 'cmake_clean_first': False, 'cmake_force_configure': False, 'cmake_target': None, 'cmake_target_skip_unavailable': False, 'install_base': '/home/user/ros2_ws/install/py_pkg', 'merge_install': False, 'path': '/home/user/ros2_ws/src/py_pkg', 'symlink_install': False, 'test_result_base': None}
[2.068s] INFO:colcon.colcon_core.executor:Executing jobs using 'parallel' executor
[2.071s] DEBUG:colcon.colcon_parallel_executor.executor.parallel:run_until_complete
[2.072s] INFO:colcon.colcon_ros.task.ament_python.build:Building ROS package in '/home/user/ros2_ws/src/py_pkg' with build type 'ament_python'
[2.073s] Level 1:colcon.colcon_core.shell:create_environment_hook('py_pkg', 'ament_prefix_path')
[2.082s] INFO:colcon.colcon_core.plugin_system:Skipping extension 'colcon_core.shell.bat': Not used on non-Windows systems
[2.083s] INFO:colcon.colcon_core.shell:Creating environment hook '/home/user/ros2_ws/install/py_pkg/share/py_pkg/hook/ament_prefix_path.ps1'
[2.086s] INFO:colcon.colcon_core.shell:Creating environment descriptor '/home/user/ros2_ws/install/py_pkg/share/py_pkg/hook/ament_prefix_path.dsv'
[2.088s] INFO:colcon.colcon_core.shell:Creating environment hook '/home/user/ros2_ws/install/py_pkg/share/py_pkg/hook/ament_prefix_path.sh'
[2.091s] INFO:colcon.colcon_core.shell:Skip shell extension 'powershell' for command environment: Not usable outside of PowerShell
[2.091s] DEBUG:colcon.colcon_core.shell:Skip shell extension 'dsv' for command environment
[3.369s] INFO:colcon.colcon_core.task.python.build:Building Python package in '/home/user/ros2_ws/src/py_pkg'
[3.370s] INFO:colcon.colcon_core.shell:Skip shell extension 'powershell' for command environment: Not usable outside of PowerShell
[3.371s] DEBUG:colcon.colcon_core.shell:Skip shell extension 'dsv' for command environment
[4.948s] DEBUG:colcon.colcon_core.event_handler.log_command:Invoking command in '/home/user/ros2_ws/src/py_pkg': PYTHONPATH=/home/user/ros2_ws/build/py_pkg/prefix_override:/usr/lib/python3/dist-packages/colcon_core/task/python/colcon_distutils_commands:/home/user/ros2_ws/install/py_pkg/lib/python3.10/site-packages:${PYTHONPATH} /usr/bin/python3 -W ignore:setup.py install is deprecated -W ignore:easy_install command is deprecated setup.py egg_info --egg-base ../../build/py_pkg build --build-base /home/user/ros2_ws/build/py_pkg/build install --record /home/user/ros2_ws/build/py_pkg/install.log --single-version-externally-managed install_data
[6.371s] DEBUG:colcon.colcon_core.event_handler.log_command:Invoked command in '/home/user/ros2_ws/src/py_pkg' returned '0': PYTHONPATH=/home/user/ros2_ws/build/py_pkg/prefix_override:/usr/lib/python3/dist-packages/colcon_core/task/python/colcon_distutils_commands:/home/user/ros2_ws/install/py_pkg/lib/python3.10/site-packages:${PYTHONPATH} /usr/bin/python3 -W ignore:setup.py install is deprecated -W ignore:easy_install command is deprecated setup.py egg_info --egg-base ../../build/py_pkg build --build-base /home/user/ros2_ws/build/py_pkg/build install --record /home/user/ros2_ws/build/py_pkg/install.log --single-version-externally-managed install_data
[6.380s] Level 1:colcon.colcon_core.environment:checking '/home/user/ros2_ws/install/py_pkg' for CMake module files
[6.383s] Level 1:colcon.colcon_core.environment:checking '/home/user/ros2_ws/install/py_pkg' for CMake config files
[6.386s] Level 1:colcon.colcon_core.environment:checking '/home/user/ros2_ws/install/py_pkg/lib'
[6.387s] Level 1:colcon.colcon_core.environment:checking '/home/user/ros2_ws/install/py_pkg/bin'
[6.388s] Level 1:colcon.colcon_core.environment:checking '/home/user/ros2_ws/install/py_pkg/lib/pkgconfig/py_pkg.pc'
[6.389s] Level 1:colcon.colcon_core.environment:checking '/home/user/ros2_ws/install/py_pkg/lib/python3.10/site-packages'
[6.389s] Level 1:colcon.colcon_core.shell:create_environment_hook('py_pkg', 'pythonpath')
[6.390s] INFO:colcon.colcon_core.shell:Creating environment hook '/home/user/ros2_ws/install/py_pkg/share/py_pkg/hook/pythonpath.ps1'
[6.392s] INFO:colcon.colcon_core.shell:Creating environment descriptor '/home/user/ros2_ws/install/py_pkg/share/py_pkg/hook/pythonpath.dsv'
[6.394s] INFO:colcon.colcon_core.shell:Creating environment hook '/home/user/ros2_ws/install/py_pkg/share/py_pkg/hook/pythonpath.sh'
[6.396s] Level 1:colcon.colcon_core.environment:checking '/home/user/ros2_ws/install/py_pkg/bin'
[6.397s] Level 1:colcon.colcon_core.environment:create_environment_scripts_only(py_pkg)
[6.398s] INFO:colcon.colcon_core.shell:Creating package script '/home/user/ros2_ws/install/py_pkg/share/py_pkg/package.ps1'
[6.402s] INFO:colcon.colcon_core.shell:Creating package descriptor '/home/user/ros2_ws/install/py_pkg/share/py_pkg/package.dsv'
[6.404s] INFO:colcon.colcon_core.shell:Creating package script '/home/user/ros2_ws/install/py_pkg/share/py_pkg/package.sh'
[6.408s] INFO:colcon.colcon_core.shell:Creating package script '/home/user/ros2_ws/install/py_pkg/share/py_pkg/package.bash'
[6.411s] INFO:colcon.colcon_core.shell:Creating package script '/home/user/ros2_ws/install/py_pkg/share/py_pkg/package.zsh'
[6.414s] Level 1:colcon.colcon_core.environment:create_file_with_runtime_dependencies(/home/user/ros2_ws/install/py_pkg/share/colcon-core/packages/py_pkg)
[6.415s] DEBUG:colcon.colcon_parallel_executor.executor.parallel:closing loop
[6.416s] DEBUG:colcon.colcon_parallel_executor.executor.parallel:loop closed
[6.417s] DEBUG:colcon.colcon_parallel_executor.executor.parallel:run_until_complete finished with '0'
[6.417s] DEBUG:colcon.colcon_core.event_reactor:joining thread
[6.444s] INFO:colcon.colcon_core.plugin_system:Skipping extension 'colcon_notification.desktop_notification.terminal_notifier': Not used on non-Darwin systems
[6.444s] INFO:colcon.colcon_core.plugin_system:Skipping extension 'colcon_notification.desktop_notification.win32': Not used on non-Windows systems
[6.445s] INFO:colcon.colcon_notification.desktop_notification:Sending desktop notification using 'notify2'
[6.497s] DEBUG:colcon.colcon_core.event_reactor:joined thread
[6.498s] INFO:colcon.colcon_core.shell:Creating prefix script '/home/user/ros2_ws/install/local_setup.ps1'
[6.502s] INFO:colcon.colcon_core.shell:Creating prefix util module '/home/user/ros2_ws/install/_local_setup_util_ps1.py'
[6.509s] INFO:colcon.colcon_core.shell:Creating prefix chain script '/home/user/ros2_ws/install/setup.ps1'
[6.517s] INFO:colcon.colcon_core.shell:Creating prefix script '/home/user/ros2_ws/install/local_setup.sh'
[6.520s] INFO:colcon.colcon_core.shell:Creating prefix util module '/home/user/ros2_ws/install/_local_setup_util_sh.py'
[6.523s] INFO:colcon.colcon_core.shell:Creating prefix chain script '/home/user/ros2_ws/install/setup.sh'
[6.531s] INFO:colcon.colcon_core.shell:Creating prefix script '/home/user/ros2_ws/install/local_setup.bash'
[6.536s] INFO:colcon.colcon_core.shell:Creating prefix chain script '/home/user/ros2_ws/install/setup.bash'
[6.544s] INFO:colcon.colcon_core.shell:Creating prefix script '/home/user/ros2_ws/install/local_setup.zsh'
[6.547s] INFO:colcon.colcon_core.shell:Creating prefix chain script '/home/user/ros2_ws/install/setup.zsh'
