[0.052s] Invoking command in '/home/user/ros2_ws/build/cpp_pkg': CMAKE_PREFIX_PATH=${CMAKE_PREFIX_PATH}:/home/user/ros2_ws/install/py_pkg:/opt/ros/humble /usr/bin/cmake --build /home/user/ros2_ws/build/cpp_pkg -- -j4 -l4
[0.244s] [35m[1mConsolidate compiler generated dependencies of target test_node[0m
[0.302s] [ 50%] Built target node_template
[0.334s] [ 75%] [32mBuilding CXX object CMakeFiles/test_node.dir/src/test_node.cpp.o[0m
[12.761s] [100%] [32m[1mLinking CXX executable test_node[0m
[13.319s] [100%] Built target test_node
[13.360s] Invoked command in '/home/user/ros2_ws/build/cpp_pkg' returned '0': CMAKE_PREFIX_PATH=${CMAKE_PREFIX_PATH}:/home/user/ros2_ws/install/py_pkg:/opt/ros/humble /usr/bin/cmake --build /home/user/ros2_ws/build/cpp_pkg -- -j4 -l4
[13.545s] Invoking command in '/home/user/ros2_ws/build/cpp_pkg': CMAKE_PREFIX_PATH=${CMAKE_PREFIX_PATH}:/home/user/ros2_ws/install/py_pkg:/opt/ros/humble /usr/bin/cmake --install /home/user/ros2_ws/build/cpp_pkg
[13.573s] -- Install configuration: ""
[13.574s] -- Up-to-date: /home/user/ros2_ws/install/cpp_pkg/lib/cpp_pkg/node_template
[13.576s] -- Installing: /home/user/ros2_ws/install/cpp_pkg/lib/cpp_pkg/test_node
[13.580s] -- Set runtime path of "/home/user/ros2_ws/install/cpp_pkg/lib/cpp_pkg/test_node" to ""
[13.581s] -- Up-to-date: /home/user/ros2_ws/install/cpp_pkg/share/ament_index/resource_index/package_run_dependencies/cpp_pkg
[13.581s] -- Up-to-date: /home/user/ros2_ws/install/cpp_pkg/share/ament_index/resource_index/parent_prefix_path/cpp_pkg
[13.582s] -- Up-to-date: /home/user/ros2_ws/install/cpp_pkg/share/cpp_pkg/environment/ament_prefix_path.sh
[13.582s] -- Up-to-date: /home/user/ros2_ws/install/cpp_pkg/share/cpp_pkg/environment/ament_prefix_path.dsv
[13.582s] -- Up-to-date: /home/user/ros2_ws/install/cpp_pkg/share/cpp_pkg/environment/path.sh
[13.583s] -- Up-to-date: /home/user/ros2_ws/install/cpp_pkg/share/cpp_pkg/environment/path.dsv
[13.583s] -- Up-to-date: /home/user/ros2_ws/install/cpp_pkg/share/cpp_pkg/local_setup.bash
[13.584s] -- Up-to-date: /home/user/ros2_ws/install/cpp_pkg/share/cpp_pkg/local_setup.sh
[13.584s] -- Up-to-date: /home/user/ros2_ws/install/cpp_pkg/share/cpp_pkg/local_setup.zsh
[13.584s] -- Up-to-date: /home/user/ros2_ws/install/cpp_pkg/share/cpp_pkg/local_setup.dsv
[13.585s] -- Installing: /home/user/ros2_ws/install/cpp_pkg/share/cpp_pkg/package.dsv
[13.585s] -- Up-to-date: /home/user/ros2_ws/install/cpp_pkg/share/ament_index/resource_index/packages/cpp_pkg
[13.585s] -- Up-to-date: /home/user/ros2_ws/install/cpp_pkg/share/cpp_pkg/cmake/cpp_pkgConfig.cmake
[13.586s] -- Up-to-date: /home/user/ros2_ws/install/cpp_pkg/share/cpp_pkg/cmake/cpp_pkgConfig-version.cmake
[13.586s] -- Up-to-date: /home/user/ros2_ws/install/cpp_pkg/share/cpp_pkg/package.xml
[13.592s] Invoked command in '/home/user/ros2_ws/build/cpp_pkg' returned '0': CMAKE_PREFIX_PATH=${CMAKE_PREFIX_PATH}:/home/user/ros2_ws/install/py_pkg:/opt/ros/humble /usr/bin/cmake --install /home/user/ros2_ws/build/cpp_pkg
