-- Found ament_cmake: 1.3.11 (/opt/ros/humble/share/ament_cmake/cmake)
-- Override CMake install command with custom implementation using symlinks instead of copying resources
-- Found rclcpp: 16.0.11 (/opt/ros/humble/share/rclcpp/cmake)
-- Found rosidl_generator_c: 3.1.6 (/opt/ros/humble/share/rosidl_generator_c/cmake)
-- Found rosidl_adapter: 3.1.6 (/opt/ros/humble/share/rosidl_adapter/cmake)
-- Found rosidl_generator_cpp: 3.1.6 (/opt/ros/humble/share/rosidl_generator_cpp/cmake)
-- Using all available rosidl_typesupport_c: rosidl_typesupport_fastrtps_c;rosidl_typesupport_introspection_c
-- Using all available rosidl_typesupport_cpp: rosidl_typesupport_fastrtps_cpp;rosidl_typesupport_introspection_cpp
-- Found rmw_implementation_cmake: 6.1.2 (/opt/ros/humble/share/rmw_implementation_cmake/cmake)
-- Found rmw_fastrtps_cpp: 6.2.7 (/opt/ros/humble/share/rmw_fastrtps_cpp/cmake)
-- Using RMW implementation 'rmw_fastrtps_cpp' as default
-- Configuring done
-- Generating done
-- Build files have been written to: /home/user/ros2_ws/build/cpp_pkg
[35m[1mConsolidate compiler generated dependencies of target test_node[0m
[35m[1mConsolidate compiler generated dependencies of target node_template[0m
[35m[1mConsolidate compiler generated dependencies of target motor_node[0m
[35m[1mConsolidate compiler generated dependencies of target LIDAR_node[0m
[ 25%] Built target node_template
[ 62%] Built target motor_node
[ 62%] [32mBuilding CXX object CMakeFiles/test_node.dir/src/test_node.cpp.o[0m
[ 87%] Built target LIDAR_node
[100%] [32m[1mLinking CXX executable test_node[0m
[100%] Built target test_node
-- Install configuration: "Release"
-- Execute custom install script
-- Up-to-date symlink: /home/user/ros2_ws/install/cpp_pkg/lib/cpp_pkg/node_template
-- Up-to-date symlink: /home/user/ros2_ws/install/cpp_pkg/lib/cpp_pkg/test_node
-- Up-to-date symlink: /home/user/ros2_ws/install/cpp_pkg/lib/cpp_pkg/LIDAR_node
-- Up-to-date symlink: /home/user/ros2_ws/install/cpp_pkg/lib/cpp_pkg/motor_node
-- Up-to-date symlink: /home/user/ros2_ws/install/cpp_pkg/share/ament_index/resource_index/package_run_dependencies/cpp_pkg
-- Up-to-date symlink: /home/user/ros2_ws/install/cpp_pkg/share/ament_index/resource_index/parent_prefix_path/cpp_pkg
-- Up-to-date symlink: /home/user/ros2_ws/install/cpp_pkg/share/cpp_pkg/environment/ament_prefix_path.sh
-- Up-to-date symlink: /home/user/ros2_ws/install/cpp_pkg/share/cpp_pkg/environment/ament_prefix_path.dsv
-- Up-to-date symlink: /home/user/ros2_ws/install/cpp_pkg/share/cpp_pkg/environment/path.sh
-- Up-to-date symlink: /home/user/ros2_ws/install/cpp_pkg/share/cpp_pkg/environment/path.dsv
-- Up-to-date symlink: /home/user/ros2_ws/install/cpp_pkg/share/cpp_pkg/local_setup.bash
-- Up-to-date symlink: /home/user/ros2_ws/install/cpp_pkg/share/cpp_pkg/local_setup.sh
-- Up-to-date symlink: /home/user/ros2_ws/install/cpp_pkg/share/cpp_pkg/local_setup.zsh
-- Up-to-date symlink: /home/user/ros2_ws/install/cpp_pkg/share/cpp_pkg/local_setup.dsv
-- Symlinking: /home/user/ros2_ws/install/cpp_pkg/share/cpp_pkg/package.dsv
-- Up-to-date symlink: /home/user/ros2_ws/install/cpp_pkg/share/ament_index/resource_index/packages/cpp_pkg
-- Up-to-date symlink: /home/user/ros2_ws/install/cpp_pkg/share/cpp_pkg/cmake/cpp_pkgConfig.cmake
-- Up-to-date symlink: /home/user/ros2_ws/install/cpp_pkg/share/cpp_pkg/cmake/cpp_pkgConfig-version.cmake
-- Up-to-date symlink: /home/user/ros2_ws/install/cpp_pkg/share/cpp_pkg/package.xml
