[2.848s] Invoking command in '/home/user/ros2_ws/src/py_pkg': PYTHONPATH=/home/user/ros2_ws/build/py_pkg/prefix_override:/usr/lib/python3/dist-packages/colcon_core/task/python/colcon_distutils_commands:/home/user/ros2_ws/install/py_pkg/lib/python3.10/site-packages:${PYTHONPATH} /usr/bin/python3 -W ignore:setup.py install is deprecated -W ignore:easy_install command is deprecated setup.py egg_info --egg-base ../../build/py_pkg build --build-base /home/user/ros2_ws/build/py_pkg/build install --record /home/user/ros2_ws/build/py_pkg/install.log --single-version-externally-managed install_data
[4.206s] running egg_info
[4.209s] writing ../../build/py_pkg/py_pkg.egg-info/PKG-INFO
[4.210s] writing dependency_links to ../../build/py_pkg/py_pkg.egg-info/dependency_links.txt
[4.212s] writing entry points to ../../build/py_pkg/py_pkg.egg-info/entry_points.txt
[4.213s] writing requirements to ../../build/py_pkg/py_pkg.egg-info/requires.txt
[4.213s] writing top-level names to ../../build/py_pkg/py_pkg.egg-info/top_level.txt
[4.222s] reading manifest file '../../build/py_pkg/py_pkg.egg-info/SOURCES.txt'
[4.226s] writing manifest file '../../build/py_pkg/py_pkg.egg-info/SOURCES.txt'
[4.226s] running build
[4.227s] running build_py
[4.227s] copying py_pkg/lidar_node.py -> /home/user/ros2_ws/build/py_pkg/build/lib/py_pkg
[4.229s] running install
[4.230s] running install_lib
[4.234s] copying /home/user/ros2_ws/build/py_pkg/build/lib/py_pkg/lidar_node.py -> /home/user/ros2_ws/install/py_pkg/lib/python3.10/site-packages/py_pkg
[4.237s] byte-compiling /home/user/ros2_ws/install/py_pkg/lib/python3.10/site-packages/py_pkg/lidar_node.py to lidar_node.cpython-310.pyc
[4.240s] running install_data
[4.240s] running install_egg_info
[4.248s] removing '/home/user/ros2_ws/install/py_pkg/lib/python3.10/site-packages/py_pkg-0.0.0-py3.10.egg-info' (and everything under it)
[4.249s] Copying ../../build/py_pkg/py_pkg.egg-info to /home/user/ros2_ws/install/py_pkg/lib/python3.10/site-packages/py_pkg-0.0.0-py3.10.egg-info
[4.256s] running install_scripts
[4.337s] Installing lidar_node script to /home/user/ros2_ws/install/py_pkg/lib/py_pkg
[4.338s] Installing node_template script to /home/user/ros2_ws/install/py_pkg/lib/py_pkg
[4.340s] writing list of installed files to '/home/user/ros2_ws/build/py_pkg/install.log'
[4.467s] Invoked command in '/home/user/ros2_ws/src/py_pkg' returned '0': PYTHONPATH=/home/user/ros2_ws/build/py_pkg/prefix_override:/usr/lib/python3/dist-packages/colcon_core/task/python/colcon_distutils_commands:/home/user/ros2_ws/install/py_pkg/lib/python3.10/site-packages:${PYTHONPATH} /usr/bin/python3 -W ignore:setup.py install is deprecated -W ignore:easy_install command is deprecated setup.py egg_info --egg-base ../../build/py_pkg build --build-base /home/user/ros2_ws/build/py_pkg/build install --record /home/user/ros2_ws/build/py_pkg/install.log --single-version-externally-managed install_data
