[2.908s] Invoking command in '/home/user/ros2_ws/src/py_pkg': PYTHONPATH=/home/user/ros2_ws/build/py_pkg/prefix_override:/usr/lib/python3/dist-packages/colcon_core/task/python/colcon_distutils_commands:/home/user/ros2_ws/install/py_pkg/lib/python3.10/site-packages:${PYTHONPATH} /usr/bin/python3 -W ignore:setup.py install is deprecated setup.py egg_info --egg-base ../../build/py_pkg build --build-base /home/user/ros2_ws/build/py_pkg/build install --record /home/user/ros2_ws/build/py_pkg/install.log --single-version-externally-managed install_data
[4.060s] running egg_info
[4.063s] writing ../../build/py_pkg/py_pkg.egg-info/PKG-INFO
[4.064s] writing dependency_links to ../../build/py_pkg/py_pkg.egg-info/dependency_links.txt
[4.066s] writing entry points to ../../build/py_pkg/py_pkg.egg-info/entry_points.txt
[4.067s] writing requirements to ../../build/py_pkg/py_pkg.egg-info/requires.txt
[4.068s] writing top-level names to ../../build/py_pkg/py_pkg.egg-info/top_level.txt
[4.080s] reading manifest file '../../build/py_pkg/py_pkg.egg-info/SOURCES.txt'
[4.084s] writing manifest file '../../build/py_pkg/py_pkg.egg-info/SOURCES.txt'
[4.085s] running build
[4.085s] running build_py
[4.086s] copying py_pkg/node_template.py -> /home/user/ros2_ws/build/py_pkg/build/lib/py_pkg
[4.087s] running install
[4.088s] running install_lib
[4.092s] copying /home/user/ros2_ws/build/py_pkg/build/lib/py_pkg/node_template.py -> /home/user/ros2_ws/install/py_pkg/lib/python3.10/site-packages/py_pkg
[4.095s] byte-compiling /home/user/ros2_ws/install/py_pkg/lib/python3.10/site-packages/py_pkg/node_template.py to node_template.cpython-310.pyc
[4.097s] running install_data
[4.097s] running install_egg_info
[4.104s] removing '/home/user/ros2_ws/install/py_pkg/lib/python3.10/site-packages/py_pkg-0.0.0-py3.10.egg-info' (and everything under it)
[4.106s] Copying ../../build/py_pkg/py_pkg.egg-info to /home/user/ros2_ws/install/py_pkg/lib/python3.10/site-packages/py_pkg-0.0.0-py3.10.egg-info
[4.113s] running install_scripts
[4.201s] Installing node_template script to /home/user/ros2_ws/install/py_pkg/lib/py_pkg
[4.203s] writing list of installed files to '/home/user/ros2_ws/build/py_pkg/install.log'
[4.334s] Invoked command in '/home/user/ros2_ws/src/py_pkg' returned '0': PYTHONPATH=/home/user/ros2_ws/build/py_pkg/prefix_override:/usr/lib/python3/dist-packages/colcon_core/task/python/colcon_distutils_commands:/home/user/ros2_ws/install/py_pkg/lib/python3.10/site-packages:${PYTHONPATH} /usr/bin/python3 -W ignore:setup.py install is deprecated setup.py egg_info --egg-base ../../build/py_pkg build --build-base /home/user/ros2_ws/build/py_pkg/build install --record /home/user/ros2_ws/build/py_pkg/install.log --single-version-externally-managed install_data
