[2.841s] Invoking command in '/home/user/ros2_ws/src/py_pkg': PYTHONPATH=/home/user/ros2_ws/build/py_pkg/prefix_override:/usr/lib/python3/dist-packages/colcon_core/task/python/colcon_distutils_commands:/home/user/ros2_ws/install/py_pkg/lib/python3.10/site-packages:${PYTHONPATH} /usr/bin/python3 -W ignore:setup.py install is deprecated -W ignore:easy_install command is deprecated setup.py egg_info --egg-base ../../build/py_pkg build --build-base /home/user/ros2_ws/build/py_pkg/build install --record /home/user/ros2_ws/build/py_pkg/install.log --single-version-externally-managed install_data
[3.988s] running egg_info
[3.991s] writing ../../build/py_pkg/py_pkg.egg-info/PKG-INFO
[3.992s] writing dependency_links to ../../build/py_pkg/py_pkg.egg-info/dependency_links.txt
[3.994s] writing entry points to ../../build/py_pkg/py_pkg.egg-info/entry_points.txt
[3.995s] writing requirements to ../../build/py_pkg/py_pkg.egg-info/requires.txt
[3.996s] writing top-level names to ../../build/py_pkg/py_pkg.egg-info/top_level.txt
[4.004s] reading manifest file '../../build/py_pkg/py_pkg.egg-info/SOURCES.txt'
[4.008s] writing manifest file '../../build/py_pkg/py_pkg.egg-info/SOURCES.txt'
[4.009s] running build
[4.009s] running build_py
[4.010s] copying py_pkg/lidar_node.py -> /home/user/ros2_ws/build/py_pkg/build/lib/py_pkg
[4.012s] running install
[4.013s] running install_lib
[4.017s] copying /home/user/ros2_ws/build/py_pkg/build/lib/py_pkg/lidar_node.py -> /home/user/ros2_ws/install/py_pkg/lib/python3.10/site-packages/py_pkg
[4.020s] byte-compiling /home/user/ros2_ws/install/py_pkg/lib/python3.10/site-packages/py_pkg/lidar_node.py to lidar_node.cpython-310.pyc
[4.022s] running install_data
[4.023s] running install_egg_info
[4.029s] removing '/home/user/ros2_ws/install/py_pkg/lib/python3.10/site-packages/py_pkg-0.0.0-py3.10.egg-info' (and everything under it)
[4.031s] Copying ../../build/py_pkg/py_pkg.egg-info to /home/user/ros2_ws/install/py_pkg/lib/python3.10/site-packages/py_pkg-0.0.0-py3.10.egg-info
[4.036s] running install_scripts
[4.120s] Installing lidar_node script to /home/user/ros2_ws/install/py_pkg/lib/py_pkg
[4.121s] Installing node_template script to /home/user/ros2_ws/install/py_pkg/lib/py_pkg
[4.123s] writing list of installed files to '/home/user/ros2_ws/build/py_pkg/install.log'
[4.248s] Invoked command in '/home/user/ros2_ws/src/py_pkg' returned '0': PYTHONPATH=/home/user/ros2_ws/build/py_pkg/prefix_override:/usr/lib/python3/dist-packages/colcon_core/task/python/colcon_distutils_commands:/home/user/ros2_ws/install/py_pkg/lib/python3.10/site-packages:${PYTHONPATH} /usr/bin/python3 -W ignore:setup.py install is deprecated -W ignore:easy_install command is deprecated setup.py egg_info --egg-base ../../build/py_pkg build --build-base /home/user/ros2_ws/build/py_pkg/build install --record /home/user/ros2_ws/build/py_pkg/install.log --single-version-externally-managed install_data
