[0.467s] DEBUG:colcon:Command line arguments: ['/usr/bin/colcon', 'build', '--packages-select', 'robot_bringup']
[0.468s] DEBUG:colcon:Parsed command line arguments: Namespace(log_base=None, log_level=None, verb_name='build', build_base='build', install_base='install', merge_install=False, symlink_install=False, test_result_base=None, continue_on_error=False, executor='parallel', parallel_workers=4, event_handlers=None, ignore_user_meta=False, metas=['./colcon.meta'], base_paths=['.'], packages_ignore=None, packages_ignore_regex=None, paths=None, packages_up_to=None, packages_up_to_regex=None, packages_above=None, packages_above_and_dependencies=None, packages_above_depth=None, packages_select_by_dep=None, packages_skip_by_dep=None, packages_skip_up_to=None, packages_select_build_failed=False, packages_skip_build_finished=False, packages_select_test_failures=False, packages_skip_test_passed=False, packages_select=['robot_bringup'], packages_skip=None, packages_select_regex=None, packages_skip_regex=None, packages_start=None, packages_end=None, allow_overriding=[], cmake_args=None, cmake_target=None, cmake_target_skip_unavailable=False, cmake_clean_cache=False, cmake_clean_first=False, cmake_force_configure=False, ament_cmake_args=None, catkin_cmake_args=None, catkin_skip_building_tests=False, mixin_files=None, mixin=None, verb_parser=<colcon_mixin.mixin.mixin_argument.MixinArgumentDecorator object at 0xffff845e6e60>, verb_extension=<colcon_core.verb.build.BuildVerb object at 0xffff845e69b0>, main=<bound method BuildVerb.main of <colcon_core.verb.build.BuildVerb object at 0xffff845e69b0>>, mixin_verb=('build',))
[1.313s] Level 1:colcon.colcon_core.package_discovery:discover_packages(colcon_meta) check parameters
[1.313s] Level 1:colcon.colcon_core.package_discovery:discover_packages(recursive) check parameters
[1.314s] Level 1:colcon.colcon_core.package_discovery:discover_packages(ignore) check parameters
[1.314s] Level 1:colcon.colcon_core.package_discovery:discover_packages(path) check parameters
[1.314s] Level 1:colcon.colcon_core.package_discovery:discover_packages(colcon_meta) discover
[1.314s] Level 1:colcon.colcon_core.package_discovery:discover_packages(recursive) discover
[1.314s] INFO:colcon.colcon_core.package_discovery:Crawling recursively for packages in '/home/user/ros2_ws'
[1.315s] Level 1:colcon.colcon_core.package_identification:_identify(.) by extensions ['ignore', 'ignore_ament_install']
[1.315s] Level 1:colcon.colcon_core.package_identification:_identify(.) by extension 'ignore'
[1.315s] Level 1:colcon.colcon_core.package_identification:_identify(.) by extension 'ignore_ament_install'
[1.315s] Level 1:colcon.colcon_core.package_identification:_identify(.) by extensions ['colcon_pkg']
[1.316s] Level 1:colcon.colcon_core.package_identification:_identify(.) by extension 'colcon_pkg'
[1.316s] Level 1:colcon.colcon_core.package_identification:_identify(.) by extensions ['colcon_meta']
[1.316s] Level 1:colcon.colcon_core.package_identification:_identify(.) by extension 'colcon_meta'
[1.316s] Level 1:colcon.colcon_core.package_identification:_identify(.) by extensions ['ros']
[1.316s] Level 1:colcon.colcon_core.package_identification:_identify(.) by extension 'ros'
[1.360s] Level 1:colcon.colcon_core.package_identification:_identify(.) by extensions ['cmake', 'python']
[1.360s] Level 1:colcon.colcon_core.package_identification:_identify(.) by extension 'cmake'
[1.361s] Level 1:colcon.colcon_core.package_identification:_identify(.) by extension 'python'
[1.361s] Level 1:colcon.colcon_core.package_identification:_identify(.) by extensions ['python_setup_py']
[1.361s] Level 1:colcon.colcon_core.package_identification:_identify(.) by extension 'python_setup_py'
[1.361s] Level 1:colcon.colcon_core.package_identification:_identify(build) by extensions ['ignore', 'ignore_ament_install']
[1.362s] Level 1:colcon.colcon_core.package_identification:_identify(build) by extension 'ignore'
[1.362s] Level 1:colcon.colcon_core.package_identification:_identify(build) ignored
[1.363s] Level 1:colcon.colcon_core.package_identification:_identify(install) by extensions ['ignore', 'ignore_ament_install']
[1.363s] Level 1:colcon.colcon_core.package_identification:_identify(install) by extension 'ignore'
[1.363s] Level 1:colcon.colcon_core.package_identification:_identify(install) ignored
[1.365s] Level 1:colcon.colcon_core.package_identification:_identify(log) by extensions ['ignore', 'ignore_ament_install']
[1.365s] Level 1:colcon.colcon_core.package_identification:_identify(log) by extension 'ignore'
[1.365s] Level 1:colcon.colcon_core.package_identification:_identify(log) ignored
[1.366s] Level 1:colcon.colcon_core.package_identification:_identify(sdk_ldrobotsensorteam_stl) by extensions ['ignore', 'ignore_ament_install']
[1.366s] Level 1:colcon.colcon_core.package_identification:_identify(sdk_ldrobotsensorteam_stl) by extension 'ignore'
[1.366s] Level 1:colcon.colcon_core.package_identification:_identify(sdk_ldrobotsensorteam_stl) by extension 'ignore_ament_install'
[1.366s] Level 1:colcon.colcon_core.package_identification:_identify(sdk_ldrobotsensorteam_stl) by extensions ['colcon_pkg']
[1.366s] Level 1:colcon.colcon_core.package_identification:_identify(sdk_ldrobotsensorteam_stl) by extension 'colcon_pkg'
[1.367s] Level 1:colcon.colcon_core.package_identification:_identify(sdk_ldrobotsensorteam_stl) by extensions ['colcon_meta']
[1.367s] Level 1:colcon.colcon_core.package_identification:_identify(sdk_ldrobotsensorteam_stl) by extension 'colcon_meta'
[1.367s] Level 1:colcon.colcon_core.package_identification:_identify(sdk_ldrobotsensorteam_stl) by extensions ['ros']
[1.367s] Level 1:colcon.colcon_core.package_identification:_identify(sdk_ldrobotsensorteam_stl) by extension 'ros'
[1.367s] Level 1:colcon.colcon_core.package_identification:_identify(sdk_ldrobotsensorteam_stl) by extensions ['cmake', 'python']
[1.367s] Level 1:colcon.colcon_core.package_identification:_identify(sdk_ldrobotsensorteam_stl) by extension 'cmake'
[1.368s] Level 1:colcon.colcon_core.package_identification:_identify(sdk_ldrobotsensorteam_stl) by extension 'python'
[1.368s] Level 1:colcon.colcon_core.package_identification:_identify(sdk_ldrobotsensorteam_stl) by extensions ['python_setup_py']
[1.368s] Level 1:colcon.colcon_core.package_identification:_identify(sdk_ldrobotsensorteam_stl) by extension 'python_setup_py'
[1.368s] Level 1:colcon.colcon_core.package_identification:_identify(sdk_ldrobotsensorteam_stl/ldlidar_driver) by extensions ['ignore', 'ignore_ament_install']
[1.369s] Level 1:colcon.colcon_core.package_identification:_identify(sdk_ldrobotsensorteam_stl/ldlidar_driver) by extension 'ignore'
[1.369s] Level 1:colcon.colcon_core.package_identification:_identify(sdk_ldrobotsensorteam_stl/ldlidar_driver) by extension 'ignore_ament_install'
[1.369s] Level 1:colcon.colcon_core.package_identification:_identify(sdk_ldrobotsensorteam_stl/ldlidar_driver) by extensions ['colcon_pkg']
[1.369s] Level 1:colcon.colcon_core.package_identification:_identify(sdk_ldrobotsensorteam_stl/ldlidar_driver) by extension 'colcon_pkg'
[1.369s] Level 1:colcon.colcon_core.package_identification:_identify(sdk_ldrobotsensorteam_stl/ldlidar_driver) by extensions ['colcon_meta']
[1.369s] Level 1:colcon.colcon_core.package_identification:_identify(sdk_ldrobotsensorteam_stl/ldlidar_driver) by extension 'colcon_meta'
[1.370s] Level 1:colcon.colcon_core.package_identification:_identify(sdk_ldrobotsensorteam_stl/ldlidar_driver) by extensions ['ros']
[1.370s] Level 1:colcon.colcon_core.package_identification:_identify(sdk_ldrobotsensorteam_stl/ldlidar_driver) by extension 'ros'
[1.370s] Level 1:colcon.colcon_core.package_identification:_identify(sdk_ldrobotsensorteam_stl/ldlidar_driver) by extensions ['cmake', 'python']
[1.370s] Level 1:colcon.colcon_core.package_identification:_identify(sdk_ldrobotsensorteam_stl/ldlidar_driver) by extension 'cmake'
[1.370s] Level 1:colcon.colcon_core.package_identification:_identify(sdk_ldrobotsensorteam_stl/ldlidar_driver) by extension 'python'
[1.371s] Level 1:colcon.colcon_core.package_identification:_identify(sdk_ldrobotsensorteam_stl/ldlidar_driver) by extensions ['python_setup_py']
[1.371s] Level 1:colcon.colcon_core.package_identification:_identify(sdk_ldrobotsensorteam_stl/ldlidar_driver) by extension 'python_setup_py'
[1.371s] Level 1:colcon.colcon_core.package_identification:_identify(sdk_ldrobotsensorteam_stl/ldlidar_driver/include) by extensions ['ignore', 'ignore_ament_install']
[1.372s] Level 1:colcon.colcon_core.package_identification:_identify(sdk_ldrobotsensorteam_stl/ldlidar_driver/include) by extension 'ignore'
[1.372s] Level 1:colcon.colcon_core.package_identification:_identify(sdk_ldrobotsensorteam_stl/ldlidar_driver/include) by extension 'ignore_ament_install'
[1.372s] Level 1:colcon.colcon_core.package_identification:_identify(sdk_ldrobotsensorteam_stl/ldlidar_driver/include) by extensions ['colcon_pkg']
[1.372s] Level 1:colcon.colcon_core.package_identification:_identify(sdk_ldrobotsensorteam_stl/ldlidar_driver/include) by extension 'colcon_pkg'
[1.372s] Level 1:colcon.colcon_core.package_identification:_identify(sdk_ldrobotsensorteam_stl/ldlidar_driver/include) by extensions ['colcon_meta']
[1.372s] Level 1:colcon.colcon_core.package_identification:_identify(sdk_ldrobotsensorteam_stl/ldlidar_driver/include) by extension 'colcon_meta'
[1.373s] Level 1:colcon.colcon_core.package_identification:_identify(sdk_ldrobotsensorteam_stl/ldlidar_driver/include) by extensions ['ros']
[1.373s] Level 1:colcon.colcon_core.package_identification:_identify(sdk_ldrobotsensorteam_stl/ldlidar_driver/include) by extension 'ros'
[1.373s] Level 1:colcon.colcon_core.package_identification:_identify(sdk_ldrobotsensorteam_stl/ldlidar_driver/include) by extensions ['cmake', 'python']
[1.373s] Level 1:colcon.colcon_core.package_identification:_identify(sdk_ldrobotsensorteam_stl/ldlidar_driver/include) by extension 'cmake'
[1.373s] Level 1:colcon.colcon_core.package_identification:_identify(sdk_ldrobotsensorteam_stl/ldlidar_driver/include) by extension 'python'
[1.374s] Level 1:colcon.colcon_core.package_identification:_identify(sdk_ldrobotsensorteam_stl/ldlidar_driver/include) by extensions ['python_setup_py']
[1.374s] Level 1:colcon.colcon_core.package_identification:_identify(sdk_ldrobotsensorteam_stl/ldlidar_driver/include) by extension 'python_setup_py'
[1.374s] Level 1:colcon.colcon_core.package_identification:_identify(sdk_ldrobotsensorteam_stl/ldlidar_driver/include/core) by extensions ['ignore', 'ignore_ament_install']
[1.374s] Level 1:colcon.colcon_core.package_identification:_identify(sdk_ldrobotsensorteam_stl/ldlidar_driver/include/core) by extension 'ignore'
[1.375s] Level 1:colcon.colcon_core.package_identification:_identify(sdk_ldrobotsensorteam_stl/ldlidar_driver/include/core) by extension 'ignore_ament_install'
[1.375s] Level 1:colcon.colcon_core.package_identification:_identify(sdk_ldrobotsensorteam_stl/ldlidar_driver/include/core) by extensions ['colcon_pkg']
[1.375s] Level 1:colcon.colcon_core.package_identification:_identify(sdk_ldrobotsensorteam_stl/ldlidar_driver/include/core) by extension 'colcon_pkg'
[1.375s] Level 1:colcon.colcon_core.package_identification:_identify(sdk_ldrobotsensorteam_stl/ldlidar_driver/include/core) by extensions ['colcon_meta']
[1.375s] Level 1:colcon.colcon_core.package_identification:_identify(sdk_ldrobotsensorteam_stl/ldlidar_driver/include/core) by extension 'colcon_meta'
[1.376s] Level 1:colcon.colcon_core.package_identification:_identify(sdk_ldrobotsensorteam_stl/ldlidar_driver/include/core) by extensions ['ros']
[1.376s] Level 1:colcon.colcon_core.package_identification:_identify(sdk_ldrobotsensorteam_stl/ldlidar_driver/include/core) by extension 'ros'
[1.376s] Level 1:colcon.colcon_core.package_identification:_identify(sdk_ldrobotsensorteam_stl/ldlidar_driver/include/core) by extensions ['cmake', 'python']
[1.376s] Level 1:colcon.colcon_core.package_identification:_identify(sdk_ldrobotsensorteam_stl/ldlidar_driver/include/core) by extension 'cmake'
[1.376s] Level 1:colcon.colcon_core.package_identification:_identify(sdk_ldrobotsensorteam_stl/ldlidar_driver/include/core) by extension 'python'
[1.376s] Level 1:colcon.colcon_core.package_identification:_identify(sdk_ldrobotsensorteam_stl/ldlidar_driver/include/core) by extensions ['python_setup_py']
[1.377s] Level 1:colcon.colcon_core.package_identification:_identify(sdk_ldrobotsensorteam_stl/ldlidar_driver/include/core) by extension 'python_setup_py'
[1.377s] Level 1:colcon.colcon_core.package_identification:_identify(sdk_ldrobotsensorteam_stl/ldlidar_driver/include/dataprocess) by extensions ['ignore', 'ignore_ament_install']
[1.378s] Level 1:colcon.colcon_core.package_identification:_identify(sdk_ldrobotsensorteam_stl/ldlidar_driver/include/dataprocess) by extension 'ignore'
[1.378s] Level 1:colcon.colcon_core.package_identification:_identify(sdk_ldrobotsensorteam_stl/ldlidar_driver/include/dataprocess) by extension 'ignore_ament_install'
[1.378s] Level 1:colcon.colcon_core.package_identification:_identify(sdk_ldrobotsensorteam_stl/ldlidar_driver/include/dataprocess) by extensions ['colcon_pkg']
[1.378s] Level 1:colcon.colcon_core.package_identification:_identify(sdk_ldrobotsensorteam_stl/ldlidar_driver/include/dataprocess) by extension 'colcon_pkg'
[1.378s] Level 1:colcon.colcon_core.package_identification:_identify(sdk_ldrobotsensorteam_stl/ldlidar_driver/include/dataprocess) by extensions ['colcon_meta']
[1.378s] Level 1:colcon.colcon_core.package_identification:_identify(sdk_ldrobotsensorteam_stl/ldlidar_driver/include/dataprocess) by extension 'colcon_meta'
[1.379s] Level 1:colcon.colcon_core.package_identification:_identify(sdk_ldrobotsensorteam_stl/ldlidar_driver/include/dataprocess) by extensions ['ros']
[1.379s] Level 1:colcon.colcon_core.package_identification:_identify(sdk_ldrobotsensorteam_stl/ldlidar_driver/include/dataprocess) by extension 'ros'
[1.379s] Level 1:colcon.colcon_core.package_identification:_identify(sdk_ldrobotsensorteam_stl/ldlidar_driver/include/dataprocess) by extensions ['cmake', 'python']
[1.379s] Level 1:colcon.colcon_core.package_identification:_identify(sdk_ldrobotsensorteam_stl/ldlidar_driver/include/dataprocess) by extension 'cmake'
[1.379s] Level 1:colcon.colcon_core.package_identification:_identify(sdk_ldrobotsensorteam_stl/ldlidar_driver/include/dataprocess) by extension 'python'
[1.380s] Level 1:colcon.colcon_core.package_identification:_identify(sdk_ldrobotsensorteam_stl/ldlidar_driver/include/dataprocess) by extensions ['python_setup_py']
[1.380s] Level 1:colcon.colcon_core.package_identification:_identify(sdk_ldrobotsensorteam_stl/ldlidar_driver/include/dataprocess) by extension 'python_setup_py'
[1.380s] Level 1:colcon.colcon_core.package_identification:_identify(sdk_ldrobotsensorteam_stl/ldlidar_driver/include/filter) by extensions ['ignore', 'ignore_ament_install']
[1.380s] Level 1:colcon.colcon_core.package_identification:_identify(sdk_ldrobotsensorteam_stl/ldlidar_driver/include/filter) by extension 'ignore'
[1.381s] Level 1:colcon.colcon_core.package_identification:_identify(sdk_ldrobotsensorteam_stl/ldlidar_driver/include/filter) by extension 'ignore_ament_install'
[1.381s] Level 1:colcon.colcon_core.package_identification:_identify(sdk_ldrobotsensorteam_stl/ldlidar_driver/include/filter) by extensions ['colcon_pkg']
[1.381s] Level 1:colcon.colcon_core.package_identification:_identify(sdk_ldrobotsensorteam_stl/ldlidar_driver/include/filter) by extension 'colcon_pkg'
[1.381s] Level 1:colcon.colcon_core.package_identification:_identify(sdk_ldrobotsensorteam_stl/ldlidar_driver/include/filter) by extensions ['colcon_meta']
[1.381s] Level 1:colcon.colcon_core.package_identification:_identify(sdk_ldrobotsensorteam_stl/ldlidar_driver/include/filter) by extension 'colcon_meta'
[1.382s] Level 1:colcon.colcon_core.package_identification:_identify(sdk_ldrobotsensorteam_stl/ldlidar_driver/include/filter) by extensions ['ros']
[1.382s] Level 1:colcon.colcon_core.package_identification:_identify(sdk_ldrobotsensorteam_stl/ldlidar_driver/include/filter) by extension 'ros'
[1.382s] Level 1:colcon.colcon_core.package_identification:_identify(sdk_ldrobotsensorteam_stl/ldlidar_driver/include/filter) by extensions ['cmake', 'python']
[1.382s] Level 1:colcon.colcon_core.package_identification:_identify(sdk_ldrobotsensorteam_stl/ldlidar_driver/include/filter) by extension 'cmake'
[1.382s] Level 1:colcon.colcon_core.package_identification:_identify(sdk_ldrobotsensorteam_stl/ldlidar_driver/include/filter) by extension 'python'
[1.382s] Level 1:colcon.colcon_core.package_identification:_identify(sdk_ldrobotsensorteam_stl/ldlidar_driver/include/filter) by extensions ['python_setup_py']
[1.383s] Level 1:colcon.colcon_core.package_identification:_identify(sdk_ldrobotsensorteam_stl/ldlidar_driver/include/filter) by extension 'python_setup_py'
[1.383s] Level 1:colcon.colcon_core.package_identification:_identify(sdk_ldrobotsensorteam_stl/ldlidar_driver/include/logger) by extensions ['ignore', 'ignore_ament_install']
[1.383s] Level 1:colcon.colcon_core.package_identification:_identify(sdk_ldrobotsensorteam_stl/ldlidar_driver/include/logger) by extension 'ignore'
[1.384s] Level 1:colcon.colcon_core.package_identification:_identify(sdk_ldrobotsensorteam_stl/ldlidar_driver/include/logger) by extension 'ignore_ament_install'
[1.384s] Level 1:colcon.colcon_core.package_identification:_identify(sdk_ldrobotsensorteam_stl/ldlidar_driver/include/logger) by extensions ['colcon_pkg']
[1.384s] Level 1:colcon.colcon_core.package_identification:_identify(sdk_ldrobotsensorteam_stl/ldlidar_driver/include/logger) by extension 'colcon_pkg'
[1.384s] Level 1:colcon.colcon_core.package_identification:_identify(sdk_ldrobotsensorteam_stl/ldlidar_driver/include/logger) by extensions ['colcon_meta']
[1.384s] Level 1:colcon.colcon_core.package_identification:_identify(sdk_ldrobotsensorteam_stl/ldlidar_driver/include/logger) by extension 'colcon_meta'
[1.384s] Level 1:colcon.colcon_core.package_identification:_identify(sdk_ldrobotsensorteam_stl/ldlidar_driver/include/logger) by extensions ['ros']
[1.385s] Level 1:colcon.colcon_core.package_identification:_identify(sdk_ldrobotsensorteam_stl/ldlidar_driver/include/logger) by extension 'ros'
[1.385s] Level 1:colcon.colcon_core.package_identification:_identify(sdk_ldrobotsensorteam_stl/ldlidar_driver/include/logger) by extensions ['cmake', 'python']
[1.385s] Level 1:colcon.colcon_core.package_identification:_identify(sdk_ldrobotsensorteam_stl/ldlidar_driver/include/logger) by extension 'cmake'
[1.385s] Level 1:colcon.colcon_core.package_identification:_identify(sdk_ldrobotsensorteam_stl/ldlidar_driver/include/logger) by extension 'python'
[1.385s] Level 1:colcon.colcon_core.package_identification:_identify(sdk_ldrobotsensorteam_stl/ldlidar_driver/include/logger) by extensions ['python_setup_py']
[1.385s] Level 1:colcon.colcon_core.package_identification:_identify(sdk_ldrobotsensorteam_stl/ldlidar_driver/include/logger) by extension 'python_setup_py'
[1.386s] Level 1:colcon.colcon_core.package_identification:_identify(sdk_ldrobotsensorteam_stl/ldlidar_driver/include/networkcom) by extensions ['ignore', 'ignore_ament_install']
[1.386s] Level 1:colcon.colcon_core.package_identification:_identify(sdk_ldrobotsensorteam_stl/ldlidar_driver/include/networkcom) by extension 'ignore'
[1.386s] Level 1:colcon.colcon_core.package_identification:_identify(sdk_ldrobotsensorteam_stl/ldlidar_driver/include/networkcom) by extension 'ignore_ament_install'
[1.387s] Level 1:colcon.colcon_core.package_identification:_identify(sdk_ldrobotsensorteam_stl/ldlidar_driver/include/networkcom) by extensions ['colcon_pkg']
[1.387s] Level 1:colcon.colcon_core.package_identification:_identify(sdk_ldrobotsensorteam_stl/ldlidar_driver/include/networkcom) by extension 'colcon_pkg'
[1.387s] Level 1:colcon.colcon_core.package_identification:_identify(sdk_ldrobotsensorteam_stl/ldlidar_driver/include/networkcom) by extensions ['colcon_meta']
[1.387s] Level 1:colcon.colcon_core.package_identification:_identify(sdk_ldrobotsensorteam_stl/ldlidar_driver/include/networkcom) by extension 'colcon_meta'
[1.387s] Level 1:colcon.colcon_core.package_identification:_identify(sdk_ldrobotsensorteam_stl/ldlidar_driver/include/networkcom) by extensions ['ros']
[1.387s] Level 1:colcon.colcon_core.package_identification:_identify(sdk_ldrobotsensorteam_stl/ldlidar_driver/include/networkcom) by extension 'ros'
[1.388s] Level 1:colcon.colcon_core.package_identification:_identify(sdk_ldrobotsensorteam_stl/ldlidar_driver/include/networkcom) by extensions ['cmake', 'python']
[1.388s] Level 1:colcon.colcon_core.package_identification:_identify(sdk_ldrobotsensorteam_stl/ldlidar_driver/include/networkcom) by extension 'cmake'
[1.388s] Level 1:colcon.colcon_core.package_identification:_identify(sdk_ldrobotsensorteam_stl/ldlidar_driver/include/networkcom) by extension 'python'
[1.388s] Level 1:colcon.colcon_core.package_identification:_identify(sdk_ldrobotsensorteam_stl/ldlidar_driver/include/networkcom) by extensions ['python_setup_py']
[1.388s] Level 1:colcon.colcon_core.package_identification:_identify(sdk_ldrobotsensorteam_stl/ldlidar_driver/include/networkcom) by extension 'python_setup_py'
[1.389s] Level 1:colcon.colcon_core.package_identification:_identify(sdk_ldrobotsensorteam_stl/ldlidar_driver/include/serialcom) by extensions ['ignore', 'ignore_ament_install']
[1.389s] Level 1:colcon.colcon_core.package_identification:_identify(sdk_ldrobotsensorteam_stl/ldlidar_driver/include/serialcom) by extension 'ignore'
[1.389s] Level 1:colcon.colcon_core.package_identification:_identify(sdk_ldrobotsensorteam_stl/ldlidar_driver/include/serialcom) by extension 'ignore_ament_install'
[1.390s] Level 1:colcon.colcon_core.package_identification:_identify(sdk_ldrobotsensorteam_stl/ldlidar_driver/include/serialcom) by extensions ['colcon_pkg']
[1.390s] Level 1:colcon.colcon_core.package_identification:_identify(sdk_ldrobotsensorteam_stl/ldlidar_driver/include/serialcom) by extension 'colcon_pkg'
[1.390s] Level 1:colcon.colcon_core.package_identification:_identify(sdk_ldrobotsensorteam_stl/ldlidar_driver/include/serialcom) by extensions ['colcon_meta']
[1.390s] Level 1:colcon.colcon_core.package_identification:_identify(sdk_ldrobotsensorteam_stl/ldlidar_driver/include/serialcom) by extension 'colcon_meta'
[1.390s] Level 1:colcon.colcon_core.package_identification:_identify(sdk_ldrobotsensorteam_stl/ldlidar_driver/include/serialcom) by extensions ['ros']
[1.390s] Level 1:colcon.colcon_core.package_identification:_identify(sdk_ldrobotsensorteam_stl/ldlidar_driver/include/serialcom) by extension 'ros'
[1.391s] Level 1:colcon.colcon_core.package_identification:_identify(sdk_ldrobotsensorteam_stl/ldlidar_driver/include/serialcom) by extensions ['cmake', 'python']
[1.391s] Level 1:colcon.colcon_core.package_identification:_identify(sdk_ldrobotsensorteam_stl/ldlidar_driver/include/serialcom) by extension 'cmake'
[1.391s] Level 1:colcon.colcon_core.package_identification:_identify(sdk_ldrobotsensorteam_stl/ldlidar_driver/include/serialcom) by extension 'python'
[1.391s] Level 1:colcon.colcon_core.package_identification:_identify(sdk_ldrobotsensorteam_stl/ldlidar_driver/include/serialcom) by extensions ['python_setup_py']
[1.391s] Level 1:colcon.colcon_core.package_identification:_identify(sdk_ldrobotsensorteam_stl/ldlidar_driver/include/serialcom) by extension 'python_setup_py'
[1.392s] Level 1:colcon.colcon_core.package_identification:_identify(sdk_ldrobotsensorteam_stl/ldlidar_driver/src) by extensions ['ignore', 'ignore_ament_install']
[1.392s] Level 1:colcon.colcon_core.package_identification:_identify(sdk_ldrobotsensorteam_stl/ldlidar_driver/src) by extension 'ignore'
[1.392s] Level 1:colcon.colcon_core.package_identification:_identify(sdk_ldrobotsensorteam_stl/ldlidar_driver/src) by extension 'ignore_ament_install'
[1.393s] Level 1:colcon.colcon_core.package_identification:_identify(sdk_ldrobotsensorteam_stl/ldlidar_driver/src) by extensions ['colcon_pkg']
[1.393s] Level 1:colcon.colcon_core.package_identification:_identify(sdk_ldrobotsensorteam_stl/ldlidar_driver/src) by extension 'colcon_pkg'
[1.393s] Level 1:colcon.colcon_core.package_identification:_identify(sdk_ldrobotsensorteam_stl/ldlidar_driver/src) by extensions ['colcon_meta']
[1.393s] Level 1:colcon.colcon_core.package_identification:_identify(sdk_ldrobotsensorteam_stl/ldlidar_driver/src) by extension 'colcon_meta'
[1.393s] Level 1:colcon.colcon_core.package_identification:_identify(sdk_ldrobotsensorteam_stl/ldlidar_driver/src) by extensions ['ros']
[1.393s] Level 1:colcon.colcon_core.package_identification:_identify(sdk_ldrobotsensorteam_stl/ldlidar_driver/src) by extension 'ros'
[1.394s] Level 1:colcon.colcon_core.package_identification:_identify(sdk_ldrobotsensorteam_stl/ldlidar_driver/src) by extensions ['cmake', 'python']
[1.394s] Level 1:colcon.colcon_core.package_identification:_identify(sdk_ldrobotsensorteam_stl/ldlidar_driver/src) by extension 'cmake'
[1.394s] Level 1:colcon.colcon_core.package_identification:_identify(sdk_ldrobotsensorteam_stl/ldlidar_driver/src) by extension 'python'
[1.394s] Level 1:colcon.colcon_core.package_identification:_identify(sdk_ldrobotsensorteam_stl/ldlidar_driver/src) by extensions ['python_setup_py']
[1.394s] Level 1:colcon.colcon_core.package_identification:_identify(sdk_ldrobotsensorteam_stl/ldlidar_driver/src) by extension 'python_setup_py'
[1.395s] Level 1:colcon.colcon_core.package_identification:_identify(sdk_ldrobotsensorteam_stl/ldlidar_driver/src/core) by extensions ['ignore', 'ignore_ament_install']
[1.395s] Level 1:colcon.colcon_core.package_identification:_identify(sdk_ldrobotsensorteam_stl/ldlidar_driver/src/core) by extension 'ignore'
[1.395s] Level 1:colcon.colcon_core.package_identification:_identify(sdk_ldrobotsensorteam_stl/ldlidar_driver/src/core) by extension 'ignore_ament_install'
[1.395s] Level 1:colcon.colcon_core.package_identification:_identify(sdk_ldrobotsensorteam_stl/ldlidar_driver/src/core) by extensions ['colcon_pkg']
[1.396s] Level 1:colcon.colcon_core.package_identification:_identify(sdk_ldrobotsensorteam_stl/ldlidar_driver/src/core) by extension 'colcon_pkg'
[1.396s] Level 1:colcon.colcon_core.package_identification:_identify(sdk_ldrobotsensorteam_stl/ldlidar_driver/src/core) by extensions ['colcon_meta']
[1.396s] Level 1:colcon.colcon_core.package_identification:_identify(sdk_ldrobotsensorteam_stl/ldlidar_driver/src/core) by extension 'colcon_meta'
[1.396s] Level 1:colcon.colcon_core.package_identification:_identify(sdk_ldrobotsensorteam_stl/ldlidar_driver/src/core) by extensions ['ros']
[1.396s] Level 1:colcon.colcon_core.package_identification:_identify(sdk_ldrobotsensorteam_stl/ldlidar_driver/src/core) by extension 'ros'
[1.397s] Level 1:colcon.colcon_core.package_identification:_identify(sdk_ldrobotsensorteam_stl/ldlidar_driver/src/core) by extensions ['cmake', 'python']
[1.397s] Level 1:colcon.colcon_core.package_identification:_identify(sdk_ldrobotsensorteam_stl/ldlidar_driver/src/core) by extension 'cmake'
[1.397s] Level 1:colcon.colcon_core.package_identification:_identify(sdk_ldrobotsensorteam_stl/ldlidar_driver/src/core) by extension 'python'
[1.397s] Level 1:colcon.colcon_core.package_identification:_identify(sdk_ldrobotsensorteam_stl/ldlidar_driver/src/core) by extensions ['python_setup_py']
[1.397s] Level 1:colcon.colcon_core.package_identification:_identify(sdk_ldrobotsensorteam_stl/ldlidar_driver/src/core) by extension 'python_setup_py'
[1.398s] Level 1:colcon.colcon_core.package_identification:_identify(sdk_ldrobotsensorteam_stl/ldlidar_driver/src/dataprocess) by extensions ['ignore', 'ignore_ament_install']
[1.398s] Level 1:colcon.colcon_core.package_identification:_identify(sdk_ldrobotsensorteam_stl/ldlidar_driver/src/dataprocess) by extension 'ignore'
[1.398s] Level 1:colcon.colcon_core.package_identification:_identify(sdk_ldrobotsensorteam_stl/ldlidar_driver/src/dataprocess) by extension 'ignore_ament_install'
[1.398s] Level 1:colcon.colcon_core.package_identification:_identify(sdk_ldrobotsensorteam_stl/ldlidar_driver/src/dataprocess) by extensions ['colcon_pkg']
[1.398s] Level 1:colcon.colcon_core.package_identification:_identify(sdk_ldrobotsensorteam_stl/ldlidar_driver/src/dataprocess) by extension 'colcon_pkg'
[1.399s] Level 1:colcon.colcon_core.package_identification:_identify(sdk_ldrobotsensorteam_stl/ldlidar_driver/src/dataprocess) by extensions ['colcon_meta']
[1.399s] Level 1:colcon.colcon_core.package_identification:_identify(sdk_ldrobotsensorteam_stl/ldlidar_driver/src/dataprocess) by extension 'colcon_meta'
[1.399s] Level 1:colcon.colcon_core.package_identification:_identify(sdk_ldrobotsensorteam_stl/ldlidar_driver/src/dataprocess) by extensions ['ros']
[1.399s] Level 1:colcon.colcon_core.package_identification:_identify(sdk_ldrobotsensorteam_stl/ldlidar_driver/src/dataprocess) by extension 'ros'
[1.399s] Level 1:colcon.colcon_core.package_identification:_identify(sdk_ldrobotsensorteam_stl/ldlidar_driver/src/dataprocess) by extensions ['cmake', 'python']
[1.400s] Level 1:colcon.colcon_core.package_identification:_identify(sdk_ldrobotsensorteam_stl/ldlidar_driver/src/dataprocess) by extension 'cmake'
[1.400s] Level 1:colcon.colcon_core.package_identification:_identify(sdk_ldrobotsensorteam_stl/ldlidar_driver/src/dataprocess) by extension 'python'
[1.400s] Level 1:colcon.colcon_core.package_identification:_identify(sdk_ldrobotsensorteam_stl/ldlidar_driver/src/dataprocess) by extensions ['python_setup_py']
[1.400s] Level 1:colcon.colcon_core.package_identification:_identify(sdk_ldrobotsensorteam_stl/ldlidar_driver/src/dataprocess) by extension 'python_setup_py'
[1.400s] Level 1:colcon.colcon_core.package_identification:_identify(sdk_ldrobotsensorteam_stl/ldlidar_driver/src/filter) by extensions ['ignore', 'ignore_ament_install']
[1.401s] Level 1:colcon.colcon_core.package_identification:_identify(sdk_ldrobotsensorteam_stl/ldlidar_driver/src/filter) by extension 'ignore'
[1.401s] Level 1:colcon.colcon_core.package_identification:_identify(sdk_ldrobotsensorteam_stl/ldlidar_driver/src/filter) by extension 'ignore_ament_install'
[1.401s] Level 1:colcon.colcon_core.package_identification:_identify(sdk_ldrobotsensorteam_stl/ldlidar_driver/src/filter) by extensions ['colcon_pkg']
[1.401s] Level 1:colcon.colcon_core.package_identification:_identify(sdk_ldrobotsensorteam_stl/ldlidar_driver/src/filter) by extension 'colcon_pkg'
[1.402s] Level 1:colcon.colcon_core.package_identification:_identify(sdk_ldrobotsensorteam_stl/ldlidar_driver/src/filter) by extensions ['colcon_meta']
[1.402s] Level 1:colcon.colcon_core.package_identification:_identify(sdk_ldrobotsensorteam_stl/ldlidar_driver/src/filter) by extension 'colcon_meta'
[1.402s] Level 1:colcon.colcon_core.package_identification:_identify(sdk_ldrobotsensorteam_stl/ldlidar_driver/src/filter) by extensions ['ros']
[1.402s] Level 1:colcon.colcon_core.package_identification:_identify(sdk_ldrobotsensorteam_stl/ldlidar_driver/src/filter) by extension 'ros'
[1.402s] Level 1:colcon.colcon_core.package_identification:_identify(sdk_ldrobotsensorteam_stl/ldlidar_driver/src/filter) by extensions ['cmake', 'python']
[1.403s] Level 1:colcon.colcon_core.package_identification:_identify(sdk_ldrobotsensorteam_stl/ldlidar_driver/src/filter) by extension 'cmake'
[1.403s] Level 1:colcon.colcon_core.package_identification:_identify(sdk_ldrobotsensorteam_stl/ldlidar_driver/src/filter) by extension 'python'
[1.403s] Level 1:colcon.colcon_core.package_identification:_identify(sdk_ldrobotsensorteam_stl/ldlidar_driver/src/filter) by extensions ['python_setup_py']
[1.403s] Level 1:colcon.colcon_core.package_identification:_identify(sdk_ldrobotsensorteam_stl/ldlidar_driver/src/filter) by extension 'python_setup_py'
[1.404s] Level 1:colcon.colcon_core.package_identification:_identify(sdk_ldrobotsensorteam_stl/ldlidar_driver/src/logger) by extensions ['ignore', 'ignore_ament_install']
[1.404s] Level 1:colcon.colcon_core.package_identification:_identify(sdk_ldrobotsensorteam_stl/ldlidar_driver/src/logger) by extension 'ignore'
[1.404s] Level 1:colcon.colcon_core.package_identification:_identify(sdk_ldrobotsensorteam_stl/ldlidar_driver/src/logger) by extension 'ignore_ament_install'
[1.404s] Level 1:colcon.colcon_core.package_identification:_identify(sdk_ldrobotsensorteam_stl/ldlidar_driver/src/logger) by extensions ['colcon_pkg']
[1.404s] Level 1:colcon.colcon_core.package_identification:_identify(sdk_ldrobotsensorteam_stl/ldlidar_driver/src/logger) by extension 'colcon_pkg'
[1.405s] Level 1:colcon.colcon_core.package_identification:_identify(sdk_ldrobotsensorteam_stl/ldlidar_driver/src/logger) by extensions ['colcon_meta']
[1.405s] Level 1:colcon.colcon_core.package_identification:_identify(sdk_ldrobotsensorteam_stl/ldlidar_driver/src/logger) by extension 'colcon_meta'
[1.405s] Level 1:colcon.colcon_core.package_identification:_identify(sdk_ldrobotsensorteam_stl/ldlidar_driver/src/logger) by extensions ['ros']
[1.405s] Level 1:colcon.colcon_core.package_identification:_identify(sdk_ldrobotsensorteam_stl/ldlidar_driver/src/logger) by extension 'ros'
[1.406s] Level 1:colcon.colcon_core.package_identification:_identify(sdk_ldrobotsensorteam_stl/ldlidar_driver/src/logger) by extensions ['cmake', 'python']
[1.406s] Level 1:colcon.colcon_core.package_identification:_identify(sdk_ldrobotsensorteam_stl/ldlidar_driver/src/logger) by extension 'cmake'
[1.406s] Level 1:colcon.colcon_core.package_identification:_identify(sdk_ldrobotsensorteam_stl/ldlidar_driver/src/logger) by extension 'python'
[1.406s] Level 1:colcon.colcon_core.package_identification:_identify(sdk_ldrobotsensorteam_stl/ldlidar_driver/src/logger) by extensions ['python_setup_py']
[1.406s] Level 1:colcon.colcon_core.package_identification:_identify(sdk_ldrobotsensorteam_stl/ldlidar_driver/src/logger) by extension 'python_setup_py'
[1.407s] Level 1:colcon.colcon_core.package_identification:_identify(sdk_ldrobotsensorteam_stl/ldlidar_driver/src/networkcom) by extensions ['ignore', 'ignore_ament_install']
[1.407s] Level 1:colcon.colcon_core.package_identification:_identify(sdk_ldrobotsensorteam_stl/ldlidar_driver/src/networkcom) by extension 'ignore'
[1.407s] Level 1:colcon.colcon_core.package_identification:_identify(sdk_ldrobotsensorteam_stl/ldlidar_driver/src/networkcom) by extension 'ignore_ament_install'
[1.408s] Level 1:colcon.colcon_core.package_identification:_identify(sdk_ldrobotsensorteam_stl/ldlidar_driver/src/networkcom) by extensions ['colcon_pkg']
[1.408s] Level 1:colcon.colcon_core.package_identification:_identify(sdk_ldrobotsensorteam_stl/ldlidar_driver/src/networkcom) by extension 'colcon_pkg'
[1.408s] Level 1:colcon.colcon_core.package_identification:_identify(sdk_ldrobotsensorteam_stl/ldlidar_driver/src/networkcom) by extensions ['colcon_meta']
[1.408s] Level 1:colcon.colcon_core.package_identification:_identify(sdk_ldrobotsensorteam_stl/ldlidar_driver/src/networkcom) by extension 'colcon_meta'
[1.408s] Level 1:colcon.colcon_core.package_identification:_identify(sdk_ldrobotsensorteam_stl/ldlidar_driver/src/networkcom) by extensions ['ros']
[1.408s] Level 1:colcon.colcon_core.package_identification:_identify(sdk_ldrobotsensorteam_stl/ldlidar_driver/src/networkcom) by extension 'ros'
[1.409s] Level 1:colcon.colcon_core.package_identification:_identify(sdk_ldrobotsensorteam_stl/ldlidar_driver/src/networkcom) by extensions ['cmake', 'python']
[1.409s] Level 1:colcon.colcon_core.package_identification:_identify(sdk_ldrobotsensorteam_stl/ldlidar_driver/src/networkcom) by extension 'cmake'
[1.409s] Level 1:colcon.colcon_core.package_identification:_identify(sdk_ldrobotsensorteam_stl/ldlidar_driver/src/networkcom) by extension 'python'
[1.409s] Level 1:colcon.colcon_core.package_identification:_identify(sdk_ldrobotsensorteam_stl/ldlidar_driver/src/networkcom) by extensions ['python_setup_py']
[1.409s] Level 1:colcon.colcon_core.package_identification:_identify(sdk_ldrobotsensorteam_stl/ldlidar_driver/src/networkcom) by extension 'python_setup_py'
[1.410s] Level 1:colcon.colcon_core.package_identification:_identify(sdk_ldrobotsensorteam_stl/ldlidar_driver/src/serialcom) by extensions ['ignore', 'ignore_ament_install']
[1.410s] Level 1:colcon.colcon_core.package_identification:_identify(sdk_ldrobotsensorteam_stl/ldlidar_driver/src/serialcom) by extension 'ignore'
[1.410s] Level 1:colcon.colcon_core.package_identification:_identify(sdk_ldrobotsensorteam_stl/ldlidar_driver/src/serialcom) by extension 'ignore_ament_install'
[1.411s] Level 1:colcon.colcon_core.package_identification:_identify(sdk_ldrobotsensorteam_stl/ldlidar_driver/src/serialcom) by extensions ['colcon_pkg']
[1.411s] Level 1:colcon.colcon_core.package_identification:_identify(sdk_ldrobotsensorteam_stl/ldlidar_driver/src/serialcom) by extension 'colcon_pkg'
[1.411s] Level 1:colcon.colcon_core.package_identification:_identify(sdk_ldrobotsensorteam_stl/ldlidar_driver/src/serialcom) by extensions ['colcon_meta']
[1.411s] Level 1:colcon.colcon_core.package_identification:_identify(sdk_ldrobotsensorteam_stl/ldlidar_driver/src/serialcom) by extension 'colcon_meta'
[1.411s] Level 1:colcon.colcon_core.package_identification:_identify(sdk_ldrobotsensorteam_stl/ldlidar_driver/src/serialcom) by extensions ['ros']
[1.411s] Level 1:colcon.colcon_core.package_identification:_identify(sdk_ldrobotsensorteam_stl/ldlidar_driver/src/serialcom) by extension 'ros'
[1.412s] Level 1:colcon.colcon_core.package_identification:_identify(sdk_ldrobotsensorteam_stl/ldlidar_driver/src/serialcom) by extensions ['cmake', 'python']
[1.412s] Level 1:colcon.colcon_core.package_identification:_identify(sdk_ldrobotsensorteam_stl/ldlidar_driver/src/serialcom) by extension 'cmake'
[1.412s] Level 1:colcon.colcon_core.package_identification:_identify(sdk_ldrobotsensorteam_stl/ldlidar_driver/src/serialcom) by extension 'python'
[1.412s] Level 1:colcon.colcon_core.package_identification:_identify(sdk_ldrobotsensorteam_stl/ldlidar_driver/src/serialcom) by extensions ['python_setup_py']
[1.412s] Level 1:colcon.colcon_core.package_identification:_identify(sdk_ldrobotsensorteam_stl/ldlidar_driver/src/serialcom) by extension 'python_setup_py'
[1.413s] Level 1:colcon.colcon_core.package_identification:_identify(sdk_ldrobotsensorteam_stl/linux_app) by extensions ['ignore', 'ignore_ament_install']
[1.413s] Level 1:colcon.colcon_core.package_identification:_identify(sdk_ldrobotsensorteam_stl/linux_app) by extension 'ignore'
[1.413s] Level 1:colcon.colcon_core.package_identification:_identify(sdk_ldrobotsensorteam_stl/linux_app) by extension 'ignore_ament_install'
[1.414s] Level 1:colcon.colcon_core.package_identification:_identify(sdk_ldrobotsensorteam_stl/linux_app) by extensions ['colcon_pkg']
[1.414s] Level 1:colcon.colcon_core.package_identification:_identify(sdk_ldrobotsensorteam_stl/linux_app) by extension 'colcon_pkg'
[1.414s] Level 1:colcon.colcon_core.package_identification:_identify(sdk_ldrobotsensorteam_stl/linux_app) by extensions ['colcon_meta']
[1.414s] Level 1:colcon.colcon_core.package_identification:_identify(sdk_ldrobotsensorteam_stl/linux_app) by extension 'colcon_meta'
[1.414s] Level 1:colcon.colcon_core.package_identification:_identify(sdk_ldrobotsensorteam_stl/linux_app) by extensions ['ros']
[1.414s] Level 1:colcon.colcon_core.package_identification:_identify(sdk_ldrobotsensorteam_stl/linux_app) by extension 'ros'
[1.415s] Level 1:colcon.colcon_core.package_identification:_identify(sdk_ldrobotsensorteam_stl/linux_app) by extensions ['cmake', 'python']
[1.415s] Level 1:colcon.colcon_core.package_identification:_identify(sdk_ldrobotsensorteam_stl/linux_app) by extension 'cmake'
[1.420s] Level 1:colcon.colcon_core.package_identification:_identify(sdk_ldrobotsensorteam_stl/linux_app) by extension 'python'
[1.421s] DEBUG:colcon.colcon_core.package_identification:Package 'sdk_ldrobotsensorteam_stl/linux_app' with type 'cmake' and name 'ldlidar_stl'
[1.421s] Level 1:colcon.colcon_core.package_identification:_identify(sdk_ldrobotsensorteam_stl/ros2_app) by extensions ['ignore', 'ignore_ament_install']
[1.422s] Level 1:colcon.colcon_core.package_identification:_identify(sdk_ldrobotsensorteam_stl/ros2_app) by extension 'ignore'
[1.422s] Level 1:colcon.colcon_core.package_identification:_identify(sdk_ldrobotsensorteam_stl/ros2_app) by extension 'ignore_ament_install'
[1.422s] Level 1:colcon.colcon_core.package_identification:_identify(sdk_ldrobotsensorteam_stl/ros2_app) by extensions ['colcon_pkg']
[1.422s] Level 1:colcon.colcon_core.package_identification:_identify(sdk_ldrobotsensorteam_stl/ros2_app) by extension 'colcon_pkg'
[1.422s] Level 1:colcon.colcon_core.package_identification:_identify(sdk_ldrobotsensorteam_stl/ros2_app) by extensions ['colcon_meta']
[1.422s] Level 1:colcon.colcon_core.package_identification:_identify(sdk_ldrobotsensorteam_stl/ros2_app) by extension 'colcon_meta'
[1.423s] Level 1:colcon.colcon_core.package_identification:_identify(sdk_ldrobotsensorteam_stl/ros2_app) by extensions ['ros']
[1.423s] Level 1:colcon.colcon_core.package_identification:_identify(sdk_ldrobotsensorteam_stl/ros2_app) by extension 'ros'
[1.423s] Level 1:colcon.colcon_core.package_identification:_identify(sdk_ldrobotsensorteam_stl/ros2_app) by extensions ['cmake', 'python']
[1.423s] Level 1:colcon.colcon_core.package_identification:_identify(sdk_ldrobotsensorteam_stl/ros2_app) by extension 'cmake'
[1.423s] Level 1:colcon.colcon_core.package_identification:_identify(sdk_ldrobotsensorteam_stl/ros2_app) by extension 'python'
[1.424s] Level 1:colcon.colcon_core.package_identification:_identify(sdk_ldrobotsensorteam_stl/ros2_app) by extensions ['python_setup_py']
[1.424s] Level 1:colcon.colcon_core.package_identification:_identify(sdk_ldrobotsensorteam_stl/ros2_app) by extension 'python_setup_py'
[1.424s] Level 1:colcon.colcon_core.package_identification:_identify(sdk_ldrobotsensorteam_stl/ros2_app/build) by extensions ['ignore', 'ignore_ament_install']
[1.425s] Level 1:colcon.colcon_core.package_identification:_identify(sdk_ldrobotsensorteam_stl/ros2_app/build) by extension 'ignore'
[1.425s] Level 1:colcon.colcon_core.package_identification:_identify(sdk_ldrobotsensorteam_stl/ros2_app/build) ignored
[1.425s] Level 1:colcon.colcon_core.package_identification:_identify(sdk_ldrobotsensorteam_stl/ros2_app/install) by extensions ['ignore', 'ignore_ament_install']
[1.426s] Level 1:colcon.colcon_core.package_identification:_identify(sdk_ldrobotsensorteam_stl/ros2_app/install) by extension 'ignore'
[1.426s] Level 1:colcon.colcon_core.package_identification:_identify(sdk_ldrobotsensorteam_stl/ros2_app/install) ignored
[1.427s] Level 1:colcon.colcon_core.package_identification:_identify(sdk_ldrobotsensorteam_stl/ros2_app/log) by extensions ['ignore', 'ignore_ament_install']
[1.427s] Level 1:colcon.colcon_core.package_identification:_identify(sdk_ldrobotsensorteam_stl/ros2_app/log) by extension 'ignore'
[1.427s] Level 1:colcon.colcon_core.package_identification:_identify(sdk_ldrobotsensorteam_stl/ros2_app/log) ignored
[1.428s] Level 1:colcon.colcon_core.package_identification:_identify(sdk_ldrobotsensorteam_stl/ros2_app/src) by extensions ['ignore', 'ignore_ament_install']
[1.428s] Level 1:colcon.colcon_core.package_identification:_identify(sdk_ldrobotsensorteam_stl/ros2_app/src) by extension 'ignore'
[1.428s] Level 1:colcon.colcon_core.package_identification:_identify(sdk_ldrobotsensorteam_stl/ros2_app/src) by extension 'ignore_ament_install'
[1.428s] Level 1:colcon.colcon_core.package_identification:_identify(sdk_ldrobotsensorteam_stl/ros2_app/src) by extensions ['colcon_pkg']
[1.428s] Level 1:colcon.colcon_core.package_identification:_identify(sdk_ldrobotsensorteam_stl/ros2_app/src) by extension 'colcon_pkg'
[1.429s] Level 1:colcon.colcon_core.package_identification:_identify(sdk_ldrobotsensorteam_stl/ros2_app/src) by extensions ['colcon_meta']
[1.429s] Level 1:colcon.colcon_core.package_identification:_identify(sdk_ldrobotsensorteam_stl/ros2_app/src) by extension 'colcon_meta'
[1.429s] Level 1:colcon.colcon_core.package_identification:_identify(sdk_ldrobotsensorteam_stl/ros2_app/src) by extensions ['ros']
[1.429s] Level 1:colcon.colcon_core.package_identification:_identify(sdk_ldrobotsensorteam_stl/ros2_app/src) by extension 'ros'
[1.430s] Level 1:colcon.colcon_core.package_identification:_identify(sdk_ldrobotsensorteam_stl/ros2_app/src) by extensions ['cmake', 'python']
[1.430s] Level 1:colcon.colcon_core.package_identification:_identify(sdk_ldrobotsensorteam_stl/ros2_app/src) by extension 'cmake'
[1.430s] Level 1:colcon.colcon_core.package_identification:_identify(sdk_ldrobotsensorteam_stl/ros2_app/src) by extension 'python'
[1.430s] Level 1:colcon.colcon_core.package_identification:_identify(sdk_ldrobotsensorteam_stl/ros2_app/src) by extensions ['python_setup_py']
[1.430s] Level 1:colcon.colcon_core.package_identification:_identify(sdk_ldrobotsensorteam_stl/ros2_app/src) by extension 'python_setup_py'
[1.431s] Level 1:colcon.colcon_core.package_identification:_identify(sdk_ldrobotsensorteam_stl/ros2_app/src/ldlidar) by extensions ['ignore', 'ignore_ament_install']
[1.431s] Level 1:colcon.colcon_core.package_identification:_identify(sdk_ldrobotsensorteam_stl/ros2_app/src/ldlidar) by extension 'ignore'
[1.432s] Level 1:colcon.colcon_core.package_identification:_identify(sdk_ldrobotsensorteam_stl/ros2_app/src/ldlidar) by extension 'ignore_ament_install'
[1.432s] Level 1:colcon.colcon_core.package_identification:_identify(sdk_ldrobotsensorteam_stl/ros2_app/src/ldlidar) by extensions ['colcon_pkg']
[1.432s] Level 1:colcon.colcon_core.package_identification:_identify(sdk_ldrobotsensorteam_stl/ros2_app/src/ldlidar) by extension 'colcon_pkg'
[1.432s] Level 1:colcon.colcon_core.package_identification:_identify(sdk_ldrobotsensorteam_stl/ros2_app/src/ldlidar) by extensions ['colcon_meta']
[1.432s] Level 1:colcon.colcon_core.package_identification:_identify(sdk_ldrobotsensorteam_stl/ros2_app/src/ldlidar) by extension 'colcon_meta'
[1.432s] Level 1:colcon.colcon_core.package_identification:_identify(sdk_ldrobotsensorteam_stl/ros2_app/src/ldlidar) by extensions ['ros']
[1.433s] Level 1:colcon.colcon_core.package_identification:_identify(sdk_ldrobotsensorteam_stl/ros2_app/src/ldlidar) by extension 'ros'
[1.442s] DEBUG:colcon.colcon_core.package_identification:Package 'sdk_ldrobotsensorteam_stl/ros2_app/src/ldlidar' with type 'ros.ament_cmake' and name 'ldlidar'
[1.443s] Level 1:colcon.colcon_core.package_identification:_identify(sdk_ldrobotsensorteam_stl/ros_app) by extensions ['ignore', 'ignore_ament_install']
[1.443s] Level 1:colcon.colcon_core.package_identification:_identify(sdk_ldrobotsensorteam_stl/ros_app) by extension 'ignore'
[1.443s] Level 1:colcon.colcon_core.package_identification:_identify(sdk_ldrobotsensorteam_stl/ros_app) by extension 'ignore_ament_install'
[1.444s] Level 1:colcon.colcon_core.package_identification:_identify(sdk_ldrobotsensorteam_stl/ros_app) by extensions ['colcon_pkg']
[1.444s] Level 1:colcon.colcon_core.package_identification:_identify(sdk_ldrobotsensorteam_stl/ros_app) by extension 'colcon_pkg'
[1.444s] Level 1:colcon.colcon_core.package_identification:_identify(sdk_ldrobotsensorteam_stl/ros_app) by extensions ['colcon_meta']
[1.444s] Level 1:colcon.colcon_core.package_identification:_identify(sdk_ldrobotsensorteam_stl/ros_app) by extension 'colcon_meta'
[1.444s] Level 1:colcon.colcon_core.package_identification:_identify(sdk_ldrobotsensorteam_stl/ros_app) by extensions ['ros']
[1.444s] Level 1:colcon.colcon_core.package_identification:_identify(sdk_ldrobotsensorteam_stl/ros_app) by extension 'ros'
[1.445s] Level 1:colcon.colcon_core.package_identification:_identify(sdk_ldrobotsensorteam_stl/ros_app) by extensions ['cmake', 'python']
[1.445s] Level 1:colcon.colcon_core.package_identification:_identify(sdk_ldrobotsensorteam_stl/ros_app) by extension 'cmake'
[1.445s] Level 1:colcon.colcon_core.package_identification:_identify(sdk_ldrobotsensorteam_stl/ros_app) by extension 'python'
[1.445s] Level 1:colcon.colcon_core.package_identification:_identify(sdk_ldrobotsensorteam_stl/ros_app) by extensions ['python_setup_py']
[1.445s] Level 1:colcon.colcon_core.package_identification:_identify(sdk_ldrobotsensorteam_stl/ros_app) by extension 'python_setup_py'
[1.446s] Level 1:colcon.colcon_core.package_identification:_identify(sdk_ldrobotsensorteam_stl/ros_app/src) by extensions ['ignore', 'ignore_ament_install']
[1.446s] Level 1:colcon.colcon_core.package_identification:_identify(sdk_ldrobotsensorteam_stl/ros_app/src) by extension 'ignore'
[1.446s] Level 1:colcon.colcon_core.package_identification:_identify(sdk_ldrobotsensorteam_stl/ros_app/src) by extension 'ignore_ament_install'
[1.446s] Level 1:colcon.colcon_core.package_identification:_identify(sdk_ldrobotsensorteam_stl/ros_app/src) by extensions ['colcon_pkg']
[1.447s] Level 1:colcon.colcon_core.package_identification:_identify(sdk_ldrobotsensorteam_stl/ros_app/src) by extension 'colcon_pkg'
[1.447s] Level 1:colcon.colcon_core.package_identification:_identify(sdk_ldrobotsensorteam_stl/ros_app/src) by extensions ['colcon_meta']
[1.447s] Level 1:colcon.colcon_core.package_identification:_identify(sdk_ldrobotsensorteam_stl/ros_app/src) by extension 'colcon_meta'
[1.447s] Level 1:colcon.colcon_core.package_identification:_identify(sdk_ldrobotsensorteam_stl/ros_app/src) by extensions ['ros']
[1.447s] Level 1:colcon.colcon_core.package_identification:_identify(sdk_ldrobotsensorteam_stl/ros_app/src) by extension 'ros'
[1.448s] Level 1:colcon.colcon_core.package_identification:_identify(sdk_ldrobotsensorteam_stl/ros_app/src) by extensions ['cmake', 'python']
[1.448s] Level 1:colcon.colcon_core.package_identification:_identify(sdk_ldrobotsensorteam_stl/ros_app/src) by extension 'cmake'
[1.448s] Level 1:colcon.colcon_core.package_identification:_identify(sdk_ldrobotsensorteam_stl/ros_app/src) by extension 'python'
[1.448s] Level 1:colcon.colcon_core.package_identification:_identify(sdk_ldrobotsensorteam_stl/ros_app/src) by extensions ['python_setup_py']
[1.448s] Level 1:colcon.colcon_core.package_identification:_identify(sdk_ldrobotsensorteam_stl/ros_app/src) by extension 'python_setup_py'
[1.449s] Level 1:colcon.colcon_core.package_identification:_identify(sdk_ldrobotsensorteam_stl/ros_app/src/ldlidar) by extensions ['ignore', 'ignore_ament_install']
[1.449s] Level 1:colcon.colcon_core.package_identification:_identify(sdk_ldrobotsensorteam_stl/ros_app/src/ldlidar) by extension 'ignore'
[1.449s] Level 1:colcon.colcon_core.package_identification:_identify(sdk_ldrobotsensorteam_stl/ros_app/src/ldlidar) by extension 'ignore_ament_install'
[1.450s] Level 1:colcon.colcon_core.package_identification:_identify(sdk_ldrobotsensorteam_stl/ros_app/src/ldlidar) by extensions ['colcon_pkg']
[1.450s] Level 1:colcon.colcon_core.package_identification:_identify(sdk_ldrobotsensorteam_stl/ros_app/src/ldlidar) by extension 'colcon_pkg'
[1.450s] Level 1:colcon.colcon_core.package_identification:_identify(sdk_ldrobotsensorteam_stl/ros_app/src/ldlidar) by extensions ['colcon_meta']
[1.450s] Level 1:colcon.colcon_core.package_identification:_identify(sdk_ldrobotsensorteam_stl/ros_app/src/ldlidar) by extension 'colcon_meta'
[1.450s] Level 1:colcon.colcon_core.package_identification:_identify(sdk_ldrobotsensorteam_stl/ros_app/src/ldlidar) by extensions ['ros']
[1.450s] Level 1:colcon.colcon_core.package_identification:_identify(sdk_ldrobotsensorteam_stl/ros_app/src/ldlidar) by extension 'ros'
[1.454s] DEBUG:colcon.colcon_core.package_identification:Package 'sdk_ldrobotsensorteam_stl/ros_app/src/ldlidar' with type 'ros.catkin' and name 'ldlidar'
[1.454s] Level 1:colcon.colcon_core.package_identification:_identify(src) by extensions ['ignore', 'ignore_ament_install']
[1.455s] Level 1:colcon.colcon_core.package_identification:_identify(src) by extension 'ignore'
[1.455s] Level 1:colcon.colcon_core.package_identification:_identify(src) by extension 'ignore_ament_install'
[1.455s] Level 1:colcon.colcon_core.package_identification:_identify(src) by extensions ['colcon_pkg']
[1.455s] Level 1:colcon.colcon_core.package_identification:_identify(src) by extension 'colcon_pkg'
[1.455s] Level 1:colcon.colcon_core.package_identification:_identify(src) by extensions ['colcon_meta']
[1.455s] Level 1:colcon.colcon_core.package_identification:_identify(src) by extension 'colcon_meta'
[1.456s] Level 1:colcon.colcon_core.package_identification:_identify(src) by extensions ['ros']
[1.456s] Level 1:colcon.colcon_core.package_identification:_identify(src) by extension 'ros'
[1.456s] Level 1:colcon.colcon_core.package_identification:_identify(src) by extensions ['cmake', 'python']
[1.456s] Level 1:colcon.colcon_core.package_identification:_identify(src) by extension 'cmake'
[1.456s] Level 1:colcon.colcon_core.package_identification:_identify(src) by extension 'python'
[1.456s] Level 1:colcon.colcon_core.package_identification:_identify(src) by extensions ['python_setup_py']
[1.457s] Level 1:colcon.colcon_core.package_identification:_identify(src) by extension 'python_setup_py'
[1.457s] Level 1:colcon.colcon_core.package_identification:_identify(src/build) by extensions ['ignore', 'ignore_ament_install']
[1.457s] Level 1:colcon.colcon_core.package_identification:_identify(src/build) by extension 'ignore'
[1.458s] Level 1:colcon.colcon_core.package_identification:_identify(src/build) ignored
[1.458s] Level 1:colcon.colcon_core.package_identification:_identify(src/cpp_pkg) by extensions ['ignore', 'ignore_ament_install']
[1.458s] Level 1:colcon.colcon_core.package_identification:_identify(src/cpp_pkg) by extension 'ignore'
[1.459s] Level 1:colcon.colcon_core.package_identification:_identify(src/cpp_pkg) by extension 'ignore_ament_install'
[1.459s] Level 1:colcon.colcon_core.package_identification:_identify(src/cpp_pkg) by extensions ['colcon_pkg']
[1.459s] Level 1:colcon.colcon_core.package_identification:_identify(src/cpp_pkg) by extension 'colcon_pkg'
[1.459s] Level 1:colcon.colcon_core.package_identification:_identify(src/cpp_pkg) by extensions ['colcon_meta']
[1.459s] Level 1:colcon.colcon_core.package_identification:_identify(src/cpp_pkg) by extension 'colcon_meta'
[1.459s] Level 1:colcon.colcon_core.package_identification:_identify(src/cpp_pkg) by extensions ['ros']
[1.459s] Level 1:colcon.colcon_core.package_identification:_identify(src/cpp_pkg) by extension 'ros'
[1.462s] DEBUG:colcon.colcon_core.package_identification:Package 'src/cpp_pkg' with type 'ros.ament_cmake' and name 'cpp_pkg'
[1.463s] Level 1:colcon.colcon_core.package_identification:_identify(src/install) by extensions ['ignore', 'ignore_ament_install']
[1.463s] Level 1:colcon.colcon_core.package_identification:_identify(src/install) by extension 'ignore'
[1.463s] Level 1:colcon.colcon_core.package_identification:_identify(src/install) ignored
[1.464s] Level 1:colcon.colcon_core.package_identification:_identify(src/ldrobot-lidar-ros2) by extensions ['ignore', 'ignore_ament_install']
[1.464s] Level 1:colcon.colcon_core.package_identification:_identify(src/ldrobot-lidar-ros2) by extension 'ignore'
[1.464s] Level 1:colcon.colcon_core.package_identification:_identify(src/ldrobot-lidar-ros2) by extension 'ignore_ament_install'
[1.464s] Level 1:colcon.colcon_core.package_identification:_identify(src/ldrobot-lidar-ros2) by extensions ['colcon_pkg']
[1.464s] Level 1:colcon.colcon_core.package_identification:_identify(src/ldrobot-lidar-ros2) by extension 'colcon_pkg'
[1.465s] Level 1:colcon.colcon_core.package_identification:_identify(src/ldrobot-lidar-ros2) by extensions ['colcon_meta']
[1.465s] Level 1:colcon.colcon_core.package_identification:_identify(src/ldrobot-lidar-ros2) by extension 'colcon_meta'
[1.465s] Level 1:colcon.colcon_core.package_identification:_identify(src/ldrobot-lidar-ros2) by extensions ['ros']
[1.465s] Level 1:colcon.colcon_core.package_identification:_identify(src/ldrobot-lidar-ros2) by extension 'ros'
[1.465s] Level 1:colcon.colcon_core.package_identification:_identify(src/ldrobot-lidar-ros2) by extensions ['cmake', 'python']
[1.466s] Level 1:colcon.colcon_core.package_identification:_identify(src/ldrobot-lidar-ros2) by extension 'cmake'
[1.466s] Level 1:colcon.colcon_core.package_identification:_identify(src/ldrobot-lidar-ros2) by extension 'python'
[1.466s] Level 1:colcon.colcon_core.package_identification:_identify(src/ldrobot-lidar-ros2) by extensions ['python_setup_py']
[1.466s] Level 1:colcon.colcon_core.package_identification:_identify(src/ldrobot-lidar-ros2) by extension 'python_setup_py'
[1.466s] Level 1:colcon.colcon_core.package_identification:_identify(src/ldrobot-lidar-ros2/3d_model) by extensions ['ignore', 'ignore_ament_install']
[1.467s] Level 1:colcon.colcon_core.package_identification:_identify(src/ldrobot-lidar-ros2/3d_model) by extension 'ignore'
[1.467s] Level 1:colcon.colcon_core.package_identification:_identify(src/ldrobot-lidar-ros2/3d_model) by extension 'ignore_ament_install'
[1.467s] Level 1:colcon.colcon_core.package_identification:_identify(src/ldrobot-lidar-ros2/3d_model) by extensions ['colcon_pkg']
[1.467s] Level 1:colcon.colcon_core.package_identification:_identify(src/ldrobot-lidar-ros2/3d_model) by extension 'colcon_pkg'
[1.467s] Level 1:colcon.colcon_core.package_identification:_identify(src/ldrobot-lidar-ros2/3d_model) by extensions ['colcon_meta']
[1.468s] Level 1:colcon.colcon_core.package_identification:_identify(src/ldrobot-lidar-ros2/3d_model) by extension 'colcon_meta'
[1.468s] Level 1:colcon.colcon_core.package_identification:_identify(src/ldrobot-lidar-ros2/3d_model) by extensions ['ros']
[1.468s] Level 1:colcon.colcon_core.package_identification:_identify(src/ldrobot-lidar-ros2/3d_model) by extension 'ros'
[1.468s] Level 1:colcon.colcon_core.package_identification:_identify(src/ldrobot-lidar-ros2/3d_model) by extensions ['cmake', 'python']
[1.468s] Level 1:colcon.colcon_core.package_identification:_identify(src/ldrobot-lidar-ros2/3d_model) by extension 'cmake'
[1.469s] Level 1:colcon.colcon_core.package_identification:_identify(src/ldrobot-lidar-ros2/3d_model) by extension 'python'
[1.469s] Level 1:colcon.colcon_core.package_identification:_identify(src/ldrobot-lidar-ros2/3d_model) by extensions ['python_setup_py']
[1.469s] Level 1:colcon.colcon_core.package_identification:_identify(src/ldrobot-lidar-ros2/3d_model) by extension 'python_setup_py'
[1.469s] Level 1:colcon.colcon_core.package_identification:_identify(src/ldrobot-lidar-ros2/docs) by extensions ['ignore', 'ignore_ament_install']
[1.470s] Level 1:colcon.colcon_core.package_identification:_identify(src/ldrobot-lidar-ros2/docs) by extension 'ignore'
[1.470s] Level 1:colcon.colcon_core.package_identification:_identify(src/ldrobot-lidar-ros2/docs) by extension 'ignore_ament_install'
[1.470s] Level 1:colcon.colcon_core.package_identification:_identify(src/ldrobot-lidar-ros2/docs) by extensions ['colcon_pkg']
[1.470s] Level 1:colcon.colcon_core.package_identification:_identify(src/ldrobot-lidar-ros2/docs) by extension 'colcon_pkg'
[1.470s] Level 1:colcon.colcon_core.package_identification:_identify(src/ldrobot-lidar-ros2/docs) by extensions ['colcon_meta']
[1.470s] Level 1:colcon.colcon_core.package_identification:_identify(src/ldrobot-lidar-ros2/docs) by extension 'colcon_meta'
[1.471s] Level 1:colcon.colcon_core.package_identification:_identify(src/ldrobot-lidar-ros2/docs) by extensions ['ros']
[1.471s] Level 1:colcon.colcon_core.package_identification:_identify(src/ldrobot-lidar-ros2/docs) by extension 'ros'
[1.471s] Level 1:colcon.colcon_core.package_identification:_identify(src/ldrobot-lidar-ros2/docs) by extensions ['cmake', 'python']
[1.471s] Level 1:colcon.colcon_core.package_identification:_identify(src/ldrobot-lidar-ros2/docs) by extension 'cmake'
[1.471s] Level 1:colcon.colcon_core.package_identification:_identify(src/ldrobot-lidar-ros2/docs) by extension 'python'
[1.472s] Level 1:colcon.colcon_core.package_identification:_identify(src/ldrobot-lidar-ros2/docs) by extensions ['python_setup_py']
[1.472s] Level 1:colcon.colcon_core.package_identification:_identify(src/ldrobot-lidar-ros2/docs) by extension 'python_setup_py'
[1.472s] Level 1:colcon.colcon_core.package_identification:_identify(src/ldrobot-lidar-ros2/images) by extensions ['ignore', 'ignore_ament_install']
[1.472s] Level 1:colcon.colcon_core.package_identification:_identify(src/ldrobot-lidar-ros2/images) by extension 'ignore'
[1.473s] Level 1:colcon.colcon_core.package_identification:_identify(src/ldrobot-lidar-ros2/images) by extension 'ignore_ament_install'
[1.473s] Level 1:colcon.colcon_core.package_identification:_identify(src/ldrobot-lidar-ros2/images) by extensions ['colcon_pkg']
[1.473s] Level 1:colcon.colcon_core.package_identification:_identify(src/ldrobot-lidar-ros2/images) by extension 'colcon_pkg'
[1.473s] Level 1:colcon.colcon_core.package_identification:_identify(src/ldrobot-lidar-ros2/images) by extensions ['colcon_meta']
[1.473s] Level 1:colcon.colcon_core.package_identification:_identify(src/ldrobot-lidar-ros2/images) by extension 'colcon_meta'
[1.474s] Level 1:colcon.colcon_core.package_identification:_identify(src/ldrobot-lidar-ros2/images) by extensions ['ros']
[1.474s] Level 1:colcon.colcon_core.package_identification:_identify(src/ldrobot-lidar-ros2/images) by extension 'ros'
[1.474s] Level 1:colcon.colcon_core.package_identification:_identify(src/ldrobot-lidar-ros2/images) by extensions ['cmake', 'python']
[1.474s] Level 1:colcon.colcon_core.package_identification:_identify(src/ldrobot-lidar-ros2/images) by extension 'cmake'
[1.474s] Level 1:colcon.colcon_core.package_identification:_identify(src/ldrobot-lidar-ros2/images) by extension 'python'
[1.474s] Level 1:colcon.colcon_core.package_identification:_identify(src/ldrobot-lidar-ros2/images) by extensions ['python_setup_py']
[1.475s] Level 1:colcon.colcon_core.package_identification:_identify(src/ldrobot-lidar-ros2/images) by extension 'python_setup_py'
[1.475s] Level 1:colcon.colcon_core.package_identification:_identify(src/ldrobot-lidar-ros2/ldlidar) by extensions ['ignore', 'ignore_ament_install']
[1.475s] Level 1:colcon.colcon_core.package_identification:_identify(src/ldrobot-lidar-ros2/ldlidar) by extension 'ignore'
[1.476s] Level 1:colcon.colcon_core.package_identification:_identify(src/ldrobot-lidar-ros2/ldlidar) by extension 'ignore_ament_install'
[1.476s] Level 1:colcon.colcon_core.package_identification:_identify(src/ldrobot-lidar-ros2/ldlidar) by extensions ['colcon_pkg']
[1.476s] Level 1:colcon.colcon_core.package_identification:_identify(src/ldrobot-lidar-ros2/ldlidar) by extension 'colcon_pkg'
[1.476s] Level 1:colcon.colcon_core.package_identification:_identify(src/ldrobot-lidar-ros2/ldlidar) by extensions ['colcon_meta']
[1.476s] Level 1:colcon.colcon_core.package_identification:_identify(src/ldrobot-lidar-ros2/ldlidar) by extension 'colcon_meta'
[1.476s] Level 1:colcon.colcon_core.package_identification:_identify(src/ldrobot-lidar-ros2/ldlidar) by extensions ['ros']
[1.476s] Level 1:colcon.colcon_core.package_identification:_identify(src/ldrobot-lidar-ros2/ldlidar) by extension 'ros'
[1.479s] DEBUG:colcon.colcon_core.package_identification:Package 'src/ldrobot-lidar-ros2/ldlidar' with type 'ros.ament_cmake' and name 'ldlidar'
[1.480s] Level 1:colcon.colcon_core.package_identification:_identify(src/ldrobot-lidar-ros2/ldlidar_component) by extensions ['ignore', 'ignore_ament_install']
[1.480s] Level 1:colcon.colcon_core.package_identification:_identify(src/ldrobot-lidar-ros2/ldlidar_component) by extension 'ignore'
[1.480s] Level 1:colcon.colcon_core.package_identification:_identify(src/ldrobot-lidar-ros2/ldlidar_component) by extension 'ignore_ament_install'
[1.480s] Level 1:colcon.colcon_core.package_identification:_identify(src/ldrobot-lidar-ros2/ldlidar_component) by extensions ['colcon_pkg']
[1.481s] Level 1:colcon.colcon_core.package_identification:_identify(src/ldrobot-lidar-ros2/ldlidar_component) by extension 'colcon_pkg'
[1.481s] Level 1:colcon.colcon_core.package_identification:_identify(src/ldrobot-lidar-ros2/ldlidar_component) by extensions ['colcon_meta']
[1.481s] Level 1:colcon.colcon_core.package_identification:_identify(src/ldrobot-lidar-ros2/ldlidar_component) by extension 'colcon_meta'
[1.481s] Level 1:colcon.colcon_core.package_identification:_identify(src/ldrobot-lidar-ros2/ldlidar_component) by extensions ['ros']
[1.481s] Level 1:colcon.colcon_core.package_identification:_identify(src/ldrobot-lidar-ros2/ldlidar_component) by extension 'ros'
[1.487s] DEBUG:colcon.colcon_core.package_identification:Package 'src/ldrobot-lidar-ros2/ldlidar_component' with type 'ros.ament_cmake' and name 'ldlidar_component'
[1.487s] Level 1:colcon.colcon_core.package_identification:_identify(src/ldrobot-lidar-ros2/ldlidar_node) by extensions ['ignore', 'ignore_ament_install']
[1.488s] Level 1:colcon.colcon_core.package_identification:_identify(src/ldrobot-lidar-ros2/ldlidar_node) by extension 'ignore'
[1.488s] Level 1:colcon.colcon_core.package_identification:_identify(src/ldrobot-lidar-ros2/ldlidar_node) by extension 'ignore_ament_install'
[1.488s] Level 1:colcon.colcon_core.package_identification:_identify(src/ldrobot-lidar-ros2/ldlidar_node) by extensions ['colcon_pkg']
[1.488s] Level 1:colcon.colcon_core.package_identification:_identify(src/ldrobot-lidar-ros2/ldlidar_node) by extension 'colcon_pkg'
[1.488s] Level 1:colcon.colcon_core.package_identification:_identify(src/ldrobot-lidar-ros2/ldlidar_node) by extensions ['colcon_meta']
[1.489s] Level 1:colcon.colcon_core.package_identification:_identify(src/ldrobot-lidar-ros2/ldlidar_node) by extension 'colcon_meta'
[1.489s] Level 1:colcon.colcon_core.package_identification:_identify(src/ldrobot-lidar-ros2/ldlidar_node) by extensions ['ros']
[1.489s] Level 1:colcon.colcon_core.package_identification:_identify(src/ldrobot-lidar-ros2/ldlidar_node) by extension 'ros'
[1.492s] DEBUG:colcon.colcon_core.package_identification:Package 'src/ldrobot-lidar-ros2/ldlidar_node' with type 'ros.ament_cmake' and name 'ldlidar_node'
[1.493s] Level 1:colcon.colcon_core.package_identification:_identify(src/ldrobot-lidar-ros2/rules) by extensions ['ignore', 'ignore_ament_install']
[1.493s] Level 1:colcon.colcon_core.package_identification:_identify(src/ldrobot-lidar-ros2/rules) by extension 'ignore'
[1.493s] Level 1:colcon.colcon_core.package_identification:_identify(src/ldrobot-lidar-ros2/rules) by extension 'ignore_ament_install'
[1.493s] Level 1:colcon.colcon_core.package_identification:_identify(src/ldrobot-lidar-ros2/rules) by extensions ['colcon_pkg']
[1.494s] Level 1:colcon.colcon_core.package_identification:_identify(src/ldrobot-lidar-ros2/rules) by extension 'colcon_pkg'
[1.494s] Level 1:colcon.colcon_core.package_identification:_identify(src/ldrobot-lidar-ros2/rules) by extensions ['colcon_meta']
[1.494s] Level 1:colcon.colcon_core.package_identification:_identify(src/ldrobot-lidar-ros2/rules) by extension 'colcon_meta'
[1.494s] Level 1:colcon.colcon_core.package_identification:_identify(src/ldrobot-lidar-ros2/rules) by extensions ['ros']
[1.494s] Level 1:colcon.colcon_core.package_identification:_identify(src/ldrobot-lidar-ros2/rules) by extension 'ros'
[1.494s] Level 1:colcon.colcon_core.package_identification:_identify(src/ldrobot-lidar-ros2/rules) by extensions ['cmake', 'python']
[1.495s] Level 1:colcon.colcon_core.package_identification:_identify(src/ldrobot-lidar-ros2/rules) by extension 'cmake'
[1.495s] Level 1:colcon.colcon_core.package_identification:_identify(src/ldrobot-lidar-ros2/rules) by extension 'python'
[1.495s] Level 1:colcon.colcon_core.package_identification:_identify(src/ldrobot-lidar-ros2/rules) by extensions ['python_setup_py']
[1.495s] Level 1:colcon.colcon_core.package_identification:_identify(src/ldrobot-lidar-ros2/rules) by extension 'python_setup_py'
[1.495s] Level 1:colcon.colcon_core.package_identification:_identify(src/ldrobot-lidar-ros2/scripts) by extensions ['ignore', 'ignore_ament_install']
[1.496s] Level 1:colcon.colcon_core.package_identification:_identify(src/ldrobot-lidar-ros2/scripts) by extension 'ignore'
[1.496s] Level 1:colcon.colcon_core.package_identification:_identify(src/ldrobot-lidar-ros2/scripts) by extension 'ignore_ament_install'
[1.496s] Level 1:colcon.colcon_core.package_identification:_identify(src/ldrobot-lidar-ros2/scripts) by extensions ['colcon_pkg']
[1.496s] Level 1:colcon.colcon_core.package_identification:_identify(src/ldrobot-lidar-ros2/scripts) by extension 'colcon_pkg'
[1.496s] Level 1:colcon.colcon_core.package_identification:_identify(src/ldrobot-lidar-ros2/scripts) by extensions ['colcon_meta']
[1.497s] Level 1:colcon.colcon_core.package_identification:_identify(src/ldrobot-lidar-ros2/scripts) by extension 'colcon_meta'
[1.497s] Level 1:colcon.colcon_core.package_identification:_identify(src/ldrobot-lidar-ros2/scripts) by extensions ['ros']
[1.497s] Level 1:colcon.colcon_core.package_identification:_identify(src/ldrobot-lidar-ros2/scripts) by extension 'ros'
[1.497s] Level 1:colcon.colcon_core.package_identification:_identify(src/ldrobot-lidar-ros2/scripts) by extensions ['cmake', 'python']
[1.498s] Level 1:colcon.colcon_core.package_identification:_identify(src/ldrobot-lidar-ros2/scripts) by extension 'cmake'
[1.498s] Level 1:colcon.colcon_core.package_identification:_identify(src/ldrobot-lidar-ros2/scripts) by extension 'python'
[1.498s] Level 1:colcon.colcon_core.package_identification:_identify(src/ldrobot-lidar-ros2/scripts) by extensions ['python_setup_py']
[1.498s] Level 1:colcon.colcon_core.package_identification:_identify(src/ldrobot-lidar-ros2/scripts) by extension 'python_setup_py'
[1.499s] Level 1:colcon.colcon_core.package_identification:_identify(src/log) by extensions ['ignore', 'ignore_ament_install']
[1.499s] Level 1:colcon.colcon_core.package_identification:_identify(src/log) by extension 'ignore'
[1.499s] Level 1:colcon.colcon_core.package_identification:_identify(src/log) ignored
[1.499s] Level 1:colcon.colcon_core.package_identification:_identify(src/py_pkg) by extensions ['ignore', 'ignore_ament_install']
[1.500s] Level 1:colcon.colcon_core.package_identification:_identify(src/py_pkg) by extension 'ignore'
[1.500s] Level 1:colcon.colcon_core.package_identification:_identify(src/py_pkg) by extension 'ignore_ament_install'
[1.500s] Level 1:colcon.colcon_core.package_identification:_identify(src/py_pkg) by extensions ['colcon_pkg']
[1.500s] Level 1:colcon.colcon_core.package_identification:_identify(src/py_pkg) by extension 'colcon_pkg'
[1.500s] Level 1:colcon.colcon_core.package_identification:_identify(src/py_pkg) by extensions ['colcon_meta']
[1.500s] Level 1:colcon.colcon_core.package_identification:_identify(src/py_pkg) by extension 'colcon_meta'
[1.501s] Level 1:colcon.colcon_core.package_identification:_identify(src/py_pkg) by extensions ['ros']
[1.501s] Level 1:colcon.colcon_core.package_identification:_identify(src/py_pkg) by extension 'ros'
[1.503s] DEBUG:colcon.colcon_core.package_identification:Package 'src/py_pkg' with type 'ros.ament_python' and name 'py_pkg'
[1.504s] Level 1:colcon.colcon_core.package_identification:_identify(src/robot_bringup) by extensions ['ignore', 'ignore_ament_install']
[1.504s] Level 1:colcon.colcon_core.package_identification:_identify(src/robot_bringup) by extension 'ignore'
[1.504s] Level 1:colcon.colcon_core.package_identification:_identify(src/robot_bringup) by extension 'ignore_ament_install'
[1.504s] Level 1:colcon.colcon_core.package_identification:_identify(src/robot_bringup) by extensions ['colcon_pkg']
[1.505s] Level 1:colcon.colcon_core.package_identification:_identify(src/robot_bringup) by extension 'colcon_pkg'
[1.505s] Level 1:colcon.colcon_core.package_identification:_identify(src/robot_bringup) by extensions ['colcon_meta']
[1.505s] Level 1:colcon.colcon_core.package_identification:_identify(src/robot_bringup) by extension 'colcon_meta'
[1.505s] Level 1:colcon.colcon_core.package_identification:_identify(src/robot_bringup) by extensions ['ros']
[1.505s] Level 1:colcon.colcon_core.package_identification:_identify(src/robot_bringup) by extension 'ros'
[1.507s] DEBUG:colcon.colcon_core.package_identification:Package 'src/robot_bringup' with type 'ros.ament_cmake' and name 'robot_bringup'
[1.508s] Level 1:colcon.colcon_core.package_discovery:discover_packages(recursive) using defaults
[1.508s] Level 1:colcon.colcon_core.package_discovery:discover_packages(ignore) discover
[1.508s] Level 1:colcon.colcon_core.package_discovery:discover_packages(ignore) using defaults
[1.508s] Level 1:colcon.colcon_core.package_discovery:discover_packages(path) discover
[1.508s] Level 1:colcon.colcon_core.package_discovery:discover_packages(path) using defaults
[1.634s] INFO:colcon.colcon_core.package_selection:Skipping not selected package 'cpp_pkg' in 'src/cpp_pkg'
[1.635s] INFO:colcon.colcon_core.package_selection:Skipping not selected package 'ldlidar' in 'sdk_ldrobotsensorteam_stl/ros_app/src/ldlidar'
[1.635s] INFO:colcon.colcon_core.package_selection:Skipping not selected package 'ldlidar' in 'sdk_ldrobotsensorteam_stl/ros2_app/src/ldlidar'
[1.635s] INFO:colcon.colcon_core.package_selection:Skipping not selected package 'ldlidar_component' in 'src/ldrobot-lidar-ros2/ldlidar_component'
[1.635s] INFO:colcon.colcon_core.package_selection:Skipping not selected package 'ldlidar_stl' in 'sdk_ldrobotsensorteam_stl/linux_app'
[1.635s] INFO:colcon.colcon_core.package_selection:Skipping not selected package 'py_pkg' in 'src/py_pkg'
[1.635s] INFO:colcon.colcon_core.package_selection:Skipping not selected package 'ldlidar_node' in 'src/ldrobot-lidar-ros2/ldlidar_node'
[1.635s] INFO:colcon.colcon_core.package_selection:Skipping not selected package 'ldlidar' in 'src/ldrobot-lidar-ros2/ldlidar'
[1.637s] Level 1:colcon.colcon_core.package_discovery:discover_packages(prefix_path) check parameters
[1.637s] Level 1:colcon.colcon_core.package_discovery:discover_packages(prefix_path) discover
[1.647s] DEBUG:colcon.colcon_installed_package_information.package_discovery:Found 1 installed packages in /home/user/ldlidar_ros2_ws/install
[1.649s] DEBUG:colcon.colcon_installed_package_information.package_discovery:Found 1 installed packages in /home/user/ros2_ws/sdk_ldrobotsensorteam_stl/ros2_app/install
[1.652s] DEBUG:colcon.colcon_installed_package_information.package_discovery:Found 6 installed packages in /home/user/ros2_ws/install
[1.663s] DEBUG:colcon.colcon_installed_package_information.package_discovery:Found 338 installed packages in /opt/ros/humble
[1.671s] Level 1:colcon.colcon_core.package_discovery:discover_packages(prefix_path) using defaults
[1.868s] Level 5:colcon.colcon_core.verb:set package 'robot_bringup' build argument 'cmake_args' from command line to 'None'
[1.869s] Level 5:colcon.colcon_core.verb:set package 'robot_bringup' build argument 'cmake_target' from command line to 'None'
[1.869s] Level 5:colcon.colcon_core.verb:set package 'robot_bringup' build argument 'cmake_target_skip_unavailable' from command line to 'False'
[1.869s] Level 5:colcon.colcon_core.verb:set package 'robot_bringup' build argument 'cmake_clean_cache' from command line to 'False'
[1.869s] Level 5:colcon.colcon_core.verb:set package 'robot_bringup' build argument 'cmake_clean_first' from command line to 'False'
[1.869s] Level 5:colcon.colcon_core.verb:set package 'robot_bringup' build argument 'cmake_force_configure' from command line to 'False'
[1.869s] Level 5:colcon.colcon_core.verb:set package 'robot_bringup' build argument 'ament_cmake_args' from command line to 'None'
[1.869s] Level 5:colcon.colcon_core.verb:set package 'robot_bringup' build argument 'catkin_cmake_args' from command line to 'None'
[1.869s] Level 5:colcon.colcon_core.verb:set package 'robot_bringup' build argument 'catkin_skip_building_tests' from command line to 'False'
[1.870s] DEBUG:colcon.colcon_core.verb:Building package 'robot_bringup' with the following arguments: {'ament_cmake_args': None, 'build_base': '/home/user/ros2_ws/build/robot_bringup', 'catkin_cmake_args': None, 'catkin_skip_building_tests': False, 'cmake_args': None, 'cmake_clean_cache': False, 'cmake_clean_first': False, 'cmake_force_configure': False, 'cmake_target': None, 'cmake_target_skip_unavailable': False, 'install_base': '/home/user/ros2_ws/install/robot_bringup', 'merge_install': False, 'path': '/home/user/ros2_ws/src/robot_bringup', 'symlink_install': False, 'test_result_base': None}
[1.870s] INFO:colcon.colcon_core.executor:Executing jobs using 'parallel' executor
[1.874s] DEBUG:colcon.colcon_parallel_executor.executor.parallel:run_until_complete
[1.875s] INFO:colcon.colcon_ros.task.ament_cmake.build:Building ROS package in '/home/user/ros2_ws/src/robot_bringup' with build type 'ament_cmake'
[1.875s] INFO:colcon.colcon_cmake.task.cmake.build:Building CMake package in '/home/user/ros2_ws/src/robot_bringup'
[1.885s] INFO:colcon.colcon_core.plugin_system:Skipping extension 'colcon_core.shell.bat': Not used on non-Windows systems
[1.885s] INFO:colcon.colcon_core.shell:Skip shell extension 'powershell' for command environment: Not usable outside of PowerShell
[1.886s] DEBUG:colcon.colcon_core.shell:Skip shell extension 'dsv' for command environment
[1.944s] DEBUG:colcon.colcon_core.event_handler.log_command:Invoking command in '/home/user/ros2_ws/build/robot_bringup': AMENT_PREFIX_PATH=/home/user/ros2_ws/install/py_pkg:/home/user/ros2_ws/install/robot_bringup:/home/user/ros2_ws/install/ldlidar:/home/user/ros2_ws/install/ldlidar_node:/home/user/ros2_ws/install/ldlidar_component:/home/user/ros2_ws/install/cpp_pkg:/home/user/ldlidar_ros2_ws/install/ldlidar_stl_ros2:/home/user/ros2_ws/sdk_ldrobotsensorteam_stl/ros2_app/install/ldlidar:/opt/ros/humble CMAKE_PREFIX_PATH=/home/user/ros2_ws/install/cpp_pkg:/home/user/ros2_ws/install/robot_bringup:/home/user/ros2_ws/install/ldlidar:/home/user/ros2_ws/install/ldlidar_node:/home/user/ros2_ws/install/ldlidar_component:/home/user/ldlidar_ros2_ws/install/ldlidar_stl_ros2:/home/user/ros2_ws/sdk_ldrobotsensorteam_stl/ros2_app/install/ldlidar:/home/user/ros2_ws/install/py_pkg:/opt/ros/humble /usr/bin/cmake --build /home/user/ros2_ws/build/robot_bringup -- -j4 -l4
[2.108s] DEBUG:colcon.colcon_core.event_handler.log_command:Invoked command in '/home/user/ros2_ws/build/robot_bringup' returned '0': AMENT_PREFIX_PATH=/home/user/ros2_ws/install/py_pkg:/home/user/ros2_ws/install/robot_bringup:/home/user/ros2_ws/install/ldlidar:/home/user/ros2_ws/install/ldlidar_node:/home/user/ros2_ws/install/ldlidar_component:/home/user/ros2_ws/install/cpp_pkg:/home/user/ldlidar_ros2_ws/install/ldlidar_stl_ros2:/home/user/ros2_ws/sdk_ldrobotsensorteam_stl/ros2_app/install/ldlidar:/opt/ros/humble CMAKE_PREFIX_PATH=/home/user/ros2_ws/install/cpp_pkg:/home/user/ros2_ws/install/robot_bringup:/home/user/ros2_ws/install/ldlidar:/home/user/ros2_ws/install/ldlidar_node:/home/user/ros2_ws/install/ldlidar_component:/home/user/ldlidar_ros2_ws/install/ldlidar_stl_ros2:/home/user/ros2_ws/sdk_ldrobotsensorteam_stl/ros2_app/install/ldlidar:/home/user/ros2_ws/install/py_pkg:/opt/ros/humble /usr/bin/cmake --build /home/user/ros2_ws/build/robot_bringup -- -j4 -l4
[2.156s] DEBUG:colcon.colcon_core.event_handler.log_command:Invoking command in '/home/user/ros2_ws/build/robot_bringup': AMENT_PREFIX_PATH=/home/user/ros2_ws/install/py_pkg:/home/user/ros2_ws/install/robot_bringup:/home/user/ros2_ws/install/ldlidar:/home/user/ros2_ws/install/ldlidar_node:/home/user/ros2_ws/install/ldlidar_component:/home/user/ros2_ws/install/cpp_pkg:/home/user/ldlidar_ros2_ws/install/ldlidar_stl_ros2:/home/user/ros2_ws/sdk_ldrobotsensorteam_stl/ros2_app/install/ldlidar:/opt/ros/humble CMAKE_PREFIX_PATH=/home/user/ros2_ws/install/cpp_pkg:/home/user/ros2_ws/install/robot_bringup:/home/user/ros2_ws/install/ldlidar:/home/user/ros2_ws/install/ldlidar_node:/home/user/ros2_ws/install/ldlidar_component:/home/user/ldlidar_ros2_ws/install/ldlidar_stl_ros2:/home/user/ros2_ws/sdk_ldrobotsensorteam_stl/ros2_app/install/ldlidar:/home/user/ros2_ws/install/py_pkg:/opt/ros/humble /usr/bin/cmake --install /home/user/ros2_ws/build/robot_bringup
[2.196s] Level 1:colcon.colcon_core.environment:create_environment_scripts_only(robot_bringup)
[2.198s] DEBUG:colcon.colcon_core.event_handler.log_command:Invoked command in '/home/user/ros2_ws/build/robot_bringup' returned '0': AMENT_PREFIX_PATH=/home/user/ros2_ws/install/py_pkg:/home/user/ros2_ws/install/robot_bringup:/home/user/ros2_ws/install/ldlidar:/home/user/ros2_ws/install/ldlidar_node:/home/user/ros2_ws/install/ldlidar_component:/home/user/ros2_ws/install/cpp_pkg:/home/user/ldlidar_ros2_ws/install/ldlidar_stl_ros2:/home/user/ros2_ws/sdk_ldrobotsensorteam_stl/ros2_app/install/ldlidar:/opt/ros/humble CMAKE_PREFIX_PATH=/home/user/ros2_ws/install/cpp_pkg:/home/user/ros2_ws/install/robot_bringup:/home/user/ros2_ws/install/ldlidar:/home/user/ros2_ws/install/ldlidar_node:/home/user/ros2_ws/install/ldlidar_component:/home/user/ldlidar_ros2_ws/install/ldlidar_stl_ros2:/home/user/ros2_ws/sdk_ldrobotsensorteam_stl/ros2_app/install/ldlidar:/home/user/ros2_ws/install/py_pkg:/opt/ros/humble /usr/bin/cmake --install /home/user/ros2_ws/build/robot_bringup
[2.210s] Level 1:colcon.colcon_core.environment:checking '/home/user/ros2_ws/install/robot_bringup' for CMake module files
[2.213s] Level 1:colcon.colcon_core.environment:checking '/home/user/ros2_ws/install/robot_bringup' for CMake config files
[2.215s] Level 1:colcon.colcon_core.shell:create_environment_hook('robot_bringup', 'cmake_prefix_path')
[2.216s] INFO:colcon.colcon_core.shell:Creating environment hook '/home/user/ros2_ws/install/robot_bringup/share/robot_bringup/hook/cmake_prefix_path.ps1'
[2.219s] INFO:colcon.colcon_core.shell:Creating environment descriptor '/home/user/ros2_ws/install/robot_bringup/share/robot_bringup/hook/cmake_prefix_path.dsv'
[2.221s] INFO:colcon.colcon_core.shell:Creating environment hook '/home/user/ros2_ws/install/robot_bringup/share/robot_bringup/hook/cmake_prefix_path.sh'
[2.225s] Level 1:colcon.colcon_core.environment:checking '/home/user/ros2_ws/install/robot_bringup/bin'
[2.226s] Level 1:colcon.colcon_core.environment:checking '/home/user/ros2_ws/install/robot_bringup/lib/pkgconfig/robot_bringup.pc'
[2.226s] Level 1:colcon.colcon_core.environment:checking '/home/user/ros2_ws/install/robot_bringup/lib/python3.10/site-packages'
[2.227s] Level 1:colcon.colcon_core.environment:checking '/home/user/ros2_ws/install/robot_bringup/bin'
[2.228s] INFO:colcon.colcon_core.shell:Creating package script '/home/user/ros2_ws/install/robot_bringup/share/robot_bringup/package.ps1'
[2.232s] INFO:colcon.colcon_core.shell:Creating package descriptor '/home/user/ros2_ws/install/robot_bringup/share/robot_bringup/package.dsv'
[2.234s] INFO:colcon.colcon_core.shell:Creating package script '/home/user/ros2_ws/install/robot_bringup/share/robot_bringup/package.sh'
[2.237s] INFO:colcon.colcon_core.shell:Creating package script '/home/user/ros2_ws/install/robot_bringup/share/robot_bringup/package.bash'
[2.241s] INFO:colcon.colcon_core.shell:Creating package script '/home/user/ros2_ws/install/robot_bringup/share/robot_bringup/package.zsh'
[2.244s] Level 1:colcon.colcon_core.environment:create_file_with_runtime_dependencies(/home/user/ros2_ws/install/robot_bringup/share/colcon-core/packages/robot_bringup)
[2.246s] Level 1:colcon.colcon_core.environment:create_environment_scripts_only(robot_bringup)
[2.247s] Level 1:colcon.colcon_core.environment:checking '/home/user/ros2_ws/install/robot_bringup' for CMake module files
[2.250s] Level 1:colcon.colcon_core.environment:checking '/home/user/ros2_ws/install/robot_bringup' for CMake config files
[2.251s] Level 1:colcon.colcon_core.shell:create_environment_hook('robot_bringup', 'cmake_prefix_path')
[2.252s] INFO:colcon.colcon_core.shell:Creating environment hook '/home/user/ros2_ws/install/robot_bringup/share/robot_bringup/hook/cmake_prefix_path.ps1'
[2.254s] INFO:colcon.colcon_core.shell:Creating environment descriptor '/home/user/ros2_ws/install/robot_bringup/share/robot_bringup/hook/cmake_prefix_path.dsv'
[2.256s] INFO:colcon.colcon_core.shell:Creating environment hook '/home/user/ros2_ws/install/robot_bringup/share/robot_bringup/hook/cmake_prefix_path.sh'
[2.258s] Level 1:colcon.colcon_core.environment:checking '/home/user/ros2_ws/install/robot_bringup/bin'
[2.258s] Level 1:colcon.colcon_core.environment:checking '/home/user/ros2_ws/install/robot_bringup/lib/pkgconfig/robot_bringup.pc'
[2.259s] Level 1:colcon.colcon_core.environment:checking '/home/user/ros2_ws/install/robot_bringup/lib/python3.10/site-packages'
[2.260s] Level 1:colcon.colcon_core.environment:checking '/home/user/ros2_ws/install/robot_bringup/bin'
[2.261s] INFO:colcon.colcon_core.shell:Creating package script '/home/user/ros2_ws/install/robot_bringup/share/robot_bringup/package.ps1'
[2.264s] INFO:colcon.colcon_core.shell:Creating package descriptor '/home/user/ros2_ws/install/robot_bringup/share/robot_bringup/package.dsv'
[2.266s] INFO:colcon.colcon_core.shell:Creating package script '/home/user/ros2_ws/install/robot_bringup/share/robot_bringup/package.sh'
[2.268s] INFO:colcon.colcon_core.shell:Creating package script '/home/user/ros2_ws/install/robot_bringup/share/robot_bringup/package.bash'
[2.270s] INFO:colcon.colcon_core.shell:Creating package script '/home/user/ros2_ws/install/robot_bringup/share/robot_bringup/package.zsh'
[2.272s] Level 1:colcon.colcon_core.environment:create_file_with_runtime_dependencies(/home/user/ros2_ws/install/robot_bringup/share/colcon-core/packages/robot_bringup)
[2.273s] DEBUG:colcon.colcon_parallel_executor.executor.parallel:closing loop
[2.274s] DEBUG:colcon.colcon_parallel_executor.executor.parallel:loop closed
[2.275s] DEBUG:colcon.colcon_parallel_executor.executor.parallel:run_until_complete finished with '0'
[2.275s] DEBUG:colcon.colcon_core.event_reactor:joining thread
[2.299s] INFO:colcon.colcon_core.plugin_system:Skipping extension 'colcon_notification.desktop_notification.terminal_notifier': Not used on non-Darwin systems
[2.300s] INFO:colcon.colcon_core.plugin_system:Skipping extension 'colcon_notification.desktop_notification.win32': Not used on non-Windows systems
[2.300s] INFO:colcon.colcon_notification.desktop_notification:Sending desktop notification using 'notify2'
[2.354s] DEBUG:colcon.colcon_core.event_reactor:joined thread
[2.355s] INFO:colcon.colcon_core.shell:Creating prefix script '/home/user/ros2_ws/install/local_setup.ps1'
[2.360s] INFO:colcon.colcon_core.shell:Creating prefix util module '/home/user/ros2_ws/install/_local_setup_util_ps1.py'
[2.367s] INFO:colcon.colcon_core.shell:Creating prefix chain script '/home/user/ros2_ws/install/setup.ps1'
[2.376s] INFO:colcon.colcon_core.shell:Creating prefix script '/home/user/ros2_ws/install/local_setup.sh'
[2.380s] INFO:colcon.colcon_core.shell:Creating prefix util module '/home/user/ros2_ws/install/_local_setup_util_sh.py'
[2.384s] INFO:colcon.colcon_core.shell:Creating prefix chain script '/home/user/ros2_ws/install/setup.sh'
[2.393s] INFO:colcon.colcon_core.shell:Creating prefix script '/home/user/ros2_ws/install/local_setup.bash'
[2.396s] INFO:colcon.colcon_core.shell:Creating prefix chain script '/home/user/ros2_ws/install/setup.bash'
[2.405s] INFO:colcon.colcon_core.shell:Creating prefix script '/home/user/ros2_ws/install/local_setup.zsh'
[2.409s] INFO:colcon.colcon_core.shell:Creating prefix chain script '/home/user/ros2_ws/install/setup.zsh'
