[0.062s] Invoking command in '/home/user/ros2_ws/build/robot_bringup': CMAKE_PREFIX_PATH=/home/user/ros2_ws/install/cpp_pkg:/home/user/ros2_ws/install/ldlidar:/home/user/ros2_ws/install/ldlidar_node:/home/user/ros2_ws/install/ldlidar_component:/home/user/ldlidar_ros2_ws/install/ldlidar_stl_ros2:/home/user/ros2_ws/sdk_ldrobotsensorteam_stl/ros2_app/install/ldlidar:/home/user/ros2_ws/install/py_pkg:/opt/ros/humble /usr/bin/cmake /home/user/ros2_ws/src/robot_bringup -DCMAKE_INSTALL_PREFIX=/home/user/ros2_ws/install/robot_bringup
[1.959s] -- The C compiler identification is GNU 11.4.0
[2.248s] -- The CXX compiler identification is GNU 11.4.0
[2.288s] -- Detecting C compiler ABI info
[2.654s] -- Detecting C compiler ABI info - done
[2.680s] -- Check for working C compiler: /usr/bin/cc - skipped
[2.682s] -- Detecting C compile features
[2.685s] -- Detecting C compile features - done
[2.698s] -- Detecting CXX compiler ABI info
[5.181s] -- Detecting CXX compiler ABI info - done
[5.183s] -- Check for working CXX compiler: /usr/bin/c++ - skipped
[5.184s] -- Detecting CXX compile features
[5.185s] -- Detecting CXX compile features - done
[6.426s] -- Found ament_cmake: 1.3.11 (/opt/ros/humble/share/ament_cmake/cmake)
[7.214s] -- Found Python3: /usr/bin/python3 (found version "3.10.12") found components: Interpreter 
[8.208s] -- Configuring done
[8.226s] -- Generating done
[8.870s] -- Build files have been written to: /home/user/ros2_ws/build/robot_bringup
[8.886s] Invoked command in '/home/user/ros2_ws/build/robot_bringup' returned '0': CMAKE_PREFIX_PATH=/home/user/ros2_ws/install/cpp_pkg:/home/user/ros2_ws/install/ldlidar:/home/user/ros2_ws/install/ldlidar_node:/home/user/ros2_ws/install/ldlidar_component:/home/user/ldlidar_ros2_ws/install/ldlidar_stl_ros2:/home/user/ros2_ws/sdk_ldrobotsensorteam_stl/ros2_app/install/ldlidar:/home/user/ros2_ws/install/py_pkg:/opt/ros/humble /usr/bin/cmake /home/user/ros2_ws/src/robot_bringup -DCMAKE_INSTALL_PREFIX=/home/user/ros2_ws/install/robot_bringup
[8.899s] Invoking command in '/home/user/ros2_ws/build/robot_bringup': CMAKE_PREFIX_PATH=/home/user/ros2_ws/install/cpp_pkg:/home/user/ros2_ws/install/ldlidar:/home/user/ros2_ws/install/ldlidar_node:/home/user/ros2_ws/install/ldlidar_component:/home/user/ldlidar_ros2_ws/install/ldlidar_stl_ros2:/home/user/ros2_ws/sdk_ldrobotsensorteam_stl/ros2_app/install/ldlidar:/home/user/ros2_ws/install/py_pkg:/opt/ros/humble /usr/bin/cmake --build /home/user/ros2_ws/build/robot_bringup -- -j4 -l4
[9.055s] Invoked command in '/home/user/ros2_ws/build/robot_bringup' returned '0': CMAKE_PREFIX_PATH=/home/user/ros2_ws/install/cpp_pkg:/home/user/ros2_ws/install/ldlidar:/home/user/ros2_ws/install/ldlidar_node:/home/user/ros2_ws/install/ldlidar_component:/home/user/ldlidar_ros2_ws/install/ldlidar_stl_ros2:/home/user/ros2_ws/sdk_ldrobotsensorteam_stl/ros2_app/install/ldlidar:/home/user/ros2_ws/install/py_pkg:/opt/ros/humble /usr/bin/cmake --build /home/user/ros2_ws/build/robot_bringup -- -j4 -l4
[9.100s] Invoking command in '/home/user/ros2_ws/build/robot_bringup': CMAKE_PREFIX_PATH=/home/user/ros2_ws/install/cpp_pkg:/home/user/ros2_ws/install/ldlidar:/home/user/ros2_ws/install/ldlidar_node:/home/user/ros2_ws/install/ldlidar_component:/home/user/ldlidar_ros2_ws/install/ldlidar_stl_ros2:/home/user/ros2_ws/sdk_ldrobotsensorteam_stl/ros2_app/install/ldlidar:/home/user/ros2_ws/install/py_pkg:/opt/ros/humble /usr/bin/cmake --install /home/user/ros2_ws/build/robot_bringup
[9.127s] -- Install configuration: ""
[9.128s] -- Installing: /home/user/ros2_ws/install/robot_bringup/share/robot_bringup/launch
[9.128s] -- Installing: /home/user/ros2_ws/install/robot_bringup/share/robot_bringup/launch/robot_launch.launch.py
[9.130s] -- Installing: /home/user/ros2_ws/install/robot_bringup/share/ament_index/resource_index/package_run_dependencies/robot_bringup
[9.132s] -- Installing: /home/user/ros2_ws/install/robot_bringup/share/ament_index/resource_index/parent_prefix_path/robot_bringup
[9.134s] -- Installing: /home/user/ros2_ws/install/robot_bringup/share/robot_bringup/environment/ament_prefix_path.sh
[9.135s] -- Installing: /home/user/ros2_ws/install/robot_bringup/share/robot_bringup/environment/ament_prefix_path.dsv
[9.136s] -- Installing: /home/user/ros2_ws/install/robot_bringup/share/robot_bringup/environment/path.sh
[9.137s] -- Installing: /home/user/ros2_ws/install/robot_bringup/share/robot_bringup/environment/path.dsv
[9.138s] -- Installing: /home/user/ros2_ws/install/robot_bringup/share/robot_bringup/local_setup.bash
[9.139s] -- Installing: /home/user/ros2_ws/install/robot_bringup/share/robot_bringup/local_setup.sh
[9.140s] -- Installing: /home/user/ros2_ws/install/robot_bringup/share/robot_bringup/local_setup.zsh
[9.141s] -- Installing: /home/user/ros2_ws/install/robot_bringup/share/robot_bringup/local_setup.dsv
[9.143s] -- Installing: /home/user/ros2_ws/install/robot_bringup/share/robot_bringup/package.dsv
[9.144s] -- Installing: /home/user/ros2_ws/install/robot_bringup/share/ament_index/resource_index/packages/robot_bringup
[9.147s] -- Installing: /home/user/ros2_ws/install/robot_bringup/share/robot_bringup/cmake/robot_bringupConfig.cmake
[9.148s] -- Installing: /home/user/ros2_ws/install/robot_bringup/share/robot_bringup/cmake/robot_bringupConfig-version.cmake
[9.149s] -- Installing: /home/user/ros2_ws/install/robot_bringup/share/robot_bringup/package.xml
[9.155s] Invoked command in '/home/user/ros2_ws/build/robot_bringup' returned '0': CMAKE_PREFIX_PATH=/home/user/ros2_ws/install/cpp_pkg:/home/user/ros2_ws/install/ldlidar:/home/user/ros2_ws/install/ldlidar_node:/home/user/ros2_ws/install/ldlidar_component:/home/user/ldlidar_ros2_ws/install/ldlidar_stl_ros2:/home/user/ros2_ws/sdk_ldrobotsensorteam_stl/ros2_app/install/ldlidar:/home/user/ros2_ws/install/py_pkg:/opt/ros/humble /usr/bin/cmake --install /home/user/ros2_ws/build/robot_bringup
