[0.053s] Invoking command in '/home/user/ros2_ws/build/cpp_pkg': CMAKE_PREFIX_PATH=${CMAKE_PREFIX_PATH}:/home/user/ros2_ws/install/py_pkg:/opt/ros/humble /usr/bin/cmake --build /home/user/ros2_ws/build/cpp_pkg -- -j4 -l4
[0.237s] [35m[1mConsolidate compiler generated dependencies of target node_template[0m
[0.320s] [ 50%] [32mBuilding CXX object CMakeFiles/node_template.dir/src/node_template.cpp.o[0m
[13.076s] [100%] [32m[1mLinking CXX executable node_template[0m
[13.922s] [100%] Built target node_template
[13.965s] Invoked command in '/home/user/ros2_ws/build/cpp_pkg' returned '0': CMAKE_PREFIX_PATH=${CMAKE_PREFIX_PATH}:/home/user/ros2_ws/install/py_pkg:/opt/ros/humble /usr/bin/cmake --build /home/user/ros2_ws/build/cpp_pkg -- -j4 -l4
[14.147s] Invoking command in '/home/user/ros2_ws/build/cpp_pkg': CMAKE_PREFIX_PATH=${CMAKE_PREFIX_PATH}:/home/user/ros2_ws/install/py_pkg:/opt/ros/humble /usr/bin/cmake --install /home/user/ros2_ws/build/cpp_pkg
[14.174s] -- Install configuration: ""
[14.174s] -- Installing: /home/user/ros2_ws/install/cpp_pkg/lib/cpp_pkg/node_template
[14.178s] -- Set runtime path of "/home/user/ros2_ws/install/cpp_pkg/lib/cpp_pkg/node_template" to ""
[14.179s] -- Up-to-date: /home/user/ros2_ws/install/cpp_pkg/share/ament_index/resource_index/package_run_dependencies/cpp_pkg
[14.180s] -- Installing: /home/user/ros2_ws/install/cpp_pkg/share/ament_index/resource_index/parent_prefix_path/cpp_pkg
[14.182s] -- Up-to-date: /home/user/ros2_ws/install/cpp_pkg/share/cpp_pkg/environment/ament_prefix_path.sh
[14.182s] -- Installing: /home/user/ros2_ws/install/cpp_pkg/share/cpp_pkg/environment/ament_prefix_path.dsv
[14.184s] -- Up-to-date: /home/user/ros2_ws/install/cpp_pkg/share/cpp_pkg/environment/path.sh
[14.184s] -- Installing: /home/user/ros2_ws/install/cpp_pkg/share/cpp_pkg/environment/path.dsv
[14.185s] -- Up-to-date: /home/user/ros2_ws/install/cpp_pkg/share/cpp_pkg/local_setup.bash
[14.185s] -- Up-to-date: /home/user/ros2_ws/install/cpp_pkg/share/cpp_pkg/local_setup.sh
[14.186s] -- Up-to-date: /home/user/ros2_ws/install/cpp_pkg/share/cpp_pkg/local_setup.zsh
[14.186s] -- Installing: /home/user/ros2_ws/install/cpp_pkg/share/cpp_pkg/local_setup.dsv
[14.187s] -- Installing: /home/user/ros2_ws/install/cpp_pkg/share/cpp_pkg/package.dsv
[14.189s] -- Up-to-date: /home/user/ros2_ws/install/cpp_pkg/share/ament_index/resource_index/packages/cpp_pkg
[14.190s] -- Up-to-date: /home/user/ros2_ws/install/cpp_pkg/share/cpp_pkg/cmake/cpp_pkgConfig.cmake
[14.190s] -- Up-to-date: /home/user/ros2_ws/install/cpp_pkg/share/cpp_pkg/cmake/cpp_pkgConfig-version.cmake
[14.191s] -- Up-to-date: /home/user/ros2_ws/install/cpp_pkg/share/cpp_pkg/package.xml
[14.196s] Invoked command in '/home/user/ros2_ws/build/cpp_pkg' returned '0': CMAKE_PREFIX_PATH=${CMAKE_PREFIX_PATH}:/home/user/ros2_ws/install/py_pkg:/opt/ros/humble /usr/bin/cmake --install /home/user/ros2_ws/build/cpp_pkg
