[3.968s] Invoking command in '/home/user/ros2_ws/src/py_pkg': PYTHONPATH=/home/user/ros2_ws/build/py_pkg/prefix_override:/usr/lib/python3/dist-packages/colcon_core/task/python/colcon_distutils_commands:/home/user/ros2_ws/install/py_pkg/lib/python3.10/site-packages:${PYTHONPATH} /usr/bin/python3 -W ignore:setup.py install is deprecated -W ignore:easy_install command is deprecated setup.py egg_info --egg-base ../../build/py_pkg build --build-base /home/user/ros2_ws/build/py_pkg/build install --record /home/user/ros2_ws/build/py_pkg/install.log --single-version-externally-managed install_data
[5.101s] running egg_info
[5.103s] writing ../../build/py_pkg/py_pkg.egg-info/PKG-INFO
[5.104s] writing dependency_links to ../../build/py_pkg/py_pkg.egg-info/dependency_links.txt
[5.107s] writing entry points to ../../build/py_pkg/py_pkg.egg-info/entry_points.txt
[5.108s] writing requirements to ../../build/py_pkg/py_pkg.egg-info/requires.txt
[5.109s] writing top-level names to ../../build/py_pkg/py_pkg.egg-info/top_level.txt
[5.117s] reading manifest file '../../build/py_pkg/py_pkg.egg-info/SOURCES.txt'
[5.121s] writing manifest file '../../build/py_pkg/py_pkg.egg-info/SOURCES.txt'
[5.121s] running build
[5.122s] running build_py
[5.123s] copying py_pkg/lidar_node.py -> /home/user/ros2_ws/build/py_pkg/build/lib/py_pkg
[5.124s] running install
[5.125s] running install_lib
[5.129s] copying /home/user/ros2_ws/build/py_pkg/build/lib/py_pkg/lidar_node.py -> /home/user/ros2_ws/install/py_pkg/lib/python3.10/site-packages/py_pkg
[5.133s] byte-compiling /home/user/ros2_ws/install/py_pkg/lib/python3.10/site-packages/py_pkg/lidar_node.py to lidar_node.cpython-310.pyc
[5.134s]   File "/home/user/ros2_ws/install/py_pkg/lib/python3.10/site-packages/py_pkg/lidar_node.py", line 17
[5.134s]     		else
[5.135s]     		    ^
[5.135s] SyntaxError: expected ':'
[5.135s] 
[5.136s] running install_data
[5.136s] running install_egg_info
[5.141s] removing '/home/user/ros2_ws/install/py_pkg/lib/python3.10/site-packages/py_pkg-0.0.0-py3.10.egg-info' (and everything under it)
[5.143s] Copying ../../build/py_pkg/py_pkg.egg-info to /home/user/ros2_ws/install/py_pkg/lib/python3.10/site-packages/py_pkg-0.0.0-py3.10.egg-info
[5.148s] running install_scripts
[5.231s] Installing lidar_node script to /home/user/ros2_ws/install/py_pkg/lib/py_pkg
[5.232s] Installing node_template script to /home/user/ros2_ws/install/py_pkg/lib/py_pkg
[6.074s] writing list of installed files to '/home/user/ros2_ws/build/py_pkg/install.log'
[6.202s] Invoked command in '/home/user/ros2_ws/src/py_pkg' returned '0': PYTHONPATH=/home/user/ros2_ws/build/py_pkg/prefix_override:/usr/lib/python3/dist-packages/colcon_core/task/python/colcon_distutils_commands:/home/user/ros2_ws/install/py_pkg/lib/python3.10/site-packages:${PYTHONPATH} /usr/bin/python3 -W ignore:setup.py install is deprecated -W ignore:easy_install command is deprecated setup.py egg_info --egg-base ../../build/py_pkg build --build-base /home/user/ros2_ws/build/py_pkg/build install --record /home/user/ros2_ws/build/py_pkg/install.log --single-version-externally-managed install_data
