[0.074s] Invoking command in '/home/user/ros2_ws/src/build/cpp_pkg': CMAKE_PREFIX_PATH=/opt/ros/humble /usr/bin/cmake /home/user/ros2_ws/src/cpp_pkg -DCMAKE_INSTALL_PREFIX=/home/user/ros2_ws/src/install/cpp_pkg
[0.371s] -- The C compiler identification is GNU 11.4.0
[0.643s] -- The CXX compiler identification is GNU 11.4.0
[0.671s] -- Detecting C compiler ABI info
[0.999s] -- Detecting C compiler ABI info - done
[1.024s] -- Check for working C compiler: /usr/bin/cc - skipped
[1.025s] -- Detecting C compile features
[1.027s] -- Detecting C compile features - done
[1.041s] -- Detecting CXX compiler ABI info
[1.408s] -- Detecting CXX compiler ABI info - done
[1.435s] -- Check for working CXX compiler: /usr/bin/c++ - skipped
[1.436s] -- Detecting CXX compile features
[1.438s] -- Detecting CXX compile features - done
[1.467s] -- Found ament_cmake: 1.3.10 (/opt/ros/humble/share/ament_cmake/cmake)
[2.303s] -- Found Python3: /usr/bin/python3 (found version "3.10.12") found components: Interpreter 
[3.806s] -- Found rclcpp: 16.0.10 (/opt/ros/humble/share/rclcpp/cmake)
[4.149s] -- Found rosidl_generator_c: 3.1.5 (/opt/ros/humble/share/rosidl_generator_c/cmake)
[4.192s] -- Found rosidl_adapter: 3.1.5 (/opt/ros/humble/share/rosidl_adapter/cmake)
[4.249s] -- Found rosidl_generator_cpp: 3.1.5 (/opt/ros/humble/share/rosidl_generator_cpp/cmake)
[4.328s] -- Using all available rosidl_typesupport_c: rosidl_typesupport_fastrtps_c;rosidl_typesupport_introspection_c
[4.433s] -- Using all available rosidl_typesupport_cpp: rosidl_typesupport_fastrtps_cpp;rosidl_typesupport_introspection_cpp
[4.704s] -- Found rmw_implementation_cmake: 6.1.2 (/opt/ros/humble/share/rmw_implementation_cmake/cmake)
[4.725s] -- Found rmw_fastrtps_cpp: 6.2.7 (/opt/ros/humble/share/rmw_fastrtps_cpp/cmake)
[5.280s] -- Found OpenSSL: /usr/lib/aarch64-linux-gnu/libcrypto.so (found version "3.0.2")  
[5.533s] -- Found FastRTPS: /opt/ros/humble/include  
[5.966s] -- Using RMW implementation 'rmw_fastrtps_cpp' as default
[6.033s] -- Looking for pthread.h
[6.372s] -- Looking for pthread.h - found
[6.376s] -- Performing Test CMAKE_HAVE_LIBC_PTHREAD
[6.717s] -- Performing Test CMAKE_HAVE_LIBC_PTHREAD - Success
[6.722s] -- Found Threads: TRUE  
[6.976s] -- Found ament_lint_auto: 0.12.11 (/opt/ros/humble/share/ament_lint_auto/cmake)
[7.401s] -- Added test 'lint_cmake' to check CMake code style
[7.408s] -- Added test 'xmllint' to check XML markup files
[7.414s] -- Configuring done
[7.448s] -- Generating done
[7.454s] -- Build files have been written to: /home/user/ros2_ws/src/build/cpp_pkg
[7.495s] Invoked command in '/home/user/ros2_ws/src/build/cpp_pkg' returned '0': CMAKE_PREFIX_PATH=/opt/ros/humble /usr/bin/cmake /home/user/ros2_ws/src/cpp_pkg -DCMAKE_INSTALL_PREFIX=/home/user/ros2_ws/src/install/cpp_pkg
[7.508s] Invoking command in '/home/user/ros2_ws/src/build/cpp_pkg': CMAKE_PREFIX_PATH=/opt/ros/humble /usr/bin/cmake --build /home/user/ros2_ws/src/build/cpp_pkg -- -j4 -l4
[7.664s] Invoked command in '/home/user/ros2_ws/src/build/cpp_pkg' returned '0': CMAKE_PREFIX_PATH=/opt/ros/humble /usr/bin/cmake --build /home/user/ros2_ws/src/build/cpp_pkg -- -j4 -l4
[7.820s] Invoking command in '/home/user/ros2_ws/src/build/cpp_pkg': CMAKE_PREFIX_PATH=/opt/ros/humble /usr/bin/cmake --install /home/user/ros2_ws/src/build/cpp_pkg
[7.848s] -- Install configuration: ""
[7.849s] -- Installing: /home/user/ros2_ws/src/install/cpp_pkg/share/ament_index/resource_index/package_run_dependencies/cpp_pkg
[7.851s] -- Installing: /home/user/ros2_ws/src/install/cpp_pkg/share/ament_index/resource_index/parent_prefix_path/cpp_pkg
[7.852s] -- Installing: /home/user/ros2_ws/src/install/cpp_pkg/share/cpp_pkg/environment/ament_prefix_path.sh
[7.853s] -- Installing: /home/user/ros2_ws/src/install/cpp_pkg/share/cpp_pkg/environment/ament_prefix_path.dsv
[7.854s] -- Installing: /home/user/ros2_ws/src/install/cpp_pkg/share/cpp_pkg/environment/path.sh
[7.855s] -- Installing: /home/user/ros2_ws/src/install/cpp_pkg/share/cpp_pkg/environment/path.dsv
[7.856s] -- Installing: /home/user/ros2_ws/src/install/cpp_pkg/share/cpp_pkg/local_setup.bash
[7.858s] -- Installing: /home/user/ros2_ws/src/install/cpp_pkg/share/cpp_pkg/local_setup.sh
[7.859s] -- Installing: /home/user/ros2_ws/src/install/cpp_pkg/share/cpp_pkg/local_setup.zsh
[7.860s] -- Installing: /home/user/ros2_ws/src/install/cpp_pkg/share/cpp_pkg/local_setup.dsv
[7.861s] -- Installing: /home/user/ros2_ws/src/install/cpp_pkg/share/cpp_pkg/package.dsv
[7.862s] -- Installing: /home/user/ros2_ws/src/install/cpp_pkg/share/ament_index/resource_index/packages/cpp_pkg
[7.863s] -- Installing: /home/user/ros2_ws/src/install/cpp_pkg/share/cpp_pkg/cmake/cpp_pkgConfig.cmake
[7.864s] -- Installing: /home/user/ros2_ws/src/install/cpp_pkg/share/cpp_pkg/cmake/cpp_pkgConfig-version.cmake
[7.865s] -- Installing: /home/user/ros2_ws/src/install/cpp_pkg/share/cpp_pkg/package.xml
[7.873s] Invoked command in '/home/user/ros2_ws/src/build/cpp_pkg' returned '0': CMAKE_PREFIX_PATH=/opt/ros/humble /usr/bin/cmake --install /home/user/ros2_ws/src/build/cpp_pkg
