[0.071s] Invoking command in '/home/user/ros2_ws/build/ldlidar': CMAKE_PREFIX_PATH=/home/user/ros2_ws/install/ldlidar_node:/home/user/ros2_ws/install/ldlidar_component:/home/user/ros2_ws/install/ldlidar:/home/user/ros2_ws/install/cpp_pkg:/home/user/ros2_ws/install/py_pkg:/opt/ros/humble /usr/bin/cmake --build /home/user/ros2_ws/build/ldlidar -- -j4 -l4
[0.246s] Invoked command in '/home/user/ros2_ws/build/ldlidar' returned '0': CMAKE_PREFIX_PATH=/home/user/ros2_ws/install/ldlidar_node:/home/user/ros2_ws/install/ldlidar_component:/home/user/ros2_ws/install/ldlidar:/home/user/ros2_ws/install/cpp_pkg:/home/user/ros2_ws/install/py_pkg:/opt/ros/humble /usr/bin/cmake --build /home/user/ros2_ws/build/ldlidar -- -j4 -l4
[0.248s] Invoking command in '/home/user/ros2_ws/build/ldlidar': CMAKE_PREFIX_PATH=/home/user/ros2_ws/install/ldlidar_node:/home/user/ros2_ws/install/ldlidar_component:/home/user/ros2_ws/install/ldlidar:/home/user/ros2_ws/install/cpp_pkg:/home/user/ros2_ws/install/py_pkg:/opt/ros/humble /usr/bin/cmake --install /home/user/ros2_ws/build/ldlidar
[0.278s] -- Install configuration: "Release"
[0.280s] -- Execute custom install script
[0.287s] -- Up-to-date symlink: /home/user/ros2_ws/install/ldlidar/share/ament_index/resource_index/package_run_dependencies/ldlidar
[0.289s] -- Up-to-date symlink: /home/user/ros2_ws/install/ldlidar/share/ament_index/resource_index/parent_prefix_path/ldlidar
[0.290s] -- Up-to-date symlink: /home/user/ros2_ws/install/ldlidar/share/ldlidar/environment/ament_prefix_path.sh
[0.291s] -- Up-to-date symlink: /home/user/ros2_ws/install/ldlidar/share/ldlidar/environment/ament_prefix_path.dsv
[0.295s] -- Up-to-date symlink: /home/user/ros2_ws/install/ldlidar/share/ldlidar/environment/path.sh
[0.296s] -- Up-to-date symlink: /home/user/ros2_ws/install/ldlidar/share/ldlidar/environment/path.dsv
[0.297s] -- Up-to-date symlink: /home/user/ros2_ws/install/ldlidar/share/ldlidar/local_setup.bash
[0.298s] -- Up-to-date symlink: /home/user/ros2_ws/install/ldlidar/share/ldlidar/local_setup.sh
[0.299s] -- Up-to-date symlink: /home/user/ros2_ws/install/ldlidar/share/ldlidar/local_setup.zsh
[0.300s] -- Up-to-date symlink: /home/user/ros2_ws/install/ldlidar/share/ldlidar/local_setup.dsv
[0.301s] -- Symlinking: /home/user/ros2_ws/install/ldlidar/share/ldlidar/package.dsv
[0.339s] -- Up-to-date symlink: /home/user/ros2_ws/install/ldlidar/share/ament_index/resource_index/packages/ldlidar
[0.339s] -- Up-to-date symlink: /home/user/ros2_ws/install/ldlidar/share/ldlidar/cmake/ldlidarConfig.cmake
[0.340s] -- Up-to-date symlink: /home/user/ros2_ws/install/ldlidar/share/ldlidar/cmake/ldlidarConfig-version.cmake
[0.341s] -- Up-to-date symlink: /home/user/ros2_ws/install/ldlidar/share/ldlidar/package.xml
[0.349s] Invoked command in '/home/user/ros2_ws/build/ldlidar' returned '0': CMAKE_PREFIX_PATH=/home/user/ros2_ws/install/ldlidar_node:/home/user/ros2_ws/install/ldlidar_component:/home/user/ros2_ws/install/ldlidar:/home/user/ros2_ws/install/cpp_pkg:/home/user/ros2_ws/install/py_pkg:/opt/ros/humble /usr/bin/cmake --install /home/user/ros2_ws/build/ldlidar
