[2.919s] Invoking command in '/home/user/ros2_ws/src/py_pkg': PYTHONPATH=/home/user/ros2_ws/build/py_pkg/prefix_override:/usr/lib/python3/dist-packages/colcon_core/task/python/colcon_distutils_commands:/home/user/ros2_ws/install/py_pkg/lib/python3.10/site-packages:${PYTHONPATH} /usr/bin/python3 -W ignore:setup.py install is deprecated -W ignore:easy_install command is deprecated setup.py egg_info --egg-base ../../build/py_pkg build --build-base /home/user/ros2_ws/build/py_pkg/build install --record /home/user/ros2_ws/build/py_pkg/install.log --single-version-externally-managed install_data
[4.102s] running egg_info
[4.105s] writing ../../build/py_pkg/py_pkg.egg-info/PKG-INFO
[4.106s] writing dependency_links to ../../build/py_pkg/py_pkg.egg-info/dependency_links.txt
[4.114s] writing entry points to ../../build/py_pkg/py_pkg.egg-info/entry_points.txt
[4.115s] writing requirements to ../../build/py_pkg/py_pkg.egg-info/requires.txt
[4.116s] writing top-level names to ../../build/py_pkg/py_pkg.egg-info/top_level.txt
[4.129s] reading manifest file '../../build/py_pkg/py_pkg.egg-info/SOURCES.txt'
[4.133s] writing manifest file '../../build/py_pkg/py_pkg.egg-info/SOURCES.txt'
[4.134s] running build
[4.135s] running build_py
[4.136s] copying py_pkg/lidar_node.py -> /home/user/ros2_ws/build/py_pkg/build/lib/py_pkg
[4.137s] running install
[4.139s] running install_lib
[4.143s] copying /home/user/ros2_ws/build/py_pkg/build/lib/py_pkg/lidar_node.py -> /home/user/ros2_ws/install/py_pkg/lib/python3.10/site-packages/py_pkg
[4.146s] byte-compiling /home/user/ros2_ws/install/py_pkg/lib/python3.10/site-packages/py_pkg/lidar_node.py to lidar_node.cpython-310.pyc
[4.148s] running install_data
[4.149s] running install_egg_info
[4.156s] removing '/home/user/ros2_ws/install/py_pkg/lib/python3.10/site-packages/py_pkg-0.0.0-py3.10.egg-info' (and everything under it)
[4.158s] Copying ../../build/py_pkg/py_pkg.egg-info to /home/user/ros2_ws/install/py_pkg/lib/python3.10/site-packages/py_pkg-0.0.0-py3.10.egg-info
[4.163s] running install_scripts
[4.248s] Installing lidar_node script to /home/user/ros2_ws/install/py_pkg/lib/py_pkg
[4.248s] Installing node_template script to /home/user/ros2_ws/install/py_pkg/lib/py_pkg
[4.250s] writing list of installed files to '/home/user/ros2_ws/build/py_pkg/install.log'
[4.371s] Invoked command in '/home/user/ros2_ws/src/py_pkg' returned '0': PYTHONPATH=/home/user/ros2_ws/build/py_pkg/prefix_override:/usr/lib/python3/dist-packages/colcon_core/task/python/colcon_distutils_commands:/home/user/ros2_ws/install/py_pkg/lib/python3.10/site-packages:${PYTHONPATH} /usr/bin/python3 -W ignore:setup.py install is deprecated -W ignore:easy_install command is deprecated setup.py egg_info --egg-base ../../build/py_pkg build --build-base /home/user/ros2_ws/build/py_pkg/build install --record /home/user/ros2_ws/build/py_pkg/install.log --single-version-externally-managed install_data
