[0.069s] Invoking command in '/home/user/ros2_ws/build/ldlidar_node': CMAKE_PREFIX_PATH=/home/user/ros2_ws/install/ldlidar_component:/home/user/ros2_ws/install/ldlidar:/home/user/ros2_ws/install/ldlidar_node:/home/user/ros2_ws/install/cpp_pkg:/home/user/ros2_ws/install/py_pkg:/opt/ros/humble /usr/bin/cmake --build /home/user/ros2_ws/build/ldlidar_node -- -j4 -l4
[0.282s] [35m[1mConsolidate compiler generated dependencies of target ldlidar_node[0m
[0.385s] [100%] Built target ldlidar_node
[0.431s] Invoked command in '/home/user/ros2_ws/build/ldlidar_node' returned '0': CMAKE_PREFIX_PATH=/home/user/ros2_ws/install/ldlidar_component:/home/user/ros2_ws/install/ldlidar:/home/user/ros2_ws/install/ldlidar_node:/home/user/ros2_ws/install/cpp_pkg:/home/user/ros2_ws/install/py_pkg:/opt/ros/humble /usr/bin/cmake --build /home/user/ros2_ws/build/ldlidar_node -- -j4 -l4
[0.442s] Invoking command in '/home/user/ros2_ws/build/ldlidar_node': CMAKE_PREFIX_PATH=/home/user/ros2_ws/install/ldlidar_component:/home/user/ros2_ws/install/ldlidar:/home/user/ros2_ws/install/ldlidar_node:/home/user/ros2_ws/install/cpp_pkg:/home/user/ros2_ws/install/py_pkg:/opt/ros/humble /usr/bin/cmake --install /home/user/ros2_ws/build/ldlidar_node
[0.476s] -- Install configuration: "Release"
[0.478s] -- Execute custom install script
[0.480s] -- Up-to-date symlink: /home/user/ros2_ws/install/ldlidar_node/lib/ldlidar_node/ldlidar_node
[0.482s] -- Up-to-date symlink: /home/user/ros2_ws/install/ldlidar_node/share/ldlidar_node/params/ldlidar.yaml
[0.483s] -- Up-to-date symlink: /home/user/ros2_ws/install/ldlidar_node/share/ldlidar_node/params/lifecycle_mgr.yaml
[0.484s] -- Up-to-date symlink: /home/user/ros2_ws/install/ldlidar_node/share/ldlidar_node/params/lifecycle_mgr_slam.yaml
[0.485s] -- Up-to-date symlink: /home/user/ros2_ws/install/ldlidar_node/share/ldlidar_node/params/slam_toolbox.yaml
[0.486s] -- Up-to-date symlink: /home/user/ros2_ws/install/ldlidar_node/share/ldlidar_node/config/ldlidar.rviz
[0.487s] -- Up-to-date symlink: /home/user/ros2_ws/install/ldlidar_node/share/ldlidar_node/config/ldlidar_slam.rviz
[0.490s] -- Up-to-date symlink: /home/user/ros2_ws/install/ldlidar_node/share/ldlidar_node/urdf/ldlidar_descr.urdf.xml
[0.491s] -- Up-to-date symlink: /home/user/ros2_ws/install/ldlidar_node/share/ldlidar_node/urdf/model/LD19.stl
[0.492s] -- Up-to-date symlink: /home/user/ros2_ws/install/ldlidar_node/share/ldlidar_node/launch/ldlidar.launch.py
[0.493s] -- Up-to-date symlink: /home/user/ros2_ws/install/ldlidar_node/share/ldlidar_node/launch/ldlidar_rviz2.launch.py
[0.494s] -- Up-to-date symlink: /home/user/ros2_ws/install/ldlidar_node/share/ldlidar_node/launch/ldlidar_slam.launch.py
[0.495s] -- Up-to-date symlink: /home/user/ros2_ws/install/ldlidar_node/share/ldlidar_node/launch/ldlidar_with_mgr.launch.py
[0.496s] -- Up-to-date symlink: /home/user/ros2_ws/install/ldlidar_node/share/ament_index/resource_index/package_run_dependencies/ldlidar_node
[0.497s] -- Up-to-date symlink: /home/user/ros2_ws/install/ldlidar_node/share/ament_index/resource_index/parent_prefix_path/ldlidar_node
[0.498s] -- Up-to-date symlink: /home/user/ros2_ws/install/ldlidar_node/share/ldlidar_node/environment/ament_prefix_path.sh
[0.500s] -- Up-to-date symlink: /home/user/ros2_ws/install/ldlidar_node/share/ldlidar_node/environment/ament_prefix_path.dsv
[0.501s] -- Up-to-date symlink: /home/user/ros2_ws/install/ldlidar_node/share/ldlidar_node/environment/path.sh
[0.502s] -- Up-to-date symlink: /home/user/ros2_ws/install/ldlidar_node/share/ldlidar_node/environment/path.dsv
[0.503s] -- Up-to-date symlink: /home/user/ros2_ws/install/ldlidar_node/share/ldlidar_node/local_setup.bash
[0.504s] -- Up-to-date symlink: /home/user/ros2_ws/install/ldlidar_node/share/ldlidar_node/local_setup.sh
[0.505s] -- Up-to-date symlink: /home/user/ros2_ws/install/ldlidar_node/share/ldlidar_node/local_setup.zsh
[0.506s] -- Up-to-date symlink: /home/user/ros2_ws/install/ldlidar_node/share/ldlidar_node/local_setup.dsv
[0.507s] -- Symlinking: /home/user/ros2_ws/install/ldlidar_node/share/ldlidar_node/package.dsv
[0.568s] -- Up-to-date symlink: /home/user/ros2_ws/install/ldlidar_node/share/ament_index/resource_index/packages/ldlidar_node
[0.568s] -- Up-to-date symlink: /home/user/ros2_ws/install/ldlidar_node/share/ldlidar_node/cmake/ldlidar_nodeConfig.cmake
[0.569s] -- Up-to-date symlink: /home/user/ros2_ws/install/ldlidar_node/share/ldlidar_node/cmake/ldlidar_nodeConfig-version.cmake
[0.570s] -- Up-to-date symlink: /home/user/ros2_ws/install/ldlidar_node/share/ldlidar_node/package.xml
[0.578s] Invoked command in '/home/user/ros2_ws/build/ldlidar_node' returned '0': CMAKE_PREFIX_PATH=/home/user/ros2_ws/install/ldlidar_component:/home/user/ros2_ws/install/ldlidar:/home/user/ros2_ws/install/ldlidar_node:/home/user/ros2_ws/install/cpp_pkg:/home/user/ros2_ws/install/py_pkg:/opt/ros/humble /usr/bin/cmake --install /home/user/ros2_ws/build/ldlidar_node
