[2.851s] Invoking command in '/home/user/ros2_ws/src/py_pkg': PYTHONPATH=/home/user/ros2_ws/build/py_pkg/prefix_override:/usr/lib/python3/dist-packages/colcon_core/task/python/colcon_distutils_commands:/home/user/ros2_ws/install/py_pkg/lib/python3.10/site-packages:${PYTHONPATH} /usr/bin/python3 -W ignore:setup.py install is deprecated -W ignore:easy_install command is deprecated setup.py egg_info --egg-base ../../build/py_pkg build --build-base /home/user/ros2_ws/build/py_pkg/build install --record /home/user/ros2_ws/build/py_pkg/install.log --single-version-externally-managed install_data
[3.996s] running egg_info
[3.999s] writing ../../build/py_pkg/py_pkg.egg-info/PKG-INFO
[4.000s] writing dependency_links to ../../build/py_pkg/py_pkg.egg-info/dependency_links.txt
[4.001s] writing entry points to ../../build/py_pkg/py_pkg.egg-info/entry_points.txt
[4.002s] writing requirements to ../../build/py_pkg/py_pkg.egg-info/requires.txt
[4.003s] writing top-level names to ../../build/py_pkg/py_pkg.egg-info/top_level.txt
[4.012s] reading manifest file '../../build/py_pkg/py_pkg.egg-info/SOURCES.txt'
[4.015s] writing manifest file '../../build/py_pkg/py_pkg.egg-info/SOURCES.txt'
[4.016s] running build
[4.017s] running build_py
[4.017s] copying py_pkg/lidar_node.py -> /home/user/ros2_ws/build/py_pkg/build/lib/py_pkg
[4.019s] running install
[4.020s] running install_lib
[4.025s] copying /home/user/ros2_ws/build/py_pkg/build/lib/py_pkg/lidar_node.py -> /home/user/ros2_ws/install/py_pkg/lib/python3.10/site-packages/py_pkg
[4.027s] byte-compiling /home/user/ros2_ws/install/py_pkg/lib/python3.10/site-packages/py_pkg/lidar_node.py to lidar_node.cpython-310.pyc
[4.029s]   File "/home/user/ros2_ws/install/py_pkg/lib/python3.10/site-packages/py_pkg/lidar_node.py", line 21
[4.029s]     		self.get_logger().info("lidar node initialized")``1q2
[4.030s]     		                                                  ^
[4.030s] SyntaxError: invalid decimal literal
[4.030s] 
[4.031s] running install_data
[4.031s] running install_egg_info
[4.037s] removing '/home/user/ros2_ws/install/py_pkg/lib/python3.10/site-packages/py_pkg-0.0.0-py3.10.egg-info' (and everything under it)
[4.038s] Copying ../../build/py_pkg/py_pkg.egg-info to /home/user/ros2_ws/install/py_pkg/lib/python3.10/site-packages/py_pkg-0.0.0-py3.10.egg-info
[4.043s] running install_scripts
[4.126s] Installing lidar_node script to /home/user/ros2_ws/install/py_pkg/lib/py_pkg
[4.126s] Installing node_template script to /home/user/ros2_ws/install/py_pkg/lib/py_pkg
[4.128s] writing list of installed files to '/home/user/ros2_ws/build/py_pkg/install.log'
[4.248s] Invoked command in '/home/user/ros2_ws/src/py_pkg' returned '0': PYTHONPATH=/home/user/ros2_ws/build/py_pkg/prefix_override:/usr/lib/python3/dist-packages/colcon_core/task/python/colcon_distutils_commands:/home/user/ros2_ws/install/py_pkg/lib/python3.10/site-packages:${PYTHONPATH} /usr/bin/python3 -W ignore:setup.py install is deprecated -W ignore:easy_install command is deprecated setup.py egg_info --egg-base ../../build/py_pkg build --build-base /home/user/ros2_ws/build/py_pkg/build install --record /home/user/ros2_ws/build/py_pkg/install.log --single-version-externally-managed install_data
