[3.366s] Invoking command in '/home/user/ros2_ws/src/py_pkg': PYTHONPATH=/home/user/ros2_ws/build/py_pkg/prefix_override:/usr/lib/python3/dist-packages/colcon_core/task/python/colcon_distutils_commands:/home/user/ros2_ws/install/py_pkg/lib/python3.10/site-packages:${PYTHONPATH} /usr/bin/python3 -W ignore:setup.py install is deprecated setup.py egg_info --egg-base ../../build/py_pkg build --build-base /home/user/ros2_ws/build/py_pkg/build install --record /home/user/ros2_ws/build/py_pkg/install.log --single-version-externally-managed install_data
[4.674s] running egg_info
[4.677s] writing ../../build/py_pkg/py_pkg.egg-info/PKG-INFO
[4.686s] writing dependency_links to ../../build/py_pkg/py_pkg.egg-info/dependency_links.txt
[4.688s] writing entry points to ../../build/py_pkg/py_pkg.egg-info/entry_points.txt
[4.693s] writing requirements to ../../build/py_pkg/py_pkg.egg-info/requires.txt
[4.695s] writing top-level names to ../../build/py_pkg/py_pkg.egg-info/top_level.txt
[4.714s] reading manifest file '../../build/py_pkg/py_pkg.egg-info/SOURCES.txt'
[4.723s] writing manifest file '../../build/py_pkg/py_pkg.egg-info/SOURCES.txt'
[4.727s] running build
[4.727s] running build_py
[4.734s] running install
[4.736s] running install_lib
[4.750s] running install_data
[4.758s] running install_egg_info
[4.769s] removing '/home/user/ros2_ws/install/py_pkg/lib/python3.10/site-packages/py_pkg-0.0.0-py3.10.egg-info' (and everything under it)
[4.772s] Copying ../../build/py_pkg/py_pkg.egg-info to /home/user/ros2_ws/install/py_pkg/lib/python3.10/site-packages/py_pkg-0.0.0-py3.10.egg-info
[4.783s] running install_scripts
[4.872s] Installing node_template script to /home/user/ros2_ws/install/py_pkg/lib/py_pkg
[4.874s] writing list of installed files to '/home/user/ros2_ws/build/py_pkg/install.log'
[5.001s] Invoked command in '/home/user/ros2_ws/src/py_pkg' returned '0': PYTHONPATH=/home/user/ros2_ws/build/py_pkg/prefix_override:/usr/lib/python3/dist-packages/colcon_core/task/python/colcon_distutils_commands:/home/user/ros2_ws/install/py_pkg/lib/python3.10/site-packages:${PYTHONPATH} /usr/bin/python3 -W ignore:setup.py install is deprecated setup.py egg_info --egg-base ../../build/py_pkg build --build-base /home/user/ros2_ws/build/py_pkg/build install --record /home/user/ros2_ws/build/py_pkg/install.log --single-version-externally-managed install_data
