[0.051s] Invoking command in '/home/user/ros2_ws/build/cpp_pkg': CMAKE_PREFIX_PATH=${CMAKE_PREFIX_PATH}:/home/user/ros2_ws/install/py_pkg:/opt/ros/humble /usr/bin/cmake --build /home/user/ros2_ws/build/cpp_pkg -- -j4 -l4
[0.161s] -- Found ament_cmake: 1.3.10 (/opt/ros/humble/share/ament_cmake/cmake)
[0.707s] -- Override CMake install command with custom implementation using symlinks instead of copying resources
[0.741s] -- Found rclcpp: 16.0.10 (/opt/ros/humble/share/rclcpp/cmake)
[0.908s] -- Found rosidl_generator_c: 3.1.5 (/opt/ros/humble/share/rosidl_generator_c/cmake)
[0.919s] -- Found rosidl_adapter: 3.1.5 (/opt/ros/humble/share/rosidl_adapter/cmake)
[0.944s] -- Found rosidl_generator_cpp: 3.1.5 (/opt/ros/humble/share/rosidl_generator_cpp/cmake)
[0.982s] -- Using all available rosidl_typesupport_c: rosidl_typesupport_fastrtps_c;rosidl_typesupport_introspection_c
[1.032s] -- Using all available rosidl_typesupport_cpp: rosidl_typesupport_fastrtps_cpp;rosidl_typesupport_introspection_cpp
[1.162s] -- Found rmw_implementation_cmake: 6.1.2 (/opt/ros/humble/share/rmw_implementation_cmake/cmake)
[1.168s] -- Found rmw_fastrtps_cpp: 6.2.7 (/opt/ros/humble/share/rmw_fastrtps_cpp/cmake)
[2.091s] -- Using RMW implementation 'rmw_fastrtps_cpp' as default
[2.592s] -- Configuring done
[3.785s] -- Generating done
[3.796s] -- Build files have been written to: /home/user/ros2_ws/build/cpp_pkg
[3.906s] [35m[1mConsolidate compiler generated dependencies of target node_template[0m
[3.907s] [35m[1mConsolidate compiler generated dependencies of target test_node[0m
[3.952s] [ 16%] [32mBuilding CXX object CMakeFiles/LIDAR_node.dir/src/LIDAR_node.cpp.o[0m
[3.998s] [ 50%] Built target node_template
[4.003s] [ 83%] Built target test_node
[13.693s] [01m[K/home/user/ros2_ws/src/cpp_pkg/src/LIDAR_node.cpp:8:9:[m[K [01;31m[Kerror: [m[KISO C++ forbids declaration of ‘[01m[KTestNode[m[K’ with no type [[01;31m[K]8;;https://gcc.gnu.org/onlinedocs/gcc/Warning-Options.html#index-fpermissive-fpermissive]8;;[m[K]
[13.693s]     8 |         [01;31m[KTestNode[m[K() : Node("Lidar_Node")
[13.694s]       |         [01;31m[K^~~~~~~~[m[K
[13.694s] [01m[K/home/user/ros2_ws/src/cpp_pkg/src/LIDAR_node.cpp:[m[K In member function ‘[01m[Kint LidarNode::TestNode()[m[K’:
[13.695s] [01m[K/home/user/ros2_ws/src/cpp_pkg/src/LIDAR_node.cpp:8:22:[m[K [01;31m[Kerror: [m[Konly constructors take member initializers
[13.695s]     8 |         TestNode() : [01;31m[KNode[m[K("Lidar_Node")
[13.695s]       |                      [01;31m[K^~~~[m[K
[13.696s] [01m[K/home/user/ros2_ws/src/cpp_pkg/src/LIDAR_node.cpp:15:9:[m[K [01;35m[Kwarning: [m[Kno return statement in function returning non-void [[01;35m[K]8;;https://gcc.gnu.org/onlinedocs/gcc/Warning-Options.html#index-Wreturn-type-Wreturn-type]8;;[m[K]
[13.697s]    15 |         [01;35m[K}[m[K
[13.697s]       |         [01;35m[K^[m[K
[15.060s] In file included from [01m[K/usr/include/aarch64-linux-gnu/c++/11/bits/c++allocator.h:33[m[K,
[15.061s]                  from [01m[K/usr/include/c++/11/bits/allocator.h:46[m[K,
[15.061s]                  from [01m[K/usr/include/c++/11/memory:64[m[K,
[15.062s]                  from [01m[K/opt/ros/humble/include/rclcpp/rclcpp/rclcpp.hpp:153[m[K,
[15.062s]                  from [01m[K/home/user/ros2_ws/src/cpp_pkg/src/LIDAR_node.cpp:1[m[K:
[15.062s] /usr/include/c++/11/ext/new_allocator.h: In instantiation of ‘[01m[Kvoid __gnu_cxx::new_allocator<_Tp>::construct(_Up*, _Args&& ...) [with _Up = LidarNode; _Args = {}; _Tp = LidarNode][m[K’:
[15.063s] [01m[K/usr/include/c++/11/bits/alloc_traits.h:516:17:[m[K   required from ‘[01m[Kstatic void std::allocator_traits<std::allocator<_Tp1> >::construct(std::allocator_traits<std::allocator<_Tp1> >::allocator_type&, _Up*, _Args&& ...) [with _Up = LidarNode; _Args = {}; _Tp = LidarNode; std::allocator_traits<std::allocator<_Tp1> >::allocator_type = std::allocator<LidarNode>][m[K’
[15.064s] [01m[K/usr/include/c++/11/bits/shared_ptr_base.h:519:39:[m[K   required from ‘[01m[Kstd::_Sp_counted_ptr_inplace<_Tp, _Alloc, _Lp>::_Sp_counted_ptr_inplace(_Alloc, _Args&& ...) [with _Args = {}; _Tp = LidarNode; _Alloc = std::allocator<LidarNode>; __gnu_cxx::_Lock_policy _Lp = __gnu_cxx::_S_atomic][m[K’
[15.064s] [01m[K/usr/include/c++/11/bits/shared_ptr_base.h:650:16:[m[K   required from ‘[01m[Kstd::__shared_count<_Lp>::__shared_count(_Tp*&, std::_Sp_alloc_shared_tag<_Alloc>, _Args&& ...) [with _Tp = LidarNode; _Alloc = std::allocator<LidarNode>; _Args = {}; __gnu_cxx::_Lock_policy _Lp = __gnu_cxx::_S_atomic][m[K’
[15.065s] [01m[K/usr/include/c++/11/bits/shared_ptr_base.h:1342:14:[m[K   required from ‘[01m[Kstd::__shared_ptr<_Tp, _Lp>::__shared_ptr(std::_Sp_alloc_shared_tag<_Tp>, _Args&& ...) [with _Alloc = std::allocator<LidarNode>; _Args = {}; _Tp = LidarNode; __gnu_cxx::_Lock_policy _Lp = __gnu_cxx::_S_atomic][m[K’
[15.065s] [01m[K/usr/include/c++/11/bits/shared_ptr.h:409:59:[m[K   required from ‘[01m[Kstd::shared_ptr<_Tp>::shared_ptr(std::_Sp_alloc_shared_tag<_Tp>, _Args&& ...) [with _Alloc = std::allocator<LidarNode>; _Args = {}; _Tp = LidarNode][m[K’
[15.066s] [01m[K/usr/include/c++/11/bits/shared_ptr.h:862:14:[m[K   required from ‘[01m[Kstd::shared_ptr<_Tp> std::allocate_shared(const _Alloc&, _Args&& ...) [with _Tp = LidarNode; _Alloc = std::allocator<LidarNode>; _Args = {}][m[K’
[15.067s] [01m[K/usr/include/c++/11/bits/shared_ptr.h:878:39:[m[K   required from ‘[01m[Kstd::shared_ptr<_Tp> std::make_shared(_Args&& ...) [with _Tp = LidarNode; _Args = {}][m[K’
[15.067s] [01m[K/home/user/ros2_ws/src/cpp_pkg/src/LIDAR_node.cpp:23:41:[m[K   required from here
[15.068s] [01m[K/usr/include/c++/11/ext/new_allocator.h:162:11:[m[K [01;31m[Kerror: [m[Kuse of deleted function ‘[01m[KLidarNode::LidarNode()[m[K’
[15.069s]   162 |         { [01;31m[K::new((void *)__p) _Up(std::forward<_Args>(__args)...)[m[K; }
[15.070s]       |           [01;31m[K^~~~~~~~~~~~~~~~~~~~~~~~~~~~~~~~~~~~~~~~~~~~~~~~~~~~~~[m[K
[15.071s] [01m[K/home/user/ros2_ws/src/cpp_pkg/src/LIDAR_node.cpp:4:7:[m[K [01;36m[Knote: [m[K‘[01m[KLidarNode::LidarNode()[m[K’ is implicitly deleted because the default definition would be ill-formed:
[15.071s]     4 | class [01;36m[KLidarNode[m[K: public rclcpp::Node
[15.071s]       |       [01;36m[K^~~~~~~~~[m[K
[15.072s] [01m[K/home/user/ros2_ws/src/cpp_pkg/src/LIDAR_node.cpp:4:7:[m[K [01;31m[Kerror: [m[Kno matching function for call to ‘[01m[Krclcpp::Node::Node()[m[K’
[15.072s] In file included from [01m[K/opt/ros/humble/include/rclcpp/rclcpp/executors/single_threaded_executor.hpp:28[m[K,
[15.073s]                  from [01m[K/opt/ros/humble/include/rclcpp/rclcpp/executors.hpp:22[m[K,
[15.073s]                  from [01m[K/opt/ros/humble/include/rclcpp/rclcpp/rclcpp.hpp:155[m[K,
[15.073s]                  from [01m[K/home/user/ros2_ws/src/cpp_pkg/src/LIDAR_node.cpp:1[m[K:
[15.074s] [01m[K/opt/ros/humble/include/rclcpp/rclcpp/node.hpp:1294:3:[m[K [01;36m[Knote: [m[Kcandidate: ‘[01m[Krclcpp::Node::Node(const rclcpp::Node&, const string&)[m[K’
[15.074s]  1294 |   [01;36m[KNode[m[K(
[15.075s]       |   [01;36m[K^~~~[m[K
[15.075s] [01m[K/opt/ros/humble/include/rclcpp/rclcpp/node.hpp:1294:3:[m[K [01;36m[Knote: [m[K  candidate expects 2 arguments, 0 provided
[15.075s] [01m[K/opt/ros/humble/include/rclcpp/rclcpp/node.hpp:101:12:[m[K [01;36m[Knote: [m[Kcandidate: ‘[01m[Krclcpp::Node::Node(const string&, const string&, const rclcpp::NodeOptions&)[m[K’
[15.076s]   101 |   explicit [01;36m[KNode[m[K(
[15.076s]       |            [01;36m[K^~~~[m[K
[15.077s] [01m[K/opt/ros/humble/include/rclcpp/rclcpp/node.hpp:101:12:[m[K [01;36m[Knote: [m[K  candidate expects 3 arguments, 0 provided
[15.077s] [01m[K/opt/ros/humble/include/rclcpp/rclcpp/node.hpp:89:12:[m[K [01;36m[Knote: [m[Kcandidate: ‘[01m[Krclcpp::Node::Node(const string&, const rclcpp::NodeOptions&)[m[K’
[15.077s]    89 |   explicit [01;36m[KNode[m[K(
[15.078s]       |            [01;36m[K^~~~[m[K
[15.078s] [01m[K/opt/ros/humble/include/rclcpp/rclcpp/node.hpp:89:12:[m[K [01;36m[Knote: [m[K  candidate expects 2 arguments, 0 provided
[15.324s] gmake[2]: *** [CMakeFiles/LIDAR_node.dir/build.make:76: CMakeFiles/LIDAR_node.dir/src/LIDAR_node.cpp.o] Error 1
[15.325s] gmake[1]: *** [CMakeFiles/Makefile2:193: CMakeFiles/LIDAR_node.dir/all] Error 2
[15.325s] gmake: *** [Makefile:146: all] Error 2
[15.331s] Invoked command in '/home/user/ros2_ws/build/cpp_pkg' returned '2': CMAKE_PREFIX_PATH=${CMAKE_PREFIX_PATH}:/home/user/ros2_ws/install/py_pkg:/opt/ros/humble /usr/bin/cmake --build /home/user/ros2_ws/build/cpp_pkg -- -j4 -l4
