[0.466s] DEBUG:colcon:Command line arguments: ['/usr/bin/colcon', 'build', '--packages-select', 'py_pkg']
[0.466s] DEBUG:colcon:Parsed command line arguments: Namespace(log_base=None, log_level=None, verb_name='build', build_base='build', install_base='install', merge_install=False, symlink_install=False, test_result_base=None, continue_on_error=False, executor='parallel', parallel_workers=4, event_handlers=None, ignore_user_meta=False, metas=['./colcon.meta'], base_paths=['.'], packages_ignore=None, packages_ignore_regex=None, paths=None, packages_up_to=None, packages_up_to_regex=None, packages_above=None, packages_above_and_dependencies=None, packages_above_depth=None, packages_select_by_dep=None, packages_skip_by_dep=None, packages_skip_up_to=None, packages_select_build_failed=False, packages_skip_build_finished=False, packages_select_test_failures=False, packages_skip_test_passed=False, packages_select=['py_pkg'], packages_skip=None, packages_select_regex=None, packages_skip_regex=None, packages_start=None, packages_end=None, allow_overriding=[], cmake_args=None, cmake_target=None, cmake_target_skip_unavailable=False, cmake_clean_cache=False, cmake_clean_first=False, cmake_force_configure=False, ament_cmake_args=None, catkin_cmake_args=None, catkin_skip_building_tests=False, mixin_files=None, mixin=None, verb_parser=<colcon_mixin.mixin.mixin_argument.MixinArgumentDecorator object at 0xffff9185af20>, verb_extension=<colcon_core.verb.build.BuildVerb object at 0xffff9185aa70>, main=<bound method BuildVerb.main of <colcon_core.verb.build.BuildVerb object at 0xffff9185aa70>>, mixin_verb=('build',))
[1.362s] Level 1:colcon.colcon_core.package_discovery:discover_packages(colcon_meta) check parameters
[1.362s] Level 1:colcon.colcon_core.package_discovery:discover_packages(recursive) check parameters
[1.362s] Level 1:colcon.colcon_core.package_discovery:discover_packages(ignore) check parameters
[1.362s] Level 1:colcon.colcon_core.package_discovery:discover_packages(path) check parameters
[1.362s] Level 1:colcon.colcon_core.package_discovery:discover_packages(colcon_meta) discover
[1.363s] Level 1:colcon.colcon_core.package_discovery:discover_packages(recursive) discover
[1.363s] INFO:colcon.colcon_core.package_discovery:Crawling recursively for packages in '/home/user/ros2_ws'
[1.363s] Level 1:colcon.colcon_core.package_identification:_identify(.) by extensions ['ignore', 'ignore_ament_install']
[1.364s] Level 1:colcon.colcon_core.package_identification:_identify(.) by extension 'ignore'
[1.364s] Level 1:colcon.colcon_core.package_identification:_identify(.) by extension 'ignore_ament_install'
[1.364s] Level 1:colcon.colcon_core.package_identification:_identify(.) by extensions ['colcon_pkg']
[1.364s] Level 1:colcon.colcon_core.package_identification:_identify(.) by extension 'colcon_pkg'
[1.364s] Level 1:colcon.colcon_core.package_identification:_identify(.) by extensions ['colcon_meta']
[1.365s] Level 1:colcon.colcon_core.package_identification:_identify(.) by extension 'colcon_meta'
[1.365s] Level 1:colcon.colcon_core.package_identification:_identify(.) by extensions ['ros']
[1.365s] Level 1:colcon.colcon_core.package_identification:_identify(.) by extension 'ros'
[1.408s] Level 1:colcon.colcon_core.package_identification:_identify(.) by extensions ['cmake', 'python']
[1.409s] Level 1:colcon.colcon_core.package_identification:_identify(.) by extension 'cmake'
[1.409s] Level 1:colcon.colcon_core.package_identification:_identify(.) by extension 'python'
[1.409s] Level 1:colcon.colcon_core.package_identification:_identify(.) by extensions ['python_setup_py']
[1.409s] Level 1:colcon.colcon_core.package_identification:_identify(.) by extension 'python_setup_py'
[1.410s] Level 1:colcon.colcon_core.package_identification:_identify(build) by extensions ['ignore', 'ignore_ament_install']
[1.410s] Level 1:colcon.colcon_core.package_identification:_identify(build) by extension 'ignore'
[1.410s] Level 1:colcon.colcon_core.package_identification:_identify(build) ignored
[1.411s] Level 1:colcon.colcon_core.package_identification:_identify(install) by extensions ['ignore', 'ignore_ament_install']
[1.411s] Level 1:colcon.colcon_core.package_identification:_identify(install) by extension 'ignore'
[1.412s] Level 1:colcon.colcon_core.package_identification:_identify(install) ignored
[1.413s] Level 1:colcon.colcon_core.package_identification:_identify(log) by extensions ['ignore', 'ignore_ament_install']
[1.413s] Level 1:colcon.colcon_core.package_identification:_identify(log) by extension 'ignore'
[1.413s] Level 1:colcon.colcon_core.package_identification:_identify(log) ignored
[1.414s] Level 1:colcon.colcon_core.package_identification:_identify(sdk_ldrobotsensorteam_stl) by extensions ['ignore', 'ignore_ament_install']
[1.414s] Level 1:colcon.colcon_core.package_identification:_identify(sdk_ldrobotsensorteam_stl) by extension 'ignore'
[1.414s] Level 1:colcon.colcon_core.package_identification:_identify(sdk_ldrobotsensorteam_stl) by extension 'ignore_ament_install'
[1.415s] Level 1:colcon.colcon_core.package_identification:_identify(sdk_ldrobotsensorteam_stl) by extensions ['colcon_pkg']
[1.415s] Level 1:colcon.colcon_core.package_identification:_identify(sdk_ldrobotsensorteam_stl) by extension 'colcon_pkg'
[1.415s] Level 1:colcon.colcon_core.package_identification:_identify(sdk_ldrobotsensorteam_stl) by extensions ['colcon_meta']
[1.415s] Level 1:colcon.colcon_core.package_identification:_identify(sdk_ldrobotsensorteam_stl) by extension 'colcon_meta'
[1.415s] Level 1:colcon.colcon_core.package_identification:_identify(sdk_ldrobotsensorteam_stl) by extensions ['ros']
[1.415s] Level 1:colcon.colcon_core.package_identification:_identify(sdk_ldrobotsensorteam_stl) by extension 'ros'
[1.416s] Level 1:colcon.colcon_core.package_identification:_identify(sdk_ldrobotsensorteam_stl) by extensions ['cmake', 'python']
[1.416s] Level 1:colcon.colcon_core.package_identification:_identify(sdk_ldrobotsensorteam_stl) by extension 'cmake'
[1.416s] Level 1:colcon.colcon_core.package_identification:_identify(sdk_ldrobotsensorteam_stl) by extension 'python'
[1.416s] Level 1:colcon.colcon_core.package_identification:_identify(sdk_ldrobotsensorteam_stl) by extensions ['python_setup_py']
[1.416s] Level 1:colcon.colcon_core.package_identification:_identify(sdk_ldrobotsensorteam_stl) by extension 'python_setup_py'
[1.417s] Level 1:colcon.colcon_core.package_identification:_identify(sdk_ldrobotsensorteam_stl/ldlidar_driver) by extensions ['ignore', 'ignore_ament_install']
[1.417s] Level 1:colcon.colcon_core.package_identification:_identify(sdk_ldrobotsensorteam_stl/ldlidar_driver) by extension 'ignore'
[1.417s] Level 1:colcon.colcon_core.package_identification:_identify(sdk_ldrobotsensorteam_stl/ldlidar_driver) by extension 'ignore_ament_install'
[1.417s] Level 1:colcon.colcon_core.package_identification:_identify(sdk_ldrobotsensorteam_stl/ldlidar_driver) by extensions ['colcon_pkg']
[1.417s] Level 1:colcon.colcon_core.package_identification:_identify(sdk_ldrobotsensorteam_stl/ldlidar_driver) by extension 'colcon_pkg'
[1.418s] Level 1:colcon.colcon_core.package_identification:_identify(sdk_ldrobotsensorteam_stl/ldlidar_driver) by extensions ['colcon_meta']
[1.418s] Level 1:colcon.colcon_core.package_identification:_identify(sdk_ldrobotsensorteam_stl/ldlidar_driver) by extension 'colcon_meta'
[1.418s] Level 1:colcon.colcon_core.package_identification:_identify(sdk_ldrobotsensorteam_stl/ldlidar_driver) by extensions ['ros']
[1.418s] Level 1:colcon.colcon_core.package_identification:_identify(sdk_ldrobotsensorteam_stl/ldlidar_driver) by extension 'ros'
[1.418s] Level 1:colcon.colcon_core.package_identification:_identify(sdk_ldrobotsensorteam_stl/ldlidar_driver) by extensions ['cmake', 'python']
[1.419s] Level 1:colcon.colcon_core.package_identification:_identify(sdk_ldrobotsensorteam_stl/ldlidar_driver) by extension 'cmake'
[1.419s] Level 1:colcon.colcon_core.package_identification:_identify(sdk_ldrobotsensorteam_stl/ldlidar_driver) by extension 'python'
[1.419s] Level 1:colcon.colcon_core.package_identification:_identify(sdk_ldrobotsensorteam_stl/ldlidar_driver) by extensions ['python_setup_py']
[1.419s] Level 1:colcon.colcon_core.package_identification:_identify(sdk_ldrobotsensorteam_stl/ldlidar_driver) by extension 'python_setup_py'
[1.420s] Level 1:colcon.colcon_core.package_identification:_identify(sdk_ldrobotsensorteam_stl/ldlidar_driver/include) by extensions ['ignore', 'ignore_ament_install']
[1.420s] Level 1:colcon.colcon_core.package_identification:_identify(sdk_ldrobotsensorteam_stl/ldlidar_driver/include) by extension 'ignore'
[1.420s] Level 1:colcon.colcon_core.package_identification:_identify(sdk_ldrobotsensorteam_stl/ldlidar_driver/include) by extension 'ignore_ament_install'
[1.420s] Level 1:colcon.colcon_core.package_identification:_identify(sdk_ldrobotsensorteam_stl/ldlidar_driver/include) by extensions ['colcon_pkg']
[1.420s] Level 1:colcon.colcon_core.package_identification:_identify(sdk_ldrobotsensorteam_stl/ldlidar_driver/include) by extension 'colcon_pkg'
[1.420s] Level 1:colcon.colcon_core.package_identification:_identify(sdk_ldrobotsensorteam_stl/ldlidar_driver/include) by extensions ['colcon_meta']
[1.421s] Level 1:colcon.colcon_core.package_identification:_identify(sdk_ldrobotsensorteam_stl/ldlidar_driver/include) by extension 'colcon_meta'
[1.421s] Level 1:colcon.colcon_core.package_identification:_identify(sdk_ldrobotsensorteam_stl/ldlidar_driver/include) by extensions ['ros']
[1.421s] Level 1:colcon.colcon_core.package_identification:_identify(sdk_ldrobotsensorteam_stl/ldlidar_driver/include) by extension 'ros'
[1.421s] Level 1:colcon.colcon_core.package_identification:_identify(sdk_ldrobotsensorteam_stl/ldlidar_driver/include) by extensions ['cmake', 'python']
[1.421s] Level 1:colcon.colcon_core.package_identification:_identify(sdk_ldrobotsensorteam_stl/ldlidar_driver/include) by extension 'cmake'
[1.421s] Level 1:colcon.colcon_core.package_identification:_identify(sdk_ldrobotsensorteam_stl/ldlidar_driver/include) by extension 'python'
[1.422s] Level 1:colcon.colcon_core.package_identification:_identify(sdk_ldrobotsensorteam_stl/ldlidar_driver/include) by extensions ['python_setup_py']
[1.422s] Level 1:colcon.colcon_core.package_identification:_identify(sdk_ldrobotsensorteam_stl/ldlidar_driver/include) by extension 'python_setup_py'
[1.422s] Level 1:colcon.colcon_core.package_identification:_identify(sdk_ldrobotsensorteam_stl/ldlidar_driver/include/core) by extensions ['ignore', 'ignore_ament_install']
[1.423s] Level 1:colcon.colcon_core.package_identification:_identify(sdk_ldrobotsensorteam_stl/ldlidar_driver/include/core) by extension 'ignore'
[1.423s] Level 1:colcon.colcon_core.package_identification:_identify(sdk_ldrobotsensorteam_stl/ldlidar_driver/include/core) by extension 'ignore_ament_install'
[1.423s] Level 1:colcon.colcon_core.package_identification:_identify(sdk_ldrobotsensorteam_stl/ldlidar_driver/include/core) by extensions ['colcon_pkg']
[1.423s] Level 1:colcon.colcon_core.package_identification:_identify(sdk_ldrobotsensorteam_stl/ldlidar_driver/include/core) by extension 'colcon_pkg'
[1.423s] Level 1:colcon.colcon_core.package_identification:_identify(sdk_ldrobotsensorteam_stl/ldlidar_driver/include/core) by extensions ['colcon_meta']
[1.423s] Level 1:colcon.colcon_core.package_identification:_identify(sdk_ldrobotsensorteam_stl/ldlidar_driver/include/core) by extension 'colcon_meta'
[1.424s] Level 1:colcon.colcon_core.package_identification:_identify(sdk_ldrobotsensorteam_stl/ldlidar_driver/include/core) by extensions ['ros']
[1.424s] Level 1:colcon.colcon_core.package_identification:_identify(sdk_ldrobotsensorteam_stl/ldlidar_driver/include/core) by extension 'ros'
[1.424s] Level 1:colcon.colcon_core.package_identification:_identify(sdk_ldrobotsensorteam_stl/ldlidar_driver/include/core) by extensions ['cmake', 'python']
[1.424s] Level 1:colcon.colcon_core.package_identification:_identify(sdk_ldrobotsensorteam_stl/ldlidar_driver/include/core) by extension 'cmake'
[1.424s] Level 1:colcon.colcon_core.package_identification:_identify(sdk_ldrobotsensorteam_stl/ldlidar_driver/include/core) by extension 'python'
[1.425s] Level 1:colcon.colcon_core.package_identification:_identify(sdk_ldrobotsensorteam_stl/ldlidar_driver/include/core) by extensions ['python_setup_py']
[1.425s] Level 1:colcon.colcon_core.package_identification:_identify(sdk_ldrobotsensorteam_stl/ldlidar_driver/include/core) by extension 'python_setup_py'
[1.425s] Level 1:colcon.colcon_core.package_identification:_identify(sdk_ldrobotsensorteam_stl/ldlidar_driver/include/dataprocess) by extensions ['ignore', 'ignore_ament_install']
[1.425s] Level 1:colcon.colcon_core.package_identification:_identify(sdk_ldrobotsensorteam_stl/ldlidar_driver/include/dataprocess) by extension 'ignore'
[1.426s] Level 1:colcon.colcon_core.package_identification:_identify(sdk_ldrobotsensorteam_stl/ldlidar_driver/include/dataprocess) by extension 'ignore_ament_install'
[1.426s] Level 1:colcon.colcon_core.package_identification:_identify(sdk_ldrobotsensorteam_stl/ldlidar_driver/include/dataprocess) by extensions ['colcon_pkg']
[1.426s] Level 1:colcon.colcon_core.package_identification:_identify(sdk_ldrobotsensorteam_stl/ldlidar_driver/include/dataprocess) by extension 'colcon_pkg'
[1.426s] Level 1:colcon.colcon_core.package_identification:_identify(sdk_ldrobotsensorteam_stl/ldlidar_driver/include/dataprocess) by extensions ['colcon_meta']
[1.426s] Level 1:colcon.colcon_core.package_identification:_identify(sdk_ldrobotsensorteam_stl/ldlidar_driver/include/dataprocess) by extension 'colcon_meta'
[1.427s] Level 1:colcon.colcon_core.package_identification:_identify(sdk_ldrobotsensorteam_stl/ldlidar_driver/include/dataprocess) by extensions ['ros']
[1.427s] Level 1:colcon.colcon_core.package_identification:_identify(sdk_ldrobotsensorteam_stl/ldlidar_driver/include/dataprocess) by extension 'ros'
[1.427s] Level 1:colcon.colcon_core.package_identification:_identify(sdk_ldrobotsensorteam_stl/ldlidar_driver/include/dataprocess) by extensions ['cmake', 'python']
[1.427s] Level 1:colcon.colcon_core.package_identification:_identify(sdk_ldrobotsensorteam_stl/ldlidar_driver/include/dataprocess) by extension 'cmake'
[1.427s] Level 1:colcon.colcon_core.package_identification:_identify(sdk_ldrobotsensorteam_stl/ldlidar_driver/include/dataprocess) by extension 'python'
[1.427s] Level 1:colcon.colcon_core.package_identification:_identify(sdk_ldrobotsensorteam_stl/ldlidar_driver/include/dataprocess) by extensions ['python_setup_py']
[1.428s] Level 1:colcon.colcon_core.package_identification:_identify(sdk_ldrobotsensorteam_stl/ldlidar_driver/include/dataprocess) by extension 'python_setup_py'
[1.428s] Level 1:colcon.colcon_core.package_identification:_identify(sdk_ldrobotsensorteam_stl/ldlidar_driver/include/filter) by extensions ['ignore', 'ignore_ament_install']
[1.428s] Level 1:colcon.colcon_core.package_identification:_identify(sdk_ldrobotsensorteam_stl/ldlidar_driver/include/filter) by extension 'ignore'
[1.428s] Level 1:colcon.colcon_core.package_identification:_identify(sdk_ldrobotsensorteam_stl/ldlidar_driver/include/filter) by extension 'ignore_ament_install'
[1.429s] Level 1:colcon.colcon_core.package_identification:_identify(sdk_ldrobotsensorteam_stl/ldlidar_driver/include/filter) by extensions ['colcon_pkg']
[1.429s] Level 1:colcon.colcon_core.package_identification:_identify(sdk_ldrobotsensorteam_stl/ldlidar_driver/include/filter) by extension 'colcon_pkg'
[1.429s] Level 1:colcon.colcon_core.package_identification:_identify(sdk_ldrobotsensorteam_stl/ldlidar_driver/include/filter) by extensions ['colcon_meta']
[1.429s] Level 1:colcon.colcon_core.package_identification:_identify(sdk_ldrobotsensorteam_stl/ldlidar_driver/include/filter) by extension 'colcon_meta'
[1.429s] Level 1:colcon.colcon_core.package_identification:_identify(sdk_ldrobotsensorteam_stl/ldlidar_driver/include/filter) by extensions ['ros']
[1.429s] Level 1:colcon.colcon_core.package_identification:_identify(sdk_ldrobotsensorteam_stl/ldlidar_driver/include/filter) by extension 'ros'
[1.430s] Level 1:colcon.colcon_core.package_identification:_identify(sdk_ldrobotsensorteam_stl/ldlidar_driver/include/filter) by extensions ['cmake', 'python']
[1.430s] Level 1:colcon.colcon_core.package_identification:_identify(sdk_ldrobotsensorteam_stl/ldlidar_driver/include/filter) by extension 'cmake'
[1.430s] Level 1:colcon.colcon_core.package_identification:_identify(sdk_ldrobotsensorteam_stl/ldlidar_driver/include/filter) by extension 'python'
[1.430s] Level 1:colcon.colcon_core.package_identification:_identify(sdk_ldrobotsensorteam_stl/ldlidar_driver/include/filter) by extensions ['python_setup_py']
[1.430s] Level 1:colcon.colcon_core.package_identification:_identify(sdk_ldrobotsensorteam_stl/ldlidar_driver/include/filter) by extension 'python_setup_py'
[1.431s] Level 1:colcon.colcon_core.package_identification:_identify(sdk_ldrobotsensorteam_stl/ldlidar_driver/include/logger) by extensions ['ignore', 'ignore_ament_install']
[1.431s] Level 1:colcon.colcon_core.package_identification:_identify(sdk_ldrobotsensorteam_stl/ldlidar_driver/include/logger) by extension 'ignore'
[1.431s] Level 1:colcon.colcon_core.package_identification:_identify(sdk_ldrobotsensorteam_stl/ldlidar_driver/include/logger) by extension 'ignore_ament_install'
[1.432s] Level 1:colcon.colcon_core.package_identification:_identify(sdk_ldrobotsensorteam_stl/ldlidar_driver/include/logger) by extensions ['colcon_pkg']
[1.432s] Level 1:colcon.colcon_core.package_identification:_identify(sdk_ldrobotsensorteam_stl/ldlidar_driver/include/logger) by extension 'colcon_pkg'
[1.432s] Level 1:colcon.colcon_core.package_identification:_identify(sdk_ldrobotsensorteam_stl/ldlidar_driver/include/logger) by extensions ['colcon_meta']
[1.432s] Level 1:colcon.colcon_core.package_identification:_identify(sdk_ldrobotsensorteam_stl/ldlidar_driver/include/logger) by extension 'colcon_meta'
[1.432s] Level 1:colcon.colcon_core.package_identification:_identify(sdk_ldrobotsensorteam_stl/ldlidar_driver/include/logger) by extensions ['ros']
[1.432s] Level 1:colcon.colcon_core.package_identification:_identify(sdk_ldrobotsensorteam_stl/ldlidar_driver/include/logger) by extension 'ros'
[1.433s] Level 1:colcon.colcon_core.package_identification:_identify(sdk_ldrobotsensorteam_stl/ldlidar_driver/include/logger) by extensions ['cmake', 'python']
[1.433s] Level 1:colcon.colcon_core.package_identification:_identify(sdk_ldrobotsensorteam_stl/ldlidar_driver/include/logger) by extension 'cmake'
[1.433s] Level 1:colcon.colcon_core.package_identification:_identify(sdk_ldrobotsensorteam_stl/ldlidar_driver/include/logger) by extension 'python'
[1.433s] Level 1:colcon.colcon_core.package_identification:_identify(sdk_ldrobotsensorteam_stl/ldlidar_driver/include/logger) by extensions ['python_setup_py']
[1.433s] Level 1:colcon.colcon_core.package_identification:_identify(sdk_ldrobotsensorteam_stl/ldlidar_driver/include/logger) by extension 'python_setup_py'
[1.434s] Level 1:colcon.colcon_core.package_identification:_identify(sdk_ldrobotsensorteam_stl/ldlidar_driver/include/networkcom) by extensions ['ignore', 'ignore_ament_install']
[1.434s] Level 1:colcon.colcon_core.package_identification:_identify(sdk_ldrobotsensorteam_stl/ldlidar_driver/include/networkcom) by extension 'ignore'
[1.434s] Level 1:colcon.colcon_core.package_identification:_identify(sdk_ldrobotsensorteam_stl/ldlidar_driver/include/networkcom) by extension 'ignore_ament_install'
[1.434s] Level 1:colcon.colcon_core.package_identification:_identify(sdk_ldrobotsensorteam_stl/ldlidar_driver/include/networkcom) by extensions ['colcon_pkg']
[1.435s] Level 1:colcon.colcon_core.package_identification:_identify(sdk_ldrobotsensorteam_stl/ldlidar_driver/include/networkcom) by extension 'colcon_pkg'
[1.435s] Level 1:colcon.colcon_core.package_identification:_identify(sdk_ldrobotsensorteam_stl/ldlidar_driver/include/networkcom) by extensions ['colcon_meta']
[1.435s] Level 1:colcon.colcon_core.package_identification:_identify(sdk_ldrobotsensorteam_stl/ldlidar_driver/include/networkcom) by extension 'colcon_meta'
[1.435s] Level 1:colcon.colcon_core.package_identification:_identify(sdk_ldrobotsensorteam_stl/ldlidar_driver/include/networkcom) by extensions ['ros']
[1.435s] Level 1:colcon.colcon_core.package_identification:_identify(sdk_ldrobotsensorteam_stl/ldlidar_driver/include/networkcom) by extension 'ros'
[1.436s] Level 1:colcon.colcon_core.package_identification:_identify(sdk_ldrobotsensorteam_stl/ldlidar_driver/include/networkcom) by extensions ['cmake', 'python']
[1.436s] Level 1:colcon.colcon_core.package_identification:_identify(sdk_ldrobotsensorteam_stl/ldlidar_driver/include/networkcom) by extension 'cmake'
[1.436s] Level 1:colcon.colcon_core.package_identification:_identify(sdk_ldrobotsensorteam_stl/ldlidar_driver/include/networkcom) by extension 'python'
[1.436s] Level 1:colcon.colcon_core.package_identification:_identify(sdk_ldrobotsensorteam_stl/ldlidar_driver/include/networkcom) by extensions ['python_setup_py']
[1.436s] Level 1:colcon.colcon_core.package_identification:_identify(sdk_ldrobotsensorteam_stl/ldlidar_driver/include/networkcom) by extension 'python_setup_py'
[1.437s] Level 1:colcon.colcon_core.package_identification:_identify(sdk_ldrobotsensorteam_stl/ldlidar_driver/include/serialcom) by extensions ['ignore', 'ignore_ament_install']
[1.437s] Level 1:colcon.colcon_core.package_identification:_identify(sdk_ldrobotsensorteam_stl/ldlidar_driver/include/serialcom) by extension 'ignore'
[1.437s] Level 1:colcon.colcon_core.package_identification:_identify(sdk_ldrobotsensorteam_stl/ldlidar_driver/include/serialcom) by extension 'ignore_ament_install'
[1.437s] Level 1:colcon.colcon_core.package_identification:_identify(sdk_ldrobotsensorteam_stl/ldlidar_driver/include/serialcom) by extensions ['colcon_pkg']
[1.437s] Level 1:colcon.colcon_core.package_identification:_identify(sdk_ldrobotsensorteam_stl/ldlidar_driver/include/serialcom) by extension 'colcon_pkg'
[1.438s] Level 1:colcon.colcon_core.package_identification:_identify(sdk_ldrobotsensorteam_stl/ldlidar_driver/include/serialcom) by extensions ['colcon_meta']
[1.438s] Level 1:colcon.colcon_core.package_identification:_identify(sdk_ldrobotsensorteam_stl/ldlidar_driver/include/serialcom) by extension 'colcon_meta'
[1.438s] Level 1:colcon.colcon_core.package_identification:_identify(sdk_ldrobotsensorteam_stl/ldlidar_driver/include/serialcom) by extensions ['ros']
[1.438s] Level 1:colcon.colcon_core.package_identification:_identify(sdk_ldrobotsensorteam_stl/ldlidar_driver/include/serialcom) by extension 'ros'
[1.438s] Level 1:colcon.colcon_core.package_identification:_identify(sdk_ldrobotsensorteam_stl/ldlidar_driver/include/serialcom) by extensions ['cmake', 'python']
[1.439s] Level 1:colcon.colcon_core.package_identification:_identify(sdk_ldrobotsensorteam_stl/ldlidar_driver/include/serialcom) by extension 'cmake'
[1.439s] Level 1:colcon.colcon_core.package_identification:_identify(sdk_ldrobotsensorteam_stl/ldlidar_driver/include/serialcom) by extension 'python'
[1.439s] Level 1:colcon.colcon_core.package_identification:_identify(sdk_ldrobotsensorteam_stl/ldlidar_driver/include/serialcom) by extensions ['python_setup_py']
[1.439s] Level 1:colcon.colcon_core.package_identification:_identify(sdk_ldrobotsensorteam_stl/ldlidar_driver/include/serialcom) by extension 'python_setup_py'
[1.439s] Level 1:colcon.colcon_core.package_identification:_identify(sdk_ldrobotsensorteam_stl/ldlidar_driver/src) by extensions ['ignore', 'ignore_ament_install']
[1.440s] Level 1:colcon.colcon_core.package_identification:_identify(sdk_ldrobotsensorteam_stl/ldlidar_driver/src) by extension 'ignore'
[1.440s] Level 1:colcon.colcon_core.package_identification:_identify(sdk_ldrobotsensorteam_stl/ldlidar_driver/src) by extension 'ignore_ament_install'
[1.440s] Level 1:colcon.colcon_core.package_identification:_identify(sdk_ldrobotsensorteam_stl/ldlidar_driver/src) by extensions ['colcon_pkg']
[1.440s] Level 1:colcon.colcon_core.package_identification:_identify(sdk_ldrobotsensorteam_stl/ldlidar_driver/src) by extension 'colcon_pkg'
[1.440s] Level 1:colcon.colcon_core.package_identification:_identify(sdk_ldrobotsensorteam_stl/ldlidar_driver/src) by extensions ['colcon_meta']
[1.440s] Level 1:colcon.colcon_core.package_identification:_identify(sdk_ldrobotsensorteam_stl/ldlidar_driver/src) by extension 'colcon_meta'
[1.441s] Level 1:colcon.colcon_core.package_identification:_identify(sdk_ldrobotsensorteam_stl/ldlidar_driver/src) by extensions ['ros']
[1.441s] Level 1:colcon.colcon_core.package_identification:_identify(sdk_ldrobotsensorteam_stl/ldlidar_driver/src) by extension 'ros'
[1.441s] Level 1:colcon.colcon_core.package_identification:_identify(sdk_ldrobotsensorteam_stl/ldlidar_driver/src) by extensions ['cmake', 'python']
[1.441s] Level 1:colcon.colcon_core.package_identification:_identify(sdk_ldrobotsensorteam_stl/ldlidar_driver/src) by extension 'cmake'
[1.441s] Level 1:colcon.colcon_core.package_identification:_identify(sdk_ldrobotsensorteam_stl/ldlidar_driver/src) by extension 'python'
[1.442s] Level 1:colcon.colcon_core.package_identification:_identify(sdk_ldrobotsensorteam_stl/ldlidar_driver/src) by extensions ['python_setup_py']
[1.442s] Level 1:colcon.colcon_core.package_identification:_identify(sdk_ldrobotsensorteam_stl/ldlidar_driver/src) by extension 'python_setup_py'
[1.442s] Level 1:colcon.colcon_core.package_identification:_identify(sdk_ldrobotsensorteam_stl/ldlidar_driver/src/core) by extensions ['ignore', 'ignore_ament_install']
[1.443s] Level 1:colcon.colcon_core.package_identification:_identify(sdk_ldrobotsensorteam_stl/ldlidar_driver/src/core) by extension 'ignore'
[1.443s] Level 1:colcon.colcon_core.package_identification:_identify(sdk_ldrobotsensorteam_stl/ldlidar_driver/src/core) by extension 'ignore_ament_install'
[1.443s] Level 1:colcon.colcon_core.package_identification:_identify(sdk_ldrobotsensorteam_stl/ldlidar_driver/src/core) by extensions ['colcon_pkg']
[1.443s] Level 1:colcon.colcon_core.package_identification:_identify(sdk_ldrobotsensorteam_stl/ldlidar_driver/src/core) by extension 'colcon_pkg'
[1.443s] Level 1:colcon.colcon_core.package_identification:_identify(sdk_ldrobotsensorteam_stl/ldlidar_driver/src/core) by extensions ['colcon_meta']
[1.443s] Level 1:colcon.colcon_core.package_identification:_identify(sdk_ldrobotsensorteam_stl/ldlidar_driver/src/core) by extension 'colcon_meta'
[1.444s] Level 1:colcon.colcon_core.package_identification:_identify(sdk_ldrobotsensorteam_stl/ldlidar_driver/src/core) by extensions ['ros']
[1.444s] Level 1:colcon.colcon_core.package_identification:_identify(sdk_ldrobotsensorteam_stl/ldlidar_driver/src/core) by extension 'ros'
[1.444s] Level 1:colcon.colcon_core.package_identification:_identify(sdk_ldrobotsensorteam_stl/ldlidar_driver/src/core) by extensions ['cmake', 'python']
[1.444s] Level 1:colcon.colcon_core.package_identification:_identify(sdk_ldrobotsensorteam_stl/ldlidar_driver/src/core) by extension 'cmake'
[1.444s] Level 1:colcon.colcon_core.package_identification:_identify(sdk_ldrobotsensorteam_stl/ldlidar_driver/src/core) by extension 'python'
[1.445s] Level 1:colcon.colcon_core.package_identification:_identify(sdk_ldrobotsensorteam_stl/ldlidar_driver/src/core) by extensions ['python_setup_py']
[1.445s] Level 1:colcon.colcon_core.package_identification:_identify(sdk_ldrobotsensorteam_stl/ldlidar_driver/src/core) by extension 'python_setup_py'
[1.445s] Level 1:colcon.colcon_core.package_identification:_identify(sdk_ldrobotsensorteam_stl/ldlidar_driver/src/dataprocess) by extensions ['ignore', 'ignore_ament_install']
[1.445s] Level 1:colcon.colcon_core.package_identification:_identify(sdk_ldrobotsensorteam_stl/ldlidar_driver/src/dataprocess) by extension 'ignore'
[1.446s] Level 1:colcon.colcon_core.package_identification:_identify(sdk_ldrobotsensorteam_stl/ldlidar_driver/src/dataprocess) by extension 'ignore_ament_install'
[1.446s] Level 1:colcon.colcon_core.package_identification:_identify(sdk_ldrobotsensorteam_stl/ldlidar_driver/src/dataprocess) by extensions ['colcon_pkg']
[1.446s] Level 1:colcon.colcon_core.package_identification:_identify(sdk_ldrobotsensorteam_stl/ldlidar_driver/src/dataprocess) by extension 'colcon_pkg'
[1.446s] Level 1:colcon.colcon_core.package_identification:_identify(sdk_ldrobotsensorteam_stl/ldlidar_driver/src/dataprocess) by extensions ['colcon_meta']
[1.446s] Level 1:colcon.colcon_core.package_identification:_identify(sdk_ldrobotsensorteam_stl/ldlidar_driver/src/dataprocess) by extension 'colcon_meta'
[1.447s] Level 1:colcon.colcon_core.package_identification:_identify(sdk_ldrobotsensorteam_stl/ldlidar_driver/src/dataprocess) by extensions ['ros']
[1.447s] Level 1:colcon.colcon_core.package_identification:_identify(sdk_ldrobotsensorteam_stl/ldlidar_driver/src/dataprocess) by extension 'ros'
[1.447s] Level 1:colcon.colcon_core.package_identification:_identify(sdk_ldrobotsensorteam_stl/ldlidar_driver/src/dataprocess) by extensions ['cmake', 'python']
[1.447s] Level 1:colcon.colcon_core.package_identification:_identify(sdk_ldrobotsensorteam_stl/ldlidar_driver/src/dataprocess) by extension 'cmake'
[1.447s] Level 1:colcon.colcon_core.package_identification:_identify(sdk_ldrobotsensorteam_stl/ldlidar_driver/src/dataprocess) by extension 'python'
[1.447s] Level 1:colcon.colcon_core.package_identification:_identify(sdk_ldrobotsensorteam_stl/ldlidar_driver/src/dataprocess) by extensions ['python_setup_py']
[1.448s] Level 1:colcon.colcon_core.package_identification:_identify(sdk_ldrobotsensorteam_stl/ldlidar_driver/src/dataprocess) by extension 'python_setup_py'
[1.448s] Level 1:colcon.colcon_core.package_identification:_identify(sdk_ldrobotsensorteam_stl/ldlidar_driver/src/filter) by extensions ['ignore', 'ignore_ament_install']
[1.448s] Level 1:colcon.colcon_core.package_identification:_identify(sdk_ldrobotsensorteam_stl/ldlidar_driver/src/filter) by extension 'ignore'
[1.448s] Level 1:colcon.colcon_core.package_identification:_identify(sdk_ldrobotsensorteam_stl/ldlidar_driver/src/filter) by extension 'ignore_ament_install'
[1.449s] Level 1:colcon.colcon_core.package_identification:_identify(sdk_ldrobotsensorteam_stl/ldlidar_driver/src/filter) by extensions ['colcon_pkg']
[1.449s] Level 1:colcon.colcon_core.package_identification:_identify(sdk_ldrobotsensorteam_stl/ldlidar_driver/src/filter) by extension 'colcon_pkg'
[1.449s] Level 1:colcon.colcon_core.package_identification:_identify(sdk_ldrobotsensorteam_stl/ldlidar_driver/src/filter) by extensions ['colcon_meta']
[1.449s] Level 1:colcon.colcon_core.package_identification:_identify(sdk_ldrobotsensorteam_stl/ldlidar_driver/src/filter) by extension 'colcon_meta'
[1.449s] Level 1:colcon.colcon_core.package_identification:_identify(sdk_ldrobotsensorteam_stl/ldlidar_driver/src/filter) by extensions ['ros']
[1.449s] Level 1:colcon.colcon_core.package_identification:_identify(sdk_ldrobotsensorteam_stl/ldlidar_driver/src/filter) by extension 'ros'
[1.450s] Level 1:colcon.colcon_core.package_identification:_identify(sdk_ldrobotsensorteam_stl/ldlidar_driver/src/filter) by extensions ['cmake', 'python']
[1.450s] Level 1:colcon.colcon_core.package_identification:_identify(sdk_ldrobotsensorteam_stl/ldlidar_driver/src/filter) by extension 'cmake'
[1.450s] Level 1:colcon.colcon_core.package_identification:_identify(sdk_ldrobotsensorteam_stl/ldlidar_driver/src/filter) by extension 'python'
[1.450s] Level 1:colcon.colcon_core.package_identification:_identify(sdk_ldrobotsensorteam_stl/ldlidar_driver/src/filter) by extensions ['python_setup_py']
[1.450s] Level 1:colcon.colcon_core.package_identification:_identify(sdk_ldrobotsensorteam_stl/ldlidar_driver/src/filter) by extension 'python_setup_py'
[1.451s] Level 1:colcon.colcon_core.package_identification:_identify(sdk_ldrobotsensorteam_stl/ldlidar_driver/src/logger) by extensions ['ignore', 'ignore_ament_install']
[1.451s] Level 1:colcon.colcon_core.package_identification:_identify(sdk_ldrobotsensorteam_stl/ldlidar_driver/src/logger) by extension 'ignore'
[1.451s] Level 1:colcon.colcon_core.package_identification:_identify(sdk_ldrobotsensorteam_stl/ldlidar_driver/src/logger) by extension 'ignore_ament_install'
[1.451s] Level 1:colcon.colcon_core.package_identification:_identify(sdk_ldrobotsensorteam_stl/ldlidar_driver/src/logger) by extensions ['colcon_pkg']
[1.452s] Level 1:colcon.colcon_core.package_identification:_identify(sdk_ldrobotsensorteam_stl/ldlidar_driver/src/logger) by extension 'colcon_pkg'
[1.452s] Level 1:colcon.colcon_core.package_identification:_identify(sdk_ldrobotsensorteam_stl/ldlidar_driver/src/logger) by extensions ['colcon_meta']
[1.452s] Level 1:colcon.colcon_core.package_identification:_identify(sdk_ldrobotsensorteam_stl/ldlidar_driver/src/logger) by extension 'colcon_meta'
[1.452s] Level 1:colcon.colcon_core.package_identification:_identify(sdk_ldrobotsensorteam_stl/ldlidar_driver/src/logger) by extensions ['ros']
[1.452s] Level 1:colcon.colcon_core.package_identification:_identify(sdk_ldrobotsensorteam_stl/ldlidar_driver/src/logger) by extension 'ros'
[1.453s] Level 1:colcon.colcon_core.package_identification:_identify(sdk_ldrobotsensorteam_stl/ldlidar_driver/src/logger) by extensions ['cmake', 'python']
[1.453s] Level 1:colcon.colcon_core.package_identification:_identify(sdk_ldrobotsensorteam_stl/ldlidar_driver/src/logger) by extension 'cmake'
[1.453s] Level 1:colcon.colcon_core.package_identification:_identify(sdk_ldrobotsensorteam_stl/ldlidar_driver/src/logger) by extension 'python'
[1.453s] Level 1:colcon.colcon_core.package_identification:_identify(sdk_ldrobotsensorteam_stl/ldlidar_driver/src/logger) by extensions ['python_setup_py']
[1.453s] Level 1:colcon.colcon_core.package_identification:_identify(sdk_ldrobotsensorteam_stl/ldlidar_driver/src/logger) by extension 'python_setup_py'
[1.454s] Level 1:colcon.colcon_core.package_identification:_identify(sdk_ldrobotsensorteam_stl/ldlidar_driver/src/networkcom) by extensions ['ignore', 'ignore_ament_install']
[1.454s] Level 1:colcon.colcon_core.package_identification:_identify(sdk_ldrobotsensorteam_stl/ldlidar_driver/src/networkcom) by extension 'ignore'
[1.454s] Level 1:colcon.colcon_core.package_identification:_identify(sdk_ldrobotsensorteam_stl/ldlidar_driver/src/networkcom) by extension 'ignore_ament_install'
[1.454s] Level 1:colcon.colcon_core.package_identification:_identify(sdk_ldrobotsensorteam_stl/ldlidar_driver/src/networkcom) by extensions ['colcon_pkg']
[1.455s] Level 1:colcon.colcon_core.package_identification:_identify(sdk_ldrobotsensorteam_stl/ldlidar_driver/src/networkcom) by extension 'colcon_pkg'
[1.455s] Level 1:colcon.colcon_core.package_identification:_identify(sdk_ldrobotsensorteam_stl/ldlidar_driver/src/networkcom) by extensions ['colcon_meta']
[1.455s] Level 1:colcon.colcon_core.package_identification:_identify(sdk_ldrobotsensorteam_stl/ldlidar_driver/src/networkcom) by extension 'colcon_meta'
[1.455s] Level 1:colcon.colcon_core.package_identification:_identify(sdk_ldrobotsensorteam_stl/ldlidar_driver/src/networkcom) by extensions ['ros']
[1.455s] Level 1:colcon.colcon_core.package_identification:_identify(sdk_ldrobotsensorteam_stl/ldlidar_driver/src/networkcom) by extension 'ros'
[1.455s] Level 1:colcon.colcon_core.package_identification:_identify(sdk_ldrobotsensorteam_stl/ldlidar_driver/src/networkcom) by extensions ['cmake', 'python']
[1.456s] Level 1:colcon.colcon_core.package_identification:_identify(sdk_ldrobotsensorteam_stl/ldlidar_driver/src/networkcom) by extension 'cmake'
[1.456s] Level 1:colcon.colcon_core.package_identification:_identify(sdk_ldrobotsensorteam_stl/ldlidar_driver/src/networkcom) by extension 'python'
[1.456s] Level 1:colcon.colcon_core.package_identification:_identify(sdk_ldrobotsensorteam_stl/ldlidar_driver/src/networkcom) by extensions ['python_setup_py']
[1.456s] Level 1:colcon.colcon_core.package_identification:_identify(sdk_ldrobotsensorteam_stl/ldlidar_driver/src/networkcom) by extension 'python_setup_py'
[1.456s] Level 1:colcon.colcon_core.package_identification:_identify(sdk_ldrobotsensorteam_stl/ldlidar_driver/src/serialcom) by extensions ['ignore', 'ignore_ament_install']
[1.457s] Level 1:colcon.colcon_core.package_identification:_identify(sdk_ldrobotsensorteam_stl/ldlidar_driver/src/serialcom) by extension 'ignore'
[1.457s] Level 1:colcon.colcon_core.package_identification:_identify(sdk_ldrobotsensorteam_stl/ldlidar_driver/src/serialcom) by extension 'ignore_ament_install'
[1.457s] Level 1:colcon.colcon_core.package_identification:_identify(sdk_ldrobotsensorteam_stl/ldlidar_driver/src/serialcom) by extensions ['colcon_pkg']
[1.457s] Level 1:colcon.colcon_core.package_identification:_identify(sdk_ldrobotsensorteam_stl/ldlidar_driver/src/serialcom) by extension 'colcon_pkg'
[1.458s] Level 1:colcon.colcon_core.package_identification:_identify(sdk_ldrobotsensorteam_stl/ldlidar_driver/src/serialcom) by extensions ['colcon_meta']
[1.458s] Level 1:colcon.colcon_core.package_identification:_identify(sdk_ldrobotsensorteam_stl/ldlidar_driver/src/serialcom) by extension 'colcon_meta'
[1.458s] Level 1:colcon.colcon_core.package_identification:_identify(sdk_ldrobotsensorteam_stl/ldlidar_driver/src/serialcom) by extensions ['ros']
[1.458s] Level 1:colcon.colcon_core.package_identification:_identify(sdk_ldrobotsensorteam_stl/ldlidar_driver/src/serialcom) by extension 'ros'
[1.458s] Level 1:colcon.colcon_core.package_identification:_identify(sdk_ldrobotsensorteam_stl/ldlidar_driver/src/serialcom) by extensions ['cmake', 'python']
[1.458s] Level 1:colcon.colcon_core.package_identification:_identify(sdk_ldrobotsensorteam_stl/ldlidar_driver/src/serialcom) by extension 'cmake'
[1.459s] Level 1:colcon.colcon_core.package_identification:_identify(sdk_ldrobotsensorteam_stl/ldlidar_driver/src/serialcom) by extension 'python'
[1.459s] Level 1:colcon.colcon_core.package_identification:_identify(sdk_ldrobotsensorteam_stl/ldlidar_driver/src/serialcom) by extensions ['python_setup_py']
[1.459s] Level 1:colcon.colcon_core.package_identification:_identify(sdk_ldrobotsensorteam_stl/ldlidar_driver/src/serialcom) by extension 'python_setup_py'
[1.459s] Level 1:colcon.colcon_core.package_identification:_identify(sdk_ldrobotsensorteam_stl/linux_app) by extensions ['ignore', 'ignore_ament_install']
[1.460s] Level 1:colcon.colcon_core.package_identification:_identify(sdk_ldrobotsensorteam_stl/linux_app) by extension 'ignore'
[1.460s] Level 1:colcon.colcon_core.package_identification:_identify(sdk_ldrobotsensorteam_stl/linux_app) by extension 'ignore_ament_install'
[1.460s] Level 1:colcon.colcon_core.package_identification:_identify(sdk_ldrobotsensorteam_stl/linux_app) by extensions ['colcon_pkg']
[1.460s] Level 1:colcon.colcon_core.package_identification:_identify(sdk_ldrobotsensorteam_stl/linux_app) by extension 'colcon_pkg'
[1.460s] Level 1:colcon.colcon_core.package_identification:_identify(sdk_ldrobotsensorteam_stl/linux_app) by extensions ['colcon_meta']
[1.460s] Level 1:colcon.colcon_core.package_identification:_identify(sdk_ldrobotsensorteam_stl/linux_app) by extension 'colcon_meta'
[1.461s] Level 1:colcon.colcon_core.package_identification:_identify(sdk_ldrobotsensorteam_stl/linux_app) by extensions ['ros']
[1.461s] Level 1:colcon.colcon_core.package_identification:_identify(sdk_ldrobotsensorteam_stl/linux_app) by extension 'ros'
[1.461s] Level 1:colcon.colcon_core.package_identification:_identify(sdk_ldrobotsensorteam_stl/linux_app) by extensions ['cmake', 'python']
[1.461s] Level 1:colcon.colcon_core.package_identification:_identify(sdk_ldrobotsensorteam_stl/linux_app) by extension 'cmake'
[1.467s] Level 1:colcon.colcon_core.package_identification:_identify(sdk_ldrobotsensorteam_stl/linux_app) by extension 'python'
[1.467s] DEBUG:colcon.colcon_core.package_identification:Package 'sdk_ldrobotsensorteam_stl/linux_app' with type 'cmake' and name 'ldlidar_stl'
[1.467s] Level 1:colcon.colcon_core.package_identification:_identify(sdk_ldrobotsensorteam_stl/ros2_app) by extensions ['ignore', 'ignore_ament_install']
[1.468s] Level 1:colcon.colcon_core.package_identification:_identify(sdk_ldrobotsensorteam_stl/ros2_app) by extension 'ignore'
[1.468s] Level 1:colcon.colcon_core.package_identification:_identify(sdk_ldrobotsensorteam_stl/ros2_app) by extension 'ignore_ament_install'
[1.468s] Level 1:colcon.colcon_core.package_identification:_identify(sdk_ldrobotsensorteam_stl/ros2_app) by extensions ['colcon_pkg']
[1.468s] Level 1:colcon.colcon_core.package_identification:_identify(sdk_ldrobotsensorteam_stl/ros2_app) by extension 'colcon_pkg'
[1.468s] Level 1:colcon.colcon_core.package_identification:_identify(sdk_ldrobotsensorteam_stl/ros2_app) by extensions ['colcon_meta']
[1.469s] Level 1:colcon.colcon_core.package_identification:_identify(sdk_ldrobotsensorteam_stl/ros2_app) by extension 'colcon_meta'
[1.469s] Level 1:colcon.colcon_core.package_identification:_identify(sdk_ldrobotsensorteam_stl/ros2_app) by extensions ['ros']
[1.469s] Level 1:colcon.colcon_core.package_identification:_identify(sdk_ldrobotsensorteam_stl/ros2_app) by extension 'ros'
[1.469s] Level 1:colcon.colcon_core.package_identification:_identify(sdk_ldrobotsensorteam_stl/ros2_app) by extensions ['cmake', 'python']
[1.469s] Level 1:colcon.colcon_core.package_identification:_identify(sdk_ldrobotsensorteam_stl/ros2_app) by extension 'cmake'
[1.470s] Level 1:colcon.colcon_core.package_identification:_identify(sdk_ldrobotsensorteam_stl/ros2_app) by extension 'python'
[1.470s] Level 1:colcon.colcon_core.package_identification:_identify(sdk_ldrobotsensorteam_stl/ros2_app) by extensions ['python_setup_py']
[1.470s] Level 1:colcon.colcon_core.package_identification:_identify(sdk_ldrobotsensorteam_stl/ros2_app) by extension 'python_setup_py'
[1.470s] Level 1:colcon.colcon_core.package_identification:_identify(sdk_ldrobotsensorteam_stl/ros2_app/build) by extensions ['ignore', 'ignore_ament_install']
[1.471s] Level 1:colcon.colcon_core.package_identification:_identify(sdk_ldrobotsensorteam_stl/ros2_app/build) by extension 'ignore'
[1.471s] Level 1:colcon.colcon_core.package_identification:_identify(sdk_ldrobotsensorteam_stl/ros2_app/build) ignored
[1.471s] Level 1:colcon.colcon_core.package_identification:_identify(sdk_ldrobotsensorteam_stl/ros2_app/install) by extensions ['ignore', 'ignore_ament_install']
[1.472s] Level 1:colcon.colcon_core.package_identification:_identify(sdk_ldrobotsensorteam_stl/ros2_app/install) by extension 'ignore'
[1.472s] Level 1:colcon.colcon_core.package_identification:_identify(sdk_ldrobotsensorteam_stl/ros2_app/install) ignored
[1.472s] Level 1:colcon.colcon_core.package_identification:_identify(sdk_ldrobotsensorteam_stl/ros2_app/log) by extensions ['ignore', 'ignore_ament_install']
[1.473s] Level 1:colcon.colcon_core.package_identification:_identify(sdk_ldrobotsensorteam_stl/ros2_app/log) by extension 'ignore'
[1.473s] Level 1:colcon.colcon_core.package_identification:_identify(sdk_ldrobotsensorteam_stl/ros2_app/log) ignored
[1.473s] Level 1:colcon.colcon_core.package_identification:_identify(sdk_ldrobotsensorteam_stl/ros2_app/src) by extensions ['ignore', 'ignore_ament_install']
[1.473s] Level 1:colcon.colcon_core.package_identification:_identify(sdk_ldrobotsensorteam_stl/ros2_app/src) by extension 'ignore'
[1.474s] Level 1:colcon.colcon_core.package_identification:_identify(sdk_ldrobotsensorteam_stl/ros2_app/src) by extension 'ignore_ament_install'
[1.474s] Level 1:colcon.colcon_core.package_identification:_identify(sdk_ldrobotsensorteam_stl/ros2_app/src) by extensions ['colcon_pkg']
[1.474s] Level 1:colcon.colcon_core.package_identification:_identify(sdk_ldrobotsensorteam_stl/ros2_app/src) by extension 'colcon_pkg'
[1.474s] Level 1:colcon.colcon_core.package_identification:_identify(sdk_ldrobotsensorteam_stl/ros2_app/src) by extensions ['colcon_meta']
[1.474s] Level 1:colcon.colcon_core.package_identification:_identify(sdk_ldrobotsensorteam_stl/ros2_app/src) by extension 'colcon_meta'
[1.474s] Level 1:colcon.colcon_core.package_identification:_identify(sdk_ldrobotsensorteam_stl/ros2_app/src) by extensions ['ros']
[1.475s] Level 1:colcon.colcon_core.package_identification:_identify(sdk_ldrobotsensorteam_stl/ros2_app/src) by extension 'ros'
[1.475s] Level 1:colcon.colcon_core.package_identification:_identify(sdk_ldrobotsensorteam_stl/ros2_app/src) by extensions ['cmake', 'python']
[1.475s] Level 1:colcon.colcon_core.package_identification:_identify(sdk_ldrobotsensorteam_stl/ros2_app/src) by extension 'cmake'
[1.475s] Level 1:colcon.colcon_core.package_identification:_identify(sdk_ldrobotsensorteam_stl/ros2_app/src) by extension 'python'
[1.475s] Level 1:colcon.colcon_core.package_identification:_identify(sdk_ldrobotsensorteam_stl/ros2_app/src) by extensions ['python_setup_py']
[1.475s] Level 1:colcon.colcon_core.package_identification:_identify(sdk_ldrobotsensorteam_stl/ros2_app/src) by extension 'python_setup_py'
[1.476s] Level 1:colcon.colcon_core.package_identification:_identify(sdk_ldrobotsensorteam_stl/ros2_app/src/ldlidar) by extensions ['ignore', 'ignore_ament_install']
[1.476s] Level 1:colcon.colcon_core.package_identification:_identify(sdk_ldrobotsensorteam_stl/ros2_app/src/ldlidar) by extension 'ignore'
[1.477s] Level 1:colcon.colcon_core.package_identification:_identify(sdk_ldrobotsensorteam_stl/ros2_app/src/ldlidar) by extension 'ignore_ament_install'
[1.477s] Level 1:colcon.colcon_core.package_identification:_identify(sdk_ldrobotsensorteam_stl/ros2_app/src/ldlidar) by extensions ['colcon_pkg']
[1.477s] Level 1:colcon.colcon_core.package_identification:_identify(sdk_ldrobotsensorteam_stl/ros2_app/src/ldlidar) by extension 'colcon_pkg'
[1.477s] Level 1:colcon.colcon_core.package_identification:_identify(sdk_ldrobotsensorteam_stl/ros2_app/src/ldlidar) by extensions ['colcon_meta']
[1.477s] Level 1:colcon.colcon_core.package_identification:_identify(sdk_ldrobotsensorteam_stl/ros2_app/src/ldlidar) by extension 'colcon_meta'
[1.477s] Level 1:colcon.colcon_core.package_identification:_identify(sdk_ldrobotsensorteam_stl/ros2_app/src/ldlidar) by extensions ['ros']
[1.477s] Level 1:colcon.colcon_core.package_identification:_identify(sdk_ldrobotsensorteam_stl/ros2_app/src/ldlidar) by extension 'ros'
[1.487s] DEBUG:colcon.colcon_core.package_identification:Package 'sdk_ldrobotsensorteam_stl/ros2_app/src/ldlidar' with type 'ros.ament_cmake' and name 'ldlidar'
[1.488s] Level 1:colcon.colcon_core.package_identification:_identify(sdk_ldrobotsensorteam_stl/ros_app) by extensions ['ignore', 'ignore_ament_install']
[1.488s] Level 1:colcon.colcon_core.package_identification:_identify(sdk_ldrobotsensorteam_stl/ros_app) by extension 'ignore'
[1.488s] Level 1:colcon.colcon_core.package_identification:_identify(sdk_ldrobotsensorteam_stl/ros_app) by extension 'ignore_ament_install'
[1.488s] Level 1:colcon.colcon_core.package_identification:_identify(sdk_ldrobotsensorteam_stl/ros_app) by extensions ['colcon_pkg']
[1.488s] Level 1:colcon.colcon_core.package_identification:_identify(sdk_ldrobotsensorteam_stl/ros_app) by extension 'colcon_pkg'
[1.489s] Level 1:colcon.colcon_core.package_identification:_identify(sdk_ldrobotsensorteam_stl/ros_app) by extensions ['colcon_meta']
[1.489s] Level 1:colcon.colcon_core.package_identification:_identify(sdk_ldrobotsensorteam_stl/ros_app) by extension 'colcon_meta'
[1.489s] Level 1:colcon.colcon_core.package_identification:_identify(sdk_ldrobotsensorteam_stl/ros_app) by extensions ['ros']
[1.489s] Level 1:colcon.colcon_core.package_identification:_identify(sdk_ldrobotsensorteam_stl/ros_app) by extension 'ros'
[1.489s] Level 1:colcon.colcon_core.package_identification:_identify(sdk_ldrobotsensorteam_stl/ros_app) by extensions ['cmake', 'python']
[1.489s] Level 1:colcon.colcon_core.package_identification:_identify(sdk_ldrobotsensorteam_stl/ros_app) by extension 'cmake'
[1.490s] Level 1:colcon.colcon_core.package_identification:_identify(sdk_ldrobotsensorteam_stl/ros_app) by extension 'python'
[1.490s] Level 1:colcon.colcon_core.package_identification:_identify(sdk_ldrobotsensorteam_stl/ros_app) by extensions ['python_setup_py']
[1.490s] Level 1:colcon.colcon_core.package_identification:_identify(sdk_ldrobotsensorteam_stl/ros_app) by extension 'python_setup_py'
[1.491s] Level 1:colcon.colcon_core.package_identification:_identify(sdk_ldrobotsensorteam_stl/ros_app/src) by extensions ['ignore', 'ignore_ament_install']
[1.491s] Level 1:colcon.colcon_core.package_identification:_identify(sdk_ldrobotsensorteam_stl/ros_app/src) by extension 'ignore'
[1.491s] Level 1:colcon.colcon_core.package_identification:_identify(sdk_ldrobotsensorteam_stl/ros_app/src) by extension 'ignore_ament_install'
[1.491s] Level 1:colcon.colcon_core.package_identification:_identify(sdk_ldrobotsensorteam_stl/ros_app/src) by extensions ['colcon_pkg']
[1.491s] Level 1:colcon.colcon_core.package_identification:_identify(sdk_ldrobotsensorteam_stl/ros_app/src) by extension 'colcon_pkg'
[1.492s] Level 1:colcon.colcon_core.package_identification:_identify(sdk_ldrobotsensorteam_stl/ros_app/src) by extensions ['colcon_meta']
[1.492s] Level 1:colcon.colcon_core.package_identification:_identify(sdk_ldrobotsensorteam_stl/ros_app/src) by extension 'colcon_meta'
[1.492s] Level 1:colcon.colcon_core.package_identification:_identify(sdk_ldrobotsensorteam_stl/ros_app/src) by extensions ['ros']
[1.492s] Level 1:colcon.colcon_core.package_identification:_identify(sdk_ldrobotsensorteam_stl/ros_app/src) by extension 'ros'
[1.492s] Level 1:colcon.colcon_core.package_identification:_identify(sdk_ldrobotsensorteam_stl/ros_app/src) by extensions ['cmake', 'python']
[1.492s] Level 1:colcon.colcon_core.package_identification:_identify(sdk_ldrobotsensorteam_stl/ros_app/src) by extension 'cmake'
[1.493s] Level 1:colcon.colcon_core.package_identification:_identify(sdk_ldrobotsensorteam_stl/ros_app/src) by extension 'python'
[1.493s] Level 1:colcon.colcon_core.package_identification:_identify(sdk_ldrobotsensorteam_stl/ros_app/src) by extensions ['python_setup_py']
[1.493s] Level 1:colcon.colcon_core.package_identification:_identify(sdk_ldrobotsensorteam_stl/ros_app/src) by extension 'python_setup_py'
[1.493s] Level 1:colcon.colcon_core.package_identification:_identify(sdk_ldrobotsensorteam_stl/ros_app/src/ldlidar) by extensions ['ignore', 'ignore_ament_install']
[1.494s] Level 1:colcon.colcon_core.package_identification:_identify(sdk_ldrobotsensorteam_stl/ros_app/src/ldlidar) by extension 'ignore'
[1.494s] Level 1:colcon.colcon_core.package_identification:_identify(sdk_ldrobotsensorteam_stl/ros_app/src/ldlidar) by extension 'ignore_ament_install'
[1.494s] Level 1:colcon.colcon_core.package_identification:_identify(sdk_ldrobotsensorteam_stl/ros_app/src/ldlidar) by extensions ['colcon_pkg']
[1.494s] Level 1:colcon.colcon_core.package_identification:_identify(sdk_ldrobotsensorteam_stl/ros_app/src/ldlidar) by extension 'colcon_pkg'
[1.494s] Level 1:colcon.colcon_core.package_identification:_identify(sdk_ldrobotsensorteam_stl/ros_app/src/ldlidar) by extensions ['colcon_meta']
[1.495s] Level 1:colcon.colcon_core.package_identification:_identify(sdk_ldrobotsensorteam_stl/ros_app/src/ldlidar) by extension 'colcon_meta'
[1.495s] Level 1:colcon.colcon_core.package_identification:_identify(sdk_ldrobotsensorteam_stl/ros_app/src/ldlidar) by extensions ['ros']
[1.495s] Level 1:colcon.colcon_core.package_identification:_identify(sdk_ldrobotsensorteam_stl/ros_app/src/ldlidar) by extension 'ros'
[1.498s] DEBUG:colcon.colcon_core.package_identification:Package 'sdk_ldrobotsensorteam_stl/ros_app/src/ldlidar' with type 'ros.catkin' and name 'ldlidar'
[1.499s] Level 1:colcon.colcon_core.package_identification:_identify(src) by extensions ['ignore', 'ignore_ament_install']
[1.499s] Level 1:colcon.colcon_core.package_identification:_identify(src) by extension 'ignore'
[1.499s] Level 1:colcon.colcon_core.package_identification:_identify(src) by extension 'ignore_ament_install'
[1.500s] Level 1:colcon.colcon_core.package_identification:_identify(src) by extensions ['colcon_pkg']
[1.500s] Level 1:colcon.colcon_core.package_identification:_identify(src) by extension 'colcon_pkg'
[1.500s] Level 1:colcon.colcon_core.package_identification:_identify(src) by extensions ['colcon_meta']
[1.500s] Level 1:colcon.colcon_core.package_identification:_identify(src) by extension 'colcon_meta'
[1.500s] Level 1:colcon.colcon_core.package_identification:_identify(src) by extensions ['ros']
[1.500s] Level 1:colcon.colcon_core.package_identification:_identify(src) by extension 'ros'
[1.501s] Level 1:colcon.colcon_core.package_identification:_identify(src) by extensions ['cmake', 'python']
[1.501s] Level 1:colcon.colcon_core.package_identification:_identify(src) by extension 'cmake'
[1.501s] Level 1:colcon.colcon_core.package_identification:_identify(src) by extension 'python'
[1.501s] Level 1:colcon.colcon_core.package_identification:_identify(src) by extensions ['python_setup_py']
[1.501s] Level 1:colcon.colcon_core.package_identification:_identify(src) by extension 'python_setup_py'
[1.502s] Level 1:colcon.colcon_core.package_identification:_identify(src/build) by extensions ['ignore', 'ignore_ament_install']
[1.502s] Level 1:colcon.colcon_core.package_identification:_identify(src/build) by extension 'ignore'
[1.502s] Level 1:colcon.colcon_core.package_identification:_identify(src/build) ignored
[1.503s] Level 1:colcon.colcon_core.package_identification:_identify(src/cpp_pkg) by extensions ['ignore', 'ignore_ament_install']
[1.503s] Level 1:colcon.colcon_core.package_identification:_identify(src/cpp_pkg) by extension 'ignore'
[1.503s] Level 1:colcon.colcon_core.package_identification:_identify(src/cpp_pkg) by extension 'ignore_ament_install'
[1.503s] Level 1:colcon.colcon_core.package_identification:_identify(src/cpp_pkg) by extensions ['colcon_pkg']
[1.503s] Level 1:colcon.colcon_core.package_identification:_identify(src/cpp_pkg) by extension 'colcon_pkg'
[1.504s] Level 1:colcon.colcon_core.package_identification:_identify(src/cpp_pkg) by extensions ['colcon_meta']
[1.504s] Level 1:colcon.colcon_core.package_identification:_identify(src/cpp_pkg) by extension 'colcon_meta'
[1.504s] Level 1:colcon.colcon_core.package_identification:_identify(src/cpp_pkg) by extensions ['ros']
[1.504s] Level 1:colcon.colcon_core.package_identification:_identify(src/cpp_pkg) by extension 'ros'
[1.506s] DEBUG:colcon.colcon_core.package_identification:Package 'src/cpp_pkg' with type 'ros.ament_cmake' and name 'cpp_pkg'
[1.507s] Level 1:colcon.colcon_core.package_identification:_identify(src/install) by extensions ['ignore', 'ignore_ament_install']
[1.507s] Level 1:colcon.colcon_core.package_identification:_identify(src/install) by extension 'ignore'
[1.507s] Level 1:colcon.colcon_core.package_identification:_identify(src/install) ignored
[1.508s] Level 1:colcon.colcon_core.package_identification:_identify(src/ldrobot-lidar-ros2) by extensions ['ignore', 'ignore_ament_install']
[1.508s] Level 1:colcon.colcon_core.package_identification:_identify(src/ldrobot-lidar-ros2) by extension 'ignore'
[1.508s] Level 1:colcon.colcon_core.package_identification:_identify(src/ldrobot-lidar-ros2) by extension 'ignore_ament_install'
[1.509s] Level 1:colcon.colcon_core.package_identification:_identify(src/ldrobot-lidar-ros2) by extensions ['colcon_pkg']
[1.509s] Level 1:colcon.colcon_core.package_identification:_identify(src/ldrobot-lidar-ros2) by extension 'colcon_pkg'
[1.509s] Level 1:colcon.colcon_core.package_identification:_identify(src/ldrobot-lidar-ros2) by extensions ['colcon_meta']
[1.509s] Level 1:colcon.colcon_core.package_identification:_identify(src/ldrobot-lidar-ros2) by extension 'colcon_meta'
[1.509s] Level 1:colcon.colcon_core.package_identification:_identify(src/ldrobot-lidar-ros2) by extensions ['ros']
[1.509s] Level 1:colcon.colcon_core.package_identification:_identify(src/ldrobot-lidar-ros2) by extension 'ros'
[1.510s] Level 1:colcon.colcon_core.package_identification:_identify(src/ldrobot-lidar-ros2) by extensions ['cmake', 'python']
[1.510s] Level 1:colcon.colcon_core.package_identification:_identify(src/ldrobot-lidar-ros2) by extension 'cmake'
[1.510s] Level 1:colcon.colcon_core.package_identification:_identify(src/ldrobot-lidar-ros2) by extension 'python'
[1.510s] Level 1:colcon.colcon_core.package_identification:_identify(src/ldrobot-lidar-ros2) by extensions ['python_setup_py']
[1.510s] Level 1:colcon.colcon_core.package_identification:_identify(src/ldrobot-lidar-ros2) by extension 'python_setup_py'
[1.511s] Level 1:colcon.colcon_core.package_identification:_identify(src/ldrobot-lidar-ros2/3d_model) by extensions ['ignore', 'ignore_ament_install']
[1.511s] Level 1:colcon.colcon_core.package_identification:_identify(src/ldrobot-lidar-ros2/3d_model) by extension 'ignore'
[1.511s] Level 1:colcon.colcon_core.package_identification:_identify(src/ldrobot-lidar-ros2/3d_model) by extension 'ignore_ament_install'
[1.511s] Level 1:colcon.colcon_core.package_identification:_identify(src/ldrobot-lidar-ros2/3d_model) by extensions ['colcon_pkg']
[1.512s] Level 1:colcon.colcon_core.package_identification:_identify(src/ldrobot-lidar-ros2/3d_model) by extension 'colcon_pkg'
[1.512s] Level 1:colcon.colcon_core.package_identification:_identify(src/ldrobot-lidar-ros2/3d_model) by extensions ['colcon_meta']
[1.512s] Level 1:colcon.colcon_core.package_identification:_identify(src/ldrobot-lidar-ros2/3d_model) by extension 'colcon_meta'
[1.512s] Level 1:colcon.colcon_core.package_identification:_identify(src/ldrobot-lidar-ros2/3d_model) by extensions ['ros']
[1.512s] Level 1:colcon.colcon_core.package_identification:_identify(src/ldrobot-lidar-ros2/3d_model) by extension 'ros'
[1.513s] Level 1:colcon.colcon_core.package_identification:_identify(src/ldrobot-lidar-ros2/3d_model) by extensions ['cmake', 'python']
[1.513s] Level 1:colcon.colcon_core.package_identification:_identify(src/ldrobot-lidar-ros2/3d_model) by extension 'cmake'
[1.513s] Level 1:colcon.colcon_core.package_identification:_identify(src/ldrobot-lidar-ros2/3d_model) by extension 'python'
[1.513s] Level 1:colcon.colcon_core.package_identification:_identify(src/ldrobot-lidar-ros2/3d_model) by extensions ['python_setup_py']
[1.513s] Level 1:colcon.colcon_core.package_identification:_identify(src/ldrobot-lidar-ros2/3d_model) by extension 'python_setup_py'
[1.514s] Level 1:colcon.colcon_core.package_identification:_identify(src/ldrobot-lidar-ros2/docs) by extensions ['ignore', 'ignore_ament_install']
[1.514s] Level 1:colcon.colcon_core.package_identification:_identify(src/ldrobot-lidar-ros2/docs) by extension 'ignore'
[1.514s] Level 1:colcon.colcon_core.package_identification:_identify(src/ldrobot-lidar-ros2/docs) by extension 'ignore_ament_install'
[1.514s] Level 1:colcon.colcon_core.package_identification:_identify(src/ldrobot-lidar-ros2/docs) by extensions ['colcon_pkg']
[1.514s] Level 1:colcon.colcon_core.package_identification:_identify(src/ldrobot-lidar-ros2/docs) by extension 'colcon_pkg'
[1.515s] Level 1:colcon.colcon_core.package_identification:_identify(src/ldrobot-lidar-ros2/docs) by extensions ['colcon_meta']
[1.515s] Level 1:colcon.colcon_core.package_identification:_identify(src/ldrobot-lidar-ros2/docs) by extension 'colcon_meta'
[1.515s] Level 1:colcon.colcon_core.package_identification:_identify(src/ldrobot-lidar-ros2/docs) by extensions ['ros']
[1.515s] Level 1:colcon.colcon_core.package_identification:_identify(src/ldrobot-lidar-ros2/docs) by extension 'ros'
[1.515s] Level 1:colcon.colcon_core.package_identification:_identify(src/ldrobot-lidar-ros2/docs) by extensions ['cmake', 'python']
[1.516s] Level 1:colcon.colcon_core.package_identification:_identify(src/ldrobot-lidar-ros2/docs) by extension 'cmake'
[1.516s] Level 1:colcon.colcon_core.package_identification:_identify(src/ldrobot-lidar-ros2/docs) by extension 'python'
[1.516s] Level 1:colcon.colcon_core.package_identification:_identify(src/ldrobot-lidar-ros2/docs) by extensions ['python_setup_py']
[1.516s] Level 1:colcon.colcon_core.package_identification:_identify(src/ldrobot-lidar-ros2/docs) by extension 'python_setup_py'
[1.516s] Level 1:colcon.colcon_core.package_identification:_identify(src/ldrobot-lidar-ros2/images) by extensions ['ignore', 'ignore_ament_install']
[1.517s] Level 1:colcon.colcon_core.package_identification:_identify(src/ldrobot-lidar-ros2/images) by extension 'ignore'
[1.517s] Level 1:colcon.colcon_core.package_identification:_identify(src/ldrobot-lidar-ros2/images) by extension 'ignore_ament_install'
[1.517s] Level 1:colcon.colcon_core.package_identification:_identify(src/ldrobot-lidar-ros2/images) by extensions ['colcon_pkg']
[1.517s] Level 1:colcon.colcon_core.package_identification:_identify(src/ldrobot-lidar-ros2/images) by extension 'colcon_pkg'
[1.517s] Level 1:colcon.colcon_core.package_identification:_identify(src/ldrobot-lidar-ros2/images) by extensions ['colcon_meta']
[1.517s] Level 1:colcon.colcon_core.package_identification:_identify(src/ldrobot-lidar-ros2/images) by extension 'colcon_meta'
[1.518s] Level 1:colcon.colcon_core.package_identification:_identify(src/ldrobot-lidar-ros2/images) by extensions ['ros']
[1.518s] Level 1:colcon.colcon_core.package_identification:_identify(src/ldrobot-lidar-ros2/images) by extension 'ros'
[1.518s] Level 1:colcon.colcon_core.package_identification:_identify(src/ldrobot-lidar-ros2/images) by extensions ['cmake', 'python']
[1.518s] Level 1:colcon.colcon_core.package_identification:_identify(src/ldrobot-lidar-ros2/images) by extension 'cmake'
[1.518s] Level 1:colcon.colcon_core.package_identification:_identify(src/ldrobot-lidar-ros2/images) by extension 'python'
[1.519s] Level 1:colcon.colcon_core.package_identification:_identify(src/ldrobot-lidar-ros2/images) by extensions ['python_setup_py']
[1.519s] Level 1:colcon.colcon_core.package_identification:_identify(src/ldrobot-lidar-ros2/images) by extension 'python_setup_py'
[1.519s] Level 1:colcon.colcon_core.package_identification:_identify(src/ldrobot-lidar-ros2/ldlidar) by extensions ['ignore', 'ignore_ament_install']
[1.519s] Level 1:colcon.colcon_core.package_identification:_identify(src/ldrobot-lidar-ros2/ldlidar) by extension 'ignore'
[1.520s] Level 1:colcon.colcon_core.package_identification:_identify(src/ldrobot-lidar-ros2/ldlidar) by extension 'ignore_ament_install'
[1.520s] Level 1:colcon.colcon_core.package_identification:_identify(src/ldrobot-lidar-ros2/ldlidar) by extensions ['colcon_pkg']
[1.520s] Level 1:colcon.colcon_core.package_identification:_identify(src/ldrobot-lidar-ros2/ldlidar) by extension 'colcon_pkg'
[1.520s] Level 1:colcon.colcon_core.package_identification:_identify(src/ldrobot-lidar-ros2/ldlidar) by extensions ['colcon_meta']
[1.520s] Level 1:colcon.colcon_core.package_identification:_identify(src/ldrobot-lidar-ros2/ldlidar) by extension 'colcon_meta'
[1.520s] Level 1:colcon.colcon_core.package_identification:_identify(src/ldrobot-lidar-ros2/ldlidar) by extensions ['ros']
[1.521s] Level 1:colcon.colcon_core.package_identification:_identify(src/ldrobot-lidar-ros2/ldlidar) by extension 'ros'
[1.523s] DEBUG:colcon.colcon_core.package_identification:Package 'src/ldrobot-lidar-ros2/ldlidar' with type 'ros.ament_cmake' and name 'ldlidar'
[1.524s] Level 1:colcon.colcon_core.package_identification:_identify(src/ldrobot-lidar-ros2/ldlidar_component) by extensions ['ignore', 'ignore_ament_install']
[1.524s] Level 1:colcon.colcon_core.package_identification:_identify(src/ldrobot-lidar-ros2/ldlidar_component) by extension 'ignore'
[1.525s] Level 1:colcon.colcon_core.package_identification:_identify(src/ldrobot-lidar-ros2/ldlidar_component) by extension 'ignore_ament_install'
[1.525s] Level 1:colcon.colcon_core.package_identification:_identify(src/ldrobot-lidar-ros2/ldlidar_component) by extensions ['colcon_pkg']
[1.525s] Level 1:colcon.colcon_core.package_identification:_identify(src/ldrobot-lidar-ros2/ldlidar_component) by extension 'colcon_pkg'
[1.526s] Level 1:colcon.colcon_core.package_identification:_identify(src/ldrobot-lidar-ros2/ldlidar_component) by extensions ['colcon_meta']
[1.526s] Level 1:colcon.colcon_core.package_identification:_identify(src/ldrobot-lidar-ros2/ldlidar_component) by extension 'colcon_meta'
[1.526s] Level 1:colcon.colcon_core.package_identification:_identify(src/ldrobot-lidar-ros2/ldlidar_component) by extensions ['ros']
[1.526s] Level 1:colcon.colcon_core.package_identification:_identify(src/ldrobot-lidar-ros2/ldlidar_component) by extension 'ros'
[1.532s] DEBUG:colcon.colcon_core.package_identification:Package 'src/ldrobot-lidar-ros2/ldlidar_component' with type 'ros.ament_cmake' and name 'ldlidar_component'
[1.533s] Level 1:colcon.colcon_core.package_identification:_identify(src/ldrobot-lidar-ros2/ldlidar_node) by extensions ['ignore', 'ignore_ament_install']
[1.533s] Level 1:colcon.colcon_core.package_identification:_identify(src/ldrobot-lidar-ros2/ldlidar_node) by extension 'ignore'
[1.534s] Level 1:colcon.colcon_core.package_identification:_identify(src/ldrobot-lidar-ros2/ldlidar_node) by extension 'ignore_ament_install'
[1.534s] Level 1:colcon.colcon_core.package_identification:_identify(src/ldrobot-lidar-ros2/ldlidar_node) by extensions ['colcon_pkg']
[1.534s] Level 1:colcon.colcon_core.package_identification:_identify(src/ldrobot-lidar-ros2/ldlidar_node) by extension 'colcon_pkg'
[1.534s] Level 1:colcon.colcon_core.package_identification:_identify(src/ldrobot-lidar-ros2/ldlidar_node) by extensions ['colcon_meta']
[1.534s] Level 1:colcon.colcon_core.package_identification:_identify(src/ldrobot-lidar-ros2/ldlidar_node) by extension 'colcon_meta'
[1.535s] Level 1:colcon.colcon_core.package_identification:_identify(src/ldrobot-lidar-ros2/ldlidar_node) by extensions ['ros']
[1.535s] Level 1:colcon.colcon_core.package_identification:_identify(src/ldrobot-lidar-ros2/ldlidar_node) by extension 'ros'
[1.538s] DEBUG:colcon.colcon_core.package_identification:Package 'src/ldrobot-lidar-ros2/ldlidar_node' with type 'ros.ament_cmake' and name 'ldlidar_node'
[1.538s] Level 1:colcon.colcon_core.package_identification:_identify(src/ldrobot-lidar-ros2/rules) by extensions ['ignore', 'ignore_ament_install']
[1.539s] Level 1:colcon.colcon_core.package_identification:_identify(src/ldrobot-lidar-ros2/rules) by extension 'ignore'
[1.539s] Level 1:colcon.colcon_core.package_identification:_identify(src/ldrobot-lidar-ros2/rules) by extension 'ignore_ament_install'
[1.539s] Level 1:colcon.colcon_core.package_identification:_identify(src/ldrobot-lidar-ros2/rules) by extensions ['colcon_pkg']
[1.539s] Level 1:colcon.colcon_core.package_identification:_identify(src/ldrobot-lidar-ros2/rules) by extension 'colcon_pkg'
[1.539s] Level 1:colcon.colcon_core.package_identification:_identify(src/ldrobot-lidar-ros2/rules) by extensions ['colcon_meta']
[1.540s] Level 1:colcon.colcon_core.package_identification:_identify(src/ldrobot-lidar-ros2/rules) by extension 'colcon_meta'
[1.540s] Level 1:colcon.colcon_core.package_identification:_identify(src/ldrobot-lidar-ros2/rules) by extensions ['ros']
[1.540s] Level 1:colcon.colcon_core.package_identification:_identify(src/ldrobot-lidar-ros2/rules) by extension 'ros'
[1.540s] Level 1:colcon.colcon_core.package_identification:_identify(src/ldrobot-lidar-ros2/rules) by extensions ['cmake', 'python']
[1.540s] Level 1:colcon.colcon_core.package_identification:_identify(src/ldrobot-lidar-ros2/rules) by extension 'cmake'
[1.541s] Level 1:colcon.colcon_core.package_identification:_identify(src/ldrobot-lidar-ros2/rules) by extension 'python'
[1.541s] Level 1:colcon.colcon_core.package_identification:_identify(src/ldrobot-lidar-ros2/rules) by extensions ['python_setup_py']
[1.541s] Level 1:colcon.colcon_core.package_identification:_identify(src/ldrobot-lidar-ros2/rules) by extension 'python_setup_py'
[1.541s] Level 1:colcon.colcon_core.package_identification:_identify(src/ldrobot-lidar-ros2/scripts) by extensions ['ignore', 'ignore_ament_install']
[1.542s] Level 1:colcon.colcon_core.package_identification:_identify(src/ldrobot-lidar-ros2/scripts) by extension 'ignore'
[1.542s] Level 1:colcon.colcon_core.package_identification:_identify(src/ldrobot-lidar-ros2/scripts) by extension 'ignore_ament_install'
[1.542s] Level 1:colcon.colcon_core.package_identification:_identify(src/ldrobot-lidar-ros2/scripts) by extensions ['colcon_pkg']
[1.542s] Level 1:colcon.colcon_core.package_identification:_identify(src/ldrobot-lidar-ros2/scripts) by extension 'colcon_pkg'
[1.542s] Level 1:colcon.colcon_core.package_identification:_identify(src/ldrobot-lidar-ros2/scripts) by extensions ['colcon_meta']
[1.542s] Level 1:colcon.colcon_core.package_identification:_identify(src/ldrobot-lidar-ros2/scripts) by extension 'colcon_meta'
[1.543s] Level 1:colcon.colcon_core.package_identification:_identify(src/ldrobot-lidar-ros2/scripts) by extensions ['ros']
[1.543s] Level 1:colcon.colcon_core.package_identification:_identify(src/ldrobot-lidar-ros2/scripts) by extension 'ros'
[1.543s] Level 1:colcon.colcon_core.package_identification:_identify(src/ldrobot-lidar-ros2/scripts) by extensions ['cmake', 'python']
[1.543s] Level 1:colcon.colcon_core.package_identification:_identify(src/ldrobot-lidar-ros2/scripts) by extension 'cmake'
[1.543s] Level 1:colcon.colcon_core.package_identification:_identify(src/ldrobot-lidar-ros2/scripts) by extension 'python'
[1.544s] Level 1:colcon.colcon_core.package_identification:_identify(src/ldrobot-lidar-ros2/scripts) by extensions ['python_setup_py']
[1.544s] Level 1:colcon.colcon_core.package_identification:_identify(src/ldrobot-lidar-ros2/scripts) by extension 'python_setup_py'
[1.544s] Level 1:colcon.colcon_core.package_identification:_identify(src/log) by extensions ['ignore', 'ignore_ament_install']
[1.544s] Level 1:colcon.colcon_core.package_identification:_identify(src/log) by extension 'ignore'
[1.545s] Level 1:colcon.colcon_core.package_identification:_identify(src/log) ignored
[1.545s] Level 1:colcon.colcon_core.package_identification:_identify(src/py_pkg) by extensions ['ignore', 'ignore_ament_install']
[1.545s] Level 1:colcon.colcon_core.package_identification:_identify(src/py_pkg) by extension 'ignore'
[1.546s] Level 1:colcon.colcon_core.package_identification:_identify(src/py_pkg) by extension 'ignore_ament_install'
[1.546s] Level 1:colcon.colcon_core.package_identification:_identify(src/py_pkg) by extensions ['colcon_pkg']
[1.546s] Level 1:colcon.colcon_core.package_identification:_identify(src/py_pkg) by extension 'colcon_pkg'
[1.546s] Level 1:colcon.colcon_core.package_identification:_identify(src/py_pkg) by extensions ['colcon_meta']
[1.546s] Level 1:colcon.colcon_core.package_identification:_identify(src/py_pkg) by extension 'colcon_meta'
[1.546s] Level 1:colcon.colcon_core.package_identification:_identify(src/py_pkg) by extensions ['ros']
[1.546s] Level 1:colcon.colcon_core.package_identification:_identify(src/py_pkg) by extension 'ros'
[1.549s] DEBUG:colcon.colcon_core.package_identification:Package 'src/py_pkg' with type 'ros.ament_python' and name 'py_pkg'
[1.549s] Level 1:colcon.colcon_core.package_discovery:discover_packages(recursive) using defaults
[1.549s] Level 1:colcon.colcon_core.package_discovery:discover_packages(ignore) discover
[1.549s] Level 1:colcon.colcon_core.package_discovery:discover_packages(ignore) using defaults
[1.549s] Level 1:colcon.colcon_core.package_discovery:discover_packages(path) discover
[1.550s] Level 1:colcon.colcon_core.package_discovery:discover_packages(path) using defaults
[1.671s] INFO:colcon.colcon_core.package_selection:Skipping not selected package 'cpp_pkg' in 'src/cpp_pkg'
[1.671s] INFO:colcon.colcon_core.package_selection:Skipping not selected package 'ldlidar' in 'sdk_ldrobotsensorteam_stl/ros2_app/src/ldlidar'
[1.671s] INFO:colcon.colcon_core.package_selection:Skipping not selected package 'ldlidar' in 'sdk_ldrobotsensorteam_stl/ros_app/src/ldlidar'
[1.671s] INFO:colcon.colcon_core.package_selection:Skipping not selected package 'ldlidar_component' in 'src/ldrobot-lidar-ros2/ldlidar_component'
[1.671s] INFO:colcon.colcon_core.package_selection:Skipping not selected package 'ldlidar_stl' in 'sdk_ldrobotsensorteam_stl/linux_app'
[1.671s] INFO:colcon.colcon_core.package_selection:Skipping not selected package 'ldlidar_node' in 'src/ldrobot-lidar-ros2/ldlidar_node'
[1.672s] INFO:colcon.colcon_core.package_selection:Skipping not selected package 'ldlidar' in 'src/ldrobot-lidar-ros2/ldlidar'
[1.673s] Level 1:colcon.colcon_core.package_discovery:discover_packages(prefix_path) check parameters
[1.673s] Level 1:colcon.colcon_core.package_discovery:discover_packages(prefix_path) discover
[1.683s] DEBUG:colcon.colcon_installed_package_information.package_discovery:Found 1 installed packages in /home/user/ldlidar_ros2_ws/install
[1.685s] DEBUG:colcon.colcon_installed_package_information.package_discovery:Found 1 installed packages in /home/user/ros2_ws/sdk_ldrobotsensorteam_stl/ros2_app/install
[1.688s] DEBUG:colcon.colcon_installed_package_information.package_discovery:Found 5 installed packages in /home/user/ros2_ws/install
[1.699s] DEBUG:colcon.colcon_installed_package_information.package_discovery:Found 338 installed packages in /opt/ros/humble
[1.706s] Level 1:colcon.colcon_core.package_discovery:discover_packages(prefix_path) using defaults
[1.903s] Level 5:colcon.colcon_core.verb:set package 'py_pkg' build argument 'cmake_args' from command line to 'None'
[1.903s] Level 5:colcon.colcon_core.verb:set package 'py_pkg' build argument 'cmake_target' from command line to 'None'
[1.903s] Level 5:colcon.colcon_core.verb:set package 'py_pkg' build argument 'cmake_target_skip_unavailable' from command line to 'False'
[1.904s] Level 5:colcon.colcon_core.verb:set package 'py_pkg' build argument 'cmake_clean_cache' from command line to 'False'
[1.904s] Level 5:colcon.colcon_core.verb:set package 'py_pkg' build argument 'cmake_clean_first' from command line to 'False'
[1.904s] Level 5:colcon.colcon_core.verb:set package 'py_pkg' build argument 'cmake_force_configure' from command line to 'False'
[1.904s] Level 5:colcon.colcon_core.verb:set package 'py_pkg' build argument 'ament_cmake_args' from command line to 'None'
[1.904s] Level 5:colcon.colcon_core.verb:set package 'py_pkg' build argument 'catkin_cmake_args' from command line to 'None'
[1.904s] Level 5:colcon.colcon_core.verb:set package 'py_pkg' build argument 'catkin_skip_building_tests' from command line to 'False'
[1.904s] DEBUG:colcon.colcon_core.verb:Building package 'py_pkg' with the following arguments: {'ament_cmake_args': None, 'build_base': '/home/user/ros2_ws/build/py_pkg', 'catkin_cmake_args': None, 'catkin_skip_building_tests': False, 'cmake_args': None, 'cmake_clean_cache': False, 'cmake_clean_first': False, 'cmake_force_configure': False, 'cmake_target': None, 'cmake_target_skip_unavailable': False, 'install_base': '/home/user/ros2_ws/install/py_pkg', 'merge_install': False, 'path': '/home/user/ros2_ws/src/py_pkg', 'symlink_install': False, 'test_result_base': None}
[1.905s] INFO:colcon.colcon_core.executor:Executing jobs using 'parallel' executor
[1.909s] DEBUG:colcon.colcon_parallel_executor.executor.parallel:run_until_complete
[1.910s] INFO:colcon.colcon_ros.task.ament_python.build:Building ROS package in '/home/user/ros2_ws/src/py_pkg' with build type 'ament_python'
[1.910s] Level 1:colcon.colcon_core.shell:create_environment_hook('py_pkg', 'ament_prefix_path')
[1.919s] INFO:colcon.colcon_core.plugin_system:Skipping extension 'colcon_core.shell.bat': Not used on non-Windows systems
[1.920s] INFO:colcon.colcon_core.shell:Creating environment hook '/home/user/ros2_ws/install/py_pkg/share/py_pkg/hook/ament_prefix_path.ps1'
[1.923s] INFO:colcon.colcon_core.shell:Creating environment descriptor '/home/user/ros2_ws/install/py_pkg/share/py_pkg/hook/ament_prefix_path.dsv'
[1.926s] INFO:colcon.colcon_core.shell:Creating environment hook '/home/user/ros2_ws/install/py_pkg/share/py_pkg/hook/ament_prefix_path.sh'
[1.931s] INFO:colcon.colcon_core.shell:Skip shell extension 'powershell' for command environment: Not usable outside of PowerShell
[1.932s] DEBUG:colcon.colcon_core.shell:Skip shell extension 'dsv' for command environment
[3.212s] INFO:colcon.colcon_core.task.python.build:Building Python package in '/home/user/ros2_ws/src/py_pkg'
[3.213s] INFO:colcon.colcon_core.shell:Skip shell extension 'powershell' for command environment: Not usable outside of PowerShell
[3.213s] DEBUG:colcon.colcon_core.shell:Skip shell extension 'dsv' for command environment
[4.768s] DEBUG:colcon.colcon_core.event_handler.log_command:Invoking command in '/home/user/ros2_ws/src/py_pkg': PYTHONPATH=/home/user/ros2_ws/build/py_pkg/prefix_override:/usr/lib/python3/dist-packages/colcon_core/task/python/colcon_distutils_commands:/home/user/ros2_ws/install/py_pkg/lib/python3.10/site-packages:${PYTHONPATH} /usr/bin/python3 -W ignore:setup.py install is deprecated -W ignore:easy_install command is deprecated setup.py egg_info --egg-base ../../build/py_pkg build --build-base /home/user/ros2_ws/build/py_pkg/build install --record /home/user/ros2_ws/build/py_pkg/install.log --single-version-externally-managed install_data
[6.200s] DEBUG:colcon.colcon_core.event_handler.log_command:Invoked command in '/home/user/ros2_ws/src/py_pkg' returned '0': PYTHONPATH=/home/user/ros2_ws/build/py_pkg/prefix_override:/usr/lib/python3/dist-packages/colcon_core/task/python/colcon_distutils_commands:/home/user/ros2_ws/install/py_pkg/lib/python3.10/site-packages:${PYTHONPATH} /usr/bin/python3 -W ignore:setup.py install is deprecated -W ignore:easy_install command is deprecated setup.py egg_info --egg-base ../../build/py_pkg build --build-base /home/user/ros2_ws/build/py_pkg/build install --record /home/user/ros2_ws/build/py_pkg/install.log --single-version-externally-managed install_data
[6.209s] Level 1:colcon.colcon_core.environment:checking '/home/user/ros2_ws/install/py_pkg' for CMake module files
[6.211s] Level 1:colcon.colcon_core.environment:checking '/home/user/ros2_ws/install/py_pkg' for CMake config files
[6.215s] Level 1:colcon.colcon_core.environment:checking '/home/user/ros2_ws/install/py_pkg/lib'
[6.216s] Level 1:colcon.colcon_core.environment:checking '/home/user/ros2_ws/install/py_pkg/bin'
[6.216s] Level 1:colcon.colcon_core.environment:checking '/home/user/ros2_ws/install/py_pkg/lib/pkgconfig/py_pkg.pc'
[6.217s] Level 1:colcon.colcon_core.environment:checking '/home/user/ros2_ws/install/py_pkg/lib/python3.10/site-packages'
[6.217s] Level 1:colcon.colcon_core.shell:create_environment_hook('py_pkg', 'pythonpath')
[6.218s] INFO:colcon.colcon_core.shell:Creating environment hook '/home/user/ros2_ws/install/py_pkg/share/py_pkg/hook/pythonpath.ps1'
[6.220s] INFO:colcon.colcon_core.shell:Creating environment descriptor '/home/user/ros2_ws/install/py_pkg/share/py_pkg/hook/pythonpath.dsv'
[6.222s] INFO:colcon.colcon_core.shell:Creating environment hook '/home/user/ros2_ws/install/py_pkg/share/py_pkg/hook/pythonpath.sh'
[6.225s] Level 1:colcon.colcon_core.environment:checking '/home/user/ros2_ws/install/py_pkg/bin'
[6.225s] Level 1:colcon.colcon_core.environment:create_environment_scripts_only(py_pkg)
[6.227s] INFO:colcon.colcon_core.shell:Creating package script '/home/user/ros2_ws/install/py_pkg/share/py_pkg/package.ps1'
[6.230s] INFO:colcon.colcon_core.shell:Creating package descriptor '/home/user/ros2_ws/install/py_pkg/share/py_pkg/package.dsv'
[6.233s] INFO:colcon.colcon_core.shell:Creating package script '/home/user/ros2_ws/install/py_pkg/share/py_pkg/package.sh'
[6.236s] INFO:colcon.colcon_core.shell:Creating package script '/home/user/ros2_ws/install/py_pkg/share/py_pkg/package.bash'
[6.240s] INFO:colcon.colcon_core.shell:Creating package script '/home/user/ros2_ws/install/py_pkg/share/py_pkg/package.zsh'
[6.243s] Level 1:colcon.colcon_core.environment:create_file_with_runtime_dependencies(/home/user/ros2_ws/install/py_pkg/share/colcon-core/packages/py_pkg)
[6.244s] DEBUG:colcon.colcon_parallel_executor.executor.parallel:closing loop
[6.245s] DEBUG:colcon.colcon_parallel_executor.executor.parallel:loop closed
[6.246s] DEBUG:colcon.colcon_parallel_executor.executor.parallel:run_until_complete finished with '0'
[6.246s] DEBUG:colcon.colcon_core.event_reactor:joining thread
[6.272s] INFO:colcon.colcon_core.plugin_system:Skipping extension 'colcon_notification.desktop_notification.terminal_notifier': Not used on non-Darwin systems
[6.272s] INFO:colcon.colcon_core.plugin_system:Skipping extension 'colcon_notification.desktop_notification.win32': Not used on non-Windows systems
[6.272s] INFO:colcon.colcon_notification.desktop_notification:Sending desktop notification using 'notify2'
[6.325s] DEBUG:colcon.colcon_core.event_reactor:joined thread
[6.326s] INFO:colcon.colcon_core.shell:Creating prefix script '/home/user/ros2_ws/install/local_setup.ps1'
[6.331s] INFO:colcon.colcon_core.shell:Creating prefix util module '/home/user/ros2_ws/install/_local_setup_util_ps1.py'
[6.338s] INFO:colcon.colcon_core.shell:Creating prefix chain script '/home/user/ros2_ws/install/setup.ps1'
[6.345s] INFO:colcon.colcon_core.shell:Creating prefix script '/home/user/ros2_ws/install/local_setup.sh'
[6.348s] INFO:colcon.colcon_core.shell:Creating prefix util module '/home/user/ros2_ws/install/_local_setup_util_sh.py'
[6.351s] INFO:colcon.colcon_core.shell:Creating prefix chain script '/home/user/ros2_ws/install/setup.sh'
[6.359s] INFO:colcon.colcon_core.shell:Creating prefix script '/home/user/ros2_ws/install/local_setup.bash'
[6.363s] INFO:colcon.colcon_core.shell:Creating prefix chain script '/home/user/ros2_ws/install/setup.bash'
[6.371s] INFO:colcon.colcon_core.shell:Creating prefix script '/home/user/ros2_ws/install/local_setup.zsh'
[6.374s] INFO:colcon.colcon_core.shell:Creating prefix chain script '/home/user/ros2_ws/install/setup.zsh'
