[0.058s] Invoking command in '/home/user/ros2_ws/build/cpp_pkg': CMAKE_PREFIX_PATH=${CMAKE_PREFIX_PATH}:/home/user/ros2_ws/install/py_pkg:/opt/ros/humble /usr/bin/cmake /home/user/ros2_ws/src/cpp_pkg -DAMENT_CMAKE_SYMLINK_INSTALL=1 -DCMAKE_INSTALL_PREFIX=/home/user/ros2_ws/install/cpp_pkg
[0.150s] -- Found ament_cmake: 1.3.10 (/opt/ros/humble/share/ament_cmake/cmake)
[0.779s] -- Override CMake install command with custom implementation using symlinks instead of copying resources
[0.894s] -- Found rclcpp: 16.0.10 (/opt/ros/humble/share/rclcpp/cmake)
[1.175s] -- Found rosidl_generator_c: 3.1.5 (/opt/ros/humble/share/rosidl_generator_c/cmake)
[1.194s] -- Found rosidl_adapter: 3.1.5 (/opt/ros/humble/share/rosidl_adapter/cmake)
[1.245s] -- Found rosidl_generator_cpp: 3.1.5 (/opt/ros/humble/share/rosidl_generator_cpp/cmake)
[1.318s] -- Using all available rosidl_typesupport_c: rosidl_typesupport_fastrtps_c;rosidl_typesupport_introspection_c
[1.405s] -- Using all available rosidl_typesupport_cpp: rosidl_typesupport_fastrtps_cpp;rosidl_typesupport_introspection_cpp
[1.639s] -- Found rmw_implementation_cmake: 6.1.2 (/opt/ros/humble/share/rmw_implementation_cmake/cmake)
[1.654s] -- Found rmw_fastrtps_cpp: 6.2.7 (/opt/ros/humble/share/rmw_fastrtps_cpp/cmake)
[2.675s] -- Using RMW implementation 'rmw_fastrtps_cpp' as default
[3.324s] -- Configuring done
[3.419s] -- Generating done
[3.432s] -- Build files have been written to: /home/user/ros2_ws/build/cpp_pkg
[3.466s] Invoked command in '/home/user/ros2_ws/build/cpp_pkg' returned '0': CMAKE_PREFIX_PATH=${CMAKE_PREFIX_PATH}:/home/user/ros2_ws/install/py_pkg:/opt/ros/humble /usr/bin/cmake /home/user/ros2_ws/src/cpp_pkg -DAMENT_CMAKE_SYMLINK_INSTALL=1 -DCMAKE_INSTALL_PREFIX=/home/user/ros2_ws/install/cpp_pkg
[3.476s] Invoking command in '/home/user/ros2_ws/build/cpp_pkg': CMAKE_PREFIX_PATH=${CMAKE_PREFIX_PATH}:/home/user/ros2_ws/install/py_pkg:/opt/ros/humble /usr/bin/cmake --build /home/user/ros2_ws/build/cpp_pkg -- -j4 -l4
[3.639s] [35m[1mConsolidate compiler generated dependencies of target test_node[0m
[3.642s] [35m[1mConsolidate compiler generated dependencies of target node_template[0m
[3.726s] [ 25%] [32mBuilding CXX object CMakeFiles/test_node.dir/src/test_node.cpp.o[0m
[3.730s] [ 50%] [32m[1mLinking CXX executable node_template[0m
[4.277s] [ 75%] Built target node_template
[16.157s] [100%] [32m[1mLinking CXX executable test_node[0m
[16.730s] [100%] Built target test_node
[16.773s] Invoked command in '/home/user/ros2_ws/build/cpp_pkg' returned '0': CMAKE_PREFIX_PATH=${CMAKE_PREFIX_PATH}:/home/user/ros2_ws/install/py_pkg:/opt/ros/humble /usr/bin/cmake --build /home/user/ros2_ws/build/cpp_pkg -- -j4 -l4
[16.967s] Invoking command in '/home/user/ros2_ws/build/cpp_pkg': CMAKE_PREFIX_PATH=${CMAKE_PREFIX_PATH}:/home/user/ros2_ws/install/py_pkg:/opt/ros/humble /usr/bin/cmake --install /home/user/ros2_ws/build/cpp_pkg
[16.996s] -- Install configuration: ""
[16.998s] -- Execute custom install script
[16.999s] -- Symlinking: /home/user/ros2_ws/install/cpp_pkg/lib/cpp_pkg/node_template
[17.032s] -- Symlinking: /home/user/ros2_ws/install/cpp_pkg/lib/cpp_pkg/test_node
[17.066s] -- Symlinking: /home/user/ros2_ws/install/cpp_pkg/share/ament_index/resource_index/package_run_dependencies/cpp_pkg
[17.098s] -- Symlinking: /home/user/ros2_ws/install/cpp_pkg/share/ament_index/resource_index/parent_prefix_path/cpp_pkg
[17.132s] -- Symlinking: /home/user/ros2_ws/install/cpp_pkg/share/cpp_pkg/environment/ament_prefix_path.sh
[17.166s] -- Symlinking: /home/user/ros2_ws/install/cpp_pkg/share/cpp_pkg/environment/ament_prefix_path.dsv
[17.198s] -- Symlinking: /home/user/ros2_ws/install/cpp_pkg/share/cpp_pkg/environment/path.sh
[17.231s] -- Symlinking: /home/user/ros2_ws/install/cpp_pkg/share/cpp_pkg/environment/path.dsv
[17.266s] -- Symlinking: /home/user/ros2_ws/install/cpp_pkg/share/cpp_pkg/local_setup.bash
[17.299s] -- Symlinking: /home/user/ros2_ws/install/cpp_pkg/share/cpp_pkg/local_setup.sh
[17.332s] -- Symlinking: /home/user/ros2_ws/install/cpp_pkg/share/cpp_pkg/local_setup.zsh
[17.366s] -- Symlinking: /home/user/ros2_ws/install/cpp_pkg/share/cpp_pkg/local_setup.dsv
[17.399s] -- Symlinking: /home/user/ros2_ws/install/cpp_pkg/share/cpp_pkg/package.dsv
[17.432s] -- Symlinking: /home/user/ros2_ws/install/cpp_pkg/share/ament_index/resource_index/packages/cpp_pkg
[17.465s] -- Symlinking: /home/user/ros2_ws/install/cpp_pkg/share/cpp_pkg/cmake/cpp_pkgConfig.cmake
[17.499s] -- Symlinking: /home/user/ros2_ws/install/cpp_pkg/share/cpp_pkg/cmake/cpp_pkgConfig-version.cmake
[17.531s] -- Symlinking: /home/user/ros2_ws/install/cpp_pkg/share/cpp_pkg/package.xml
[17.571s] Invoked command in '/home/user/ros2_ws/build/cpp_pkg' returned '0': CMAKE_PREFIX_PATH=${CMAKE_PREFIX_PATH}:/home/user/ros2_ws/install/py_pkg:/opt/ros/humble /usr/bin/cmake --install /home/user/ros2_ws/build/cpp_pkg
