[0.124s] Invoking command in '/home/user/ros2_ws/build/cpp_pkg': CMAKE_PREFIX_PATH=${CMAKE_PREFIX_PATH}:/home/user/ros2_ws/install/py_pkg:/opt/ros/humble /usr/bin/cmake --build /home/user/ros2_ws/build/cpp_pkg -- -j4 -l4
[0.364s] [35m[1mConsolidate compiler generated dependencies of target test_node[0m
[0.369s] [35m[1mConsolidate compiler generated dependencies of target node_template[0m
[0.381s] [35m[1mConsolidate compiler generated dependencies of target LIDAR_node[0m
[0.507s] [ 33%] Built target LIDAR_node
[0.535s] [ 66%] Built target test_node
[0.555s] [100%] Built target node_template
[1.681s] Invoked command in '/home/user/ros2_ws/build/cpp_pkg' returned '0': CMAKE_PREFIX_PATH=${CMAKE_PREFIX_PATH}:/home/user/ros2_ws/install/py_pkg:/opt/ros/humble /usr/bin/cmake --build /home/user/ros2_ws/build/cpp_pkg -- -j4 -l4
[1.731s] Invoking command in '/home/user/ros2_ws/build/cpp_pkg': CMAKE_PREFIX_PATH=${CMAKE_PREFIX_PATH}:/home/user/ros2_ws/install/py_pkg:/opt/ros/humble /usr/bin/cmake --install /home/user/ros2_ws/build/cpp_pkg
[1.762s] -- Install configuration: "Release"
[1.763s] -- Execute custom install script
[1.766s] -- Up-to-date symlink: /home/user/ros2_ws/install/cpp_pkg/lib/cpp_pkg/node_template
[1.767s] -- Up-to-date symlink: /home/user/ros2_ws/install/cpp_pkg/lib/cpp_pkg/test_node
[1.769s] -- Up-to-date symlink: /home/user/ros2_ws/install/cpp_pkg/lib/cpp_pkg/LIDAR_node
[1.770s] -- Up-to-date symlink: /home/user/ros2_ws/install/cpp_pkg/share/ament_index/resource_index/package_run_dependencies/cpp_pkg
[1.773s] -- Up-to-date symlink: /home/user/ros2_ws/install/cpp_pkg/share/ament_index/resource_index/parent_prefix_path/cpp_pkg
[1.773s] -- Up-to-date symlink: /home/user/ros2_ws/install/cpp_pkg/share/cpp_pkg/environment/ament_prefix_path.sh
[1.776s] -- Up-to-date symlink: /home/user/ros2_ws/install/cpp_pkg/share/cpp_pkg/environment/ament_prefix_path.dsv
[1.778s] -- Up-to-date symlink: /home/user/ros2_ws/install/cpp_pkg/share/cpp_pkg/environment/path.sh
[1.779s] -- Up-to-date symlink: /home/user/ros2_ws/install/cpp_pkg/share/cpp_pkg/environment/path.dsv
[1.781s] -- Up-to-date symlink: /home/user/ros2_ws/install/cpp_pkg/share/cpp_pkg/local_setup.bash
[1.782s] -- Up-to-date symlink: /home/user/ros2_ws/install/cpp_pkg/share/cpp_pkg/local_setup.sh
[1.784s] -- Up-to-date symlink: /home/user/ros2_ws/install/cpp_pkg/share/cpp_pkg/local_setup.zsh
[1.785s] -- Up-to-date symlink: /home/user/ros2_ws/install/cpp_pkg/share/cpp_pkg/local_setup.dsv
[1.787s] -- Symlinking: /home/user/ros2_ws/install/cpp_pkg/share/cpp_pkg/package.dsv
[1.839s] -- Up-to-date symlink: /home/user/ros2_ws/install/cpp_pkg/share/ament_index/resource_index/packages/cpp_pkg
[1.842s] -- Up-to-date symlink: /home/user/ros2_ws/install/cpp_pkg/share/cpp_pkg/cmake/cpp_pkgConfig.cmake
[1.844s] -- Up-to-date symlink: /home/user/ros2_ws/install/cpp_pkg/share/cpp_pkg/cmake/cpp_pkgConfig-version.cmake
[1.846s] -- Up-to-date symlink: /home/user/ros2_ws/install/cpp_pkg/share/cpp_pkg/package.xml
[1.856s] Invoked command in '/home/user/ros2_ws/build/cpp_pkg' returned '0': CMAKE_PREFIX_PATH=${CMAKE_PREFIX_PATH}:/home/user/ros2_ws/install/py_pkg:/opt/ros/humble /usr/bin/cmake --install /home/user/ros2_ws/build/cpp_pkg
