[0.075s] Invoking command in '/home/user/ros2_ws/build/cpp_pkg': CMAKE_PREFIX_PATH=${CMAKE_PREFIX_PATH}:/home/user/ros2_ws/install/py_pkg:/opt/ros/humble /usr/bin/cmake --build /home/user/ros2_ws/build/cpp_pkg -- -j4 -l4
[0.665s] -- Found ament_cmake: 1.3.11 (/opt/ros/humble/share/ament_cmake/cmake)
[1.287s] -- Override CMake install command with custom implementation using symlinks instead of copying resources
[1.397s] -- Found rclcpp: 16.0.11 (/opt/ros/humble/share/rclcpp/cmake)
[1.694s] -- Found rosidl_generator_c: 3.1.6 (/opt/ros/humble/share/rosidl_generator_c/cmake)
[1.714s] -- Found rosidl_adapter: 3.1.6 (/opt/ros/humble/share/rosidl_adapter/cmake)
[1.762s] -- Found rosidl_generator_cpp: 3.1.6 (/opt/ros/humble/share/rosidl_generator_cpp/cmake)
[1.833s] -- Using all available rosidl_typesupport_c: rosidl_typesupport_fastrtps_c;rosidl_typesupport_introspection_c
[1.917s] -- Using all available rosidl_typesupport_cpp: rosidl_typesupport_fastrtps_cpp;rosidl_typesupport_introspection_cpp
[2.153s] -- Found rmw_implementation_cmake: 6.1.2 (/opt/ros/humble/share/rmw_implementation_cmake/cmake)
[2.170s] -- Found rmw_fastrtps_cpp: 6.2.7 (/opt/ros/humble/share/rmw_fastrtps_cpp/cmake)
[3.401s] -- Using RMW implementation 'rmw_fastrtps_cpp' as default
[4.060s] -- Configuring done
[4.260s] -- Generating done
[4.299s] -- Build files have been written to: /home/user/ros2_ws/build/cpp_pkg
[4.426s] [35m[1mConsolidate compiler generated dependencies of target node_template[0m
[4.430s] [35m[1mConsolidate compiler generated dependencies of target test_node[0m
[4.432s] [35m[1mConsolidate compiler generated dependencies of target LIDAR_node[0m
[4.479s] [ 12%] [32mBuilding CXX object CMakeFiles/motor_node.dir/src/motor_node.cpp.o[0m
[5.087s] [ 25%] [32mBuilding CXX object CMakeFiles/LIDAR_node.dir/src/LIDAR_node.cpp.o[0m
[5.094s] [ 62%] Built target test_node
[5.095s] [ 75%] Built target node_template
[21.116s] [ 87%] [32m[1mLinking CXX executable motor_node[0m
[21.156s] [100%] [32m[1mLinking CXX executable LIDAR_node[0m
[21.994s] [100%] Built target motor_node
[21.997s] [100%] Built target LIDAR_node
[22.041s] Invoked command in '/home/user/ros2_ws/build/cpp_pkg' returned '0': CMAKE_PREFIX_PATH=${CMAKE_PREFIX_PATH}:/home/user/ros2_ws/install/py_pkg:/opt/ros/humble /usr/bin/cmake --build /home/user/ros2_ws/build/cpp_pkg -- -j4 -l4
[22.084s] Invoking command in '/home/user/ros2_ws/build/cpp_pkg': CMAKE_PREFIX_PATH=${CMAKE_PREFIX_PATH}:/home/user/ros2_ws/install/py_pkg:/opt/ros/humble /usr/bin/cmake --install /home/user/ros2_ws/build/cpp_pkg
[22.111s] -- Install configuration: "Release"
[22.114s] -- Execute custom install script
[22.117s] -- Up-to-date symlink: /home/user/ros2_ws/install/cpp_pkg/lib/cpp_pkg/node_template
[22.119s] -- Up-to-date symlink: /home/user/ros2_ws/install/cpp_pkg/lib/cpp_pkg/test_node
[22.120s] -- Up-to-date symlink: /home/user/ros2_ws/install/cpp_pkg/lib/cpp_pkg/LIDAR_node
[22.120s] -- Symlinking: /home/user/ros2_ws/install/cpp_pkg/lib/cpp_pkg/motor_node
[22.155s] -- Up-to-date symlink: /home/user/ros2_ws/install/cpp_pkg/share/ament_index/resource_index/package_run_dependencies/cpp_pkg
[22.158s] -- Up-to-date symlink: /home/user/ros2_ws/install/cpp_pkg/share/ament_index/resource_index/parent_prefix_path/cpp_pkg
[22.159s] -- Up-to-date symlink: /home/user/ros2_ws/install/cpp_pkg/share/cpp_pkg/environment/ament_prefix_path.sh
[22.160s] -- Up-to-date symlink: /home/user/ros2_ws/install/cpp_pkg/share/cpp_pkg/environment/ament_prefix_path.dsv
[22.163s] -- Up-to-date symlink: /home/user/ros2_ws/install/cpp_pkg/share/cpp_pkg/environment/path.sh
[22.164s] -- Up-to-date symlink: /home/user/ros2_ws/install/cpp_pkg/share/cpp_pkg/environment/path.dsv
[22.166s] -- Up-to-date symlink: /home/user/ros2_ws/install/cpp_pkg/share/cpp_pkg/local_setup.bash
[22.168s] -- Up-to-date symlink: /home/user/ros2_ws/install/cpp_pkg/share/cpp_pkg/local_setup.sh
[22.170s] -- Up-to-date symlink: /home/user/ros2_ws/install/cpp_pkg/share/cpp_pkg/local_setup.zsh
[22.171s] -- Up-to-date symlink: /home/user/ros2_ws/install/cpp_pkg/share/cpp_pkg/local_setup.dsv
[22.172s] -- Symlinking: /home/user/ros2_ws/install/cpp_pkg/share/cpp_pkg/package.dsv
[22.211s] -- Up-to-date symlink: /home/user/ros2_ws/install/cpp_pkg/share/ament_index/resource_index/packages/cpp_pkg
[22.214s] -- Up-to-date symlink: /home/user/ros2_ws/install/cpp_pkg/share/cpp_pkg/cmake/cpp_pkgConfig.cmake
[22.216s] -- Up-to-date symlink: /home/user/ros2_ws/install/cpp_pkg/share/cpp_pkg/cmake/cpp_pkgConfig-version.cmake
[22.218s] -- Up-to-date symlink: /home/user/ros2_ws/install/cpp_pkg/share/cpp_pkg/package.xml
[22.227s] Invoked command in '/home/user/ros2_ws/build/cpp_pkg' returned '0': CMAKE_PREFIX_PATH=${CMAKE_PREFIX_PATH}:/home/user/ros2_ws/install/py_pkg:/opt/ros/humble /usr/bin/cmake --install /home/user/ros2_ws/build/cpp_pkg
