[3.037s] Invoking command in '/home/user/ros2_ws/src/py_pkg': PYTHONPATH=/home/user/ros2_ws/build/py_pkg/prefix_override:/usr/lib/python3/dist-packages/colcon_core/task/python/colcon_distutils_commands:/home/user/ros2_ws/install/py_pkg/lib/python3.10/site-packages:${PYTHONPATH} /usr/bin/python3 -W ignore:setup.py install is deprecated -W ignore:easy_install command is deprecated setup.py egg_info --egg-base ../../build/py_pkg build --build-base /home/user/ros2_ws/build/py_pkg/build install --record /home/user/ros2_ws/build/py_pkg/install.log --single-version-externally-managed install_data
[4.286s] running egg_info
[4.286s] writing ../../build/py_pkg/py_pkg.egg-info/PKG-INFO
[4.288s] writing dependency_links to ../../build/py_pkg/py_pkg.egg-info/dependency_links.txt
[4.289s] writing entry points to ../../build/py_pkg/py_pkg.egg-info/entry_points.txt
[4.290s] writing requirements to ../../build/py_pkg/py_pkg.egg-info/requires.txt
[4.291s] writing top-level names to ../../build/py_pkg/py_pkg.egg-info/top_level.txt
[4.301s] reading manifest file '../../build/py_pkg/py_pkg.egg-info/SOURCES.txt'
[4.305s] writing manifest file '../../build/py_pkg/py_pkg.egg-info/SOURCES.txt'
[4.306s] running build
[4.306s] running build_py
[4.307s] copying py_pkg/imu_node.py -> /home/user/ros2_ws/build/py_pkg/build/lib/py_pkg
[4.309s] running install
[4.310s] running install_lib
[4.314s] copying /home/user/ros2_ws/build/py_pkg/build/lib/py_pkg/imu_node.py -> /home/user/ros2_ws/install/py_pkg/lib/python3.10/site-packages/py_pkg
[4.317s] byte-compiling /home/user/ros2_ws/install/py_pkg/lib/python3.10/site-packages/py_pkg/imu_node.py to imu_node.cpython-310.pyc
[4.319s] running install_data
[4.320s] running install_egg_info
[4.327s] removing '/home/user/ros2_ws/install/py_pkg/lib/python3.10/site-packages/py_pkg-0.0.0-py3.10.egg-info' (and everything under it)
[4.329s] Copying ../../build/py_pkg/py_pkg.egg-info to /home/user/ros2_ws/install/py_pkg/lib/python3.10/site-packages/py_pkg-0.0.0-py3.10.egg-info
[4.333s] running install_scripts
[4.418s] Installing imu_node script to /home/user/ros2_ws/install/py_pkg/lib/py_pkg
[4.419s] Installing lidar_node script to /home/user/ros2_ws/install/py_pkg/lib/py_pkg
[4.420s] Installing node_template script to /home/user/ros2_ws/install/py_pkg/lib/py_pkg
[4.422s] writing list of installed files to '/home/user/ros2_ws/build/py_pkg/install.log'
[4.550s] Invoked command in '/home/user/ros2_ws/src/py_pkg' returned '0': PYTHONPATH=/home/user/ros2_ws/build/py_pkg/prefix_override:/usr/lib/python3/dist-packages/colcon_core/task/python/colcon_distutils_commands:/home/user/ros2_ws/install/py_pkg/lib/python3.10/site-packages:${PYTHONPATH} /usr/bin/python3 -W ignore:setup.py install is deprecated -W ignore:easy_install command is deprecated setup.py egg_info --egg-base ../../build/py_pkg build --build-base /home/user/ros2_ws/build/py_pkg/build install --record /home/user/ros2_ws/build/py_pkg/install.log --single-version-externally-managed install_data
