[0.237s] Invoking command in '/home/user/ros2_ws/build/ldlidar_node': CMAKE_PREFIX_PATH=/home/user/ros2_ws/install/ldlidar_component:/home/user/ros2_ws/install/ldlidar:/home/user/ros2_ws/install/ldlidar_node:/home/user/ros2_ws/install/cpp_pkg:/home/user/ros2_ws/install/py_pkg:/opt/ros/humble /usr/bin/cmake --build /home/user/ros2_ws/build/ldlidar_node -- -j4 -l4
[1.121s] [100%] Built target ldlidar_node
[1.258s] Invoked command in '/home/user/ros2_ws/build/ldlidar_node' returned '0': CMAKE_PREFIX_PATH=/home/user/ros2_ws/install/ldlidar_component:/home/user/ros2_ws/install/ldlidar:/home/user/ros2_ws/install/ldlidar_node:/home/user/ros2_ws/install/cpp_pkg:/home/user/ros2_ws/install/py_pkg:/opt/ros/humble /usr/bin/cmake --build /home/user/ros2_ws/build/ldlidar_node -- -j4 -l4
[1.291s] Invoking command in '/home/user/ros2_ws/build/ldlidar_node': CMAKE_PREFIX_PATH=/home/user/ros2_ws/install/ldlidar_component:/home/user/ros2_ws/install/ldlidar:/home/user/ros2_ws/install/ldlidar_node:/home/user/ros2_ws/install/cpp_pkg:/home/user/ros2_ws/install/py_pkg:/opt/ros/humble /usr/bin/cmake --install /home/user/ros2_ws/build/ldlidar_node
[1.395s] -- Install configuration: "Release"
[1.411s] -- Execute custom install script
[1.422s] -- Up-to-date symlink: /home/user/ros2_ws/install/ldlidar_node/lib/ldlidar_node/ldlidar_node
[1.433s] -- Up-to-date symlink: /home/user/ros2_ws/install/ldlidar_node/share/ldlidar_node/params/ldlidar.yaml
[1.446s] -- Up-to-date symlink: /home/user/ros2_ws/install/ldlidar_node/share/ldlidar_node/params/lifecycle_mgr.yaml
[1.447s] -- Up-to-date symlink: /home/user/ros2_ws/install/ldlidar_node/share/ldlidar_node/params/lifecycle_mgr_slam.yaml
[1.449s] -- Up-to-date symlink: /home/user/ros2_ws/install/ldlidar_node/share/ldlidar_node/params/slam_toolbox.yaml
[1.454s] -- Up-to-date symlink: /home/user/ros2_ws/install/ldlidar_node/share/ldlidar_node/config/ldlidar.rviz
[1.459s] -- Up-to-date symlink: /home/user/ros2_ws/install/ldlidar_node/share/ldlidar_node/config/ldlidar_slam.rviz
[1.475s] -- Up-to-date symlink: /home/user/ros2_ws/install/ldlidar_node/share/ldlidar_node/urdf/ldlidar_descr.urdf.xml
[1.482s] -- Up-to-date symlink: /home/user/ros2_ws/install/ldlidar_node/share/ldlidar_node/urdf/model/LD19.stl
[1.494s] -- Up-to-date symlink: /home/user/ros2_ws/install/ldlidar_node/share/ldlidar_node/launch/ldlidar.launch.py
[1.497s] -- Up-to-date symlink: /home/user/ros2_ws/install/ldlidar_node/share/ldlidar_node/launch/ldlidar_rviz2.launch.py
[1.500s] -- Up-to-date symlink: /home/user/ros2_ws/install/ldlidar_node/share/ldlidar_node/launch/ldlidar_slam.launch.py
[1.504s] -- Up-to-date symlink: /home/user/ros2_ws/install/ldlidar_node/share/ldlidar_node/launch/ldlidar_with_mgr.launch.py
[1.509s] -- Up-to-date symlink: /home/user/ros2_ws/install/ldlidar_node/share/ament_index/resource_index/package_run_dependencies/ldlidar_node
[1.516s] -- Up-to-date symlink: /home/user/ros2_ws/install/ldlidar_node/share/ament_index/resource_index/parent_prefix_path/ldlidar_node
[1.518s] -- Up-to-date symlink: /home/user/ros2_ws/install/ldlidar_node/share/ldlidar_node/environment/ament_prefix_path.sh
[1.522s] -- Up-to-date symlink: /home/user/ros2_ws/install/ldlidar_node/share/ldlidar_node/environment/ament_prefix_path.dsv
[1.526s] -- Up-to-date symlink: /home/user/ros2_ws/install/ldlidar_node/share/ldlidar_node/environment/path.sh
[1.539s] -- Up-to-date symlink: /home/user/ros2_ws/install/ldlidar_node/share/ldlidar_node/environment/path.dsv
[1.541s] -- Up-to-date symlink: /home/user/ros2_ws/install/ldlidar_node/share/ldlidar_node/local_setup.bash
[1.543s] -- Up-to-date symlink: /home/user/ros2_ws/install/ldlidar_node/share/ldlidar_node/local_setup.sh
[1.545s] -- Up-to-date symlink: /home/user/ros2_ws/install/ldlidar_node/share/ldlidar_node/local_setup.zsh
[1.547s] -- Up-to-date symlink: /home/user/ros2_ws/install/ldlidar_node/share/ldlidar_node/local_setup.dsv
[1.549s] -- Symlinking: /home/user/ros2_ws/install/ldlidar_node/share/ldlidar_node/package.dsv
[1.666s] -- Up-to-date symlink: /home/user/ros2_ws/install/ldlidar_node/share/ament_index/resource_index/packages/ldlidar_node
[1.674s] -- Up-to-date symlink: /home/user/ros2_ws/install/ldlidar_node/share/ldlidar_node/cmake/ldlidar_nodeConfig.cmake
[1.680s] -- Up-to-date symlink: /home/user/ros2_ws/install/ldlidar_node/share/ldlidar_node/cmake/ldlidar_nodeConfig-version.cmake
[1.686s] -- Up-to-date symlink: /home/user/ros2_ws/install/ldlidar_node/share/ldlidar_node/package.xml
[1.706s] Invoked command in '/home/user/ros2_ws/build/ldlidar_node' returned '0': CMAKE_PREFIX_PATH=/home/user/ros2_ws/install/ldlidar_component:/home/user/ros2_ws/install/ldlidar:/home/user/ros2_ws/install/ldlidar_node:/home/user/ros2_ws/install/cpp_pkg:/home/user/ros2_ws/install/py_pkg:/opt/ros/humble /usr/bin/cmake --install /home/user/ros2_ws/build/ldlidar_node
