[0.468s] DEBUG:colcon:Command line arguments: ['/usr/bin/colcon', 'build', '--packages-select', 'robot_bringup']
[0.468s] DEBUG:colcon:Parsed command line arguments: Namespace(log_base=None, log_level=None, verb_name='build', build_base='build', install_base='install', merge_install=False, symlink_install=False, test_result_base=None, continue_on_error=False, executor='parallel', parallel_workers=4, event_handlers=None, ignore_user_meta=False, metas=['./colcon.meta'], base_paths=['.'], packages_ignore=None, packages_ignore_regex=None, paths=None, packages_up_to=None, packages_up_to_regex=None, packages_above=None, packages_above_and_dependencies=None, packages_above_depth=None, packages_select_by_dep=None, packages_skip_by_dep=None, packages_skip_up_to=None, packages_select_build_failed=False, packages_skip_build_finished=False, packages_select_test_failures=False, packages_skip_test_passed=False, packages_select=['robot_bringup'], packages_skip=None, packages_select_regex=None, packages_skip_regex=None, packages_start=None, packages_end=None, allow_overriding=[], cmake_args=None, cmake_target=None, cmake_target_skip_unavailable=False, cmake_clean_cache=False, cmake_clean_first=False, cmake_force_configure=False, ament_cmake_args=None, catkin_cmake_args=None, catkin_skip_building_tests=False, mixin_files=None, mixin=None, verb_parser=<colcon_mixin.mixin.mixin_argument.MixinArgumentDecorator object at 0xffffa5176e60>, verb_extension=<colcon_core.verb.build.BuildVerb object at 0xffffa51769b0>, main=<bound method BuildVerb.main of <colcon_core.verb.build.BuildVerb object at 0xffffa51769b0>>, mixin_verb=('build',))
[1.318s] Level 1:colcon.colcon_core.package_discovery:discover_packages(colcon_meta) check parameters
[1.319s] Level 1:colcon.colcon_core.package_discovery:discover_packages(recursive) check parameters
[1.319s] Level 1:colcon.colcon_core.package_discovery:discover_packages(ignore) check parameters
[1.319s] Level 1:colcon.colcon_core.package_discovery:discover_packages(path) check parameters
[1.319s] Level 1:colcon.colcon_core.package_discovery:discover_packages(colcon_meta) discover
[1.319s] Level 1:colcon.colcon_core.package_discovery:discover_packages(recursive) discover
[1.320s] INFO:colcon.colcon_core.package_discovery:Crawling recursively for packages in '/home/user/ros2_ws'
[1.320s] Level 1:colcon.colcon_core.package_identification:_identify(.) by extensions ['ignore', 'ignore_ament_install']
[1.320s] Level 1:colcon.colcon_core.package_identification:_identify(.) by extension 'ignore'
[1.321s] Level 1:colcon.colcon_core.package_identification:_identify(.) by extension 'ignore_ament_install'
[1.321s] Level 1:colcon.colcon_core.package_identification:_identify(.) by extensions ['colcon_pkg']
[1.321s] Level 1:colcon.colcon_core.package_identification:_identify(.) by extension 'colcon_pkg'
[1.321s] Level 1:colcon.colcon_core.package_identification:_identify(.) by extensions ['colcon_meta']
[1.321s] Level 1:colcon.colcon_core.package_identification:_identify(.) by extension 'colcon_meta'
[1.321s] Level 1:colcon.colcon_core.package_identification:_identify(.) by extensions ['ros']
[1.321s] Level 1:colcon.colcon_core.package_identification:_identify(.) by extension 'ros'
[1.365s] Level 1:colcon.colcon_core.package_identification:_identify(.) by extensions ['cmake', 'python']
[1.365s] Level 1:colcon.colcon_core.package_identification:_identify(.) by extension 'cmake'
[1.365s] Level 1:colcon.colcon_core.package_identification:_identify(.) by extension 'python'
[1.365s] Level 1:colcon.colcon_core.package_identification:_identify(.) by extensions ['python_setup_py']
[1.366s] Level 1:colcon.colcon_core.package_identification:_identify(.) by extension 'python_setup_py'
[1.366s] Level 1:colcon.colcon_core.package_identification:_identify(build) by extensions ['ignore', 'ignore_ament_install']
[1.366s] Level 1:colcon.colcon_core.package_identification:_identify(build) by extension 'ignore'
[1.367s] Level 1:colcon.colcon_core.package_identification:_identify(build) ignored
[1.367s] Level 1:colcon.colcon_core.package_identification:_identify(install) by extensions ['ignore', 'ignore_ament_install']
[1.368s] Level 1:colcon.colcon_core.package_identification:_identify(install) by extension 'ignore'
[1.368s] Level 1:colcon.colcon_core.package_identification:_identify(install) ignored
[1.369s] Level 1:colcon.colcon_core.package_identification:_identify(log) by extensions ['ignore', 'ignore_ament_install']
[1.370s] Level 1:colcon.colcon_core.package_identification:_identify(log) by extension 'ignore'
[1.370s] Level 1:colcon.colcon_core.package_identification:_identify(log) ignored
[1.370s] Level 1:colcon.colcon_core.package_identification:_identify(src) by extensions ['ignore', 'ignore_ament_install']
[1.371s] Level 1:colcon.colcon_core.package_identification:_identify(src) by extension 'ignore'
[1.371s] Level 1:colcon.colcon_core.package_identification:_identify(src) by extension 'ignore_ament_install'
[1.371s] Level 1:colcon.colcon_core.package_identification:_identify(src) by extensions ['colcon_pkg']
[1.371s] Level 1:colcon.colcon_core.package_identification:_identify(src) by extension 'colcon_pkg'
[1.371s] Level 1:colcon.colcon_core.package_identification:_identify(src) by extensions ['colcon_meta']
[1.371s] Level 1:colcon.colcon_core.package_identification:_identify(src) by extension 'colcon_meta'
[1.372s] Level 1:colcon.colcon_core.package_identification:_identify(src) by extensions ['ros']
[1.372s] Level 1:colcon.colcon_core.package_identification:_identify(src) by extension 'ros'
[1.372s] Level 1:colcon.colcon_core.package_identification:_identify(src) by extensions ['cmake', 'python']
[1.372s] Level 1:colcon.colcon_core.package_identification:_identify(src) by extension 'cmake'
[1.372s] Level 1:colcon.colcon_core.package_identification:_identify(src) by extension 'python'
[1.373s] Level 1:colcon.colcon_core.package_identification:_identify(src) by extensions ['python_setup_py']
[1.373s] Level 1:colcon.colcon_core.package_identification:_identify(src) by extension 'python_setup_py'
[1.373s] Level 1:colcon.colcon_core.package_identification:_identify(src/build) by extensions ['ignore', 'ignore_ament_install']
[1.373s] Level 1:colcon.colcon_core.package_identification:_identify(src/build) by extension 'ignore'
[1.374s] Level 1:colcon.colcon_core.package_identification:_identify(src/build) ignored
[1.374s] Level 1:colcon.colcon_core.package_identification:_identify(src/cpp_pkg) by extensions ['ignore', 'ignore_ament_install']
[1.374s] Level 1:colcon.colcon_core.package_identification:_identify(src/cpp_pkg) by extension 'ignore'
[1.374s] Level 1:colcon.colcon_core.package_identification:_identify(src/cpp_pkg) by extension 'ignore_ament_install'
[1.375s] Level 1:colcon.colcon_core.package_identification:_identify(src/cpp_pkg) by extensions ['colcon_pkg']
[1.375s] Level 1:colcon.colcon_core.package_identification:_identify(src/cpp_pkg) by extension 'colcon_pkg'
[1.375s] Level 1:colcon.colcon_core.package_identification:_identify(src/cpp_pkg) by extensions ['colcon_meta']
[1.375s] Level 1:colcon.colcon_core.package_identification:_identify(src/cpp_pkg) by extension 'colcon_meta'
[1.375s] Level 1:colcon.colcon_core.package_identification:_identify(src/cpp_pkg) by extensions ['ros']
[1.375s] Level 1:colcon.colcon_core.package_identification:_identify(src/cpp_pkg) by extension 'ros'
[1.384s] DEBUG:colcon.colcon_core.package_identification:Package 'src/cpp_pkg' with type 'ros.ament_cmake' and name 'cpp_pkg'
[1.385s] Level 1:colcon.colcon_core.package_identification:_identify(src/install) by extensions ['ignore', 'ignore_ament_install']
[1.386s] Level 1:colcon.colcon_core.package_identification:_identify(src/install) by extension 'ignore'
[1.386s] Level 1:colcon.colcon_core.package_identification:_identify(src/install) ignored
[1.386s] Level 1:colcon.colcon_core.package_identification:_identify(src/log) by extensions ['ignore', 'ignore_ament_install']
[1.386s] Level 1:colcon.colcon_core.package_identification:_identify(src/log) by extension 'ignore'
[1.387s] Level 1:colcon.colcon_core.package_identification:_identify(src/log) ignored
[1.387s] Level 1:colcon.colcon_core.package_identification:_identify(src/py_pkg) by extensions ['ignore', 'ignore_ament_install']
[1.388s] Level 1:colcon.colcon_core.package_identification:_identify(src/py_pkg) by extension 'ignore'
[1.388s] Level 1:colcon.colcon_core.package_identification:_identify(src/py_pkg) by extension 'ignore_ament_install'
[1.388s] Level 1:colcon.colcon_core.package_identification:_identify(src/py_pkg) by extensions ['colcon_pkg']
[1.388s] Level 1:colcon.colcon_core.package_identification:_identify(src/py_pkg) by extension 'colcon_pkg'
[1.388s] Level 1:colcon.colcon_core.package_identification:_identify(src/py_pkg) by extensions ['colcon_meta']
[1.388s] Level 1:colcon.colcon_core.package_identification:_identify(src/py_pkg) by extension 'colcon_meta'
[1.389s] Level 1:colcon.colcon_core.package_identification:_identify(src/py_pkg) by extensions ['ros']
[1.389s] Level 1:colcon.colcon_core.package_identification:_identify(src/py_pkg) by extension 'ros'
[1.391s] DEBUG:colcon.colcon_core.package_identification:Package 'src/py_pkg' with type 'ros.ament_python' and name 'py_pkg'
[1.392s] Level 1:colcon.colcon_core.package_identification:_identify(src/robot_bringup) by extensions ['ignore', 'ignore_ament_install']
[1.392s] Level 1:colcon.colcon_core.package_identification:_identify(src/robot_bringup) by extension 'ignore'
[1.392s] Level 1:colcon.colcon_core.package_identification:_identify(src/robot_bringup) by extension 'ignore_ament_install'
[1.393s] Level 1:colcon.colcon_core.package_identification:_identify(src/robot_bringup) by extensions ['colcon_pkg']
[1.393s] Level 1:colcon.colcon_core.package_identification:_identify(src/robot_bringup) by extension 'colcon_pkg'
[1.393s] Level 1:colcon.colcon_core.package_identification:_identify(src/robot_bringup) by extensions ['colcon_meta']
[1.393s] Level 1:colcon.colcon_core.package_identification:_identify(src/robot_bringup) by extension 'colcon_meta'
[1.393s] Level 1:colcon.colcon_core.package_identification:_identify(src/robot_bringup) by extensions ['ros']
[1.393s] Level 1:colcon.colcon_core.package_identification:_identify(src/robot_bringup) by extension 'ros'
[1.395s] DEBUG:colcon.colcon_core.package_identification:Package 'src/robot_bringup' with type 'ros.ament_cmake' and name 'robot_bringup'
[1.396s] Level 1:colcon.colcon_core.package_discovery:discover_packages(recursive) using defaults
[1.396s] Level 1:colcon.colcon_core.package_discovery:discover_packages(ignore) discover
[1.396s] Level 1:colcon.colcon_core.package_discovery:discover_packages(ignore) using defaults
[1.396s] Level 1:colcon.colcon_core.package_discovery:discover_packages(path) discover
[1.396s] Level 1:colcon.colcon_core.package_discovery:discover_packages(path) using defaults
[1.513s] INFO:colcon.colcon_core.package_selection:Skipping not selected package 'cpp_pkg' in 'src/cpp_pkg'
[1.513s] INFO:colcon.colcon_core.package_selection:Skipping not selected package 'py_pkg' in 'src/py_pkg'
[1.515s] Level 1:colcon.colcon_core.package_discovery:discover_packages(prefix_path) check parameters
[1.515s] Level 1:colcon.colcon_core.package_discovery:discover_packages(prefix_path) discover
[1.519s] WARNING:colcon.colcon_core.prefix_path.colcon:The path '/home/user/ros2_ws/sdk_ldrobotsensorteam_stl/ros2_app/install' in the environment variable COLCON_PREFIX_PATH doesn't exist
[1.522s] WARNING:colcon.colcon_ros.prefix_path.ament:The path '/home/user/ros2_ws/sdk_ldrobotsensorteam_stl/ros2_app/install/ldlidar' in the environment variable AMENT_PREFIX_PATH doesn't exist
[1.523s] WARNING:colcon.colcon_ros.prefix_path.catkin:The path '/home/user/ros2_ws/sdk_ldrobotsensorteam_stl/ros2_app/install/ldlidar' in the environment variable CMAKE_PREFIX_PATH doesn't exist
[1.526s] DEBUG:colcon.colcon_installed_package_information.package_discovery:Found 1 installed packages in /home/user/ldlidar_ros2_ws/install
[1.529s] DEBUG:colcon.colcon_installed_package_information.package_discovery:Found 6 installed packages in /home/user/ros2_ws/install
[1.540s] DEBUG:colcon.colcon_installed_package_information.package_discovery:Found 338 installed packages in /opt/ros/humble
[1.548s] Level 1:colcon.colcon_core.package_discovery:discover_packages(prefix_path) using defaults
[1.755s] Level 5:colcon.colcon_core.verb:set package 'robot_bringup' build argument 'cmake_args' from command line to 'None'
[1.756s] Level 5:colcon.colcon_core.verb:set package 'robot_bringup' build argument 'cmake_target' from command line to 'None'
[1.756s] Level 5:colcon.colcon_core.verb:set package 'robot_bringup' build argument 'cmake_target_skip_unavailable' from command line to 'False'
[1.756s] Level 5:colcon.colcon_core.verb:set package 'robot_bringup' build argument 'cmake_clean_cache' from command line to 'False'
[1.756s] Level 5:colcon.colcon_core.verb:set package 'robot_bringup' build argument 'cmake_clean_first' from command line to 'False'
[1.756s] Level 5:colcon.colcon_core.verb:set package 'robot_bringup' build argument 'cmake_force_configure' from command line to 'False'
[1.756s] Level 5:colcon.colcon_core.verb:set package 'robot_bringup' build argument 'ament_cmake_args' from command line to 'None'
[1.756s] Level 5:colcon.colcon_core.verb:set package 'robot_bringup' build argument 'catkin_cmake_args' from command line to 'None'
[1.756s] Level 5:colcon.colcon_core.verb:set package 'robot_bringup' build argument 'catkin_skip_building_tests' from command line to 'False'
[1.757s] DEBUG:colcon.colcon_core.verb:Building package 'robot_bringup' with the following arguments: {'ament_cmake_args': None, 'build_base': '/home/user/ros2_ws/build/robot_bringup', 'catkin_cmake_args': None, 'catkin_skip_building_tests': False, 'cmake_args': None, 'cmake_clean_cache': False, 'cmake_clean_first': False, 'cmake_force_configure': False, 'cmake_target': None, 'cmake_target_skip_unavailable': False, 'install_base': '/home/user/ros2_ws/install/robot_bringup', 'merge_install': False, 'path': '/home/user/ros2_ws/src/robot_bringup', 'symlink_install': False, 'test_result_base': None}
[1.757s] INFO:colcon.colcon_core.executor:Executing jobs using 'parallel' executor
[1.761s] DEBUG:colcon.colcon_parallel_executor.executor.parallel:run_until_complete
[1.761s] INFO:colcon.colcon_ros.task.ament_cmake.build:Building ROS package in '/home/user/ros2_ws/src/robot_bringup' with build type 'ament_cmake'
[1.762s] INFO:colcon.colcon_cmake.task.cmake.build:Building CMake package in '/home/user/ros2_ws/src/robot_bringup'
[1.772s] INFO:colcon.colcon_core.plugin_system:Skipping extension 'colcon_core.shell.bat': Not used on non-Windows systems
[1.772s] INFO:colcon.colcon_core.shell:Skip shell extension 'powershell' for command environment: Not usable outside of PowerShell
[1.772s] DEBUG:colcon.colcon_core.shell:Skip shell extension 'dsv' for command environment
[1.828s] DEBUG:colcon.colcon_core.event_handler.log_command:Invoking command in '/home/user/ros2_ws/build/robot_bringup': AMENT_PREFIX_PATH=/home/user/ros2_ws/install/py_pkg:/home/user/ros2_ws/install/robot_bringup:/home/user/ros2_ws/install/ldlidar:/home/user/ros2_ws/install/ldlidar_node:/home/user/ros2_ws/install/ldlidar_component:/home/user/ros2_ws/install/cpp_pkg:/home/user/ldlidar_ros2_ws/install/ldlidar_stl_ros2:/home/user/ros2_ws/sdk_ldrobotsensorteam_stl/ros2_app/install/ldlidar:/opt/ros/humble CMAKE_PREFIX_PATH=/home/user/ros2_ws/install/cpp_pkg:/home/user/ros2_ws/install/robot_bringup:/home/user/ros2_ws/install/ldlidar:/home/user/ros2_ws/install/ldlidar_node:/home/user/ros2_ws/install/ldlidar_component:/home/user/ldlidar_ros2_ws/install/ldlidar_stl_ros2:/home/user/ros2_ws/sdk_ldrobotsensorteam_stl/ros2_app/install/ldlidar:/home/user/ros2_ws/install/py_pkg:/opt/ros/humble /usr/bin/cmake --build /home/user/ros2_ws/build/robot_bringup -- -j4 -l4
[1.993s] DEBUG:colcon.colcon_core.event_handler.log_command:Invoked command in '/home/user/ros2_ws/build/robot_bringup' returned '0': AMENT_PREFIX_PATH=/home/user/ros2_ws/install/py_pkg:/home/user/ros2_ws/install/robot_bringup:/home/user/ros2_ws/install/ldlidar:/home/user/ros2_ws/install/ldlidar_node:/home/user/ros2_ws/install/ldlidar_component:/home/user/ros2_ws/install/cpp_pkg:/home/user/ldlidar_ros2_ws/install/ldlidar_stl_ros2:/home/user/ros2_ws/sdk_ldrobotsensorteam_stl/ros2_app/install/ldlidar:/opt/ros/humble CMAKE_PREFIX_PATH=/home/user/ros2_ws/install/cpp_pkg:/home/user/ros2_ws/install/robot_bringup:/home/user/ros2_ws/install/ldlidar:/home/user/ros2_ws/install/ldlidar_node:/home/user/ros2_ws/install/ldlidar_component:/home/user/ldlidar_ros2_ws/install/ldlidar_stl_ros2:/home/user/ros2_ws/sdk_ldrobotsensorteam_stl/ros2_app/install/ldlidar:/home/user/ros2_ws/install/py_pkg:/opt/ros/humble /usr/bin/cmake --build /home/user/ros2_ws/build/robot_bringup -- -j4 -l4
[2.039s] DEBUG:colcon.colcon_core.event_handler.log_command:Invoking command in '/home/user/ros2_ws/build/robot_bringup': AMENT_PREFIX_PATH=/home/user/ros2_ws/install/py_pkg:/home/user/ros2_ws/install/robot_bringup:/home/user/ros2_ws/install/ldlidar:/home/user/ros2_ws/install/ldlidar_node:/home/user/ros2_ws/install/ldlidar_component:/home/user/ros2_ws/install/cpp_pkg:/home/user/ldlidar_ros2_ws/install/ldlidar_stl_ros2:/home/user/ros2_ws/sdk_ldrobotsensorteam_stl/ros2_app/install/ldlidar:/opt/ros/humble CMAKE_PREFIX_PATH=/home/user/ros2_ws/install/cpp_pkg:/home/user/ros2_ws/install/robot_bringup:/home/user/ros2_ws/install/ldlidar:/home/user/ros2_ws/install/ldlidar_node:/home/user/ros2_ws/install/ldlidar_component:/home/user/ldlidar_ros2_ws/install/ldlidar_stl_ros2:/home/user/ros2_ws/sdk_ldrobotsensorteam_stl/ros2_app/install/ldlidar:/home/user/ros2_ws/install/py_pkg:/opt/ros/humble /usr/bin/cmake --install /home/user/ros2_ws/build/robot_bringup
[2.081s] Level 1:colcon.colcon_core.environment:create_environment_scripts_only(robot_bringup)
[2.083s] DEBUG:colcon.colcon_core.event_handler.log_command:Invoked command in '/home/user/ros2_ws/build/robot_bringup' returned '0': AMENT_PREFIX_PATH=/home/user/ros2_ws/install/py_pkg:/home/user/ros2_ws/install/robot_bringup:/home/user/ros2_ws/install/ldlidar:/home/user/ros2_ws/install/ldlidar_node:/home/user/ros2_ws/install/ldlidar_component:/home/user/ros2_ws/install/cpp_pkg:/home/user/ldlidar_ros2_ws/install/ldlidar_stl_ros2:/home/user/ros2_ws/sdk_ldrobotsensorteam_stl/ros2_app/install/ldlidar:/opt/ros/humble CMAKE_PREFIX_PATH=/home/user/ros2_ws/install/cpp_pkg:/home/user/ros2_ws/install/robot_bringup:/home/user/ros2_ws/install/ldlidar:/home/user/ros2_ws/install/ldlidar_node:/home/user/ros2_ws/install/ldlidar_component:/home/user/ldlidar_ros2_ws/install/ldlidar_stl_ros2:/home/user/ros2_ws/sdk_ldrobotsensorteam_stl/ros2_app/install/ldlidar:/home/user/ros2_ws/install/py_pkg:/opt/ros/humble /usr/bin/cmake --install /home/user/ros2_ws/build/robot_bringup
[2.095s] Level 1:colcon.colcon_core.environment:checking '/home/user/ros2_ws/install/robot_bringup' for CMake module files
[2.098s] Level 1:colcon.colcon_core.environment:checking '/home/user/ros2_ws/install/robot_bringup' for CMake config files
[2.100s] Level 1:colcon.colcon_core.shell:create_environment_hook('robot_bringup', 'cmake_prefix_path')
[2.101s] INFO:colcon.colcon_core.shell:Creating environment hook '/home/user/ros2_ws/install/robot_bringup/share/robot_bringup/hook/cmake_prefix_path.ps1'
[2.105s] INFO:colcon.colcon_core.shell:Creating environment descriptor '/home/user/ros2_ws/install/robot_bringup/share/robot_bringup/hook/cmake_prefix_path.dsv'
[2.107s] INFO:colcon.colcon_core.shell:Creating environment hook '/home/user/ros2_ws/install/robot_bringup/share/robot_bringup/hook/cmake_prefix_path.sh'
[2.111s] Level 1:colcon.colcon_core.environment:checking '/home/user/ros2_ws/install/robot_bringup/bin'
[2.111s] Level 1:colcon.colcon_core.environment:checking '/home/user/ros2_ws/install/robot_bringup/lib/pkgconfig/robot_bringup.pc'
[2.112s] Level 1:colcon.colcon_core.environment:checking '/home/user/ros2_ws/install/robot_bringup/lib/python3.10/site-packages'
[2.113s] Level 1:colcon.colcon_core.environment:checking '/home/user/ros2_ws/install/robot_bringup/bin'
[2.114s] INFO:colcon.colcon_core.shell:Creating package script '/home/user/ros2_ws/install/robot_bringup/share/robot_bringup/package.ps1'
[2.118s] INFO:colcon.colcon_core.shell:Creating package descriptor '/home/user/ros2_ws/install/robot_bringup/share/robot_bringup/package.dsv'
[2.120s] INFO:colcon.colcon_core.shell:Creating package script '/home/user/ros2_ws/install/robot_bringup/share/robot_bringup/package.sh'
[2.124s] INFO:colcon.colcon_core.shell:Creating package script '/home/user/ros2_ws/install/robot_bringup/share/robot_bringup/package.bash'
[2.127s] INFO:colcon.colcon_core.shell:Creating package script '/home/user/ros2_ws/install/robot_bringup/share/robot_bringup/package.zsh'
[2.130s] Level 1:colcon.colcon_core.environment:create_file_with_runtime_dependencies(/home/user/ros2_ws/install/robot_bringup/share/colcon-core/packages/robot_bringup)
[2.132s] Level 1:colcon.colcon_core.environment:create_environment_scripts_only(robot_bringup)
[2.133s] Level 1:colcon.colcon_core.environment:checking '/home/user/ros2_ws/install/robot_bringup' for CMake module files
[2.136s] Level 1:colcon.colcon_core.environment:checking '/home/user/ros2_ws/install/robot_bringup' for CMake config files
[2.138s] Level 1:colcon.colcon_core.shell:create_environment_hook('robot_bringup', 'cmake_prefix_path')
[2.139s] INFO:colcon.colcon_core.shell:Creating environment hook '/home/user/ros2_ws/install/robot_bringup/share/robot_bringup/hook/cmake_prefix_path.ps1'
[2.141s] INFO:colcon.colcon_core.shell:Creating environment descriptor '/home/user/ros2_ws/install/robot_bringup/share/robot_bringup/hook/cmake_prefix_path.dsv'
[2.142s] INFO:colcon.colcon_core.shell:Creating environment hook '/home/user/ros2_ws/install/robot_bringup/share/robot_bringup/hook/cmake_prefix_path.sh'
[2.145s] Level 1:colcon.colcon_core.environment:checking '/home/user/ros2_ws/install/robot_bringup/bin'
[2.145s] Level 1:colcon.colcon_core.environment:checking '/home/user/ros2_ws/install/robot_bringup/lib/pkgconfig/robot_bringup.pc'
[2.146s] Level 1:colcon.colcon_core.environment:checking '/home/user/ros2_ws/install/robot_bringup/lib/python3.10/site-packages'
[2.147s] Level 1:colcon.colcon_core.environment:checking '/home/user/ros2_ws/install/robot_bringup/bin'
[2.148s] INFO:colcon.colcon_core.shell:Creating package script '/home/user/ros2_ws/install/robot_bringup/share/robot_bringup/package.ps1'
[2.151s] INFO:colcon.colcon_core.shell:Creating package descriptor '/home/user/ros2_ws/install/robot_bringup/share/robot_bringup/package.dsv'
[2.153s] INFO:colcon.colcon_core.shell:Creating package script '/home/user/ros2_ws/install/robot_bringup/share/robot_bringup/package.sh'
[2.155s] INFO:colcon.colcon_core.shell:Creating package script '/home/user/ros2_ws/install/robot_bringup/share/robot_bringup/package.bash'
[2.157s] INFO:colcon.colcon_core.shell:Creating package script '/home/user/ros2_ws/install/robot_bringup/share/robot_bringup/package.zsh'
[2.159s] Level 1:colcon.colcon_core.environment:create_file_with_runtime_dependencies(/home/user/ros2_ws/install/robot_bringup/share/colcon-core/packages/robot_bringup)
[2.160s] DEBUG:colcon.colcon_parallel_executor.executor.parallel:closing loop
[2.162s] DEBUG:colcon.colcon_parallel_executor.executor.parallel:loop closed
[2.162s] DEBUG:colcon.colcon_parallel_executor.executor.parallel:run_until_complete finished with '0'
[2.162s] DEBUG:colcon.colcon_core.event_reactor:joining thread
[2.188s] INFO:colcon.colcon_core.plugin_system:Skipping extension 'colcon_notification.desktop_notification.terminal_notifier': Not used on non-Darwin systems
[2.188s] INFO:colcon.colcon_core.plugin_system:Skipping extension 'colcon_notification.desktop_notification.win32': Not used on non-Windows systems
[2.189s] INFO:colcon.colcon_notification.desktop_notification:Sending desktop notification using 'notify2'
[2.246s] DEBUG:colcon.colcon_core.event_reactor:joined thread
[2.247s] INFO:colcon.colcon_core.shell:Creating prefix script '/home/user/ros2_ws/install/local_setup.ps1'
[2.251s] INFO:colcon.colcon_core.shell:Creating prefix util module '/home/user/ros2_ws/install/_local_setup_util_ps1.py'
[2.259s] INFO:colcon.colcon_core.shell:Creating prefix chain script '/home/user/ros2_ws/install/setup.ps1'
[2.267s] INFO:colcon.colcon_core.shell:Creating prefix script '/home/user/ros2_ws/install/local_setup.sh'
[2.270s] INFO:colcon.colcon_core.shell:Creating prefix util module '/home/user/ros2_ws/install/_local_setup_util_sh.py'
[2.274s] INFO:colcon.colcon_core.shell:Creating prefix chain script '/home/user/ros2_ws/install/setup.sh'
[2.282s] INFO:colcon.colcon_core.shell:Creating prefix script '/home/user/ros2_ws/install/local_setup.bash'
[2.285s] INFO:colcon.colcon_core.shell:Creating prefix chain script '/home/user/ros2_ws/install/setup.bash'
[2.293s] INFO:colcon.colcon_core.shell:Creating prefix script '/home/user/ros2_ws/install/local_setup.zsh'
[2.298s] INFO:colcon.colcon_core.shell:Creating prefix chain script '/home/user/ros2_ws/install/setup.zsh'
