[3.521s] Invoking command in '/home/user/ros2_ws/src/py_pkg': PYTHONPATH=/home/user/ros2_ws/build/py_pkg/prefix_override:/usr/lib/python3/dist-packages/colcon_core/task/python/colcon_distutils_commands:/home/user/ros2_ws/install/py_pkg/lib/python3.10/site-packages:${PYTHONPATH} /usr/bin/python3 -W ignore:setup.py install is deprecated -W ignore:easy_install command is deprecated setup.py egg_info --egg-base ../../build/py_pkg build --build-base /home/user/ros2_ws/build/py_pkg/build install --record /home/user/ros2_ws/build/py_pkg/install.log --single-version-externally-managed install_data
[4.745s] running egg_info
[4.748s] writing ../../build/py_pkg/py_pkg.egg-info/PKG-INFO
[4.749s] writing dependency_links to ../../build/py_pkg/py_pkg.egg-info/dependency_links.txt
[4.751s] writing entry points to ../../build/py_pkg/py_pkg.egg-info/entry_points.txt
[4.752s] writing requirements to ../../build/py_pkg/py_pkg.egg-info/requires.txt
[4.754s] writing top-level names to ../../build/py_pkg/py_pkg.egg-info/top_level.txt
[4.764s] reading manifest file '../../build/py_pkg/py_pkg.egg-info/SOURCES.txt'
[4.769s] writing manifest file '../../build/py_pkg/py_pkg.egg-info/SOURCES.txt'
[4.770s] running build
[4.771s] running build_py
[4.771s] copying py_pkg/imu_node.py -> /home/user/ros2_ws/build/py_pkg/build/lib/py_pkg
[4.773s] copying py_pkg/node_template.py -> /home/user/ros2_ws/build/py_pkg/build/lib/py_pkg
[4.774s] running install
[4.776s] running install_lib
[4.779s] copying /home/user/ros2_ws/build/py_pkg/build/lib/py_pkg/imu_node.py -> /home/user/ros2_ws/install/py_pkg/lib/python3.10/site-packages/py_pkg
[4.781s] copying /home/user/ros2_ws/build/py_pkg/build/lib/py_pkg/node_template.py -> /home/user/ros2_ws/install/py_pkg/lib/python3.10/site-packages/py_pkg
[4.784s] byte-compiling /home/user/ros2_ws/install/py_pkg/lib/python3.10/site-packages/py_pkg/imu_node.py to imu_node.cpython-310.pyc
[4.786s] byte-compiling /home/user/ros2_ws/install/py_pkg/lib/python3.10/site-packages/py_pkg/node_template.py to node_template.cpython-310.pyc
[4.788s] running install_data
[4.789s] running install_egg_info
[4.796s] removing '/home/user/ros2_ws/install/py_pkg/lib/python3.10/site-packages/py_pkg-0.0.0-py3.10.egg-info' (and everything under it)
[4.798s] Copying ../../build/py_pkg/py_pkg.egg-info to /home/user/ros2_ws/install/py_pkg/lib/python3.10/site-packages/py_pkg-0.0.0-py3.10.egg-info
[4.803s] running install_scripts
[4.892s] Installing imu_node script to /home/user/ros2_ws/install/py_pkg/lib/py_pkg
[4.893s] Installing lidar_node script to /home/user/ros2_ws/install/py_pkg/lib/py_pkg
[4.894s] Installing node_template script to /home/user/ros2_ws/install/py_pkg/lib/py_pkg
[4.896s] writing list of installed files to '/home/user/ros2_ws/build/py_pkg/install.log'
[5.032s] Invoked command in '/home/user/ros2_ws/src/py_pkg' returned '0': PYTHONPATH=/home/user/ros2_ws/build/py_pkg/prefix_override:/usr/lib/python3/dist-packages/colcon_core/task/python/colcon_distutils_commands:/home/user/ros2_ws/install/py_pkg/lib/python3.10/site-packages:${PYTHONPATH} /usr/bin/python3 -W ignore:setup.py install is deprecated -W ignore:easy_install command is deprecated setup.py egg_info --egg-base ../../build/py_pkg build --build-base /home/user/ros2_ws/build/py_pkg/build install --record /home/user/ros2_ws/build/py_pkg/install.log --single-version-externally-managed install_data
