[2.892s] Invoking command in '/home/user/ros2_ws/src/py_pkg': PYTHONPATH=/home/user/ros2_ws/build/py_pkg/prefix_override:/usr/lib/python3/dist-packages/colcon_core/task/python/colcon_distutils_commands:/home/user/ros2_ws/install/py_pkg/lib/python3.10/site-packages:${PYTHONPATH} /usr/bin/python3 -W ignore:setup.py install is deprecated -W ignore:easy_install command is deprecated setup.py egg_info --egg-base ../../build/py_pkg build --build-base /home/user/ros2_ws/build/py_pkg/build install --record /home/user/ros2_ws/build/py_pkg/install.log --single-version-externally-managed install_data
[4.058s] running egg_info
[4.062s] writing ../../build/py_pkg/py_pkg.egg-info/PKG-INFO
[4.063s] writing dependency_links to ../../build/py_pkg/py_pkg.egg-info/dependency_links.txt
[4.064s] writing entry points to ../../build/py_pkg/py_pkg.egg-info/entry_points.txt
[4.065s] writing requirements to ../../build/py_pkg/py_pkg.egg-info/requires.txt
[4.066s] writing top-level names to ../../build/py_pkg/py_pkg.egg-info/top_level.txt
[4.075s] reading manifest file '../../build/py_pkg/py_pkg.egg-info/SOURCES.txt'
[4.079s] writing manifest file '../../build/py_pkg/py_pkg.egg-info/SOURCES.txt'
[4.080s] running build
[4.080s] running build_py
[4.081s] copying py_pkg/lidar_node.py -> /home/user/ros2_ws/build/py_pkg/build/lib/py_pkg
[4.083s] running install
[4.084s] running install_lib
[4.089s] copying /home/user/ros2_ws/build/py_pkg/build/lib/py_pkg/lidar_node.py -> /home/user/ros2_ws/install/py_pkg/lib/python3.10/site-packages/py_pkg
[4.091s] byte-compiling /home/user/ros2_ws/install/py_pkg/lib/python3.10/site-packages/py_pkg/lidar_node.py to lidar_node.cpython-310.pyc
[4.094s] running install_data
[4.094s] running install_egg_info
[4.102s] removing '/home/user/ros2_ws/install/py_pkg/lib/python3.10/site-packages/py_pkg-0.0.0-py3.10.egg-info' (and everything under it)
[4.103s] Copying ../../build/py_pkg/py_pkg.egg-info to /home/user/ros2_ws/install/py_pkg/lib/python3.10/site-packages/py_pkg-0.0.0-py3.10.egg-info
[4.108s] running install_scripts
[4.193s] Installing lidar_node script to /home/user/ros2_ws/install/py_pkg/lib/py_pkg
[4.194s] Installing node_template script to /home/user/ros2_ws/install/py_pkg/lib/py_pkg
[4.196s] writing list of installed files to '/home/user/ros2_ws/build/py_pkg/install.log'
[4.326s] Invoked command in '/home/user/ros2_ws/src/py_pkg' returned '0': PYTHONPATH=/home/user/ros2_ws/build/py_pkg/prefix_override:/usr/lib/python3/dist-packages/colcon_core/task/python/colcon_distutils_commands:/home/user/ros2_ws/install/py_pkg/lib/python3.10/site-packages:${PYTHONPATH} /usr/bin/python3 -W ignore:setup.py install is deprecated -W ignore:easy_install command is deprecated setup.py egg_info --egg-base ../../build/py_pkg build --build-base /home/user/ros2_ws/build/py_pkg/build install --record /home/user/ros2_ws/build/py_pkg/install.log --single-version-externally-managed install_data
