[3.273s] Invoking command in '/home/user/ros2_ws/src/py_pkg': PYTHONPATH=/home/user/ros2_ws/build/py_pkg/prefix_override:/usr/lib/python3/dist-packages/colcon_core/task/python/colcon_distutils_commands:/home/user/ros2_ws/install/py_pkg/lib/python3.10/site-packages:${PYTHONPATH} /usr/bin/python3 -W ignore:setup.py install is deprecated setup.py egg_info --egg-base ../../build/py_pkg build --build-base /home/user/ros2_ws/build/py_pkg/build install --record /home/user/ros2_ws/build/py_pkg/install.log --single-version-externally-managed install_data
[4.466s] running egg_info
[4.468s] creating ../../build/py_pkg/py_pkg.egg-info
[4.469s] writing ../../build/py_pkg/py_pkg.egg-info/PKG-INFO
[4.470s] writing dependency_links to ../../build/py_pkg/py_pkg.egg-info/dependency_links.txt
[4.471s] writing entry points to ../../build/py_pkg/py_pkg.egg-info/entry_points.txt
[4.471s] writing requirements to ../../build/py_pkg/py_pkg.egg-info/requires.txt
[4.472s] writing top-level names to ../../build/py_pkg/py_pkg.egg-info/top_level.txt
[4.473s] writing manifest file '../../build/py_pkg/py_pkg.egg-info/SOURCES.txt'
[4.480s] reading manifest file '../../build/py_pkg/py_pkg.egg-info/SOURCES.txt'
[4.483s] writing manifest file '../../build/py_pkg/py_pkg.egg-info/SOURCES.txt'
[4.484s] running build
[4.485s] running build_py
[4.486s] creating /home/user/ros2_ws/build/py_pkg/build
[4.486s] creating /home/user/ros2_ws/build/py_pkg/build/lib
[4.487s] creating /home/user/ros2_ws/build/py_pkg/build/lib/py_pkg
[4.487s] copying py_pkg/node_template.py -> /home/user/ros2_ws/build/py_pkg/build/lib/py_pkg
[4.488s] copying py_pkg/__init__.py -> /home/user/ros2_ws/build/py_pkg/build/lib/py_pkg
[4.488s] running install
[4.489s] running install_lib
[4.491s] creating /home/user/ros2_ws/install/py_pkg/lib/python3.10/site-packages/py_pkg
[4.492s] copying /home/user/ros2_ws/build/py_pkg/build/lib/py_pkg/node_template.py -> /home/user/ros2_ws/install/py_pkg/lib/python3.10/site-packages/py_pkg
[4.492s] copying /home/user/ros2_ws/build/py_pkg/build/lib/py_pkg/__init__.py -> /home/user/ros2_ws/install/py_pkg/lib/python3.10/site-packages/py_pkg
[4.495s] byte-compiling /home/user/ros2_ws/install/py_pkg/lib/python3.10/site-packages/py_pkg/node_template.py to node_template.cpython-310.pyc
[4.497s] byte-compiling /home/user/ros2_ws/install/py_pkg/lib/python3.10/site-packages/py_pkg/__init__.py to __init__.cpython-310.pyc
[4.498s] running install_data
[4.499s] creating /home/user/ros2_ws/install/py_pkg/share/ament_index
[4.499s] creating /home/user/ros2_ws/install/py_pkg/share/ament_index/resource_index
[4.500s] creating /home/user/ros2_ws/install/py_pkg/share/ament_index/resource_index/packages
[4.500s] copying resource/py_pkg -> /home/user/ros2_ws/install/py_pkg/share/ament_index/resource_index/packages
[4.501s] copying package.xml -> /home/user/ros2_ws/install/py_pkg/share/py_pkg
[4.501s] running install_egg_info
[4.508s] Copying ../../build/py_pkg/py_pkg.egg-info to /home/user/ros2_ws/install/py_pkg/lib/python3.10/site-packages/py_pkg-0.0.0-py3.10.egg-info
[4.513s] running install_scripts
[4.604s] writing list of installed files to '/home/user/ros2_ws/build/py_pkg/install.log'
[4.732s] Invoked command in '/home/user/ros2_ws/src/py_pkg' returned '0': PYTHONPATH=/home/user/ros2_ws/build/py_pkg/prefix_override:/usr/lib/python3/dist-packages/colcon_core/task/python/colcon_distutils_commands:/home/user/ros2_ws/install/py_pkg/lib/python3.10/site-packages:${PYTHONPATH} /usr/bin/python3 -W ignore:setup.py install is deprecated setup.py egg_info --egg-base ../../build/py_pkg build --build-base /home/user/ros2_ws/build/py_pkg/build install --record /home/user/ros2_ws/build/py_pkg/install.log --single-version-externally-managed install_data
