[4.335s] Invoking command in '/home/user/ros2_ws/src/py_pkg': PYTHONPATH=/home/user/ros2_ws/build/py_pkg/prefix_override:/usr/lib/python3/dist-packages/colcon_core/task/python/colcon_distutils_commands:/home/user/ros2_ws/install/py_pkg/lib/python3.10/site-packages:${PYTHONPATH} /usr/bin/python3 -W ignore:setup.py install is deprecated -W ignore:easy_install command is deprecated setup.py egg_info --egg-base ../../build/py_pkg build --build-base /home/user/ros2_ws/build/py_pkg/build install --record /home/user/ros2_ws/build/py_pkg/install.log --single-version-externally-managed install_data
[5.513s] running egg_info
[5.516s] writing ../../build/py_pkg/py_pkg.egg-info/PKG-INFO
[5.517s] writing dependency_links to ../../build/py_pkg/py_pkg.egg-info/dependency_links.txt
[5.519s] writing entry points to ../../build/py_pkg/py_pkg.egg-info/entry_points.txt
[5.520s] writing requirements to ../../build/py_pkg/py_pkg.egg-info/requires.txt
[5.521s] writing top-level names to ../../build/py_pkg/py_pkg.egg-info/top_level.txt
[5.529s] reading manifest file '../../build/py_pkg/py_pkg.egg-info/SOURCES.txt'
[5.533s] writing manifest file '../../build/py_pkg/py_pkg.egg-info/SOURCES.txt'
[5.534s] running build
[5.534s] running build_py
[5.535s] copying py_pkg/lidar_node.py -> /home/user/ros2_ws/build/py_pkg/build/lib/py_pkg
[5.536s] running install
[5.538s] running install_lib
[5.541s] copying /home/user/ros2_ws/build/py_pkg/build/lib/py_pkg/lidar_node.py -> /home/user/ros2_ws/install/py_pkg/lib/python3.10/site-packages/py_pkg
[5.545s] byte-compiling /home/user/ros2_ws/install/py_pkg/lib/python3.10/site-packages/py_pkg/lidar_node.py to lidar_node.cpython-310.pyc
[5.547s] running install_data
[5.548s] running install_egg_info
[5.555s] removing '/home/user/ros2_ws/install/py_pkg/lib/python3.10/site-packages/py_pkg-0.0.0-py3.10.egg-info' (and everything under it)
[5.556s] Copying ../../build/py_pkg/py_pkg.egg-info to /home/user/ros2_ws/install/py_pkg/lib/python3.10/site-packages/py_pkg-0.0.0-py3.10.egg-info
[5.561s] running install_scripts
[5.647s] Installing lidar_node script to /home/user/ros2_ws/install/py_pkg/lib/py_pkg
[5.648s] Installing node_template script to /home/user/ros2_ws/install/py_pkg/lib/py_pkg
[5.650s] writing list of installed files to '/home/user/ros2_ws/build/py_pkg/install.log'
[5.783s] Invoked command in '/home/user/ros2_ws/src/py_pkg' returned '0': PYTHONPATH=/home/user/ros2_ws/build/py_pkg/prefix_override:/usr/lib/python3/dist-packages/colcon_core/task/python/colcon_distutils_commands:/home/user/ros2_ws/install/py_pkg/lib/python3.10/site-packages:${PYTHONPATH} /usr/bin/python3 -W ignore:setup.py install is deprecated -W ignore:easy_install command is deprecated setup.py egg_info --egg-base ../../build/py_pkg build --build-base /home/user/ros2_ws/build/py_pkg/build install --record /home/user/ros2_ws/build/py_pkg/install.log --single-version-externally-managed install_data
