[3.093s] Invoking command in '/home/user/ros2_ws/build/py_pkg': PYTHONPATH=/home/user/ros2_ws/build/py_pkg/prefix_override:/usr/lib/python3/dist-packages/colcon_core/task/python/colcon_distutils_commands:/home/user/ros2_ws/install/py_pkg/lib/python3.10/site-packages:${PYTHONPATH} /usr/bin/python3 -W ignore:setup.py install is deprecated -W ignore:easy_install command is deprecated setup.py develop --uninstall --editable --build-directory /home/user/ros2_ws/build/py_pkg/build
[4.317s] running develop
[5.151s] Removing /home/user/ros2_ws/install/py_pkg/lib/python3.10/site-packages/py-pkg.egg-link (link to .)
[5.294s] Invoked command in '/home/user/ros2_ws/build/py_pkg' returned '0': PYTHONPATH=/home/user/ros2_ws/build/py_pkg/prefix_override:/usr/lib/python3/dist-packages/colcon_core/task/python/colcon_distutils_commands:/home/user/ros2_ws/install/py_pkg/lib/python3.10/site-packages:${PYTHONPATH} /usr/bin/python3 -W ignore:setup.py install is deprecated -W ignore:easy_install command is deprecated setup.py develop --uninstall --editable --build-directory /home/user/ros2_ws/build/py_pkg/build
[5.304s] Invoking command in '/home/user/ros2_ws/src/py_pkg': PYTHONPATH=/home/user/ros2_ws/build/py_pkg/prefix_override:/usr/lib/python3/dist-packages/colcon_core/task/python/colcon_distutils_commands:/home/user/ros2_ws/install/py_pkg/lib/python3.10/site-packages:${PYTHONPATH} /usr/bin/python3 -W ignore:setup.py install is deprecated -W ignore:easy_install command is deprecated setup.py egg_info --egg-base ../../build/py_pkg build --build-base /home/user/ros2_ws/build/py_pkg/build install --record /home/user/ros2_ws/build/py_pkg/install.log --single-version-externally-managed install_data --force
[6.438s] running egg_info
[6.441s] writing ../../build/py_pkg/py_pkg.egg-info/PKG-INFO
[6.442s] writing dependency_links to ../../build/py_pkg/py_pkg.egg-info/dependency_links.txt
[6.444s] writing entry points to ../../build/py_pkg/py_pkg.egg-info/entry_points.txt
[6.445s] writing requirements to ../../build/py_pkg/py_pkg.egg-info/requires.txt
[6.446s] writing top-level names to ../../build/py_pkg/py_pkg.egg-info/top_level.txt
[6.456s] reading manifest file '../../build/py_pkg/py_pkg.egg-info/SOURCES.txt'
[6.461s] writing manifest file '../../build/py_pkg/py_pkg.egg-info/SOURCES.txt'
[6.462s] running build
[6.462s] running build_py
[6.466s] copying py_pkg/lidar_node.py -> /home/user/ros2_ws/build/py_pkg/build/lib/py_pkg
[6.467s] running install
[6.470s] running install_lib
[6.473s] creating /home/user/ros2_ws/install/py_pkg/lib/python3.10/site-packages/py_pkg
[6.474s] copying /home/user/ros2_ws/build/py_pkg/build/lib/py_pkg/node_template.py -> /home/user/ros2_ws/install/py_pkg/lib/python3.10/site-packages/py_pkg
[6.476s] copying /home/user/ros2_ws/build/py_pkg/build/lib/py_pkg/__init__.py -> /home/user/ros2_ws/install/py_pkg/lib/python3.10/site-packages/py_pkg
[6.477s] copying /home/user/ros2_ws/build/py_pkg/build/lib/py_pkg/lidar_node.py -> /home/user/ros2_ws/install/py_pkg/lib/python3.10/site-packages/py_pkg
[6.479s] byte-compiling /home/user/ros2_ws/install/py_pkg/lib/python3.10/site-packages/py_pkg/node_template.py to node_template.cpython-310.pyc
[6.482s] byte-compiling /home/user/ros2_ws/install/py_pkg/lib/python3.10/site-packages/py_pkg/__init__.py to __init__.cpython-310.pyc
[6.483s] byte-compiling /home/user/ros2_ws/install/py_pkg/lib/python3.10/site-packages/py_pkg/lidar_node.py to lidar_node.cpython-310.pyc
[6.485s] running install_data
[6.486s] copying resource/py_pkg -> /home/user/ros2_ws/install/py_pkg/share/ament_index/resource_index/packages
[6.487s] copying package.xml -> /home/user/ros2_ws/install/py_pkg/share/py_pkg
[6.488s] running install_egg_info
[6.496s] Copying ../../build/py_pkg/py_pkg.egg-info to /home/user/ros2_ws/install/py_pkg/lib/python3.10/site-packages/py_pkg-0.0.0-py3.10.egg-info
[6.506s] running install_scripts
[6.591s] Installing lidar_node script to /home/user/ros2_ws/install/py_pkg/lib/py_pkg
[6.592s] Installing node_template script to /home/user/ros2_ws/install/py_pkg/lib/py_pkg
[6.594s] writing list of installed files to '/home/user/ros2_ws/build/py_pkg/install.log'
[6.718s] Invoked command in '/home/user/ros2_ws/src/py_pkg' returned '0': PYTHONPATH=/home/user/ros2_ws/build/py_pkg/prefix_override:/usr/lib/python3/dist-packages/colcon_core/task/python/colcon_distutils_commands:/home/user/ros2_ws/install/py_pkg/lib/python3.10/site-packages:${PYTHONPATH} /usr/bin/python3 -W ignore:setup.py install is deprecated -W ignore:easy_install command is deprecated setup.py egg_info --egg-base ../../build/py_pkg build --build-base /home/user/ros2_ws/build/py_pkg/build install --record /home/user/ros2_ws/build/py_pkg/install.log --single-version-externally-managed install_data --force
