[0.495s] DEBUG:colcon:Command line arguments: ['/usr/bin/colcon', 'build', '--packages-select', 'py_pkg']
[0.496s] DEBUG:colcon:Parsed command line arguments: Namespace(log_base=None, log_level=None, verb_name='build', build_base='build', install_base='install', merge_install=False, symlink_install=False, test_result_base=None, continue_on_error=False, executor='parallel', parallel_workers=4, event_handlers=None, ignore_user_meta=False, metas=['./colcon.meta'], base_paths=['.'], packages_ignore=None, packages_ignore_regex=None, paths=None, packages_up_to=None, packages_up_to_regex=None, packages_above=None, packages_above_and_dependencies=None, packages_above_depth=None, packages_select_by_dep=None, packages_skip_by_dep=None, packages_skip_up_to=None, packages_select_build_failed=False, packages_skip_build_finished=False, packages_select_test_failures=False, packages_skip_test_passed=False, packages_select=['py_pkg'], packages_skip=None, packages_select_regex=None, packages_skip_regex=None, packages_start=None, packages_end=None, allow_overriding=[], cmake_args=None, cmake_target=None, cmake_target_skip_unavailable=False, cmake_clean_cache=False, cmake_clean_first=False, cmake_force_configure=False, ament_cmake_args=None, catkin_cmake_args=None, catkin_skip_building_tests=False, mixin_files=None, mixin=None, verb_parser=<colcon_mixin.mixin.mixin_argument.MixinArgumentDecorator object at 0xffff8c126e60>, verb_extension=<colcon_core.verb.build.BuildVerb object at 0xffff8c1269b0>, main=<bound method BuildVerb.main of <colcon_core.verb.build.BuildVerb object at 0xffff8c1269b0>>, mixin_verb=('build',))
[1.641s] Level 1:colcon.colcon_core.package_discovery:discover_packages(colcon_meta) check parameters
[1.641s] Level 1:colcon.colcon_core.package_discovery:discover_packages(recursive) check parameters
[1.642s] Level 1:colcon.colcon_core.package_discovery:discover_packages(ignore) check parameters
[1.642s] Level 1:colcon.colcon_core.package_discovery:discover_packages(path) check parameters
[1.642s] Level 1:colcon.colcon_core.package_discovery:discover_packages(colcon_meta) discover
[1.643s] Level 1:colcon.colcon_core.package_discovery:discover_packages(recursive) discover
[1.644s] INFO:colcon.colcon_core.package_discovery:Crawling recursively for packages in '/home/user/ros2_ws'
[1.645s] Level 1:colcon.colcon_core.package_identification:_identify(.) by extensions ['ignore', 'ignore_ament_install']
[1.646s] Level 1:colcon.colcon_core.package_identification:_identify(.) by extension 'ignore'
[1.647s] Level 1:colcon.colcon_core.package_identification:_identify(.) by extension 'ignore_ament_install'
[1.647s] Level 1:colcon.colcon_core.package_identification:_identify(.) by extensions ['colcon_pkg']
[1.648s] Level 1:colcon.colcon_core.package_identification:_identify(.) by extension 'colcon_pkg'
[1.648s] Level 1:colcon.colcon_core.package_identification:_identify(.) by extensions ['colcon_meta']
[1.649s] Level 1:colcon.colcon_core.package_identification:_identify(.) by extension 'colcon_meta'
[1.649s] Level 1:colcon.colcon_core.package_identification:_identify(.) by extensions ['ros']
[1.649s] Level 1:colcon.colcon_core.package_identification:_identify(.) by extension 'ros'
[1.731s] Level 1:colcon.colcon_core.package_identification:_identify(.) by extensions ['cmake', 'python']
[1.731s] Level 1:colcon.colcon_core.package_identification:_identify(.) by extension 'cmake'
[1.731s] Level 1:colcon.colcon_core.package_identification:_identify(.) by extension 'python'
[1.732s] Level 1:colcon.colcon_core.package_identification:_identify(.) by extensions ['python_setup_py']
[1.732s] Level 1:colcon.colcon_core.package_identification:_identify(.) by extension 'python_setup_py'
[1.732s] Level 1:colcon.colcon_core.package_identification:_identify(build) by extensions ['ignore', 'ignore_ament_install']
[1.733s] Level 1:colcon.colcon_core.package_identification:_identify(build) by extension 'ignore'
[1.733s] Level 1:colcon.colcon_core.package_identification:_identify(build) ignored
[1.734s] Level 1:colcon.colcon_core.package_identification:_identify(install) by extensions ['ignore', 'ignore_ament_install']
[1.734s] Level 1:colcon.colcon_core.package_identification:_identify(install) by extension 'ignore'
[1.734s] Level 1:colcon.colcon_core.package_identification:_identify(install) ignored
[1.736s] Level 1:colcon.colcon_core.package_identification:_identify(log) by extensions ['ignore', 'ignore_ament_install']
[1.736s] Level 1:colcon.colcon_core.package_identification:_identify(log) by extension 'ignore'
[1.736s] Level 1:colcon.colcon_core.package_identification:_identify(log) ignored
[1.737s] Level 1:colcon.colcon_core.package_identification:_identify(sdk_ldrobotsensorteam_stl) by extensions ['ignore', 'ignore_ament_install']
[1.737s] Level 1:colcon.colcon_core.package_identification:_identify(sdk_ldrobotsensorteam_stl) by extension 'ignore'
[1.737s] Level 1:colcon.colcon_core.package_identification:_identify(sdk_ldrobotsensorteam_stl) by extension 'ignore_ament_install'
[1.737s] Level 1:colcon.colcon_core.package_identification:_identify(sdk_ldrobotsensorteam_stl) by extensions ['colcon_pkg']
[1.738s] Level 1:colcon.colcon_core.package_identification:_identify(sdk_ldrobotsensorteam_stl) by extension 'colcon_pkg'
[1.738s] Level 1:colcon.colcon_core.package_identification:_identify(sdk_ldrobotsensorteam_stl) by extensions ['colcon_meta']
[1.738s] Level 1:colcon.colcon_core.package_identification:_identify(sdk_ldrobotsensorteam_stl) by extension 'colcon_meta'
[1.738s] Level 1:colcon.colcon_core.package_identification:_identify(sdk_ldrobotsensorteam_stl) by extensions ['ros']
[1.738s] Level 1:colcon.colcon_core.package_identification:_identify(sdk_ldrobotsensorteam_stl) by extension 'ros'
[1.739s] Level 1:colcon.colcon_core.package_identification:_identify(sdk_ldrobotsensorteam_stl) by extensions ['cmake', 'python']
[1.739s] Level 1:colcon.colcon_core.package_identification:_identify(sdk_ldrobotsensorteam_stl) by extension 'cmake'
[1.739s] Level 1:colcon.colcon_core.package_identification:_identify(sdk_ldrobotsensorteam_stl) by extension 'python'
[1.739s] Level 1:colcon.colcon_core.package_identification:_identify(sdk_ldrobotsensorteam_stl) by extensions ['python_setup_py']
[1.739s] Level 1:colcon.colcon_core.package_identification:_identify(sdk_ldrobotsensorteam_stl) by extension 'python_setup_py'
[1.740s] Level 1:colcon.colcon_core.package_identification:_identify(sdk_ldrobotsensorteam_stl/ldlidar_driver) by extensions ['ignore', 'ignore_ament_install']
[1.740s] Level 1:colcon.colcon_core.package_identification:_identify(sdk_ldrobotsensorteam_stl/ldlidar_driver) by extension 'ignore'
[1.741s] Level 1:colcon.colcon_core.package_identification:_identify(sdk_ldrobotsensorteam_stl/ldlidar_driver) by extension 'ignore_ament_install'
[1.741s] Level 1:colcon.colcon_core.package_identification:_identify(sdk_ldrobotsensorteam_stl/ldlidar_driver) by extensions ['colcon_pkg']
[1.741s] Level 1:colcon.colcon_core.package_identification:_identify(sdk_ldrobotsensorteam_stl/ldlidar_driver) by extension 'colcon_pkg'
[1.741s] Level 1:colcon.colcon_core.package_identification:_identify(sdk_ldrobotsensorteam_stl/ldlidar_driver) by extensions ['colcon_meta']
[1.742s] Level 1:colcon.colcon_core.package_identification:_identify(sdk_ldrobotsensorteam_stl/ldlidar_driver) by extension 'colcon_meta'
[1.742s] Level 1:colcon.colcon_core.package_identification:_identify(sdk_ldrobotsensorteam_stl/ldlidar_driver) by extensions ['ros']
[1.742s] Level 1:colcon.colcon_core.package_identification:_identify(sdk_ldrobotsensorteam_stl/ldlidar_driver) by extension 'ros'
[1.743s] Level 1:colcon.colcon_core.package_identification:_identify(sdk_ldrobotsensorteam_stl/ldlidar_driver) by extensions ['cmake', 'python']
[1.744s] Level 1:colcon.colcon_core.package_identification:_identify(sdk_ldrobotsensorteam_stl/ldlidar_driver) by extension 'cmake'
[1.744s] Level 1:colcon.colcon_core.package_identification:_identify(sdk_ldrobotsensorteam_stl/ldlidar_driver) by extension 'python'
[1.744s] Level 1:colcon.colcon_core.package_identification:_identify(sdk_ldrobotsensorteam_stl/ldlidar_driver) by extensions ['python_setup_py']
[1.745s] Level 1:colcon.colcon_core.package_identification:_identify(sdk_ldrobotsensorteam_stl/ldlidar_driver) by extension 'python_setup_py'
[1.746s] Level 1:colcon.colcon_core.package_identification:_identify(sdk_ldrobotsensorteam_stl/ldlidar_driver/include) by extensions ['ignore', 'ignore_ament_install']
[1.746s] Level 1:colcon.colcon_core.package_identification:_identify(sdk_ldrobotsensorteam_stl/ldlidar_driver/include) by extension 'ignore'
[1.747s] Level 1:colcon.colcon_core.package_identification:_identify(sdk_ldrobotsensorteam_stl/ldlidar_driver/include) by extension 'ignore_ament_install'
[1.747s] Level 1:colcon.colcon_core.package_identification:_identify(sdk_ldrobotsensorteam_stl/ldlidar_driver/include) by extensions ['colcon_pkg']
[1.747s] Level 1:colcon.colcon_core.package_identification:_identify(sdk_ldrobotsensorteam_stl/ldlidar_driver/include) by extension 'colcon_pkg'
[1.748s] Level 1:colcon.colcon_core.package_identification:_identify(sdk_ldrobotsensorteam_stl/ldlidar_driver/include) by extensions ['colcon_meta']
[1.748s] Level 1:colcon.colcon_core.package_identification:_identify(sdk_ldrobotsensorteam_stl/ldlidar_driver/include) by extension 'colcon_meta'
[1.748s] Level 1:colcon.colcon_core.package_identification:_identify(sdk_ldrobotsensorteam_stl/ldlidar_driver/include) by extensions ['ros']
[1.748s] Level 1:colcon.colcon_core.package_identification:_identify(sdk_ldrobotsensorteam_stl/ldlidar_driver/include) by extension 'ros'
[1.749s] Level 1:colcon.colcon_core.package_identification:_identify(sdk_ldrobotsensorteam_stl/ldlidar_driver/include) by extensions ['cmake', 'python']
[1.749s] Level 1:colcon.colcon_core.package_identification:_identify(sdk_ldrobotsensorteam_stl/ldlidar_driver/include) by extension 'cmake'
[1.749s] Level 1:colcon.colcon_core.package_identification:_identify(sdk_ldrobotsensorteam_stl/ldlidar_driver/include) by extension 'python'
[1.749s] Level 1:colcon.colcon_core.package_identification:_identify(sdk_ldrobotsensorteam_stl/ldlidar_driver/include) by extensions ['python_setup_py']
[1.749s] Level 1:colcon.colcon_core.package_identification:_identify(sdk_ldrobotsensorteam_stl/ldlidar_driver/include) by extension 'python_setup_py'
[1.750s] Level 1:colcon.colcon_core.package_identification:_identify(sdk_ldrobotsensorteam_stl/ldlidar_driver/include/core) by extensions ['ignore', 'ignore_ament_install']
[1.750s] Level 1:colcon.colcon_core.package_identification:_identify(sdk_ldrobotsensorteam_stl/ldlidar_driver/include/core) by extension 'ignore'
[1.750s] Level 1:colcon.colcon_core.package_identification:_identify(sdk_ldrobotsensorteam_stl/ldlidar_driver/include/core) by extension 'ignore_ament_install'
[1.751s] Level 1:colcon.colcon_core.package_identification:_identify(sdk_ldrobotsensorteam_stl/ldlidar_driver/include/core) by extensions ['colcon_pkg']
[1.751s] Level 1:colcon.colcon_core.package_identification:_identify(sdk_ldrobotsensorteam_stl/ldlidar_driver/include/core) by extension 'colcon_pkg'
[1.751s] Level 1:colcon.colcon_core.package_identification:_identify(sdk_ldrobotsensorteam_stl/ldlidar_driver/include/core) by extensions ['colcon_meta']
[1.751s] Level 1:colcon.colcon_core.package_identification:_identify(sdk_ldrobotsensorteam_stl/ldlidar_driver/include/core) by extension 'colcon_meta'
[1.751s] Level 1:colcon.colcon_core.package_identification:_identify(sdk_ldrobotsensorteam_stl/ldlidar_driver/include/core) by extensions ['ros']
[1.751s] Level 1:colcon.colcon_core.package_identification:_identify(sdk_ldrobotsensorteam_stl/ldlidar_driver/include/core) by extension 'ros'
[1.752s] Level 1:colcon.colcon_core.package_identification:_identify(sdk_ldrobotsensorteam_stl/ldlidar_driver/include/core) by extensions ['cmake', 'python']
[1.752s] Level 1:colcon.colcon_core.package_identification:_identify(sdk_ldrobotsensorteam_stl/ldlidar_driver/include/core) by extension 'cmake'
[1.752s] Level 1:colcon.colcon_core.package_identification:_identify(sdk_ldrobotsensorteam_stl/ldlidar_driver/include/core) by extension 'python'
[1.752s] Level 1:colcon.colcon_core.package_identification:_identify(sdk_ldrobotsensorteam_stl/ldlidar_driver/include/core) by extensions ['python_setup_py']
[1.752s] Level 1:colcon.colcon_core.package_identification:_identify(sdk_ldrobotsensorteam_stl/ldlidar_driver/include/core) by extension 'python_setup_py'
[1.753s] Level 1:colcon.colcon_core.package_identification:_identify(sdk_ldrobotsensorteam_stl/ldlidar_driver/include/dataprocess) by extensions ['ignore', 'ignore_ament_install']
[1.753s] Level 1:colcon.colcon_core.package_identification:_identify(sdk_ldrobotsensorteam_stl/ldlidar_driver/include/dataprocess) by extension 'ignore'
[1.753s] Level 1:colcon.colcon_core.package_identification:_identify(sdk_ldrobotsensorteam_stl/ldlidar_driver/include/dataprocess) by extension 'ignore_ament_install'
[1.754s] Level 1:colcon.colcon_core.package_identification:_identify(sdk_ldrobotsensorteam_stl/ldlidar_driver/include/dataprocess) by extensions ['colcon_pkg']
[1.754s] Level 1:colcon.colcon_core.package_identification:_identify(sdk_ldrobotsensorteam_stl/ldlidar_driver/include/dataprocess) by extension 'colcon_pkg'
[1.754s] Level 1:colcon.colcon_core.package_identification:_identify(sdk_ldrobotsensorteam_stl/ldlidar_driver/include/dataprocess) by extensions ['colcon_meta']
[1.754s] Level 1:colcon.colcon_core.package_identification:_identify(sdk_ldrobotsensorteam_stl/ldlidar_driver/include/dataprocess) by extension 'colcon_meta'
[1.754s] Level 1:colcon.colcon_core.package_identification:_identify(sdk_ldrobotsensorteam_stl/ldlidar_driver/include/dataprocess) by extensions ['ros']
[1.754s] Level 1:colcon.colcon_core.package_identification:_identify(sdk_ldrobotsensorteam_stl/ldlidar_driver/include/dataprocess) by extension 'ros'
[1.755s] Level 1:colcon.colcon_core.package_identification:_identify(sdk_ldrobotsensorteam_stl/ldlidar_driver/include/dataprocess) by extensions ['cmake', 'python']
[1.755s] Level 1:colcon.colcon_core.package_identification:_identify(sdk_ldrobotsensorteam_stl/ldlidar_driver/include/dataprocess) by extension 'cmake'
[1.755s] Level 1:colcon.colcon_core.package_identification:_identify(sdk_ldrobotsensorteam_stl/ldlidar_driver/include/dataprocess) by extension 'python'
[1.756s] Level 1:colcon.colcon_core.package_identification:_identify(sdk_ldrobotsensorteam_stl/ldlidar_driver/include/dataprocess) by extensions ['python_setup_py']
[1.756s] Level 1:colcon.colcon_core.package_identification:_identify(sdk_ldrobotsensorteam_stl/ldlidar_driver/include/dataprocess) by extension 'python_setup_py'
[1.756s] Level 1:colcon.colcon_core.package_identification:_identify(sdk_ldrobotsensorteam_stl/ldlidar_driver/include/filter) by extensions ['ignore', 'ignore_ament_install']
[1.757s] Level 1:colcon.colcon_core.package_identification:_identify(sdk_ldrobotsensorteam_stl/ldlidar_driver/include/filter) by extension 'ignore'
[1.757s] Level 1:colcon.colcon_core.package_identification:_identify(sdk_ldrobotsensorteam_stl/ldlidar_driver/include/filter) by extension 'ignore_ament_install'
[1.757s] Level 1:colcon.colcon_core.package_identification:_identify(sdk_ldrobotsensorteam_stl/ldlidar_driver/include/filter) by extensions ['colcon_pkg']
[1.757s] Level 1:colcon.colcon_core.package_identification:_identify(sdk_ldrobotsensorteam_stl/ldlidar_driver/include/filter) by extension 'colcon_pkg'
[1.758s] Level 1:colcon.colcon_core.package_identification:_identify(sdk_ldrobotsensorteam_stl/ldlidar_driver/include/filter) by extensions ['colcon_meta']
[1.758s] Level 1:colcon.colcon_core.package_identification:_identify(sdk_ldrobotsensorteam_stl/ldlidar_driver/include/filter) by extension 'colcon_meta'
[1.758s] Level 1:colcon.colcon_core.package_identification:_identify(sdk_ldrobotsensorteam_stl/ldlidar_driver/include/filter) by extensions ['ros']
[1.758s] Level 1:colcon.colcon_core.package_identification:_identify(sdk_ldrobotsensorteam_stl/ldlidar_driver/include/filter) by extension 'ros'
[1.759s] Level 1:colcon.colcon_core.package_identification:_identify(sdk_ldrobotsensorteam_stl/ldlidar_driver/include/filter) by extensions ['cmake', 'python']
[1.759s] Level 1:colcon.colcon_core.package_identification:_identify(sdk_ldrobotsensorteam_stl/ldlidar_driver/include/filter) by extension 'cmake'
[1.759s] Level 1:colcon.colcon_core.package_identification:_identify(sdk_ldrobotsensorteam_stl/ldlidar_driver/include/filter) by extension 'python'
[1.760s] Level 1:colcon.colcon_core.package_identification:_identify(sdk_ldrobotsensorteam_stl/ldlidar_driver/include/filter) by extensions ['python_setup_py']
[1.760s] Level 1:colcon.colcon_core.package_identification:_identify(sdk_ldrobotsensorteam_stl/ldlidar_driver/include/filter) by extension 'python_setup_py'
[1.761s] Level 1:colcon.colcon_core.package_identification:_identify(sdk_ldrobotsensorteam_stl/ldlidar_driver/include/logger) by extensions ['ignore', 'ignore_ament_install']
[1.762s] Level 1:colcon.colcon_core.package_identification:_identify(sdk_ldrobotsensorteam_stl/ldlidar_driver/include/logger) by extension 'ignore'
[1.763s] Level 1:colcon.colcon_core.package_identification:_identify(sdk_ldrobotsensorteam_stl/ldlidar_driver/include/logger) by extension 'ignore_ament_install'
[1.763s] Level 1:colcon.colcon_core.package_identification:_identify(sdk_ldrobotsensorteam_stl/ldlidar_driver/include/logger) by extensions ['colcon_pkg']
[1.763s] Level 1:colcon.colcon_core.package_identification:_identify(sdk_ldrobotsensorteam_stl/ldlidar_driver/include/logger) by extension 'colcon_pkg'
[1.764s] Level 1:colcon.colcon_core.package_identification:_identify(sdk_ldrobotsensorteam_stl/ldlidar_driver/include/logger) by extensions ['colcon_meta']
[1.764s] Level 1:colcon.colcon_core.package_identification:_identify(sdk_ldrobotsensorteam_stl/ldlidar_driver/include/logger) by extension 'colcon_meta'
[1.764s] Level 1:colcon.colcon_core.package_identification:_identify(sdk_ldrobotsensorteam_stl/ldlidar_driver/include/logger) by extensions ['ros']
[1.765s] Level 1:colcon.colcon_core.package_identification:_identify(sdk_ldrobotsensorteam_stl/ldlidar_driver/include/logger) by extension 'ros'
[1.765s] Level 1:colcon.colcon_core.package_identification:_identify(sdk_ldrobotsensorteam_stl/ldlidar_driver/include/logger) by extensions ['cmake', 'python']
[1.765s] Level 1:colcon.colcon_core.package_identification:_identify(sdk_ldrobotsensorteam_stl/ldlidar_driver/include/logger) by extension 'cmake'
[1.765s] Level 1:colcon.colcon_core.package_identification:_identify(sdk_ldrobotsensorteam_stl/ldlidar_driver/include/logger) by extension 'python'
[1.766s] Level 1:colcon.colcon_core.package_identification:_identify(sdk_ldrobotsensorteam_stl/ldlidar_driver/include/logger) by extensions ['python_setup_py']
[1.766s] Level 1:colcon.colcon_core.package_identification:_identify(sdk_ldrobotsensorteam_stl/ldlidar_driver/include/logger) by extension 'python_setup_py'
[1.766s] Level 1:colcon.colcon_core.package_identification:_identify(sdk_ldrobotsensorteam_stl/ldlidar_driver/include/networkcom) by extensions ['ignore', 'ignore_ament_install']
[1.767s] Level 1:colcon.colcon_core.package_identification:_identify(sdk_ldrobotsensorteam_stl/ldlidar_driver/include/networkcom) by extension 'ignore'
[1.767s] Level 1:colcon.colcon_core.package_identification:_identify(sdk_ldrobotsensorteam_stl/ldlidar_driver/include/networkcom) by extension 'ignore_ament_install'
[1.767s] Level 1:colcon.colcon_core.package_identification:_identify(sdk_ldrobotsensorteam_stl/ldlidar_driver/include/networkcom) by extensions ['colcon_pkg']
[1.767s] Level 1:colcon.colcon_core.package_identification:_identify(sdk_ldrobotsensorteam_stl/ldlidar_driver/include/networkcom) by extension 'colcon_pkg'
[1.767s] Level 1:colcon.colcon_core.package_identification:_identify(sdk_ldrobotsensorteam_stl/ldlidar_driver/include/networkcom) by extensions ['colcon_meta']
[1.767s] Level 1:colcon.colcon_core.package_identification:_identify(sdk_ldrobotsensorteam_stl/ldlidar_driver/include/networkcom) by extension 'colcon_meta'
[1.768s] Level 1:colcon.colcon_core.package_identification:_identify(sdk_ldrobotsensorteam_stl/ldlidar_driver/include/networkcom) by extensions ['ros']
[1.768s] Level 1:colcon.colcon_core.package_identification:_identify(sdk_ldrobotsensorteam_stl/ldlidar_driver/include/networkcom) by extension 'ros'
[1.768s] Level 1:colcon.colcon_core.package_identification:_identify(sdk_ldrobotsensorteam_stl/ldlidar_driver/include/networkcom) by extensions ['cmake', 'python']
[1.768s] Level 1:colcon.colcon_core.package_identification:_identify(sdk_ldrobotsensorteam_stl/ldlidar_driver/include/networkcom) by extension 'cmake'
[1.769s] Level 1:colcon.colcon_core.package_identification:_identify(sdk_ldrobotsensorteam_stl/ldlidar_driver/include/networkcom) by extension 'python'
[1.769s] Level 1:colcon.colcon_core.package_identification:_identify(sdk_ldrobotsensorteam_stl/ldlidar_driver/include/networkcom) by extensions ['python_setup_py']
[1.769s] Level 1:colcon.colcon_core.package_identification:_identify(sdk_ldrobotsensorteam_stl/ldlidar_driver/include/networkcom) by extension 'python_setup_py'
[1.769s] Level 1:colcon.colcon_core.package_identification:_identify(sdk_ldrobotsensorteam_stl/ldlidar_driver/include/serialcom) by extensions ['ignore', 'ignore_ament_install']
[1.770s] Level 1:colcon.colcon_core.package_identification:_identify(sdk_ldrobotsensorteam_stl/ldlidar_driver/include/serialcom) by extension 'ignore'
[1.770s] Level 1:colcon.colcon_core.package_identification:_identify(sdk_ldrobotsensorteam_stl/ldlidar_driver/include/serialcom) by extension 'ignore_ament_install'
[1.770s] Level 1:colcon.colcon_core.package_identification:_identify(sdk_ldrobotsensorteam_stl/ldlidar_driver/include/serialcom) by extensions ['colcon_pkg']
[1.770s] Level 1:colcon.colcon_core.package_identification:_identify(sdk_ldrobotsensorteam_stl/ldlidar_driver/include/serialcom) by extension 'colcon_pkg'
[1.770s] Level 1:colcon.colcon_core.package_identification:_identify(sdk_ldrobotsensorteam_stl/ldlidar_driver/include/serialcom) by extensions ['colcon_meta']
[1.770s] Level 1:colcon.colcon_core.package_identification:_identify(sdk_ldrobotsensorteam_stl/ldlidar_driver/include/serialcom) by extension 'colcon_meta'
[1.771s] Level 1:colcon.colcon_core.package_identification:_identify(sdk_ldrobotsensorteam_stl/ldlidar_driver/include/serialcom) by extensions ['ros']
[1.771s] Level 1:colcon.colcon_core.package_identification:_identify(sdk_ldrobotsensorteam_stl/ldlidar_driver/include/serialcom) by extension 'ros'
[1.771s] Level 1:colcon.colcon_core.package_identification:_identify(sdk_ldrobotsensorteam_stl/ldlidar_driver/include/serialcom) by extensions ['cmake', 'python']
[1.772s] Level 1:colcon.colcon_core.package_identification:_identify(sdk_ldrobotsensorteam_stl/ldlidar_driver/include/serialcom) by extension 'cmake'
[1.772s] Level 1:colcon.colcon_core.package_identification:_identify(sdk_ldrobotsensorteam_stl/ldlidar_driver/include/serialcom) by extension 'python'
[1.772s] Level 1:colcon.colcon_core.package_identification:_identify(sdk_ldrobotsensorteam_stl/ldlidar_driver/include/serialcom) by extensions ['python_setup_py']
[1.772s] Level 1:colcon.colcon_core.package_identification:_identify(sdk_ldrobotsensorteam_stl/ldlidar_driver/include/serialcom) by extension 'python_setup_py'
[1.773s] Level 1:colcon.colcon_core.package_identification:_identify(sdk_ldrobotsensorteam_stl/ldlidar_driver/src) by extensions ['ignore', 'ignore_ament_install']
[1.773s] Level 1:colcon.colcon_core.package_identification:_identify(sdk_ldrobotsensorteam_stl/ldlidar_driver/src) by extension 'ignore'
[1.773s] Level 1:colcon.colcon_core.package_identification:_identify(sdk_ldrobotsensorteam_stl/ldlidar_driver/src) by extension 'ignore_ament_install'
[1.774s] Level 1:colcon.colcon_core.package_identification:_identify(sdk_ldrobotsensorteam_stl/ldlidar_driver/src) by extensions ['colcon_pkg']
[1.774s] Level 1:colcon.colcon_core.package_identification:_identify(sdk_ldrobotsensorteam_stl/ldlidar_driver/src) by extension 'colcon_pkg'
[1.774s] Level 1:colcon.colcon_core.package_identification:_identify(sdk_ldrobotsensorteam_stl/ldlidar_driver/src) by extensions ['colcon_meta']
[1.774s] Level 1:colcon.colcon_core.package_identification:_identify(sdk_ldrobotsensorteam_stl/ldlidar_driver/src) by extension 'colcon_meta'
[1.775s] Level 1:colcon.colcon_core.package_identification:_identify(sdk_ldrobotsensorteam_stl/ldlidar_driver/src) by extensions ['ros']
[1.775s] Level 1:colcon.colcon_core.package_identification:_identify(sdk_ldrobotsensorteam_stl/ldlidar_driver/src) by extension 'ros'
[1.776s] Level 1:colcon.colcon_core.package_identification:_identify(sdk_ldrobotsensorteam_stl/ldlidar_driver/src) by extensions ['cmake', 'python']
[1.776s] Level 1:colcon.colcon_core.package_identification:_identify(sdk_ldrobotsensorteam_stl/ldlidar_driver/src) by extension 'cmake'
[1.776s] Level 1:colcon.colcon_core.package_identification:_identify(sdk_ldrobotsensorteam_stl/ldlidar_driver/src) by extension 'python'
[1.777s] Level 1:colcon.colcon_core.package_identification:_identify(sdk_ldrobotsensorteam_stl/ldlidar_driver/src) by extensions ['python_setup_py']
[1.777s] Level 1:colcon.colcon_core.package_identification:_identify(sdk_ldrobotsensorteam_stl/ldlidar_driver/src) by extension 'python_setup_py'
[1.778s] Level 1:colcon.colcon_core.package_identification:_identify(sdk_ldrobotsensorteam_stl/ldlidar_driver/src/core) by extensions ['ignore', 'ignore_ament_install']
[1.779s] Level 1:colcon.colcon_core.package_identification:_identify(sdk_ldrobotsensorteam_stl/ldlidar_driver/src/core) by extension 'ignore'
[1.779s] Level 1:colcon.colcon_core.package_identification:_identify(sdk_ldrobotsensorteam_stl/ldlidar_driver/src/core) by extension 'ignore_ament_install'
[1.780s] Level 1:colcon.colcon_core.package_identification:_identify(sdk_ldrobotsensorteam_stl/ldlidar_driver/src/core) by extensions ['colcon_pkg']
[1.780s] Level 1:colcon.colcon_core.package_identification:_identify(sdk_ldrobotsensorteam_stl/ldlidar_driver/src/core) by extension 'colcon_pkg'
[1.780s] Level 1:colcon.colcon_core.package_identification:_identify(sdk_ldrobotsensorteam_stl/ldlidar_driver/src/core) by extensions ['colcon_meta']
[1.780s] Level 1:colcon.colcon_core.package_identification:_identify(sdk_ldrobotsensorteam_stl/ldlidar_driver/src/core) by extension 'colcon_meta'
[1.781s] Level 1:colcon.colcon_core.package_identification:_identify(sdk_ldrobotsensorteam_stl/ldlidar_driver/src/core) by extensions ['ros']
[1.781s] Level 1:colcon.colcon_core.package_identification:_identify(sdk_ldrobotsensorteam_stl/ldlidar_driver/src/core) by extension 'ros'
[1.781s] Level 1:colcon.colcon_core.package_identification:_identify(sdk_ldrobotsensorteam_stl/ldlidar_driver/src/core) by extensions ['cmake', 'python']
[1.782s] Level 1:colcon.colcon_core.package_identification:_identify(sdk_ldrobotsensorteam_stl/ldlidar_driver/src/core) by extension 'cmake'
[1.782s] Level 1:colcon.colcon_core.package_identification:_identify(sdk_ldrobotsensorteam_stl/ldlidar_driver/src/core) by extension 'python'
[1.782s] Level 1:colcon.colcon_core.package_identification:_identify(sdk_ldrobotsensorteam_stl/ldlidar_driver/src/core) by extensions ['python_setup_py']
[1.782s] Level 1:colcon.colcon_core.package_identification:_identify(sdk_ldrobotsensorteam_stl/ldlidar_driver/src/core) by extension 'python_setup_py'
[1.783s] Level 1:colcon.colcon_core.package_identification:_identify(sdk_ldrobotsensorteam_stl/ldlidar_driver/src/dataprocess) by extensions ['ignore', 'ignore_ament_install']
[1.783s] Level 1:colcon.colcon_core.package_identification:_identify(sdk_ldrobotsensorteam_stl/ldlidar_driver/src/dataprocess) by extension 'ignore'
[1.783s] Level 1:colcon.colcon_core.package_identification:_identify(sdk_ldrobotsensorteam_stl/ldlidar_driver/src/dataprocess) by extension 'ignore_ament_install'
[1.783s] Level 1:colcon.colcon_core.package_identification:_identify(sdk_ldrobotsensorteam_stl/ldlidar_driver/src/dataprocess) by extensions ['colcon_pkg']
[1.784s] Level 1:colcon.colcon_core.package_identification:_identify(sdk_ldrobotsensorteam_stl/ldlidar_driver/src/dataprocess) by extension 'colcon_pkg'
[1.784s] Level 1:colcon.colcon_core.package_identification:_identify(sdk_ldrobotsensorteam_stl/ldlidar_driver/src/dataprocess) by extensions ['colcon_meta']
[1.784s] Level 1:colcon.colcon_core.package_identification:_identify(sdk_ldrobotsensorteam_stl/ldlidar_driver/src/dataprocess) by extension 'colcon_meta'
[1.784s] Level 1:colcon.colcon_core.package_identification:_identify(sdk_ldrobotsensorteam_stl/ldlidar_driver/src/dataprocess) by extensions ['ros']
[1.784s] Level 1:colcon.colcon_core.package_identification:_identify(sdk_ldrobotsensorteam_stl/ldlidar_driver/src/dataprocess) by extension 'ros'
[1.785s] Level 1:colcon.colcon_core.package_identification:_identify(sdk_ldrobotsensorteam_stl/ldlidar_driver/src/dataprocess) by extensions ['cmake', 'python']
[1.785s] Level 1:colcon.colcon_core.package_identification:_identify(sdk_ldrobotsensorteam_stl/ldlidar_driver/src/dataprocess) by extension 'cmake'
[1.785s] Level 1:colcon.colcon_core.package_identification:_identify(sdk_ldrobotsensorteam_stl/ldlidar_driver/src/dataprocess) by extension 'python'
[1.785s] Level 1:colcon.colcon_core.package_identification:_identify(sdk_ldrobotsensorteam_stl/ldlidar_driver/src/dataprocess) by extensions ['python_setup_py']
[1.785s] Level 1:colcon.colcon_core.package_identification:_identify(sdk_ldrobotsensorteam_stl/ldlidar_driver/src/dataprocess) by extension 'python_setup_py'
[1.786s] Level 1:colcon.colcon_core.package_identification:_identify(sdk_ldrobotsensorteam_stl/ldlidar_driver/src/filter) by extensions ['ignore', 'ignore_ament_install']
[1.786s] Level 1:colcon.colcon_core.package_identification:_identify(sdk_ldrobotsensorteam_stl/ldlidar_driver/src/filter) by extension 'ignore'
[1.786s] Level 1:colcon.colcon_core.package_identification:_identify(sdk_ldrobotsensorteam_stl/ldlidar_driver/src/filter) by extension 'ignore_ament_install'
[1.786s] Level 1:colcon.colcon_core.package_identification:_identify(sdk_ldrobotsensorteam_stl/ldlidar_driver/src/filter) by extensions ['colcon_pkg']
[1.786s] Level 1:colcon.colcon_core.package_identification:_identify(sdk_ldrobotsensorteam_stl/ldlidar_driver/src/filter) by extension 'colcon_pkg'
[1.787s] Level 1:colcon.colcon_core.package_identification:_identify(sdk_ldrobotsensorteam_stl/ldlidar_driver/src/filter) by extensions ['colcon_meta']
[1.787s] Level 1:colcon.colcon_core.package_identification:_identify(sdk_ldrobotsensorteam_stl/ldlidar_driver/src/filter) by extension 'colcon_meta'
[1.787s] Level 1:colcon.colcon_core.package_identification:_identify(sdk_ldrobotsensorteam_stl/ldlidar_driver/src/filter) by extensions ['ros']
[1.787s] Level 1:colcon.colcon_core.package_identification:_identify(sdk_ldrobotsensorteam_stl/ldlidar_driver/src/filter) by extension 'ros'
[1.788s] Level 1:colcon.colcon_core.package_identification:_identify(sdk_ldrobotsensorteam_stl/ldlidar_driver/src/filter) by extensions ['cmake', 'python']
[1.788s] Level 1:colcon.colcon_core.package_identification:_identify(sdk_ldrobotsensorteam_stl/ldlidar_driver/src/filter) by extension 'cmake'
[1.788s] Level 1:colcon.colcon_core.package_identification:_identify(sdk_ldrobotsensorteam_stl/ldlidar_driver/src/filter) by extension 'python'
[1.788s] Level 1:colcon.colcon_core.package_identification:_identify(sdk_ldrobotsensorteam_stl/ldlidar_driver/src/filter) by extensions ['python_setup_py']
[1.789s] Level 1:colcon.colcon_core.package_identification:_identify(sdk_ldrobotsensorteam_stl/ldlidar_driver/src/filter) by extension 'python_setup_py'
[1.789s] Level 1:colcon.colcon_core.package_identification:_identify(sdk_ldrobotsensorteam_stl/ldlidar_driver/src/logger) by extensions ['ignore', 'ignore_ament_install']
[1.790s] Level 1:colcon.colcon_core.package_identification:_identify(sdk_ldrobotsensorteam_stl/ldlidar_driver/src/logger) by extension 'ignore'
[1.790s] Level 1:colcon.colcon_core.package_identification:_identify(sdk_ldrobotsensorteam_stl/ldlidar_driver/src/logger) by extension 'ignore_ament_install'
[1.790s] Level 1:colcon.colcon_core.package_identification:_identify(sdk_ldrobotsensorteam_stl/ldlidar_driver/src/logger) by extensions ['colcon_pkg']
[1.790s] Level 1:colcon.colcon_core.package_identification:_identify(sdk_ldrobotsensorteam_stl/ldlidar_driver/src/logger) by extension 'colcon_pkg'
[1.790s] Level 1:colcon.colcon_core.package_identification:_identify(sdk_ldrobotsensorteam_stl/ldlidar_driver/src/logger) by extensions ['colcon_meta']
[1.790s] Level 1:colcon.colcon_core.package_identification:_identify(sdk_ldrobotsensorteam_stl/ldlidar_driver/src/logger) by extension 'colcon_meta'
[1.791s] Level 1:colcon.colcon_core.package_identification:_identify(sdk_ldrobotsensorteam_stl/ldlidar_driver/src/logger) by extensions ['ros']
[1.791s] Level 1:colcon.colcon_core.package_identification:_identify(sdk_ldrobotsensorteam_stl/ldlidar_driver/src/logger) by extension 'ros'
[1.791s] Level 1:colcon.colcon_core.package_identification:_identify(sdk_ldrobotsensorteam_stl/ldlidar_driver/src/logger) by extensions ['cmake', 'python']
[1.792s] Level 1:colcon.colcon_core.package_identification:_identify(sdk_ldrobotsensorteam_stl/ldlidar_driver/src/logger) by extension 'cmake'
[1.792s] Level 1:colcon.colcon_core.package_identification:_identify(sdk_ldrobotsensorteam_stl/ldlidar_driver/src/logger) by extension 'python'
[1.792s] Level 1:colcon.colcon_core.package_identification:_identify(sdk_ldrobotsensorteam_stl/ldlidar_driver/src/logger) by extensions ['python_setup_py']
[1.792s] Level 1:colcon.colcon_core.package_identification:_identify(sdk_ldrobotsensorteam_stl/ldlidar_driver/src/logger) by extension 'python_setup_py'
[1.793s] Level 1:colcon.colcon_core.package_identification:_identify(sdk_ldrobotsensorteam_stl/ldlidar_driver/src/networkcom) by extensions ['ignore', 'ignore_ament_install']
[1.794s] Level 1:colcon.colcon_core.package_identification:_identify(sdk_ldrobotsensorteam_stl/ldlidar_driver/src/networkcom) by extension 'ignore'
[1.794s] Level 1:colcon.colcon_core.package_identification:_identify(sdk_ldrobotsensorteam_stl/ldlidar_driver/src/networkcom) by extension 'ignore_ament_install'
[1.794s] Level 1:colcon.colcon_core.package_identification:_identify(sdk_ldrobotsensorteam_stl/ldlidar_driver/src/networkcom) by extensions ['colcon_pkg']
[1.794s] Level 1:colcon.colcon_core.package_identification:_identify(sdk_ldrobotsensorteam_stl/ldlidar_driver/src/networkcom) by extension 'colcon_pkg'
[1.795s] Level 1:colcon.colcon_core.package_identification:_identify(sdk_ldrobotsensorteam_stl/ldlidar_driver/src/networkcom) by extensions ['colcon_meta']
[1.795s] Level 1:colcon.colcon_core.package_identification:_identify(sdk_ldrobotsensorteam_stl/ldlidar_driver/src/networkcom) by extension 'colcon_meta'
[1.795s] Level 1:colcon.colcon_core.package_identification:_identify(sdk_ldrobotsensorteam_stl/ldlidar_driver/src/networkcom) by extensions ['ros']
[1.795s] Level 1:colcon.colcon_core.package_identification:_identify(sdk_ldrobotsensorteam_stl/ldlidar_driver/src/networkcom) by extension 'ros'
[1.796s] Level 1:colcon.colcon_core.package_identification:_identify(sdk_ldrobotsensorteam_stl/ldlidar_driver/src/networkcom) by extensions ['cmake', 'python']
[1.796s] Level 1:colcon.colcon_core.package_identification:_identify(sdk_ldrobotsensorteam_stl/ldlidar_driver/src/networkcom) by extension 'cmake'
[1.797s] Level 1:colcon.colcon_core.package_identification:_identify(sdk_ldrobotsensorteam_stl/ldlidar_driver/src/networkcom) by extension 'python'
[1.797s] Level 1:colcon.colcon_core.package_identification:_identify(sdk_ldrobotsensorteam_stl/ldlidar_driver/src/networkcom) by extensions ['python_setup_py']
[1.797s] Level 1:colcon.colcon_core.package_identification:_identify(sdk_ldrobotsensorteam_stl/ldlidar_driver/src/networkcom) by extension 'python_setup_py'
[1.797s] Level 1:colcon.colcon_core.package_identification:_identify(sdk_ldrobotsensorteam_stl/ldlidar_driver/src/serialcom) by extensions ['ignore', 'ignore_ament_install']
[1.798s] Level 1:colcon.colcon_core.package_identification:_identify(sdk_ldrobotsensorteam_stl/ldlidar_driver/src/serialcom) by extension 'ignore'
[1.798s] Level 1:colcon.colcon_core.package_identification:_identify(sdk_ldrobotsensorteam_stl/ldlidar_driver/src/serialcom) by extension 'ignore_ament_install'
[1.798s] Level 1:colcon.colcon_core.package_identification:_identify(sdk_ldrobotsensorteam_stl/ldlidar_driver/src/serialcom) by extensions ['colcon_pkg']
[1.798s] Level 1:colcon.colcon_core.package_identification:_identify(sdk_ldrobotsensorteam_stl/ldlidar_driver/src/serialcom) by extension 'colcon_pkg'
[1.799s] Level 1:colcon.colcon_core.package_identification:_identify(sdk_ldrobotsensorteam_stl/ldlidar_driver/src/serialcom) by extensions ['colcon_meta']
[1.799s] Level 1:colcon.colcon_core.package_identification:_identify(sdk_ldrobotsensorteam_stl/ldlidar_driver/src/serialcom) by extension 'colcon_meta'
[1.799s] Level 1:colcon.colcon_core.package_identification:_identify(sdk_ldrobotsensorteam_stl/ldlidar_driver/src/serialcom) by extensions ['ros']
[1.799s] Level 1:colcon.colcon_core.package_identification:_identify(sdk_ldrobotsensorteam_stl/ldlidar_driver/src/serialcom) by extension 'ros'
[1.799s] Level 1:colcon.colcon_core.package_identification:_identify(sdk_ldrobotsensorteam_stl/ldlidar_driver/src/serialcom) by extensions ['cmake', 'python']
[1.800s] Level 1:colcon.colcon_core.package_identification:_identify(sdk_ldrobotsensorteam_stl/ldlidar_driver/src/serialcom) by extension 'cmake'
[1.800s] Level 1:colcon.colcon_core.package_identification:_identify(sdk_ldrobotsensorteam_stl/ldlidar_driver/src/serialcom) by extension 'python'
[1.800s] Level 1:colcon.colcon_core.package_identification:_identify(sdk_ldrobotsensorteam_stl/ldlidar_driver/src/serialcom) by extensions ['python_setup_py']
[1.800s] Level 1:colcon.colcon_core.package_identification:_identify(sdk_ldrobotsensorteam_stl/ldlidar_driver/src/serialcom) by extension 'python_setup_py'
[1.800s] Level 1:colcon.colcon_core.package_identification:_identify(sdk_ldrobotsensorteam_stl/linux_app) by extensions ['ignore', 'ignore_ament_install']
[1.801s] Level 1:colcon.colcon_core.package_identification:_identify(sdk_ldrobotsensorteam_stl/linux_app) by extension 'ignore'
[1.801s] Level 1:colcon.colcon_core.package_identification:_identify(sdk_ldrobotsensorteam_stl/linux_app) by extension 'ignore_ament_install'
[1.801s] Level 1:colcon.colcon_core.package_identification:_identify(sdk_ldrobotsensorteam_stl/linux_app) by extensions ['colcon_pkg']
[1.801s] Level 1:colcon.colcon_core.package_identification:_identify(sdk_ldrobotsensorteam_stl/linux_app) by extension 'colcon_pkg'
[1.801s] Level 1:colcon.colcon_core.package_identification:_identify(sdk_ldrobotsensorteam_stl/linux_app) by extensions ['colcon_meta']
[1.802s] Level 1:colcon.colcon_core.package_identification:_identify(sdk_ldrobotsensorteam_stl/linux_app) by extension 'colcon_meta'
[1.802s] Level 1:colcon.colcon_core.package_identification:_identify(sdk_ldrobotsensorteam_stl/linux_app) by extensions ['ros']
[1.802s] Level 1:colcon.colcon_core.package_identification:_identify(sdk_ldrobotsensorteam_stl/linux_app) by extension 'ros'
[1.802s] Level 1:colcon.colcon_core.package_identification:_identify(sdk_ldrobotsensorteam_stl/linux_app) by extensions ['cmake', 'python']
[1.802s] Level 1:colcon.colcon_core.package_identification:_identify(sdk_ldrobotsensorteam_stl/linux_app) by extension 'cmake'
[1.808s] Level 1:colcon.colcon_core.package_identification:_identify(sdk_ldrobotsensorteam_stl/linux_app) by extension 'python'
[1.809s] DEBUG:colcon.colcon_core.package_identification:Package 'sdk_ldrobotsensorteam_stl/linux_app' with type 'cmake' and name 'ldlidar_stl'
[1.810s] Level 1:colcon.colcon_core.package_identification:_identify(sdk_ldrobotsensorteam_stl/ros2_app) by extensions ['ignore', 'ignore_ament_install']
[1.810s] Level 1:colcon.colcon_core.package_identification:_identify(sdk_ldrobotsensorteam_stl/ros2_app) by extension 'ignore'
[1.810s] Level 1:colcon.colcon_core.package_identification:_identify(sdk_ldrobotsensorteam_stl/ros2_app) by extension 'ignore_ament_install'
[1.811s] Level 1:colcon.colcon_core.package_identification:_identify(sdk_ldrobotsensorteam_stl/ros2_app) by extensions ['colcon_pkg']
[1.811s] Level 1:colcon.colcon_core.package_identification:_identify(sdk_ldrobotsensorteam_stl/ros2_app) by extension 'colcon_pkg'
[1.811s] Level 1:colcon.colcon_core.package_identification:_identify(sdk_ldrobotsensorteam_stl/ros2_app) by extensions ['colcon_meta']
[1.811s] Level 1:colcon.colcon_core.package_identification:_identify(sdk_ldrobotsensorteam_stl/ros2_app) by extension 'colcon_meta'
[1.812s] Level 1:colcon.colcon_core.package_identification:_identify(sdk_ldrobotsensorteam_stl/ros2_app) by extensions ['ros']
[1.812s] Level 1:colcon.colcon_core.package_identification:_identify(sdk_ldrobotsensorteam_stl/ros2_app) by extension 'ros'
[1.813s] Level 1:colcon.colcon_core.package_identification:_identify(sdk_ldrobotsensorteam_stl/ros2_app) by extensions ['cmake', 'python']
[1.813s] Level 1:colcon.colcon_core.package_identification:_identify(sdk_ldrobotsensorteam_stl/ros2_app) by extension 'cmake'
[1.813s] Level 1:colcon.colcon_core.package_identification:_identify(sdk_ldrobotsensorteam_stl/ros2_app) by extension 'python'
[1.813s] Level 1:colcon.colcon_core.package_identification:_identify(sdk_ldrobotsensorteam_stl/ros2_app) by extensions ['python_setup_py']
[1.813s] Level 1:colcon.colcon_core.package_identification:_identify(sdk_ldrobotsensorteam_stl/ros2_app) by extension 'python_setup_py'
[1.814s] Level 1:colcon.colcon_core.package_identification:_identify(sdk_ldrobotsensorteam_stl/ros2_app/build) by extensions ['ignore', 'ignore_ament_install']
[1.814s] Level 1:colcon.colcon_core.package_identification:_identify(sdk_ldrobotsensorteam_stl/ros2_app/build) by extension 'ignore'
[1.814s] Level 1:colcon.colcon_core.package_identification:_identify(sdk_ldrobotsensorteam_stl/ros2_app/build) ignored
[1.815s] Level 1:colcon.colcon_core.package_identification:_identify(sdk_ldrobotsensorteam_stl/ros2_app/install) by extensions ['ignore', 'ignore_ament_install']
[1.815s] Level 1:colcon.colcon_core.package_identification:_identify(sdk_ldrobotsensorteam_stl/ros2_app/install) by extension 'ignore'
[1.816s] Level 1:colcon.colcon_core.package_identification:_identify(sdk_ldrobotsensorteam_stl/ros2_app/install) ignored
[1.816s] Level 1:colcon.colcon_core.package_identification:_identify(sdk_ldrobotsensorteam_stl/ros2_app/log) by extensions ['ignore', 'ignore_ament_install']
[1.816s] Level 1:colcon.colcon_core.package_identification:_identify(sdk_ldrobotsensorteam_stl/ros2_app/log) by extension 'ignore'
[1.817s] Level 1:colcon.colcon_core.package_identification:_identify(sdk_ldrobotsensorteam_stl/ros2_app/log) ignored
[1.817s] Level 1:colcon.colcon_core.package_identification:_identify(sdk_ldrobotsensorteam_stl/ros2_app/src) by extensions ['ignore', 'ignore_ament_install']
[1.817s] Level 1:colcon.colcon_core.package_identification:_identify(sdk_ldrobotsensorteam_stl/ros2_app/src) by extension 'ignore'
[1.817s] Level 1:colcon.colcon_core.package_identification:_identify(sdk_ldrobotsensorteam_stl/ros2_app/src) by extension 'ignore_ament_install'
[1.818s] Level 1:colcon.colcon_core.package_identification:_identify(sdk_ldrobotsensorteam_stl/ros2_app/src) by extensions ['colcon_pkg']
[1.818s] Level 1:colcon.colcon_core.package_identification:_identify(sdk_ldrobotsensorteam_stl/ros2_app/src) by extension 'colcon_pkg'
[1.818s] Level 1:colcon.colcon_core.package_identification:_identify(sdk_ldrobotsensorteam_stl/ros2_app/src) by extensions ['colcon_meta']
[1.818s] Level 1:colcon.colcon_core.package_identification:_identify(sdk_ldrobotsensorteam_stl/ros2_app/src) by extension 'colcon_meta'
[1.818s] Level 1:colcon.colcon_core.package_identification:_identify(sdk_ldrobotsensorteam_stl/ros2_app/src) by extensions ['ros']
[1.818s] Level 1:colcon.colcon_core.package_identification:_identify(sdk_ldrobotsensorteam_stl/ros2_app/src) by extension 'ros'
[1.819s] Level 1:colcon.colcon_core.package_identification:_identify(sdk_ldrobotsensorteam_stl/ros2_app/src) by extensions ['cmake', 'python']
[1.819s] Level 1:colcon.colcon_core.package_identification:_identify(sdk_ldrobotsensorteam_stl/ros2_app/src) by extension 'cmake'
[1.819s] Level 1:colcon.colcon_core.package_identification:_identify(sdk_ldrobotsensorteam_stl/ros2_app/src) by extension 'python'
[1.819s] Level 1:colcon.colcon_core.package_identification:_identify(sdk_ldrobotsensorteam_stl/ros2_app/src) by extensions ['python_setup_py']
[1.819s] Level 1:colcon.colcon_core.package_identification:_identify(sdk_ldrobotsensorteam_stl/ros2_app/src) by extension 'python_setup_py'
[1.820s] Level 1:colcon.colcon_core.package_identification:_identify(sdk_ldrobotsensorteam_stl/ros2_app/src/ldlidar) by extensions ['ignore', 'ignore_ament_install']
[1.820s] Level 1:colcon.colcon_core.package_identification:_identify(sdk_ldrobotsensorteam_stl/ros2_app/src/ldlidar) by extension 'ignore'
[1.820s] Level 1:colcon.colcon_core.package_identification:_identify(sdk_ldrobotsensorteam_stl/ros2_app/src/ldlidar) by extension 'ignore_ament_install'
[1.821s] Level 1:colcon.colcon_core.package_identification:_identify(sdk_ldrobotsensorteam_stl/ros2_app/src/ldlidar) by extensions ['colcon_pkg']
[1.821s] Level 1:colcon.colcon_core.package_identification:_identify(sdk_ldrobotsensorteam_stl/ros2_app/src/ldlidar) by extension 'colcon_pkg'
[1.821s] Level 1:colcon.colcon_core.package_identification:_identify(sdk_ldrobotsensorteam_stl/ros2_app/src/ldlidar) by extensions ['colcon_meta']
[1.821s] Level 1:colcon.colcon_core.package_identification:_identify(sdk_ldrobotsensorteam_stl/ros2_app/src/ldlidar) by extension 'colcon_meta'
[1.821s] Level 1:colcon.colcon_core.package_identification:_identify(sdk_ldrobotsensorteam_stl/ros2_app/src/ldlidar) by extensions ['ros']
[1.821s] Level 1:colcon.colcon_core.package_identification:_identify(sdk_ldrobotsensorteam_stl/ros2_app/src/ldlidar) by extension 'ros'
[1.832s] DEBUG:colcon.colcon_core.package_identification:Package 'sdk_ldrobotsensorteam_stl/ros2_app/src/ldlidar' with type 'ros.ament_cmake' and name 'ldlidar'
[1.833s] Level 1:colcon.colcon_core.package_identification:_identify(sdk_ldrobotsensorteam_stl/ros_app) by extensions ['ignore', 'ignore_ament_install']
[1.833s] Level 1:colcon.colcon_core.package_identification:_identify(sdk_ldrobotsensorteam_stl/ros_app) by extension 'ignore'
[1.833s] Level 1:colcon.colcon_core.package_identification:_identify(sdk_ldrobotsensorteam_stl/ros_app) by extension 'ignore_ament_install'
[1.834s] Level 1:colcon.colcon_core.package_identification:_identify(sdk_ldrobotsensorteam_stl/ros_app) by extensions ['colcon_pkg']
[1.834s] Level 1:colcon.colcon_core.package_identification:_identify(sdk_ldrobotsensorteam_stl/ros_app) by extension 'colcon_pkg'
[1.834s] Level 1:colcon.colcon_core.package_identification:_identify(sdk_ldrobotsensorteam_stl/ros_app) by extensions ['colcon_meta']
[1.834s] Level 1:colcon.colcon_core.package_identification:_identify(sdk_ldrobotsensorteam_stl/ros_app) by extension 'colcon_meta'
[1.834s] Level 1:colcon.colcon_core.package_identification:_identify(sdk_ldrobotsensorteam_stl/ros_app) by extensions ['ros']
[1.834s] Level 1:colcon.colcon_core.package_identification:_identify(sdk_ldrobotsensorteam_stl/ros_app) by extension 'ros'
[1.835s] Level 1:colcon.colcon_core.package_identification:_identify(sdk_ldrobotsensorteam_stl/ros_app) by extensions ['cmake', 'python']
[1.835s] Level 1:colcon.colcon_core.package_identification:_identify(sdk_ldrobotsensorteam_stl/ros_app) by extension 'cmake'
[1.835s] Level 1:colcon.colcon_core.package_identification:_identify(sdk_ldrobotsensorteam_stl/ros_app) by extension 'python'
[1.835s] Level 1:colcon.colcon_core.package_identification:_identify(sdk_ldrobotsensorteam_stl/ros_app) by extensions ['python_setup_py']
[1.835s] Level 1:colcon.colcon_core.package_identification:_identify(sdk_ldrobotsensorteam_stl/ros_app) by extension 'python_setup_py'
[1.836s] Level 1:colcon.colcon_core.package_identification:_identify(sdk_ldrobotsensorteam_stl/ros_app/src) by extensions ['ignore', 'ignore_ament_install']
[1.836s] Level 1:colcon.colcon_core.package_identification:_identify(sdk_ldrobotsensorteam_stl/ros_app/src) by extension 'ignore'
[1.836s] Level 1:colcon.colcon_core.package_identification:_identify(sdk_ldrobotsensorteam_stl/ros_app/src) by extension 'ignore_ament_install'
[1.837s] Level 1:colcon.colcon_core.package_identification:_identify(sdk_ldrobotsensorteam_stl/ros_app/src) by extensions ['colcon_pkg']
[1.837s] Level 1:colcon.colcon_core.package_identification:_identify(sdk_ldrobotsensorteam_stl/ros_app/src) by extension 'colcon_pkg'
[1.837s] Level 1:colcon.colcon_core.package_identification:_identify(sdk_ldrobotsensorteam_stl/ros_app/src) by extensions ['colcon_meta']
[1.837s] Level 1:colcon.colcon_core.package_identification:_identify(sdk_ldrobotsensorteam_stl/ros_app/src) by extension 'colcon_meta'
[1.837s] Level 1:colcon.colcon_core.package_identification:_identify(sdk_ldrobotsensorteam_stl/ros_app/src) by extensions ['ros']
[1.837s] Level 1:colcon.colcon_core.package_identification:_identify(sdk_ldrobotsensorteam_stl/ros_app/src) by extension 'ros'
[1.838s] Level 1:colcon.colcon_core.package_identification:_identify(sdk_ldrobotsensorteam_stl/ros_app/src) by extensions ['cmake', 'python']
[1.838s] Level 1:colcon.colcon_core.package_identification:_identify(sdk_ldrobotsensorteam_stl/ros_app/src) by extension 'cmake'
[1.838s] Level 1:colcon.colcon_core.package_identification:_identify(sdk_ldrobotsensorteam_stl/ros_app/src) by extension 'python'
[1.838s] Level 1:colcon.colcon_core.package_identification:_identify(sdk_ldrobotsensorteam_stl/ros_app/src) by extensions ['python_setup_py']
[1.839s] Level 1:colcon.colcon_core.package_identification:_identify(sdk_ldrobotsensorteam_stl/ros_app/src) by extension 'python_setup_py'
[1.839s] Level 1:colcon.colcon_core.package_identification:_identify(sdk_ldrobotsensorteam_stl/ros_app/src/ldlidar) by extensions ['ignore', 'ignore_ament_install']
[1.840s] Level 1:colcon.colcon_core.package_identification:_identify(sdk_ldrobotsensorteam_stl/ros_app/src/ldlidar) by extension 'ignore'
[1.840s] Level 1:colcon.colcon_core.package_identification:_identify(sdk_ldrobotsensorteam_stl/ros_app/src/ldlidar) by extension 'ignore_ament_install'
[1.840s] Level 1:colcon.colcon_core.package_identification:_identify(sdk_ldrobotsensorteam_stl/ros_app/src/ldlidar) by extensions ['colcon_pkg']
[1.840s] Level 1:colcon.colcon_core.package_identification:_identify(sdk_ldrobotsensorteam_stl/ros_app/src/ldlidar) by extension 'colcon_pkg'
[1.840s] Level 1:colcon.colcon_core.package_identification:_identify(sdk_ldrobotsensorteam_stl/ros_app/src/ldlidar) by extensions ['colcon_meta']
[1.841s] Level 1:colcon.colcon_core.package_identification:_identify(sdk_ldrobotsensorteam_stl/ros_app/src/ldlidar) by extension 'colcon_meta'
[1.841s] Level 1:colcon.colcon_core.package_identification:_identify(sdk_ldrobotsensorteam_stl/ros_app/src/ldlidar) by extensions ['ros']
[1.841s] Level 1:colcon.colcon_core.package_identification:_identify(sdk_ldrobotsensorteam_stl/ros_app/src/ldlidar) by extension 'ros'
[1.845s] DEBUG:colcon.colcon_core.package_identification:Package 'sdk_ldrobotsensorteam_stl/ros_app/src/ldlidar' with type 'ros.catkin' and name 'ldlidar'
[1.846s] Level 1:colcon.colcon_core.package_identification:_identify(src) by extensions ['ignore', 'ignore_ament_install']
[1.846s] Level 1:colcon.colcon_core.package_identification:_identify(src) by extension 'ignore'
[1.846s] Level 1:colcon.colcon_core.package_identification:_identify(src) by extension 'ignore_ament_install'
[1.847s] Level 1:colcon.colcon_core.package_identification:_identify(src) by extensions ['colcon_pkg']
[1.847s] Level 1:colcon.colcon_core.package_identification:_identify(src) by extension 'colcon_pkg'
[1.847s] Level 1:colcon.colcon_core.package_identification:_identify(src) by extensions ['colcon_meta']
[1.847s] Level 1:colcon.colcon_core.package_identification:_identify(src) by extension 'colcon_meta'
[1.847s] Level 1:colcon.colcon_core.package_identification:_identify(src) by extensions ['ros']
[1.847s] Level 1:colcon.colcon_core.package_identification:_identify(src) by extension 'ros'
[1.848s] Level 1:colcon.colcon_core.package_identification:_identify(src) by extensions ['cmake', 'python']
[1.848s] Level 1:colcon.colcon_core.package_identification:_identify(src) by extension 'cmake'
[1.848s] Level 1:colcon.colcon_core.package_identification:_identify(src) by extension 'python'
[1.848s] Level 1:colcon.colcon_core.package_identification:_identify(src) by extensions ['python_setup_py']
[1.848s] Level 1:colcon.colcon_core.package_identification:_identify(src) by extension 'python_setup_py'
[1.849s] Level 1:colcon.colcon_core.package_identification:_identify(src/build) by extensions ['ignore', 'ignore_ament_install']
[1.849s] Level 1:colcon.colcon_core.package_identification:_identify(src/build) by extension 'ignore'
[1.849s] Level 1:colcon.colcon_core.package_identification:_identify(src/build) ignored
[1.850s] Level 1:colcon.colcon_core.package_identification:_identify(src/cpp_pkg) by extensions ['ignore', 'ignore_ament_install']
[1.850s] Level 1:colcon.colcon_core.package_identification:_identify(src/cpp_pkg) by extension 'ignore'
[1.850s] Level 1:colcon.colcon_core.package_identification:_identify(src/cpp_pkg) by extension 'ignore_ament_install'
[1.850s] Level 1:colcon.colcon_core.package_identification:_identify(src/cpp_pkg) by extensions ['colcon_pkg']
[1.850s] Level 1:colcon.colcon_core.package_identification:_identify(src/cpp_pkg) by extension 'colcon_pkg'
[1.851s] Level 1:colcon.colcon_core.package_identification:_identify(src/cpp_pkg) by extensions ['colcon_meta']
[1.851s] Level 1:colcon.colcon_core.package_identification:_identify(src/cpp_pkg) by extension 'colcon_meta'
[1.851s] Level 1:colcon.colcon_core.package_identification:_identify(src/cpp_pkg) by extensions ['ros']
[1.851s] Level 1:colcon.colcon_core.package_identification:_identify(src/cpp_pkg) by extension 'ros'
[1.853s] DEBUG:colcon.colcon_core.package_identification:Package 'src/cpp_pkg' with type 'ros.ament_cmake' and name 'cpp_pkg'
[1.854s] Level 1:colcon.colcon_core.package_identification:_identify(src/install) by extensions ['ignore', 'ignore_ament_install']
[1.854s] Level 1:colcon.colcon_core.package_identification:_identify(src/install) by extension 'ignore'
[1.855s] Level 1:colcon.colcon_core.package_identification:_identify(src/install) ignored
[1.855s] Level 1:colcon.colcon_core.package_identification:_identify(src/ldrobot-lidar-ros2) by extensions ['ignore', 'ignore_ament_install']
[1.856s] Level 1:colcon.colcon_core.package_identification:_identify(src/ldrobot-lidar-ros2) by extension 'ignore'
[1.856s] Level 1:colcon.colcon_core.package_identification:_identify(src/ldrobot-lidar-ros2) by extension 'ignore_ament_install'
[1.856s] Level 1:colcon.colcon_core.package_identification:_identify(src/ldrobot-lidar-ros2) by extensions ['colcon_pkg']
[1.856s] Level 1:colcon.colcon_core.package_identification:_identify(src/ldrobot-lidar-ros2) by extension 'colcon_pkg'
[1.856s] Level 1:colcon.colcon_core.package_identification:_identify(src/ldrobot-lidar-ros2) by extensions ['colcon_meta']
[1.856s] Level 1:colcon.colcon_core.package_identification:_identify(src/ldrobot-lidar-ros2) by extension 'colcon_meta'
[1.857s] Level 1:colcon.colcon_core.package_identification:_identify(src/ldrobot-lidar-ros2) by extensions ['ros']
[1.857s] Level 1:colcon.colcon_core.package_identification:_identify(src/ldrobot-lidar-ros2) by extension 'ros'
[1.857s] Level 1:colcon.colcon_core.package_identification:_identify(src/ldrobot-lidar-ros2) by extensions ['cmake', 'python']
[1.858s] Level 1:colcon.colcon_core.package_identification:_identify(src/ldrobot-lidar-ros2) by extension 'cmake'
[1.858s] Level 1:colcon.colcon_core.package_identification:_identify(src/ldrobot-lidar-ros2) by extension 'python'
[1.858s] Level 1:colcon.colcon_core.package_identification:_identify(src/ldrobot-lidar-ros2) by extensions ['python_setup_py']
[1.858s] Level 1:colcon.colcon_core.package_identification:_identify(src/ldrobot-lidar-ros2) by extension 'python_setup_py'
[1.859s] Level 1:colcon.colcon_core.package_identification:_identify(src/ldrobot-lidar-ros2/3d_model) by extensions ['ignore', 'ignore_ament_install']
[1.860s] Level 1:colcon.colcon_core.package_identification:_identify(src/ldrobot-lidar-ros2/3d_model) by extension 'ignore'
[1.860s] Level 1:colcon.colcon_core.package_identification:_identify(src/ldrobot-lidar-ros2/3d_model) by extension 'ignore_ament_install'
[1.860s] Level 1:colcon.colcon_core.package_identification:_identify(src/ldrobot-lidar-ros2/3d_model) by extensions ['colcon_pkg']
[1.861s] Level 1:colcon.colcon_core.package_identification:_identify(src/ldrobot-lidar-ros2/3d_model) by extension 'colcon_pkg'
[1.861s] Level 1:colcon.colcon_core.package_identification:_identify(src/ldrobot-lidar-ros2/3d_model) by extensions ['colcon_meta']
[1.861s] Level 1:colcon.colcon_core.package_identification:_identify(src/ldrobot-lidar-ros2/3d_model) by extension 'colcon_meta'
[1.861s] Level 1:colcon.colcon_core.package_identification:_identify(src/ldrobot-lidar-ros2/3d_model) by extensions ['ros']
[1.861s] Level 1:colcon.colcon_core.package_identification:_identify(src/ldrobot-lidar-ros2/3d_model) by extension 'ros'
[1.862s] Level 1:colcon.colcon_core.package_identification:_identify(src/ldrobot-lidar-ros2/3d_model) by extensions ['cmake', 'python']
[1.862s] Level 1:colcon.colcon_core.package_identification:_identify(src/ldrobot-lidar-ros2/3d_model) by extension 'cmake'
[1.862s] Level 1:colcon.colcon_core.package_identification:_identify(src/ldrobot-lidar-ros2/3d_model) by extension 'python'
[1.863s] Level 1:colcon.colcon_core.package_identification:_identify(src/ldrobot-lidar-ros2/3d_model) by extensions ['python_setup_py']
[1.863s] Level 1:colcon.colcon_core.package_identification:_identify(src/ldrobot-lidar-ros2/3d_model) by extension 'python_setup_py'
[1.863s] Level 1:colcon.colcon_core.package_identification:_identify(src/ldrobot-lidar-ros2/docs) by extensions ['ignore', 'ignore_ament_install']
[1.864s] Level 1:colcon.colcon_core.package_identification:_identify(src/ldrobot-lidar-ros2/docs) by extension 'ignore'
[1.864s] Level 1:colcon.colcon_core.package_identification:_identify(src/ldrobot-lidar-ros2/docs) by extension 'ignore_ament_install'
[1.864s] Level 1:colcon.colcon_core.package_identification:_identify(src/ldrobot-lidar-ros2/docs) by extensions ['colcon_pkg']
[1.864s] Level 1:colcon.colcon_core.package_identification:_identify(src/ldrobot-lidar-ros2/docs) by extension 'colcon_pkg'
[1.864s] Level 1:colcon.colcon_core.package_identification:_identify(src/ldrobot-lidar-ros2/docs) by extensions ['colcon_meta']
[1.864s] Level 1:colcon.colcon_core.package_identification:_identify(src/ldrobot-lidar-ros2/docs) by extension 'colcon_meta'
[1.865s] Level 1:colcon.colcon_core.package_identification:_identify(src/ldrobot-lidar-ros2/docs) by extensions ['ros']
[1.865s] Level 1:colcon.colcon_core.package_identification:_identify(src/ldrobot-lidar-ros2/docs) by extension 'ros'
[1.865s] Level 1:colcon.colcon_core.package_identification:_identify(src/ldrobot-lidar-ros2/docs) by extensions ['cmake', 'python']
[1.865s] Level 1:colcon.colcon_core.package_identification:_identify(src/ldrobot-lidar-ros2/docs) by extension 'cmake'
[1.865s] Level 1:colcon.colcon_core.package_identification:_identify(src/ldrobot-lidar-ros2/docs) by extension 'python'
[1.865s] Level 1:colcon.colcon_core.package_identification:_identify(src/ldrobot-lidar-ros2/docs) by extensions ['python_setup_py']
[1.865s] Level 1:colcon.colcon_core.package_identification:_identify(src/ldrobot-lidar-ros2/docs) by extension 'python_setup_py'
[1.866s] Level 1:colcon.colcon_core.package_identification:_identify(src/ldrobot-lidar-ros2/images) by extensions ['ignore', 'ignore_ament_install']
[1.866s] Level 1:colcon.colcon_core.package_identification:_identify(src/ldrobot-lidar-ros2/images) by extension 'ignore'
[1.866s] Level 1:colcon.colcon_core.package_identification:_identify(src/ldrobot-lidar-ros2/images) by extension 'ignore_ament_install'
[1.867s] Level 1:colcon.colcon_core.package_identification:_identify(src/ldrobot-lidar-ros2/images) by extensions ['colcon_pkg']
[1.867s] Level 1:colcon.colcon_core.package_identification:_identify(src/ldrobot-lidar-ros2/images) by extension 'colcon_pkg'
[1.867s] Level 1:colcon.colcon_core.package_identification:_identify(src/ldrobot-lidar-ros2/images) by extensions ['colcon_meta']
[1.867s] Level 1:colcon.colcon_core.package_identification:_identify(src/ldrobot-lidar-ros2/images) by extension 'colcon_meta'
[1.867s] Level 1:colcon.colcon_core.package_identification:_identify(src/ldrobot-lidar-ros2/images) by extensions ['ros']
[1.867s] Level 1:colcon.colcon_core.package_identification:_identify(src/ldrobot-lidar-ros2/images) by extension 'ros'
[1.868s] Level 1:colcon.colcon_core.package_identification:_identify(src/ldrobot-lidar-ros2/images) by extensions ['cmake', 'python']
[1.868s] Level 1:colcon.colcon_core.package_identification:_identify(src/ldrobot-lidar-ros2/images) by extension 'cmake'
[1.868s] Level 1:colcon.colcon_core.package_identification:_identify(src/ldrobot-lidar-ros2/images) by extension 'python'
[1.868s] Level 1:colcon.colcon_core.package_identification:_identify(src/ldrobot-lidar-ros2/images) by extensions ['python_setup_py']
[1.868s] Level 1:colcon.colcon_core.package_identification:_identify(src/ldrobot-lidar-ros2/images) by extension 'python_setup_py'
[1.869s] Level 1:colcon.colcon_core.package_identification:_identify(src/ldrobot-lidar-ros2/ldlidar) by extensions ['ignore', 'ignore_ament_install']
[1.869s] Level 1:colcon.colcon_core.package_identification:_identify(src/ldrobot-lidar-ros2/ldlidar) by extension 'ignore'
[1.869s] Level 1:colcon.colcon_core.package_identification:_identify(src/ldrobot-lidar-ros2/ldlidar) by extension 'ignore_ament_install'
[1.869s] Level 1:colcon.colcon_core.package_identification:_identify(src/ldrobot-lidar-ros2/ldlidar) by extensions ['colcon_pkg']
[1.870s] Level 1:colcon.colcon_core.package_identification:_identify(src/ldrobot-lidar-ros2/ldlidar) by extension 'colcon_pkg'
[1.870s] Level 1:colcon.colcon_core.package_identification:_identify(src/ldrobot-lidar-ros2/ldlidar) by extensions ['colcon_meta']
[1.870s] Level 1:colcon.colcon_core.package_identification:_identify(src/ldrobot-lidar-ros2/ldlidar) by extension 'colcon_meta'
[1.870s] Level 1:colcon.colcon_core.package_identification:_identify(src/ldrobot-lidar-ros2/ldlidar) by extensions ['ros']
[1.870s] Level 1:colcon.colcon_core.package_identification:_identify(src/ldrobot-lidar-ros2/ldlidar) by extension 'ros'
[1.873s] DEBUG:colcon.colcon_core.package_identification:Package 'src/ldrobot-lidar-ros2/ldlidar' with type 'ros.ament_cmake' and name 'ldlidar'
[1.874s] Level 1:colcon.colcon_core.package_identification:_identify(src/ldrobot-lidar-ros2/ldlidar_component) by extensions ['ignore', 'ignore_ament_install']
[1.874s] Level 1:colcon.colcon_core.package_identification:_identify(src/ldrobot-lidar-ros2/ldlidar_component) by extension 'ignore'
[1.874s] Level 1:colcon.colcon_core.package_identification:_identify(src/ldrobot-lidar-ros2/ldlidar_component) by extension 'ignore_ament_install'
[1.875s] Level 1:colcon.colcon_core.package_identification:_identify(src/ldrobot-lidar-ros2/ldlidar_component) by extensions ['colcon_pkg']
[1.875s] Level 1:colcon.colcon_core.package_identification:_identify(src/ldrobot-lidar-ros2/ldlidar_component) by extension 'colcon_pkg'
[1.875s] Level 1:colcon.colcon_core.package_identification:_identify(src/ldrobot-lidar-ros2/ldlidar_component) by extensions ['colcon_meta']
[1.876s] Level 1:colcon.colcon_core.package_identification:_identify(src/ldrobot-lidar-ros2/ldlidar_component) by extension 'colcon_meta'
[1.876s] Level 1:colcon.colcon_core.package_identification:_identify(src/ldrobot-lidar-ros2/ldlidar_component) by extensions ['ros']
[1.876s] Level 1:colcon.colcon_core.package_identification:_identify(src/ldrobot-lidar-ros2/ldlidar_component) by extension 'ros'
[1.882s] DEBUG:colcon.colcon_core.package_identification:Package 'src/ldrobot-lidar-ros2/ldlidar_component' with type 'ros.ament_cmake' and name 'ldlidar_component'
[1.883s] Level 1:colcon.colcon_core.package_identification:_identify(src/ldrobot-lidar-ros2/ldlidar_node) by extensions ['ignore', 'ignore_ament_install']
[1.883s] Level 1:colcon.colcon_core.package_identification:_identify(src/ldrobot-lidar-ros2/ldlidar_node) by extension 'ignore'
[1.884s] Level 1:colcon.colcon_core.package_identification:_identify(src/ldrobot-lidar-ros2/ldlidar_node) by extension 'ignore_ament_install'
[1.884s] Level 1:colcon.colcon_core.package_identification:_identify(src/ldrobot-lidar-ros2/ldlidar_node) by extensions ['colcon_pkg']
[1.884s] Level 1:colcon.colcon_core.package_identification:_identify(src/ldrobot-lidar-ros2/ldlidar_node) by extension 'colcon_pkg'
[1.884s] Level 1:colcon.colcon_core.package_identification:_identify(src/ldrobot-lidar-ros2/ldlidar_node) by extensions ['colcon_meta']
[1.885s] Level 1:colcon.colcon_core.package_identification:_identify(src/ldrobot-lidar-ros2/ldlidar_node) by extension 'colcon_meta'
[1.885s] Level 1:colcon.colcon_core.package_identification:_identify(src/ldrobot-lidar-ros2/ldlidar_node) by extensions ['ros']
[1.885s] Level 1:colcon.colcon_core.package_identification:_identify(src/ldrobot-lidar-ros2/ldlidar_node) by extension 'ros'
[1.888s] DEBUG:colcon.colcon_core.package_identification:Package 'src/ldrobot-lidar-ros2/ldlidar_node' with type 'ros.ament_cmake' and name 'ldlidar_node'
[1.889s] Level 1:colcon.colcon_core.package_identification:_identify(src/ldrobot-lidar-ros2/rules) by extensions ['ignore', 'ignore_ament_install']
[1.889s] Level 1:colcon.colcon_core.package_identification:_identify(src/ldrobot-lidar-ros2/rules) by extension 'ignore'
[1.889s] Level 1:colcon.colcon_core.package_identification:_identify(src/ldrobot-lidar-ros2/rules) by extension 'ignore_ament_install'
[1.890s] Level 1:colcon.colcon_core.package_identification:_identify(src/ldrobot-lidar-ros2/rules) by extensions ['colcon_pkg']
[1.890s] Level 1:colcon.colcon_core.package_identification:_identify(src/ldrobot-lidar-ros2/rules) by extension 'colcon_pkg'
[1.890s] Level 1:colcon.colcon_core.package_identification:_identify(src/ldrobot-lidar-ros2/rules) by extensions ['colcon_meta']
[1.890s] Level 1:colcon.colcon_core.package_identification:_identify(src/ldrobot-lidar-ros2/rules) by extension 'colcon_meta'
[1.890s] Level 1:colcon.colcon_core.package_identification:_identify(src/ldrobot-lidar-ros2/rules) by extensions ['ros']
[1.890s] Level 1:colcon.colcon_core.package_identification:_identify(src/ldrobot-lidar-ros2/rules) by extension 'ros'
[1.891s] Level 1:colcon.colcon_core.package_identification:_identify(src/ldrobot-lidar-ros2/rules) by extensions ['cmake', 'python']
[1.891s] Level 1:colcon.colcon_core.package_identification:_identify(src/ldrobot-lidar-ros2/rules) by extension 'cmake'
[1.891s] Level 1:colcon.colcon_core.package_identification:_identify(src/ldrobot-lidar-ros2/rules) by extension 'python'
[1.891s] Level 1:colcon.colcon_core.package_identification:_identify(src/ldrobot-lidar-ros2/rules) by extensions ['python_setup_py']
[1.892s] Level 1:colcon.colcon_core.package_identification:_identify(src/ldrobot-lidar-ros2/rules) by extension 'python_setup_py'
[1.892s] Level 1:colcon.colcon_core.package_identification:_identify(src/ldrobot-lidar-ros2/scripts) by extensions ['ignore', 'ignore_ament_install']
[1.893s] Level 1:colcon.colcon_core.package_identification:_identify(src/ldrobot-lidar-ros2/scripts) by extension 'ignore'
[1.893s] Level 1:colcon.colcon_core.package_identification:_identify(src/ldrobot-lidar-ros2/scripts) by extension 'ignore_ament_install'
[1.894s] Level 1:colcon.colcon_core.package_identification:_identify(src/ldrobot-lidar-ros2/scripts) by extensions ['colcon_pkg']
[1.894s] Level 1:colcon.colcon_core.package_identification:_identify(src/ldrobot-lidar-ros2/scripts) by extension 'colcon_pkg'
[1.894s] Level 1:colcon.colcon_core.package_identification:_identify(src/ldrobot-lidar-ros2/scripts) by extensions ['colcon_meta']
[1.894s] Level 1:colcon.colcon_core.package_identification:_identify(src/ldrobot-lidar-ros2/scripts) by extension 'colcon_meta'
[1.894s] Level 1:colcon.colcon_core.package_identification:_identify(src/ldrobot-lidar-ros2/scripts) by extensions ['ros']
[1.894s] Level 1:colcon.colcon_core.package_identification:_identify(src/ldrobot-lidar-ros2/scripts) by extension 'ros'
[1.895s] Level 1:colcon.colcon_core.package_identification:_identify(src/ldrobot-lidar-ros2/scripts) by extensions ['cmake', 'python']
[1.895s] Level 1:colcon.colcon_core.package_identification:_identify(src/ldrobot-lidar-ros2/scripts) by extension 'cmake'
[1.895s] Level 1:colcon.colcon_core.package_identification:_identify(src/ldrobot-lidar-ros2/scripts) by extension 'python'
[1.895s] Level 1:colcon.colcon_core.package_identification:_identify(src/ldrobot-lidar-ros2/scripts) by extensions ['python_setup_py']
[1.895s] Level 1:colcon.colcon_core.package_identification:_identify(src/ldrobot-lidar-ros2/scripts) by extension 'python_setup_py'
[1.896s] Level 1:colcon.colcon_core.package_identification:_identify(src/log) by extensions ['ignore', 'ignore_ament_install']
[1.896s] Level 1:colcon.colcon_core.package_identification:_identify(src/log) by extension 'ignore'
[1.897s] Level 1:colcon.colcon_core.package_identification:_identify(src/log) ignored
[1.897s] Level 1:colcon.colcon_core.package_identification:_identify(src/py_pkg) by extensions ['ignore', 'ignore_ament_install']
[1.897s] Level 1:colcon.colcon_core.package_identification:_identify(src/py_pkg) by extension 'ignore'
[1.897s] Level 1:colcon.colcon_core.package_identification:_identify(src/py_pkg) by extension 'ignore_ament_install'
[1.898s] Level 1:colcon.colcon_core.package_identification:_identify(src/py_pkg) by extensions ['colcon_pkg']
[1.898s] Level 1:colcon.colcon_core.package_identification:_identify(src/py_pkg) by extension 'colcon_pkg'
[1.898s] Level 1:colcon.colcon_core.package_identification:_identify(src/py_pkg) by extensions ['colcon_meta']
[1.898s] Level 1:colcon.colcon_core.package_identification:_identify(src/py_pkg) by extension 'colcon_meta'
[1.898s] Level 1:colcon.colcon_core.package_identification:_identify(src/py_pkg) by extensions ['ros']
[1.898s] Level 1:colcon.colcon_core.package_identification:_identify(src/py_pkg) by extension 'ros'
[1.901s] DEBUG:colcon.colcon_core.package_identification:Package 'src/py_pkg' with type 'ros.ament_python' and name 'py_pkg'
[1.901s] Level 1:colcon.colcon_core.package_identification:_identify(src/robot_bringup) by extensions ['ignore', 'ignore_ament_install']
[1.902s] Level 1:colcon.colcon_core.package_identification:_identify(src/robot_bringup) by extension 'ignore'
[1.902s] Level 1:colcon.colcon_core.package_identification:_identify(src/robot_bringup) by extension 'ignore_ament_install'
[1.902s] Level 1:colcon.colcon_core.package_identification:_identify(src/robot_bringup) by extensions ['colcon_pkg']
[1.902s] Level 1:colcon.colcon_core.package_identification:_identify(src/robot_bringup) by extension 'colcon_pkg'
[1.903s] Level 1:colcon.colcon_core.package_identification:_identify(src/robot_bringup) by extensions ['colcon_meta']
[1.903s] Level 1:colcon.colcon_core.package_identification:_identify(src/robot_bringup) by extension 'colcon_meta'
[1.903s] Level 1:colcon.colcon_core.package_identification:_identify(src/robot_bringup) by extensions ['ros']
[1.903s] Level 1:colcon.colcon_core.package_identification:_identify(src/robot_bringup) by extension 'ros'
[1.905s] DEBUG:colcon.colcon_core.package_identification:Package 'src/robot_bringup' with type 'ros.ament_cmake' and name 'robot_bringup'
[1.906s] Level 1:colcon.colcon_core.package_discovery:discover_packages(recursive) using defaults
[1.906s] Level 1:colcon.colcon_core.package_discovery:discover_packages(ignore) discover
[1.906s] Level 1:colcon.colcon_core.package_discovery:discover_packages(ignore) using defaults
[1.906s] Level 1:colcon.colcon_core.package_discovery:discover_packages(path) discover
[1.906s] Level 1:colcon.colcon_core.package_discovery:discover_packages(path) using defaults
[2.073s] INFO:colcon.colcon_core.package_selection:Skipping not selected package 'cpp_pkg' in 'src/cpp_pkg'
[2.073s] INFO:colcon.colcon_core.package_selection:Skipping not selected package 'ldlidar' in 'sdk_ldrobotsensorteam_stl/ros_app/src/ldlidar'
[2.073s] INFO:colcon.colcon_core.package_selection:Skipping not selected package 'ldlidar' in 'sdk_ldrobotsensorteam_stl/ros2_app/src/ldlidar'
[2.073s] INFO:colcon.colcon_core.package_selection:Skipping not selected package 'ldlidar_component' in 'src/ldrobot-lidar-ros2/ldlidar_component'
[2.073s] INFO:colcon.colcon_core.package_selection:Skipping not selected package 'ldlidar_stl' in 'sdk_ldrobotsensorteam_stl/linux_app'
[2.074s] INFO:colcon.colcon_core.package_selection:Skipping not selected package 'ldlidar_node' in 'src/ldrobot-lidar-ros2/ldlidar_node'
[2.074s] INFO:colcon.colcon_core.package_selection:Skipping not selected package 'robot_bringup' in 'src/robot_bringup'
[2.074s] INFO:colcon.colcon_core.package_selection:Skipping not selected package 'ldlidar' in 'src/ldrobot-lidar-ros2/ldlidar'
[2.076s] Level 1:colcon.colcon_core.package_discovery:discover_packages(prefix_path) check parameters
[2.076s] Level 1:colcon.colcon_core.package_discovery:discover_packages(prefix_path) discover
[2.088s] DEBUG:colcon.colcon_installed_package_information.package_discovery:Found 1 installed packages in /home/user/ldlidar_ros2_ws/install
[2.090s] DEBUG:colcon.colcon_installed_package_information.package_discovery:Found 1 installed packages in /home/user/ros2_ws/sdk_ldrobotsensorteam_stl/ros2_app/install
[2.094s] DEBUG:colcon.colcon_installed_package_information.package_discovery:Found 6 installed packages in /home/user/ros2_ws/install
[2.106s] DEBUG:colcon.colcon_installed_package_information.package_discovery:Found 338 installed packages in /opt/ros/humble
[2.113s] Level 1:colcon.colcon_core.package_discovery:discover_packages(prefix_path) using defaults
[2.344s] WARNING:colcon.colcon_core.package_selection:Some selected packages are already built in one or more underlay workspaces:
	'py_pkg' is in: /home/user/ros2_ws/install/py_pkg
If a package in a merged underlay workspace is overridden and it installs headers, then all packages in the overlay must sort their include directories by workspace order. Failure to do so may result in build failures or undefined behavior at run time.
If the overridden package is used by another package in any underlay, then the overriding package in the overlay must be API and ABI compatible or undefined behavior at run time may occur.

If you understand the risks and want to override a package anyways, add the following to the command line:
	--allow-overriding py_pkg

This may be promoted to an error in a future release of colcon-override-check.
[2.349s] Level 5:colcon.colcon_core.verb:set package 'py_pkg' build argument 'cmake_args' from command line to 'None'
[2.349s] Level 5:colcon.colcon_core.verb:set package 'py_pkg' build argument 'cmake_target' from command line to 'None'
[2.349s] Level 5:colcon.colcon_core.verb:set package 'py_pkg' build argument 'cmake_target_skip_unavailable' from command line to 'False'
[2.349s] Level 5:colcon.colcon_core.verb:set package 'py_pkg' build argument 'cmake_clean_cache' from command line to 'False'
[2.350s] Level 5:colcon.colcon_core.verb:set package 'py_pkg' build argument 'cmake_clean_first' from command line to 'False'
[2.350s] Level 5:colcon.colcon_core.verb:set package 'py_pkg' build argument 'cmake_force_configure' from command line to 'False'
[2.350s] Level 5:colcon.colcon_core.verb:set package 'py_pkg' build argument 'ament_cmake_args' from command line to 'None'
[2.350s] Level 5:colcon.colcon_core.verb:set package 'py_pkg' build argument 'catkin_cmake_args' from command line to 'None'
[2.350s] Level 5:colcon.colcon_core.verb:set package 'py_pkg' build argument 'catkin_skip_building_tests' from command line to 'False'
[2.350s] DEBUG:colcon.colcon_core.verb:Building package 'py_pkg' with the following arguments: {'ament_cmake_args': None, 'build_base': '/home/user/ros2_ws/build/py_pkg', 'catkin_cmake_args': None, 'catkin_skip_building_tests': False, 'cmake_args': None, 'cmake_clean_cache': False, 'cmake_clean_first': False, 'cmake_force_configure': False, 'cmake_target': None, 'cmake_target_skip_unavailable': False, 'install_base': '/home/user/ros2_ws/install/py_pkg', 'merge_install': False, 'path': '/home/user/ros2_ws/src/py_pkg', 'symlink_install': False, 'test_result_base': None}
[2.351s] INFO:colcon.colcon_core.executor:Executing jobs using 'parallel' executor
[2.354s] DEBUG:colcon.colcon_parallel_executor.executor.parallel:run_until_complete
[2.356s] INFO:colcon.colcon_ros.task.ament_python.build:Building ROS package in '/home/user/ros2_ws/src/py_pkg' with build type 'ament_python'
[2.357s] Level 1:colcon.colcon_core.shell:create_environment_hook('py_pkg', 'ament_prefix_path')
[2.368s] INFO:colcon.colcon_core.plugin_system:Skipping extension 'colcon_core.shell.bat': Not used on non-Windows systems
[2.369s] INFO:colcon.colcon_core.shell:Creating environment hook '/home/user/ros2_ws/install/py_pkg/share/py_pkg/hook/ament_prefix_path.ps1'
[2.372s] INFO:colcon.colcon_core.shell:Creating environment descriptor '/home/user/ros2_ws/install/py_pkg/share/py_pkg/hook/ament_prefix_path.dsv'
[2.375s] INFO:colcon.colcon_core.shell:Creating environment hook '/home/user/ros2_ws/install/py_pkg/share/py_pkg/hook/ament_prefix_path.sh'
[2.380s] INFO:colcon.colcon_core.shell:Skip shell extension 'powershell' for command environment: Not usable outside of PowerShell
[2.380s] DEBUG:colcon.colcon_core.shell:Skip shell extension 'dsv' for command environment
[4.060s] INFO:colcon.colcon_core.task.python.build:Building Python package in '/home/user/ros2_ws/src/py_pkg'
[4.061s] INFO:colcon.colcon_core.shell:Skip shell extension 'powershell' for command environment: Not usable outside of PowerShell
[4.062s] DEBUG:colcon.colcon_core.shell:Skip shell extension 'dsv' for command environment
[5.880s] DEBUG:colcon.colcon_core.event_handler.log_command:Invoking command in '/home/user/ros2_ws/src/py_pkg': PYTHONPATH=/home/user/ros2_ws/build/py_pkg/prefix_override:/usr/lib/python3/dist-packages/colcon_core/task/python/colcon_distutils_commands:/home/user/ros2_ws/install/py_pkg/lib/python3.10/site-packages:${PYTHONPATH} /usr/bin/python3 -W ignore:setup.py install is deprecated -W ignore:easy_install command is deprecated setup.py egg_info --egg-base ../../build/py_pkg build --build-base /home/user/ros2_ws/build/py_pkg/build install --record /home/user/ros2_ws/build/py_pkg/install.log --single-version-externally-managed install_data
[7.392s] DEBUG:colcon.colcon_core.event_handler.log_command:Invoked command in '/home/user/ros2_ws/src/py_pkg' returned '0': PYTHONPATH=/home/user/ros2_ws/build/py_pkg/prefix_override:/usr/lib/python3/dist-packages/colcon_core/task/python/colcon_distutils_commands:/home/user/ros2_ws/install/py_pkg/lib/python3.10/site-packages:${PYTHONPATH} /usr/bin/python3 -W ignore:setup.py install is deprecated -W ignore:easy_install command is deprecated setup.py egg_info --egg-base ../../build/py_pkg build --build-base /home/user/ros2_ws/build/py_pkg/build install --record /home/user/ros2_ws/build/py_pkg/install.log --single-version-externally-managed install_data
[7.403s] Level 1:colcon.colcon_core.environment:checking '/home/user/ros2_ws/install/py_pkg' for CMake module files
[7.406s] Level 1:colcon.colcon_core.environment:checking '/home/user/ros2_ws/install/py_pkg' for CMake config files
[7.410s] Level 1:colcon.colcon_core.environment:checking '/home/user/ros2_ws/install/py_pkg/lib'
[7.412s] Level 1:colcon.colcon_core.environment:checking '/home/user/ros2_ws/install/py_pkg/bin'
[7.413s] Level 1:colcon.colcon_core.environment:checking '/home/user/ros2_ws/install/py_pkg/lib/pkgconfig/py_pkg.pc'
[7.414s] Level 1:colcon.colcon_core.environment:checking '/home/user/ros2_ws/install/py_pkg/lib/python3.10/site-packages'
[7.414s] Level 1:colcon.colcon_core.shell:create_environment_hook('py_pkg', 'pythonpath')
[7.415s] INFO:colcon.colcon_core.shell:Creating environment hook '/home/user/ros2_ws/install/py_pkg/share/py_pkg/hook/pythonpath.ps1'
[7.417s] INFO:colcon.colcon_core.shell:Creating environment descriptor '/home/user/ros2_ws/install/py_pkg/share/py_pkg/hook/pythonpath.dsv'
[7.419s] INFO:colcon.colcon_core.shell:Creating environment hook '/home/user/ros2_ws/install/py_pkg/share/py_pkg/hook/pythonpath.sh'
[7.423s] Level 1:colcon.colcon_core.environment:checking '/home/user/ros2_ws/install/py_pkg/bin'
[7.423s] Level 1:colcon.colcon_core.environment:create_environment_scripts_only(py_pkg)
[7.425s] INFO:colcon.colcon_core.shell:Creating package script '/home/user/ros2_ws/install/py_pkg/share/py_pkg/package.ps1'
[7.429s] INFO:colcon.colcon_core.shell:Creating package descriptor '/home/user/ros2_ws/install/py_pkg/share/py_pkg/package.dsv'
[7.432s] INFO:colcon.colcon_core.shell:Creating package script '/home/user/ros2_ws/install/py_pkg/share/py_pkg/package.sh'
[7.435s] INFO:colcon.colcon_core.shell:Creating package script '/home/user/ros2_ws/install/py_pkg/share/py_pkg/package.bash'
[7.439s] INFO:colcon.colcon_core.shell:Creating package script '/home/user/ros2_ws/install/py_pkg/share/py_pkg/package.zsh'
[7.443s] Level 1:colcon.colcon_core.environment:create_file_with_runtime_dependencies(/home/user/ros2_ws/install/py_pkg/share/colcon-core/packages/py_pkg)
[7.446s] DEBUG:colcon.colcon_parallel_executor.executor.parallel:closing loop
[7.448s] DEBUG:colcon.colcon_parallel_executor.executor.parallel:loop closed
[7.448s] DEBUG:colcon.colcon_parallel_executor.executor.parallel:run_until_complete finished with '0'
[7.448s] DEBUG:colcon.colcon_core.event_reactor:joining thread
[7.474s] INFO:colcon.colcon_core.plugin_system:Skipping extension 'colcon_notification.desktop_notification.terminal_notifier': Not used on non-Darwin systems
[7.474s] INFO:colcon.colcon_core.plugin_system:Skipping extension 'colcon_notification.desktop_notification.win32': Not used on non-Windows systems
[7.475s] INFO:colcon.colcon_notification.desktop_notification:Sending desktop notification using 'notify2'
[7.528s] DEBUG:colcon.colcon_core.event_reactor:joined thread
[7.529s] INFO:colcon.colcon_core.shell:Creating prefix script '/home/user/ros2_ws/install/local_setup.ps1'
[7.533s] INFO:colcon.colcon_core.shell:Creating prefix util module '/home/user/ros2_ws/install/_local_setup_util_ps1.py'
[7.541s] INFO:colcon.colcon_core.shell:Creating prefix chain script '/home/user/ros2_ws/install/setup.ps1'
[7.551s] INFO:colcon.colcon_core.shell:Creating prefix script '/home/user/ros2_ws/install/local_setup.sh'
[7.554s] INFO:colcon.colcon_core.shell:Creating prefix util module '/home/user/ros2_ws/install/_local_setup_util_sh.py'
[7.558s] INFO:colcon.colcon_core.shell:Creating prefix chain script '/home/user/ros2_ws/install/setup.sh'
[7.567s] INFO:colcon.colcon_core.shell:Creating prefix script '/home/user/ros2_ws/install/local_setup.bash'
[7.570s] INFO:colcon.colcon_core.shell:Creating prefix chain script '/home/user/ros2_ws/install/setup.bash'
[7.578s] INFO:colcon.colcon_core.shell:Creating prefix script '/home/user/ros2_ws/install/local_setup.zsh'
[7.581s] INFO:colcon.colcon_core.shell:Creating prefix chain script '/home/user/ros2_ws/install/setup.zsh'
