[0.466s] DEBUG:colcon:Command line arguments: ['/usr/bin/colcon', 'build', '--packages-select', 'cpp_pkg']
[0.467s] DEBUG:colcon:Parsed command line arguments: Namespace(log_base=None, log_level=None, verb_name='build', build_base='build', install_base='install', merge_install=False, symlink_install=False, test_result_base=None, continue_on_error=False, executor='parallel', parallel_workers=4, event_handlers=None, ignore_user_meta=False, metas=['./colcon.meta'], base_paths=['.'], packages_ignore=None, packages_ignore_regex=None, paths=None, packages_up_to=None, packages_up_to_regex=None, packages_above=None, packages_above_and_dependencies=None, packages_above_depth=None, packages_select_by_dep=None, packages_skip_by_dep=None, packages_skip_up_to=None, packages_select_build_failed=False, packages_skip_build_finished=False, packages_select_test_failures=False, packages_skip_test_passed=False, packages_select=['cpp_pkg'], packages_skip=None, packages_select_regex=None, packages_skip_regex=None, packages_start=None, packages_end=None, allow_overriding=[], cmake_args=None, cmake_target=None, cmake_target_skip_unavailable=False, cmake_clean_cache=False, cmake_clean_first=False, cmake_force_configure=False, ament_cmake_args=None, catkin_cmake_args=None, catkin_skip_building_tests=False, mixin_files=None, mixin=None, verb_parser=<colcon_mixin.mixin.mixin_argument.MixinArgumentDecorator object at 0xffffb70a6950>, verb_extension=<colcon_core.verb.build.BuildVerb object at 0xffffb70a64a0>, main=<bound method BuildVerb.main of <colcon_core.verb.build.BuildVerb object at 0xffffb70a64a0>>, mixin_verb=('build',))
[1.279s] Level 1:colcon.colcon_core.package_discovery:discover_packages(colcon_meta) check parameters
[1.279s] Level 1:colcon.colcon_core.package_discovery:discover_packages(recursive) check parameters
[1.279s] Level 1:colcon.colcon_core.package_discovery:discover_packages(ignore) check parameters
[1.280s] Level 1:colcon.colcon_core.package_discovery:discover_packages(path) check parameters
[1.280s] Level 1:colcon.colcon_core.package_discovery:discover_packages(colcon_meta) discover
[1.280s] Level 1:colcon.colcon_core.package_discovery:discover_packages(recursive) discover
[1.280s] INFO:colcon.colcon_core.package_discovery:Crawling recursively for packages in '/home/user/ros2_ws'
[1.281s] Level 1:colcon.colcon_core.package_identification:_identify(.) by extensions ['ignore', 'ignore_ament_install']
[1.281s] Level 1:colcon.colcon_core.package_identification:_identify(.) by extension 'ignore'
[1.281s] Level 1:colcon.colcon_core.package_identification:_identify(.) by extension 'ignore_ament_install'
[1.281s] Level 1:colcon.colcon_core.package_identification:_identify(.) by extensions ['colcon_pkg']
[1.281s] Level 1:colcon.colcon_core.package_identification:_identify(.) by extension 'colcon_pkg'
[1.282s] Level 1:colcon.colcon_core.package_identification:_identify(.) by extensions ['colcon_meta']
[1.282s] Level 1:colcon.colcon_core.package_identification:_identify(.) by extension 'colcon_meta'
[1.282s] Level 1:colcon.colcon_core.package_identification:_identify(.) by extensions ['ros']
[1.282s] Level 1:colcon.colcon_core.package_identification:_identify(.) by extension 'ros'
[1.328s] Level 1:colcon.colcon_core.package_identification:_identify(.) by extensions ['cmake', 'python']
[1.328s] Level 1:colcon.colcon_core.package_identification:_identify(.) by extension 'cmake'
[1.328s] Level 1:colcon.colcon_core.package_identification:_identify(.) by extension 'python'
[1.329s] Level 1:colcon.colcon_core.package_identification:_identify(.) by extensions ['python_setup_py']
[1.329s] Level 1:colcon.colcon_core.package_identification:_identify(.) by extension 'python_setup_py'
[1.329s] Level 1:colcon.colcon_core.package_identification:_identify(build) by extensions ['ignore', 'ignore_ament_install']
[1.330s] Level 1:colcon.colcon_core.package_identification:_identify(build) by extension 'ignore'
[1.330s] Level 1:colcon.colcon_core.package_identification:_identify(build) ignored
[1.330s] Level 1:colcon.colcon_core.package_identification:_identify(install) by extensions ['ignore', 'ignore_ament_install']
[1.331s] Level 1:colcon.colcon_core.package_identification:_identify(install) by extension 'ignore'
[1.331s] Level 1:colcon.colcon_core.package_identification:_identify(install) ignored
[1.332s] Level 1:colcon.colcon_core.package_identification:_identify(log) by extensions ['ignore', 'ignore_ament_install']
[1.332s] Level 1:colcon.colcon_core.package_identification:_identify(log) by extension 'ignore'
[1.333s] Level 1:colcon.colcon_core.package_identification:_identify(log) ignored
[1.333s] Level 1:colcon.colcon_core.package_identification:_identify(sdk_ldrobotsensorteam_stl) by extensions ['ignore', 'ignore_ament_install']
[1.333s] Level 1:colcon.colcon_core.package_identification:_identify(sdk_ldrobotsensorteam_stl) by extension 'ignore'
[1.333s] Level 1:colcon.colcon_core.package_identification:_identify(sdk_ldrobotsensorteam_stl) by extension 'ignore_ament_install'
[1.334s] Level 1:colcon.colcon_core.package_identification:_identify(sdk_ldrobotsensorteam_stl) by extensions ['colcon_pkg']
[1.334s] Level 1:colcon.colcon_core.package_identification:_identify(sdk_ldrobotsensorteam_stl) by extension 'colcon_pkg'
[1.334s] Level 1:colcon.colcon_core.package_identification:_identify(sdk_ldrobotsensorteam_stl) by extensions ['colcon_meta']
[1.334s] Level 1:colcon.colcon_core.package_identification:_identify(sdk_ldrobotsensorteam_stl) by extension 'colcon_meta'
[1.334s] Level 1:colcon.colcon_core.package_identification:_identify(sdk_ldrobotsensorteam_stl) by extensions ['ros']
[1.334s] Level 1:colcon.colcon_core.package_identification:_identify(sdk_ldrobotsensorteam_stl) by extension 'ros'
[1.335s] Level 1:colcon.colcon_core.package_identification:_identify(sdk_ldrobotsensorteam_stl) by extensions ['cmake', 'python']
[1.335s] Level 1:colcon.colcon_core.package_identification:_identify(sdk_ldrobotsensorteam_stl) by extension 'cmake'
[1.335s] Level 1:colcon.colcon_core.package_identification:_identify(sdk_ldrobotsensorteam_stl) by extension 'python'
[1.335s] Level 1:colcon.colcon_core.package_identification:_identify(sdk_ldrobotsensorteam_stl) by extensions ['python_setup_py']
[1.335s] Level 1:colcon.colcon_core.package_identification:_identify(sdk_ldrobotsensorteam_stl) by extension 'python_setup_py'
[1.336s] Level 1:colcon.colcon_core.package_identification:_identify(sdk_ldrobotsensorteam_stl/ldlidar_driver) by extensions ['ignore', 'ignore_ament_install']
[1.336s] Level 1:colcon.colcon_core.package_identification:_identify(sdk_ldrobotsensorteam_stl/ldlidar_driver) by extension 'ignore'
[1.336s] Level 1:colcon.colcon_core.package_identification:_identify(sdk_ldrobotsensorteam_stl/ldlidar_driver) by extension 'ignore_ament_install'
[1.336s] Level 1:colcon.colcon_core.package_identification:_identify(sdk_ldrobotsensorteam_stl/ldlidar_driver) by extensions ['colcon_pkg']
[1.336s] Level 1:colcon.colcon_core.package_identification:_identify(sdk_ldrobotsensorteam_stl/ldlidar_driver) by extension 'colcon_pkg'
[1.337s] Level 1:colcon.colcon_core.package_identification:_identify(sdk_ldrobotsensorteam_stl/ldlidar_driver) by extensions ['colcon_meta']
[1.337s] Level 1:colcon.colcon_core.package_identification:_identify(sdk_ldrobotsensorteam_stl/ldlidar_driver) by extension 'colcon_meta'
[1.337s] Level 1:colcon.colcon_core.package_identification:_identify(sdk_ldrobotsensorteam_stl/ldlidar_driver) by extensions ['ros']
[1.337s] Level 1:colcon.colcon_core.package_identification:_identify(sdk_ldrobotsensorteam_stl/ldlidar_driver) by extension 'ros'
[1.337s] Level 1:colcon.colcon_core.package_identification:_identify(sdk_ldrobotsensorteam_stl/ldlidar_driver) by extensions ['cmake', 'python']
[1.338s] Level 1:colcon.colcon_core.package_identification:_identify(sdk_ldrobotsensorteam_stl/ldlidar_driver) by extension 'cmake'
[1.338s] Level 1:colcon.colcon_core.package_identification:_identify(sdk_ldrobotsensorteam_stl/ldlidar_driver) by extension 'python'
[1.338s] Level 1:colcon.colcon_core.package_identification:_identify(sdk_ldrobotsensorteam_stl/ldlidar_driver) by extensions ['python_setup_py']
[1.338s] Level 1:colcon.colcon_core.package_identification:_identify(sdk_ldrobotsensorteam_stl/ldlidar_driver) by extension 'python_setup_py'
[1.338s] Level 1:colcon.colcon_core.package_identification:_identify(sdk_ldrobotsensorteam_stl/ldlidar_driver/include) by extensions ['ignore', 'ignore_ament_install']
[1.339s] Level 1:colcon.colcon_core.package_identification:_identify(sdk_ldrobotsensorteam_stl/ldlidar_driver/include) by extension 'ignore'
[1.339s] Level 1:colcon.colcon_core.package_identification:_identify(sdk_ldrobotsensorteam_stl/ldlidar_driver/include) by extension 'ignore_ament_install'
[1.339s] Level 1:colcon.colcon_core.package_identification:_identify(sdk_ldrobotsensorteam_stl/ldlidar_driver/include) by extensions ['colcon_pkg']
[1.339s] Level 1:colcon.colcon_core.package_identification:_identify(sdk_ldrobotsensorteam_stl/ldlidar_driver/include) by extension 'colcon_pkg'
[1.339s] Level 1:colcon.colcon_core.package_identification:_identify(sdk_ldrobotsensorteam_stl/ldlidar_driver/include) by extensions ['colcon_meta']
[1.340s] Level 1:colcon.colcon_core.package_identification:_identify(sdk_ldrobotsensorteam_stl/ldlidar_driver/include) by extension 'colcon_meta'
[1.340s] Level 1:colcon.colcon_core.package_identification:_identify(sdk_ldrobotsensorteam_stl/ldlidar_driver/include) by extensions ['ros']
[1.340s] Level 1:colcon.colcon_core.package_identification:_identify(sdk_ldrobotsensorteam_stl/ldlidar_driver/include) by extension 'ros'
[1.340s] Level 1:colcon.colcon_core.package_identification:_identify(sdk_ldrobotsensorteam_stl/ldlidar_driver/include) by extensions ['cmake', 'python']
[1.340s] Level 1:colcon.colcon_core.package_identification:_identify(sdk_ldrobotsensorteam_stl/ldlidar_driver/include) by extension 'cmake'
[1.341s] Level 1:colcon.colcon_core.package_identification:_identify(sdk_ldrobotsensorteam_stl/ldlidar_driver/include) by extension 'python'
[1.341s] Level 1:colcon.colcon_core.package_identification:_identify(sdk_ldrobotsensorteam_stl/ldlidar_driver/include) by extensions ['python_setup_py']
[1.341s] Level 1:colcon.colcon_core.package_identification:_identify(sdk_ldrobotsensorteam_stl/ldlidar_driver/include) by extension 'python_setup_py'
[1.341s] Level 1:colcon.colcon_core.package_identification:_identify(sdk_ldrobotsensorteam_stl/ldlidar_driver/include/core) by extensions ['ignore', 'ignore_ament_install']
[1.342s] Level 1:colcon.colcon_core.package_identification:_identify(sdk_ldrobotsensorteam_stl/ldlidar_driver/include/core) by extension 'ignore'
[1.342s] Level 1:colcon.colcon_core.package_identification:_identify(sdk_ldrobotsensorteam_stl/ldlidar_driver/include/core) by extension 'ignore_ament_install'
[1.342s] Level 1:colcon.colcon_core.package_identification:_identify(sdk_ldrobotsensorteam_stl/ldlidar_driver/include/core) by extensions ['colcon_pkg']
[1.342s] Level 1:colcon.colcon_core.package_identification:_identify(sdk_ldrobotsensorteam_stl/ldlidar_driver/include/core) by extension 'colcon_pkg'
[1.342s] Level 1:colcon.colcon_core.package_identification:_identify(sdk_ldrobotsensorteam_stl/ldlidar_driver/include/core) by extensions ['colcon_meta']
[1.342s] Level 1:colcon.colcon_core.package_identification:_identify(sdk_ldrobotsensorteam_stl/ldlidar_driver/include/core) by extension 'colcon_meta'
[1.343s] Level 1:colcon.colcon_core.package_identification:_identify(sdk_ldrobotsensorteam_stl/ldlidar_driver/include/core) by extensions ['ros']
[1.343s] Level 1:colcon.colcon_core.package_identification:_identify(sdk_ldrobotsensorteam_stl/ldlidar_driver/include/core) by extension 'ros'
[1.343s] Level 1:colcon.colcon_core.package_identification:_identify(sdk_ldrobotsensorteam_stl/ldlidar_driver/include/core) by extensions ['cmake', 'python']
[1.343s] Level 1:colcon.colcon_core.package_identification:_identify(sdk_ldrobotsensorteam_stl/ldlidar_driver/include/core) by extension 'cmake'
[1.343s] Level 1:colcon.colcon_core.package_identification:_identify(sdk_ldrobotsensorteam_stl/ldlidar_driver/include/core) by extension 'python'
[1.344s] Level 1:colcon.colcon_core.package_identification:_identify(sdk_ldrobotsensorteam_stl/ldlidar_driver/include/core) by extensions ['python_setup_py']
[1.344s] Level 1:colcon.colcon_core.package_identification:_identify(sdk_ldrobotsensorteam_stl/ldlidar_driver/include/core) by extension 'python_setup_py'
[1.344s] Level 1:colcon.colcon_core.package_identification:_identify(sdk_ldrobotsensorteam_stl/ldlidar_driver/include/dataprocess) by extensions ['ignore', 'ignore_ament_install']
[1.345s] Level 1:colcon.colcon_core.package_identification:_identify(sdk_ldrobotsensorteam_stl/ldlidar_driver/include/dataprocess) by extension 'ignore'
[1.345s] Level 1:colcon.colcon_core.package_identification:_identify(sdk_ldrobotsensorteam_stl/ldlidar_driver/include/dataprocess) by extension 'ignore_ament_install'
[1.345s] Level 1:colcon.colcon_core.package_identification:_identify(sdk_ldrobotsensorteam_stl/ldlidar_driver/include/dataprocess) by extensions ['colcon_pkg']
[1.345s] Level 1:colcon.colcon_core.package_identification:_identify(sdk_ldrobotsensorteam_stl/ldlidar_driver/include/dataprocess) by extension 'colcon_pkg'
[1.345s] Level 1:colcon.colcon_core.package_identification:_identify(sdk_ldrobotsensorteam_stl/ldlidar_driver/include/dataprocess) by extensions ['colcon_meta']
[1.345s] Level 1:colcon.colcon_core.package_identification:_identify(sdk_ldrobotsensorteam_stl/ldlidar_driver/include/dataprocess) by extension 'colcon_meta'
[1.346s] Level 1:colcon.colcon_core.package_identification:_identify(sdk_ldrobotsensorteam_stl/ldlidar_driver/include/dataprocess) by extensions ['ros']
[1.346s] Level 1:colcon.colcon_core.package_identification:_identify(sdk_ldrobotsensorteam_stl/ldlidar_driver/include/dataprocess) by extension 'ros'
[1.346s] Level 1:colcon.colcon_core.package_identification:_identify(sdk_ldrobotsensorteam_stl/ldlidar_driver/include/dataprocess) by extensions ['cmake', 'python']
[1.346s] Level 1:colcon.colcon_core.package_identification:_identify(sdk_ldrobotsensorteam_stl/ldlidar_driver/include/dataprocess) by extension 'cmake'
[1.346s] Level 1:colcon.colcon_core.package_identification:_identify(sdk_ldrobotsensorteam_stl/ldlidar_driver/include/dataprocess) by extension 'python'
[1.347s] Level 1:colcon.colcon_core.package_identification:_identify(sdk_ldrobotsensorteam_stl/ldlidar_driver/include/dataprocess) by extensions ['python_setup_py']
[1.347s] Level 1:colcon.colcon_core.package_identification:_identify(sdk_ldrobotsensorteam_stl/ldlidar_driver/include/dataprocess) by extension 'python_setup_py'
[1.347s] Level 1:colcon.colcon_core.package_identification:_identify(sdk_ldrobotsensorteam_stl/ldlidar_driver/include/filter) by extensions ['ignore', 'ignore_ament_install']
[1.347s] Level 1:colcon.colcon_core.package_identification:_identify(sdk_ldrobotsensorteam_stl/ldlidar_driver/include/filter) by extension 'ignore'
[1.348s] Level 1:colcon.colcon_core.package_identification:_identify(sdk_ldrobotsensorteam_stl/ldlidar_driver/include/filter) by extension 'ignore_ament_install'
[1.348s] Level 1:colcon.colcon_core.package_identification:_identify(sdk_ldrobotsensorteam_stl/ldlidar_driver/include/filter) by extensions ['colcon_pkg']
[1.348s] Level 1:colcon.colcon_core.package_identification:_identify(sdk_ldrobotsensorteam_stl/ldlidar_driver/include/filter) by extension 'colcon_pkg'
[1.348s] Level 1:colcon.colcon_core.package_identification:_identify(sdk_ldrobotsensorteam_stl/ldlidar_driver/include/filter) by extensions ['colcon_meta']
[1.348s] Level 1:colcon.colcon_core.package_identification:_identify(sdk_ldrobotsensorteam_stl/ldlidar_driver/include/filter) by extension 'colcon_meta'
[1.349s] Level 1:colcon.colcon_core.package_identification:_identify(sdk_ldrobotsensorteam_stl/ldlidar_driver/include/filter) by extensions ['ros']
[1.349s] Level 1:colcon.colcon_core.package_identification:_identify(sdk_ldrobotsensorteam_stl/ldlidar_driver/include/filter) by extension 'ros'
[1.349s] Level 1:colcon.colcon_core.package_identification:_identify(sdk_ldrobotsensorteam_stl/ldlidar_driver/include/filter) by extensions ['cmake', 'python']
[1.349s] Level 1:colcon.colcon_core.package_identification:_identify(sdk_ldrobotsensorteam_stl/ldlidar_driver/include/filter) by extension 'cmake'
[1.349s] Level 1:colcon.colcon_core.package_identification:_identify(sdk_ldrobotsensorteam_stl/ldlidar_driver/include/filter) by extension 'python'
[1.349s] Level 1:colcon.colcon_core.package_identification:_identify(sdk_ldrobotsensorteam_stl/ldlidar_driver/include/filter) by extensions ['python_setup_py']
[1.350s] Level 1:colcon.colcon_core.package_identification:_identify(sdk_ldrobotsensorteam_stl/ldlidar_driver/include/filter) by extension 'python_setup_py'
[1.350s] Level 1:colcon.colcon_core.package_identification:_identify(sdk_ldrobotsensorteam_stl/ldlidar_driver/include/logger) by extensions ['ignore', 'ignore_ament_install']
[1.350s] Level 1:colcon.colcon_core.package_identification:_identify(sdk_ldrobotsensorteam_stl/ldlidar_driver/include/logger) by extension 'ignore'
[1.351s] Level 1:colcon.colcon_core.package_identification:_identify(sdk_ldrobotsensorteam_stl/ldlidar_driver/include/logger) by extension 'ignore_ament_install'
[1.351s] Level 1:colcon.colcon_core.package_identification:_identify(sdk_ldrobotsensorteam_stl/ldlidar_driver/include/logger) by extensions ['colcon_pkg']
[1.351s] Level 1:colcon.colcon_core.package_identification:_identify(sdk_ldrobotsensorteam_stl/ldlidar_driver/include/logger) by extension 'colcon_pkg'
[1.351s] Level 1:colcon.colcon_core.package_identification:_identify(sdk_ldrobotsensorteam_stl/ldlidar_driver/include/logger) by extensions ['colcon_meta']
[1.351s] Level 1:colcon.colcon_core.package_identification:_identify(sdk_ldrobotsensorteam_stl/ldlidar_driver/include/logger) by extension 'colcon_meta'
[1.351s] Level 1:colcon.colcon_core.package_identification:_identify(sdk_ldrobotsensorteam_stl/ldlidar_driver/include/logger) by extensions ['ros']
[1.351s] Level 1:colcon.colcon_core.package_identification:_identify(sdk_ldrobotsensorteam_stl/ldlidar_driver/include/logger) by extension 'ros'
[1.352s] Level 1:colcon.colcon_core.package_identification:_identify(sdk_ldrobotsensorteam_stl/ldlidar_driver/include/logger) by extensions ['cmake', 'python']
[1.352s] Level 1:colcon.colcon_core.package_identification:_identify(sdk_ldrobotsensorteam_stl/ldlidar_driver/include/logger) by extension 'cmake'
[1.352s] Level 1:colcon.colcon_core.package_identification:_identify(sdk_ldrobotsensorteam_stl/ldlidar_driver/include/logger) by extension 'python'
[1.352s] Level 1:colcon.colcon_core.package_identification:_identify(sdk_ldrobotsensorteam_stl/ldlidar_driver/include/logger) by extensions ['python_setup_py']
[1.352s] Level 1:colcon.colcon_core.package_identification:_identify(sdk_ldrobotsensorteam_stl/ldlidar_driver/include/logger) by extension 'python_setup_py'
[1.353s] Level 1:colcon.colcon_core.package_identification:_identify(sdk_ldrobotsensorteam_stl/ldlidar_driver/include/networkcom) by extensions ['ignore', 'ignore_ament_install']
[1.353s] Level 1:colcon.colcon_core.package_identification:_identify(sdk_ldrobotsensorteam_stl/ldlidar_driver/include/networkcom) by extension 'ignore'
[1.353s] Level 1:colcon.colcon_core.package_identification:_identify(sdk_ldrobotsensorteam_stl/ldlidar_driver/include/networkcom) by extension 'ignore_ament_install'
[1.354s] Level 1:colcon.colcon_core.package_identification:_identify(sdk_ldrobotsensorteam_stl/ldlidar_driver/include/networkcom) by extensions ['colcon_pkg']
[1.354s] Level 1:colcon.colcon_core.package_identification:_identify(sdk_ldrobotsensorteam_stl/ldlidar_driver/include/networkcom) by extension 'colcon_pkg'
[1.354s] Level 1:colcon.colcon_core.package_identification:_identify(sdk_ldrobotsensorteam_stl/ldlidar_driver/include/networkcom) by extensions ['colcon_meta']
[1.354s] Level 1:colcon.colcon_core.package_identification:_identify(sdk_ldrobotsensorteam_stl/ldlidar_driver/include/networkcom) by extension 'colcon_meta'
[1.354s] Level 1:colcon.colcon_core.package_identification:_identify(sdk_ldrobotsensorteam_stl/ldlidar_driver/include/networkcom) by extensions ['ros']
[1.354s] Level 1:colcon.colcon_core.package_identification:_identify(sdk_ldrobotsensorteam_stl/ldlidar_driver/include/networkcom) by extension 'ros'
[1.355s] Level 1:colcon.colcon_core.package_identification:_identify(sdk_ldrobotsensorteam_stl/ldlidar_driver/include/networkcom) by extensions ['cmake', 'python']
[1.355s] Level 1:colcon.colcon_core.package_identification:_identify(sdk_ldrobotsensorteam_stl/ldlidar_driver/include/networkcom) by extension 'cmake'
[1.355s] Level 1:colcon.colcon_core.package_identification:_identify(sdk_ldrobotsensorteam_stl/ldlidar_driver/include/networkcom) by extension 'python'
[1.355s] Level 1:colcon.colcon_core.package_identification:_identify(sdk_ldrobotsensorteam_stl/ldlidar_driver/include/networkcom) by extensions ['python_setup_py']
[1.355s] Level 1:colcon.colcon_core.package_identification:_identify(sdk_ldrobotsensorteam_stl/ldlidar_driver/include/networkcom) by extension 'python_setup_py'
[1.356s] Level 1:colcon.colcon_core.package_identification:_identify(sdk_ldrobotsensorteam_stl/ldlidar_driver/include/serialcom) by extensions ['ignore', 'ignore_ament_install']
[1.356s] Level 1:colcon.colcon_core.package_identification:_identify(sdk_ldrobotsensorteam_stl/ldlidar_driver/include/serialcom) by extension 'ignore'
[1.356s] Level 1:colcon.colcon_core.package_identification:_identify(sdk_ldrobotsensorteam_stl/ldlidar_driver/include/serialcom) by extension 'ignore_ament_install'
[1.357s] Level 1:colcon.colcon_core.package_identification:_identify(sdk_ldrobotsensorteam_stl/ldlidar_driver/include/serialcom) by extensions ['colcon_pkg']
[1.357s] Level 1:colcon.colcon_core.package_identification:_identify(sdk_ldrobotsensorteam_stl/ldlidar_driver/include/serialcom) by extension 'colcon_pkg'
[1.357s] Level 1:colcon.colcon_core.package_identification:_identify(sdk_ldrobotsensorteam_stl/ldlidar_driver/include/serialcom) by extensions ['colcon_meta']
[1.357s] Level 1:colcon.colcon_core.package_identification:_identify(sdk_ldrobotsensorteam_stl/ldlidar_driver/include/serialcom) by extension 'colcon_meta'
[1.357s] Level 1:colcon.colcon_core.package_identification:_identify(sdk_ldrobotsensorteam_stl/ldlidar_driver/include/serialcom) by extensions ['ros']
[1.357s] Level 1:colcon.colcon_core.package_identification:_identify(sdk_ldrobotsensorteam_stl/ldlidar_driver/include/serialcom) by extension 'ros'
[1.358s] Level 1:colcon.colcon_core.package_identification:_identify(sdk_ldrobotsensorteam_stl/ldlidar_driver/include/serialcom) by extensions ['cmake', 'python']
[1.358s] Level 1:colcon.colcon_core.package_identification:_identify(sdk_ldrobotsensorteam_stl/ldlidar_driver/include/serialcom) by extension 'cmake'
[1.358s] Level 1:colcon.colcon_core.package_identification:_identify(sdk_ldrobotsensorteam_stl/ldlidar_driver/include/serialcom) by extension 'python'
[1.358s] Level 1:colcon.colcon_core.package_identification:_identify(sdk_ldrobotsensorteam_stl/ldlidar_driver/include/serialcom) by extensions ['python_setup_py']
[1.358s] Level 1:colcon.colcon_core.package_identification:_identify(sdk_ldrobotsensorteam_stl/ldlidar_driver/include/serialcom) by extension 'python_setup_py'
[1.359s] Level 1:colcon.colcon_core.package_identification:_identify(sdk_ldrobotsensorteam_stl/ldlidar_driver/src) by extensions ['ignore', 'ignore_ament_install']
[1.359s] Level 1:colcon.colcon_core.package_identification:_identify(sdk_ldrobotsensorteam_stl/ldlidar_driver/src) by extension 'ignore'
[1.359s] Level 1:colcon.colcon_core.package_identification:_identify(sdk_ldrobotsensorteam_stl/ldlidar_driver/src) by extension 'ignore_ament_install'
[1.359s] Level 1:colcon.colcon_core.package_identification:_identify(sdk_ldrobotsensorteam_stl/ldlidar_driver/src) by extensions ['colcon_pkg']
[1.359s] Level 1:colcon.colcon_core.package_identification:_identify(sdk_ldrobotsensorteam_stl/ldlidar_driver/src) by extension 'colcon_pkg'
[1.360s] Level 1:colcon.colcon_core.package_identification:_identify(sdk_ldrobotsensorteam_stl/ldlidar_driver/src) by extensions ['colcon_meta']
[1.360s] Level 1:colcon.colcon_core.package_identification:_identify(sdk_ldrobotsensorteam_stl/ldlidar_driver/src) by extension 'colcon_meta'
[1.360s] Level 1:colcon.colcon_core.package_identification:_identify(sdk_ldrobotsensorteam_stl/ldlidar_driver/src) by extensions ['ros']
[1.360s] Level 1:colcon.colcon_core.package_identification:_identify(sdk_ldrobotsensorteam_stl/ldlidar_driver/src) by extension 'ros'
[1.360s] Level 1:colcon.colcon_core.package_identification:_identify(sdk_ldrobotsensorteam_stl/ldlidar_driver/src) by extensions ['cmake', 'python']
[1.361s] Level 1:colcon.colcon_core.package_identification:_identify(sdk_ldrobotsensorteam_stl/ldlidar_driver/src) by extension 'cmake'
[1.361s] Level 1:colcon.colcon_core.package_identification:_identify(sdk_ldrobotsensorteam_stl/ldlidar_driver/src) by extension 'python'
[1.361s] Level 1:colcon.colcon_core.package_identification:_identify(sdk_ldrobotsensorteam_stl/ldlidar_driver/src) by extensions ['python_setup_py']
[1.361s] Level 1:colcon.colcon_core.package_identification:_identify(sdk_ldrobotsensorteam_stl/ldlidar_driver/src) by extension 'python_setup_py'
[1.362s] Level 1:colcon.colcon_core.package_identification:_identify(sdk_ldrobotsensorteam_stl/ldlidar_driver/src/core) by extensions ['ignore', 'ignore_ament_install']
[1.362s] Level 1:colcon.colcon_core.package_identification:_identify(sdk_ldrobotsensorteam_stl/ldlidar_driver/src/core) by extension 'ignore'
[1.362s] Level 1:colcon.colcon_core.package_identification:_identify(sdk_ldrobotsensorteam_stl/ldlidar_driver/src/core) by extension 'ignore_ament_install'
[1.362s] Level 1:colcon.colcon_core.package_identification:_identify(sdk_ldrobotsensorteam_stl/ldlidar_driver/src/core) by extensions ['colcon_pkg']
[1.362s] Level 1:colcon.colcon_core.package_identification:_identify(sdk_ldrobotsensorteam_stl/ldlidar_driver/src/core) by extension 'colcon_pkg'
[1.362s] Level 1:colcon.colcon_core.package_identification:_identify(sdk_ldrobotsensorteam_stl/ldlidar_driver/src/core) by extensions ['colcon_meta']
[1.363s] Level 1:colcon.colcon_core.package_identification:_identify(sdk_ldrobotsensorteam_stl/ldlidar_driver/src/core) by extension 'colcon_meta'
[1.363s] Level 1:colcon.colcon_core.package_identification:_identify(sdk_ldrobotsensorteam_stl/ldlidar_driver/src/core) by extensions ['ros']
[1.363s] Level 1:colcon.colcon_core.package_identification:_identify(sdk_ldrobotsensorteam_stl/ldlidar_driver/src/core) by extension 'ros'
[1.363s] Level 1:colcon.colcon_core.package_identification:_identify(sdk_ldrobotsensorteam_stl/ldlidar_driver/src/core) by extensions ['cmake', 'python']
[1.363s] Level 1:colcon.colcon_core.package_identification:_identify(sdk_ldrobotsensorteam_stl/ldlidar_driver/src/core) by extension 'cmake'
[1.364s] Level 1:colcon.colcon_core.package_identification:_identify(sdk_ldrobotsensorteam_stl/ldlidar_driver/src/core) by extension 'python'
[1.364s] Level 1:colcon.colcon_core.package_identification:_identify(sdk_ldrobotsensorteam_stl/ldlidar_driver/src/core) by extensions ['python_setup_py']
[1.364s] Level 1:colcon.colcon_core.package_identification:_identify(sdk_ldrobotsensorteam_stl/ldlidar_driver/src/core) by extension 'python_setup_py'
[1.364s] Level 1:colcon.colcon_core.package_identification:_identify(sdk_ldrobotsensorteam_stl/ldlidar_driver/src/dataprocess) by extensions ['ignore', 'ignore_ament_install']
[1.365s] Level 1:colcon.colcon_core.package_identification:_identify(sdk_ldrobotsensorteam_stl/ldlidar_driver/src/dataprocess) by extension 'ignore'
[1.365s] Level 1:colcon.colcon_core.package_identification:_identify(sdk_ldrobotsensorteam_stl/ldlidar_driver/src/dataprocess) by extension 'ignore_ament_install'
[1.365s] Level 1:colcon.colcon_core.package_identification:_identify(sdk_ldrobotsensorteam_stl/ldlidar_driver/src/dataprocess) by extensions ['colcon_pkg']
[1.365s] Level 1:colcon.colcon_core.package_identification:_identify(sdk_ldrobotsensorteam_stl/ldlidar_driver/src/dataprocess) by extension 'colcon_pkg'
[1.365s] Level 1:colcon.colcon_core.package_identification:_identify(sdk_ldrobotsensorteam_stl/ldlidar_driver/src/dataprocess) by extensions ['colcon_meta']
[1.365s] Level 1:colcon.colcon_core.package_identification:_identify(sdk_ldrobotsensorteam_stl/ldlidar_driver/src/dataprocess) by extension 'colcon_meta'
[1.366s] Level 1:colcon.colcon_core.package_identification:_identify(sdk_ldrobotsensorteam_stl/ldlidar_driver/src/dataprocess) by extensions ['ros']
[1.366s] Level 1:colcon.colcon_core.package_identification:_identify(sdk_ldrobotsensorteam_stl/ldlidar_driver/src/dataprocess) by extension 'ros'
[1.366s] Level 1:colcon.colcon_core.package_identification:_identify(sdk_ldrobotsensorteam_stl/ldlidar_driver/src/dataprocess) by extensions ['cmake', 'python']
[1.366s] Level 1:colcon.colcon_core.package_identification:_identify(sdk_ldrobotsensorteam_stl/ldlidar_driver/src/dataprocess) by extension 'cmake'
[1.366s] Level 1:colcon.colcon_core.package_identification:_identify(sdk_ldrobotsensorteam_stl/ldlidar_driver/src/dataprocess) by extension 'python'
[1.367s] Level 1:colcon.colcon_core.package_identification:_identify(sdk_ldrobotsensorteam_stl/ldlidar_driver/src/dataprocess) by extensions ['python_setup_py']
[1.367s] Level 1:colcon.colcon_core.package_identification:_identify(sdk_ldrobotsensorteam_stl/ldlidar_driver/src/dataprocess) by extension 'python_setup_py'
[1.367s] Level 1:colcon.colcon_core.package_identification:_identify(sdk_ldrobotsensorteam_stl/ldlidar_driver/src/filter) by extensions ['ignore', 'ignore_ament_install']
[1.367s] Level 1:colcon.colcon_core.package_identification:_identify(sdk_ldrobotsensorteam_stl/ldlidar_driver/src/filter) by extension 'ignore'
[1.368s] Level 1:colcon.colcon_core.package_identification:_identify(sdk_ldrobotsensorteam_stl/ldlidar_driver/src/filter) by extension 'ignore_ament_install'
[1.368s] Level 1:colcon.colcon_core.package_identification:_identify(sdk_ldrobotsensorteam_stl/ldlidar_driver/src/filter) by extensions ['colcon_pkg']
[1.368s] Level 1:colcon.colcon_core.package_identification:_identify(sdk_ldrobotsensorteam_stl/ldlidar_driver/src/filter) by extension 'colcon_pkg'
[1.368s] Level 1:colcon.colcon_core.package_identification:_identify(sdk_ldrobotsensorteam_stl/ldlidar_driver/src/filter) by extensions ['colcon_meta']
[1.368s] Level 1:colcon.colcon_core.package_identification:_identify(sdk_ldrobotsensorteam_stl/ldlidar_driver/src/filter) by extension 'colcon_meta'
[1.369s] Level 1:colcon.colcon_core.package_identification:_identify(sdk_ldrobotsensorteam_stl/ldlidar_driver/src/filter) by extensions ['ros']
[1.369s] Level 1:colcon.colcon_core.package_identification:_identify(sdk_ldrobotsensorteam_stl/ldlidar_driver/src/filter) by extension 'ros'
[1.369s] Level 1:colcon.colcon_core.package_identification:_identify(sdk_ldrobotsensorteam_stl/ldlidar_driver/src/filter) by extensions ['cmake', 'python']
[1.369s] Level 1:colcon.colcon_core.package_identification:_identify(sdk_ldrobotsensorteam_stl/ldlidar_driver/src/filter) by extension 'cmake'
[1.369s] Level 1:colcon.colcon_core.package_identification:_identify(sdk_ldrobotsensorteam_stl/ldlidar_driver/src/filter) by extension 'python'
[1.370s] Level 1:colcon.colcon_core.package_identification:_identify(sdk_ldrobotsensorteam_stl/ldlidar_driver/src/filter) by extensions ['python_setup_py']
[1.370s] Level 1:colcon.colcon_core.package_identification:_identify(sdk_ldrobotsensorteam_stl/ldlidar_driver/src/filter) by extension 'python_setup_py'
[1.370s] Level 1:colcon.colcon_core.package_identification:_identify(sdk_ldrobotsensorteam_stl/ldlidar_driver/src/logger) by extensions ['ignore', 'ignore_ament_install']
[1.370s] Level 1:colcon.colcon_core.package_identification:_identify(sdk_ldrobotsensorteam_stl/ldlidar_driver/src/logger) by extension 'ignore'
[1.371s] Level 1:colcon.colcon_core.package_identification:_identify(sdk_ldrobotsensorteam_stl/ldlidar_driver/src/logger) by extension 'ignore_ament_install'
[1.371s] Level 1:colcon.colcon_core.package_identification:_identify(sdk_ldrobotsensorteam_stl/ldlidar_driver/src/logger) by extensions ['colcon_pkg']
[1.371s] Level 1:colcon.colcon_core.package_identification:_identify(sdk_ldrobotsensorteam_stl/ldlidar_driver/src/logger) by extension 'colcon_pkg'
[1.371s] Level 1:colcon.colcon_core.package_identification:_identify(sdk_ldrobotsensorteam_stl/ldlidar_driver/src/logger) by extensions ['colcon_meta']
[1.371s] Level 1:colcon.colcon_core.package_identification:_identify(sdk_ldrobotsensorteam_stl/ldlidar_driver/src/logger) by extension 'colcon_meta'
[1.371s] Level 1:colcon.colcon_core.package_identification:_identify(sdk_ldrobotsensorteam_stl/ldlidar_driver/src/logger) by extensions ['ros']
[1.372s] Level 1:colcon.colcon_core.package_identification:_identify(sdk_ldrobotsensorteam_stl/ldlidar_driver/src/logger) by extension 'ros'
[1.372s] Level 1:colcon.colcon_core.package_identification:_identify(sdk_ldrobotsensorteam_stl/ldlidar_driver/src/logger) by extensions ['cmake', 'python']
[1.372s] Level 1:colcon.colcon_core.package_identification:_identify(sdk_ldrobotsensorteam_stl/ldlidar_driver/src/logger) by extension 'cmake'
[1.372s] Level 1:colcon.colcon_core.package_identification:_identify(sdk_ldrobotsensorteam_stl/ldlidar_driver/src/logger) by extension 'python'
[1.372s] Level 1:colcon.colcon_core.package_identification:_identify(sdk_ldrobotsensorteam_stl/ldlidar_driver/src/logger) by extensions ['python_setup_py']
[1.373s] Level 1:colcon.colcon_core.package_identification:_identify(sdk_ldrobotsensorteam_stl/ldlidar_driver/src/logger) by extension 'python_setup_py'
[1.373s] Level 1:colcon.colcon_core.package_identification:_identify(sdk_ldrobotsensorteam_stl/ldlidar_driver/src/networkcom) by extensions ['ignore', 'ignore_ament_install']
[1.373s] Level 1:colcon.colcon_core.package_identification:_identify(sdk_ldrobotsensorteam_stl/ldlidar_driver/src/networkcom) by extension 'ignore'
[1.374s] Level 1:colcon.colcon_core.package_identification:_identify(sdk_ldrobotsensorteam_stl/ldlidar_driver/src/networkcom) by extension 'ignore_ament_install'
[1.374s] Level 1:colcon.colcon_core.package_identification:_identify(sdk_ldrobotsensorteam_stl/ldlidar_driver/src/networkcom) by extensions ['colcon_pkg']
[1.374s] Level 1:colcon.colcon_core.package_identification:_identify(sdk_ldrobotsensorteam_stl/ldlidar_driver/src/networkcom) by extension 'colcon_pkg'
[1.374s] Level 1:colcon.colcon_core.package_identification:_identify(sdk_ldrobotsensorteam_stl/ldlidar_driver/src/networkcom) by extensions ['colcon_meta']
[1.374s] Level 1:colcon.colcon_core.package_identification:_identify(sdk_ldrobotsensorteam_stl/ldlidar_driver/src/networkcom) by extension 'colcon_meta'
[1.374s] Level 1:colcon.colcon_core.package_identification:_identify(sdk_ldrobotsensorteam_stl/ldlidar_driver/src/networkcom) by extensions ['ros']
[1.374s] Level 1:colcon.colcon_core.package_identification:_identify(sdk_ldrobotsensorteam_stl/ldlidar_driver/src/networkcom) by extension 'ros'
[1.375s] Level 1:colcon.colcon_core.package_identification:_identify(sdk_ldrobotsensorteam_stl/ldlidar_driver/src/networkcom) by extensions ['cmake', 'python']
[1.375s] Level 1:colcon.colcon_core.package_identification:_identify(sdk_ldrobotsensorteam_stl/ldlidar_driver/src/networkcom) by extension 'cmake'
[1.375s] Level 1:colcon.colcon_core.package_identification:_identify(sdk_ldrobotsensorteam_stl/ldlidar_driver/src/networkcom) by extension 'python'
[1.375s] Level 1:colcon.colcon_core.package_identification:_identify(sdk_ldrobotsensorteam_stl/ldlidar_driver/src/networkcom) by extensions ['python_setup_py']
[1.375s] Level 1:colcon.colcon_core.package_identification:_identify(sdk_ldrobotsensorteam_stl/ldlidar_driver/src/networkcom) by extension 'python_setup_py'
[1.376s] Level 1:colcon.colcon_core.package_identification:_identify(sdk_ldrobotsensorteam_stl/ldlidar_driver/src/serialcom) by extensions ['ignore', 'ignore_ament_install']
[1.376s] Level 1:colcon.colcon_core.package_identification:_identify(sdk_ldrobotsensorteam_stl/ldlidar_driver/src/serialcom) by extension 'ignore'
[1.376s] Level 1:colcon.colcon_core.package_identification:_identify(sdk_ldrobotsensorteam_stl/ldlidar_driver/src/serialcom) by extension 'ignore_ament_install'
[1.377s] Level 1:colcon.colcon_core.package_identification:_identify(sdk_ldrobotsensorteam_stl/ldlidar_driver/src/serialcom) by extensions ['colcon_pkg']
[1.377s] Level 1:colcon.colcon_core.package_identification:_identify(sdk_ldrobotsensorteam_stl/ldlidar_driver/src/serialcom) by extension 'colcon_pkg'
[1.377s] Level 1:colcon.colcon_core.package_identification:_identify(sdk_ldrobotsensorteam_stl/ldlidar_driver/src/serialcom) by extensions ['colcon_meta']
[1.377s] Level 1:colcon.colcon_core.package_identification:_identify(sdk_ldrobotsensorteam_stl/ldlidar_driver/src/serialcom) by extension 'colcon_meta'
[1.377s] Level 1:colcon.colcon_core.package_identification:_identify(sdk_ldrobotsensorteam_stl/ldlidar_driver/src/serialcom) by extensions ['ros']
[1.377s] Level 1:colcon.colcon_core.package_identification:_identify(sdk_ldrobotsensorteam_stl/ldlidar_driver/src/serialcom) by extension 'ros'
[1.378s] Level 1:colcon.colcon_core.package_identification:_identify(sdk_ldrobotsensorteam_stl/ldlidar_driver/src/serialcom) by extensions ['cmake', 'python']
[1.378s] Level 1:colcon.colcon_core.package_identification:_identify(sdk_ldrobotsensorteam_stl/ldlidar_driver/src/serialcom) by extension 'cmake'
[1.378s] Level 1:colcon.colcon_core.package_identification:_identify(sdk_ldrobotsensorteam_stl/ldlidar_driver/src/serialcom) by extension 'python'
[1.378s] Level 1:colcon.colcon_core.package_identification:_identify(sdk_ldrobotsensorteam_stl/ldlidar_driver/src/serialcom) by extensions ['python_setup_py']
[1.378s] Level 1:colcon.colcon_core.package_identification:_identify(sdk_ldrobotsensorteam_stl/ldlidar_driver/src/serialcom) by extension 'python_setup_py'
[1.379s] Level 1:colcon.colcon_core.package_identification:_identify(sdk_ldrobotsensorteam_stl/linux_app) by extensions ['ignore', 'ignore_ament_install']
[1.379s] Level 1:colcon.colcon_core.package_identification:_identify(sdk_ldrobotsensorteam_stl/linux_app) by extension 'ignore'
[1.379s] Level 1:colcon.colcon_core.package_identification:_identify(sdk_ldrobotsensorteam_stl/linux_app) by extension 'ignore_ament_install'
[1.379s] Level 1:colcon.colcon_core.package_identification:_identify(sdk_ldrobotsensorteam_stl/linux_app) by extensions ['colcon_pkg']
[1.380s] Level 1:colcon.colcon_core.package_identification:_identify(sdk_ldrobotsensorteam_stl/linux_app) by extension 'colcon_pkg'
[1.380s] Level 1:colcon.colcon_core.package_identification:_identify(sdk_ldrobotsensorteam_stl/linux_app) by extensions ['colcon_meta']
[1.380s] Level 1:colcon.colcon_core.package_identification:_identify(sdk_ldrobotsensorteam_stl/linux_app) by extension 'colcon_meta'
[1.380s] Level 1:colcon.colcon_core.package_identification:_identify(sdk_ldrobotsensorteam_stl/linux_app) by extensions ['ros']
[1.380s] Level 1:colcon.colcon_core.package_identification:_identify(sdk_ldrobotsensorteam_stl/linux_app) by extension 'ros'
[1.381s] Level 1:colcon.colcon_core.package_identification:_identify(sdk_ldrobotsensorteam_stl/linux_app) by extensions ['cmake', 'python']
[1.381s] Level 1:colcon.colcon_core.package_identification:_identify(sdk_ldrobotsensorteam_stl/linux_app) by extension 'cmake'
[1.386s] Level 1:colcon.colcon_core.package_identification:_identify(sdk_ldrobotsensorteam_stl/linux_app) by extension 'python'
[1.386s] DEBUG:colcon.colcon_core.package_identification:Package 'sdk_ldrobotsensorteam_stl/linux_app' with type 'cmake' and name 'ldlidar_stl'
[1.387s] Level 1:colcon.colcon_core.package_identification:_identify(sdk_ldrobotsensorteam_stl/ros2_app) by extensions ['ignore', 'ignore_ament_install']
[1.387s] Level 1:colcon.colcon_core.package_identification:_identify(sdk_ldrobotsensorteam_stl/ros2_app) by extension 'ignore'
[1.387s] Level 1:colcon.colcon_core.package_identification:_identify(sdk_ldrobotsensorteam_stl/ros2_app) by extension 'ignore_ament_install'
[1.388s] Level 1:colcon.colcon_core.package_identification:_identify(sdk_ldrobotsensorteam_stl/ros2_app) by extensions ['colcon_pkg']
[1.388s] Level 1:colcon.colcon_core.package_identification:_identify(sdk_ldrobotsensorteam_stl/ros2_app) by extension 'colcon_pkg'
[1.388s] Level 1:colcon.colcon_core.package_identification:_identify(sdk_ldrobotsensorteam_stl/ros2_app) by extensions ['colcon_meta']
[1.388s] Level 1:colcon.colcon_core.package_identification:_identify(sdk_ldrobotsensorteam_stl/ros2_app) by extension 'colcon_meta'
[1.388s] Level 1:colcon.colcon_core.package_identification:_identify(sdk_ldrobotsensorteam_stl/ros2_app) by extensions ['ros']
[1.388s] Level 1:colcon.colcon_core.package_identification:_identify(sdk_ldrobotsensorteam_stl/ros2_app) by extension 'ros'
[1.389s] Level 1:colcon.colcon_core.package_identification:_identify(sdk_ldrobotsensorteam_stl/ros2_app) by extensions ['cmake', 'python']
[1.389s] Level 1:colcon.colcon_core.package_identification:_identify(sdk_ldrobotsensorteam_stl/ros2_app) by extension 'cmake'
[1.389s] Level 1:colcon.colcon_core.package_identification:_identify(sdk_ldrobotsensorteam_stl/ros2_app) by extension 'python'
[1.389s] Level 1:colcon.colcon_core.package_identification:_identify(sdk_ldrobotsensorteam_stl/ros2_app) by extensions ['python_setup_py']
[1.389s] Level 1:colcon.colcon_core.package_identification:_identify(sdk_ldrobotsensorteam_stl/ros2_app) by extension 'python_setup_py'
[1.390s] Level 1:colcon.colcon_core.package_identification:_identify(sdk_ldrobotsensorteam_stl/ros2_app/build) by extensions ['ignore', 'ignore_ament_install']
[1.390s] Level 1:colcon.colcon_core.package_identification:_identify(sdk_ldrobotsensorteam_stl/ros2_app/build) by extension 'ignore'
[1.390s] Level 1:colcon.colcon_core.package_identification:_identify(sdk_ldrobotsensorteam_stl/ros2_app/build) ignored
[1.391s] Level 1:colcon.colcon_core.package_identification:_identify(sdk_ldrobotsensorteam_stl/ros2_app/install) by extensions ['ignore', 'ignore_ament_install']
[1.391s] Level 1:colcon.colcon_core.package_identification:_identify(sdk_ldrobotsensorteam_stl/ros2_app/install) by extension 'ignore'
[1.391s] Level 1:colcon.colcon_core.package_identification:_identify(sdk_ldrobotsensorteam_stl/ros2_app/install) ignored
[1.392s] Level 1:colcon.colcon_core.package_identification:_identify(sdk_ldrobotsensorteam_stl/ros2_app/log) by extensions ['ignore', 'ignore_ament_install']
[1.392s] Level 1:colcon.colcon_core.package_identification:_identify(sdk_ldrobotsensorteam_stl/ros2_app/log) by extension 'ignore'
[1.392s] Level 1:colcon.colcon_core.package_identification:_identify(sdk_ldrobotsensorteam_stl/ros2_app/log) ignored
[1.393s] Level 1:colcon.colcon_core.package_identification:_identify(sdk_ldrobotsensorteam_stl/ros2_app/src) by extensions ['ignore', 'ignore_ament_install']
[1.393s] Level 1:colcon.colcon_core.package_identification:_identify(sdk_ldrobotsensorteam_stl/ros2_app/src) by extension 'ignore'
[1.393s] Level 1:colcon.colcon_core.package_identification:_identify(sdk_ldrobotsensorteam_stl/ros2_app/src) by extension 'ignore_ament_install'
[1.393s] Level 1:colcon.colcon_core.package_identification:_identify(sdk_ldrobotsensorteam_stl/ros2_app/src) by extensions ['colcon_pkg']
[1.393s] Level 1:colcon.colcon_core.package_identification:_identify(sdk_ldrobotsensorteam_stl/ros2_app/src) by extension 'colcon_pkg'
[1.394s] Level 1:colcon.colcon_core.package_identification:_identify(sdk_ldrobotsensorteam_stl/ros2_app/src) by extensions ['colcon_meta']
[1.394s] Level 1:colcon.colcon_core.package_identification:_identify(sdk_ldrobotsensorteam_stl/ros2_app/src) by extension 'colcon_meta'
[1.394s] Level 1:colcon.colcon_core.package_identification:_identify(sdk_ldrobotsensorteam_stl/ros2_app/src) by extensions ['ros']
[1.394s] Level 1:colcon.colcon_core.package_identification:_identify(sdk_ldrobotsensorteam_stl/ros2_app/src) by extension 'ros'
[1.394s] Level 1:colcon.colcon_core.package_identification:_identify(sdk_ldrobotsensorteam_stl/ros2_app/src) by extensions ['cmake', 'python']
[1.394s] Level 1:colcon.colcon_core.package_identification:_identify(sdk_ldrobotsensorteam_stl/ros2_app/src) by extension 'cmake'
[1.395s] Level 1:colcon.colcon_core.package_identification:_identify(sdk_ldrobotsensorteam_stl/ros2_app/src) by extension 'python'
[1.395s] Level 1:colcon.colcon_core.package_identification:_identify(sdk_ldrobotsensorteam_stl/ros2_app/src) by extensions ['python_setup_py']
[1.395s] Level 1:colcon.colcon_core.package_identification:_identify(sdk_ldrobotsensorteam_stl/ros2_app/src) by extension 'python_setup_py'
[1.395s] Level 1:colcon.colcon_core.package_identification:_identify(sdk_ldrobotsensorteam_stl/ros2_app/src/ldlidar) by extensions ['ignore', 'ignore_ament_install']
[1.396s] Level 1:colcon.colcon_core.package_identification:_identify(sdk_ldrobotsensorteam_stl/ros2_app/src/ldlidar) by extension 'ignore'
[1.396s] Level 1:colcon.colcon_core.package_identification:_identify(sdk_ldrobotsensorteam_stl/ros2_app/src/ldlidar) by extension 'ignore_ament_install'
[1.396s] Level 1:colcon.colcon_core.package_identification:_identify(sdk_ldrobotsensorteam_stl/ros2_app/src/ldlidar) by extensions ['colcon_pkg']
[1.396s] Level 1:colcon.colcon_core.package_identification:_identify(sdk_ldrobotsensorteam_stl/ros2_app/src/ldlidar) by extension 'colcon_pkg'
[1.397s] Level 1:colcon.colcon_core.package_identification:_identify(sdk_ldrobotsensorteam_stl/ros2_app/src/ldlidar) by extensions ['colcon_meta']
[1.397s] Level 1:colcon.colcon_core.package_identification:_identify(sdk_ldrobotsensorteam_stl/ros2_app/src/ldlidar) by extension 'colcon_meta'
[1.397s] Level 1:colcon.colcon_core.package_identification:_identify(sdk_ldrobotsensorteam_stl/ros2_app/src/ldlidar) by extensions ['ros']
[1.397s] Level 1:colcon.colcon_core.package_identification:_identify(sdk_ldrobotsensorteam_stl/ros2_app/src/ldlidar) by extension 'ros'
[1.406s] DEBUG:colcon.colcon_core.package_identification:Package 'sdk_ldrobotsensorteam_stl/ros2_app/src/ldlidar' with type 'ros.ament_cmake' and name 'ldlidar'
[1.407s] Level 1:colcon.colcon_core.package_identification:_identify(sdk_ldrobotsensorteam_stl/ros_app) by extensions ['ignore', 'ignore_ament_install']
[1.407s] Level 1:colcon.colcon_core.package_identification:_identify(sdk_ldrobotsensorteam_stl/ros_app) by extension 'ignore'
[1.408s] Level 1:colcon.colcon_core.package_identification:_identify(sdk_ldrobotsensorteam_stl/ros_app) by extension 'ignore_ament_install'
[1.408s] Level 1:colcon.colcon_core.package_identification:_identify(sdk_ldrobotsensorteam_stl/ros_app) by extensions ['colcon_pkg']
[1.408s] Level 1:colcon.colcon_core.package_identification:_identify(sdk_ldrobotsensorteam_stl/ros_app) by extension 'colcon_pkg'
[1.408s] Level 1:colcon.colcon_core.package_identification:_identify(sdk_ldrobotsensorteam_stl/ros_app) by extensions ['colcon_meta']
[1.408s] Level 1:colcon.colcon_core.package_identification:_identify(sdk_ldrobotsensorteam_stl/ros_app) by extension 'colcon_meta'
[1.409s] Level 1:colcon.colcon_core.package_identification:_identify(sdk_ldrobotsensorteam_stl/ros_app) by extensions ['ros']
[1.409s] Level 1:colcon.colcon_core.package_identification:_identify(sdk_ldrobotsensorteam_stl/ros_app) by extension 'ros'
[1.409s] Level 1:colcon.colcon_core.package_identification:_identify(sdk_ldrobotsensorteam_stl/ros_app) by extensions ['cmake', 'python']
[1.409s] Level 1:colcon.colcon_core.package_identification:_identify(sdk_ldrobotsensorteam_stl/ros_app) by extension 'cmake'
[1.409s] Level 1:colcon.colcon_core.package_identification:_identify(sdk_ldrobotsensorteam_stl/ros_app) by extension 'python'
[1.410s] Level 1:colcon.colcon_core.package_identification:_identify(sdk_ldrobotsensorteam_stl/ros_app) by extensions ['python_setup_py']
[1.410s] Level 1:colcon.colcon_core.package_identification:_identify(sdk_ldrobotsensorteam_stl/ros_app) by extension 'python_setup_py'
[1.410s] Level 1:colcon.colcon_core.package_identification:_identify(sdk_ldrobotsensorteam_stl/ros_app/src) by extensions ['ignore', 'ignore_ament_install']
[1.410s] Level 1:colcon.colcon_core.package_identification:_identify(sdk_ldrobotsensorteam_stl/ros_app/src) by extension 'ignore'
[1.411s] Level 1:colcon.colcon_core.package_identification:_identify(sdk_ldrobotsensorteam_stl/ros_app/src) by extension 'ignore_ament_install'
[1.411s] Level 1:colcon.colcon_core.package_identification:_identify(sdk_ldrobotsensorteam_stl/ros_app/src) by extensions ['colcon_pkg']
[1.411s] Level 1:colcon.colcon_core.package_identification:_identify(sdk_ldrobotsensorteam_stl/ros_app/src) by extension 'colcon_pkg'
[1.411s] Level 1:colcon.colcon_core.package_identification:_identify(sdk_ldrobotsensorteam_stl/ros_app/src) by extensions ['colcon_meta']
[1.411s] Level 1:colcon.colcon_core.package_identification:_identify(sdk_ldrobotsensorteam_stl/ros_app/src) by extension 'colcon_meta'
[1.412s] Level 1:colcon.colcon_core.package_identification:_identify(sdk_ldrobotsensorteam_stl/ros_app/src) by extensions ['ros']
[1.412s] Level 1:colcon.colcon_core.package_identification:_identify(sdk_ldrobotsensorteam_stl/ros_app/src) by extension 'ros'
[1.412s] Level 1:colcon.colcon_core.package_identification:_identify(sdk_ldrobotsensorteam_stl/ros_app/src) by extensions ['cmake', 'python']
[1.412s] Level 1:colcon.colcon_core.package_identification:_identify(sdk_ldrobotsensorteam_stl/ros_app/src) by extension 'cmake'
[1.412s] Level 1:colcon.colcon_core.package_identification:_identify(sdk_ldrobotsensorteam_stl/ros_app/src) by extension 'python'
[1.413s] Level 1:colcon.colcon_core.package_identification:_identify(sdk_ldrobotsensorteam_stl/ros_app/src) by extensions ['python_setup_py']
[1.413s] Level 1:colcon.colcon_core.package_identification:_identify(sdk_ldrobotsensorteam_stl/ros_app/src) by extension 'python_setup_py'
[1.413s] Level 1:colcon.colcon_core.package_identification:_identify(sdk_ldrobotsensorteam_stl/ros_app/src/ldlidar) by extensions ['ignore', 'ignore_ament_install']
[1.413s] Level 1:colcon.colcon_core.package_identification:_identify(sdk_ldrobotsensorteam_stl/ros_app/src/ldlidar) by extension 'ignore'
[1.414s] Level 1:colcon.colcon_core.package_identification:_identify(sdk_ldrobotsensorteam_stl/ros_app/src/ldlidar) by extension 'ignore_ament_install'
[1.414s] Level 1:colcon.colcon_core.package_identification:_identify(sdk_ldrobotsensorteam_stl/ros_app/src/ldlidar) by extensions ['colcon_pkg']
[1.414s] Level 1:colcon.colcon_core.package_identification:_identify(sdk_ldrobotsensorteam_stl/ros_app/src/ldlidar) by extension 'colcon_pkg'
[1.414s] Level 1:colcon.colcon_core.package_identification:_identify(sdk_ldrobotsensorteam_stl/ros_app/src/ldlidar) by extensions ['colcon_meta']
[1.414s] Level 1:colcon.colcon_core.package_identification:_identify(sdk_ldrobotsensorteam_stl/ros_app/src/ldlidar) by extension 'colcon_meta'
[1.415s] Level 1:colcon.colcon_core.package_identification:_identify(sdk_ldrobotsensorteam_stl/ros_app/src/ldlidar) by extensions ['ros']
[1.415s] Level 1:colcon.colcon_core.package_identification:_identify(sdk_ldrobotsensorteam_stl/ros_app/src/ldlidar) by extension 'ros'
[1.418s] DEBUG:colcon.colcon_core.package_identification:Package 'sdk_ldrobotsensorteam_stl/ros_app/src/ldlidar' with type 'ros.catkin' and name 'ldlidar'
[1.419s] Level 1:colcon.colcon_core.package_identification:_identify(src) by extensions ['ignore', 'ignore_ament_install']
[1.419s] Level 1:colcon.colcon_core.package_identification:_identify(src) by extension 'ignore'
[1.419s] Level 1:colcon.colcon_core.package_identification:_identify(src) by extension 'ignore_ament_install'
[1.419s] Level 1:colcon.colcon_core.package_identification:_identify(src) by extensions ['colcon_pkg']
[1.420s] Level 1:colcon.colcon_core.package_identification:_identify(src) by extension 'colcon_pkg'
[1.420s] Level 1:colcon.colcon_core.package_identification:_identify(src) by extensions ['colcon_meta']
[1.420s] Level 1:colcon.colcon_core.package_identification:_identify(src) by extension 'colcon_meta'
[1.420s] Level 1:colcon.colcon_core.package_identification:_identify(src) by extensions ['ros']
[1.420s] Level 1:colcon.colcon_core.package_identification:_identify(src) by extension 'ros'
[1.420s] Level 1:colcon.colcon_core.package_identification:_identify(src) by extensions ['cmake', 'python']
[1.421s] Level 1:colcon.colcon_core.package_identification:_identify(src) by extension 'cmake'
[1.421s] Level 1:colcon.colcon_core.package_identification:_identify(src) by extension 'python'
[1.421s] Level 1:colcon.colcon_core.package_identification:_identify(src) by extensions ['python_setup_py']
[1.421s] Level 1:colcon.colcon_core.package_identification:_identify(src) by extension 'python_setup_py'
[1.421s] Level 1:colcon.colcon_core.package_identification:_identify(src/build) by extensions ['ignore', 'ignore_ament_install']
[1.422s] Level 1:colcon.colcon_core.package_identification:_identify(src/build) by extension 'ignore'
[1.422s] Level 1:colcon.colcon_core.package_identification:_identify(src/build) ignored
[1.422s] Level 1:colcon.colcon_core.package_identification:_identify(src/cpp_pkg) by extensions ['ignore', 'ignore_ament_install']
[1.423s] Level 1:colcon.colcon_core.package_identification:_identify(src/cpp_pkg) by extension 'ignore'
[1.423s] Level 1:colcon.colcon_core.package_identification:_identify(src/cpp_pkg) by extension 'ignore_ament_install'
[1.423s] Level 1:colcon.colcon_core.package_identification:_identify(src/cpp_pkg) by extensions ['colcon_pkg']
[1.423s] Level 1:colcon.colcon_core.package_identification:_identify(src/cpp_pkg) by extension 'colcon_pkg'
[1.423s] Level 1:colcon.colcon_core.package_identification:_identify(src/cpp_pkg) by extensions ['colcon_meta']
[1.423s] Level 1:colcon.colcon_core.package_identification:_identify(src/cpp_pkg) by extension 'colcon_meta'
[1.424s] Level 1:colcon.colcon_core.package_identification:_identify(src/cpp_pkg) by extensions ['ros']
[1.424s] Level 1:colcon.colcon_core.package_identification:_identify(src/cpp_pkg) by extension 'ros'
[1.426s] DEBUG:colcon.colcon_core.package_identification:Package 'src/cpp_pkg' with type 'ros.ament_cmake' and name 'cpp_pkg'
[1.427s] Level 1:colcon.colcon_core.package_identification:_identify(src/install) by extensions ['ignore', 'ignore_ament_install']
[1.427s] Level 1:colcon.colcon_core.package_identification:_identify(src/install) by extension 'ignore'
[1.427s] Level 1:colcon.colcon_core.package_identification:_identify(src/install) ignored
[1.428s] Level 1:colcon.colcon_core.package_identification:_identify(src/ldrobot-lidar-ros2) by extensions ['ignore', 'ignore_ament_install']
[1.428s] Level 1:colcon.colcon_core.package_identification:_identify(src/ldrobot-lidar-ros2) by extension 'ignore'
[1.428s] Level 1:colcon.colcon_core.package_identification:_identify(src/ldrobot-lidar-ros2) by extension 'ignore_ament_install'
[1.429s] Level 1:colcon.colcon_core.package_identification:_identify(src/ldrobot-lidar-ros2) by extensions ['colcon_pkg']
[1.429s] Level 1:colcon.colcon_core.package_identification:_identify(src/ldrobot-lidar-ros2) by extension 'colcon_pkg'
[1.429s] Level 1:colcon.colcon_core.package_identification:_identify(src/ldrobot-lidar-ros2) by extensions ['colcon_meta']
[1.429s] Level 1:colcon.colcon_core.package_identification:_identify(src/ldrobot-lidar-ros2) by extension 'colcon_meta'
[1.429s] Level 1:colcon.colcon_core.package_identification:_identify(src/ldrobot-lidar-ros2) by extensions ['ros']
[1.429s] Level 1:colcon.colcon_core.package_identification:_identify(src/ldrobot-lidar-ros2) by extension 'ros'
[1.430s] Level 1:colcon.colcon_core.package_identification:_identify(src/ldrobot-lidar-ros2) by extensions ['cmake', 'python']
[1.430s] Level 1:colcon.colcon_core.package_identification:_identify(src/ldrobot-lidar-ros2) by extension 'cmake'
[1.430s] Level 1:colcon.colcon_core.package_identification:_identify(src/ldrobot-lidar-ros2) by extension 'python'
[1.430s] Level 1:colcon.colcon_core.package_identification:_identify(src/ldrobot-lidar-ros2) by extensions ['python_setup_py']
[1.430s] Level 1:colcon.colcon_core.package_identification:_identify(src/ldrobot-lidar-ros2) by extension 'python_setup_py'
[1.431s] Level 1:colcon.colcon_core.package_identification:_identify(src/ldrobot-lidar-ros2/3d_model) by extensions ['ignore', 'ignore_ament_install']
[1.431s] Level 1:colcon.colcon_core.package_identification:_identify(src/ldrobot-lidar-ros2/3d_model) by extension 'ignore'
[1.431s] Level 1:colcon.colcon_core.package_identification:_identify(src/ldrobot-lidar-ros2/3d_model) by extension 'ignore_ament_install'
[1.431s] Level 1:colcon.colcon_core.package_identification:_identify(src/ldrobot-lidar-ros2/3d_model) by extensions ['colcon_pkg']
[1.431s] Level 1:colcon.colcon_core.package_identification:_identify(src/ldrobot-lidar-ros2/3d_model) by extension 'colcon_pkg'
[1.432s] Level 1:colcon.colcon_core.package_identification:_identify(src/ldrobot-lidar-ros2/3d_model) by extensions ['colcon_meta']
[1.432s] Level 1:colcon.colcon_core.package_identification:_identify(src/ldrobot-lidar-ros2/3d_model) by extension 'colcon_meta'
[1.432s] Level 1:colcon.colcon_core.package_identification:_identify(src/ldrobot-lidar-ros2/3d_model) by extensions ['ros']
[1.432s] Level 1:colcon.colcon_core.package_identification:_identify(src/ldrobot-lidar-ros2/3d_model) by extension 'ros'
[1.432s] Level 1:colcon.colcon_core.package_identification:_identify(src/ldrobot-lidar-ros2/3d_model) by extensions ['cmake', 'python']
[1.433s] Level 1:colcon.colcon_core.package_identification:_identify(src/ldrobot-lidar-ros2/3d_model) by extension 'cmake'
[1.433s] Level 1:colcon.colcon_core.package_identification:_identify(src/ldrobot-lidar-ros2/3d_model) by extension 'python'
[1.433s] Level 1:colcon.colcon_core.package_identification:_identify(src/ldrobot-lidar-ros2/3d_model) by extensions ['python_setup_py']
[1.433s] Level 1:colcon.colcon_core.package_identification:_identify(src/ldrobot-lidar-ros2/3d_model) by extension 'python_setup_py'
[1.433s] Level 1:colcon.colcon_core.package_identification:_identify(src/ldrobot-lidar-ros2/docs) by extensions ['ignore', 'ignore_ament_install']
[1.434s] Level 1:colcon.colcon_core.package_identification:_identify(src/ldrobot-lidar-ros2/docs) by extension 'ignore'
[1.434s] Level 1:colcon.colcon_core.package_identification:_identify(src/ldrobot-lidar-ros2/docs) by extension 'ignore_ament_install'
[1.434s] Level 1:colcon.colcon_core.package_identification:_identify(src/ldrobot-lidar-ros2/docs) by extensions ['colcon_pkg']
[1.434s] Level 1:colcon.colcon_core.package_identification:_identify(src/ldrobot-lidar-ros2/docs) by extension 'colcon_pkg'
[1.434s] Level 1:colcon.colcon_core.package_identification:_identify(src/ldrobot-lidar-ros2/docs) by extensions ['colcon_meta']
[1.435s] Level 1:colcon.colcon_core.package_identification:_identify(src/ldrobot-lidar-ros2/docs) by extension 'colcon_meta'
[1.435s] Level 1:colcon.colcon_core.package_identification:_identify(src/ldrobot-lidar-ros2/docs) by extensions ['ros']
[1.435s] Level 1:colcon.colcon_core.package_identification:_identify(src/ldrobot-lidar-ros2/docs) by extension 'ros'
[1.435s] Level 1:colcon.colcon_core.package_identification:_identify(src/ldrobot-lidar-ros2/docs) by extensions ['cmake', 'python']
[1.435s] Level 1:colcon.colcon_core.package_identification:_identify(src/ldrobot-lidar-ros2/docs) by extension 'cmake'
[1.435s] Level 1:colcon.colcon_core.package_identification:_identify(src/ldrobot-lidar-ros2/docs) by extension 'python'
[1.436s] Level 1:colcon.colcon_core.package_identification:_identify(src/ldrobot-lidar-ros2/docs) by extensions ['python_setup_py']
[1.436s] Level 1:colcon.colcon_core.package_identification:_identify(src/ldrobot-lidar-ros2/docs) by extension 'python_setup_py'
[1.436s] Level 1:colcon.colcon_core.package_identification:_identify(src/ldrobot-lidar-ros2/images) by extensions ['ignore', 'ignore_ament_install']
[1.437s] Level 1:colcon.colcon_core.package_identification:_identify(src/ldrobot-lidar-ros2/images) by extension 'ignore'
[1.437s] Level 1:colcon.colcon_core.package_identification:_identify(src/ldrobot-lidar-ros2/images) by extension 'ignore_ament_install'
[1.437s] Level 1:colcon.colcon_core.package_identification:_identify(src/ldrobot-lidar-ros2/images) by extensions ['colcon_pkg']
[1.437s] Level 1:colcon.colcon_core.package_identification:_identify(src/ldrobot-lidar-ros2/images) by extension 'colcon_pkg'
[1.437s] Level 1:colcon.colcon_core.package_identification:_identify(src/ldrobot-lidar-ros2/images) by extensions ['colcon_meta']
[1.437s] Level 1:colcon.colcon_core.package_identification:_identify(src/ldrobot-lidar-ros2/images) by extension 'colcon_meta'
[1.437s] Level 1:colcon.colcon_core.package_identification:_identify(src/ldrobot-lidar-ros2/images) by extensions ['ros']
[1.438s] Level 1:colcon.colcon_core.package_identification:_identify(src/ldrobot-lidar-ros2/images) by extension 'ros'
[1.438s] Level 1:colcon.colcon_core.package_identification:_identify(src/ldrobot-lidar-ros2/images) by extensions ['cmake', 'python']
[1.438s] Level 1:colcon.colcon_core.package_identification:_identify(src/ldrobot-lidar-ros2/images) by extension 'cmake'
[1.438s] Level 1:colcon.colcon_core.package_identification:_identify(src/ldrobot-lidar-ros2/images) by extension 'python'
[1.438s] Level 1:colcon.colcon_core.package_identification:_identify(src/ldrobot-lidar-ros2/images) by extensions ['python_setup_py']
[1.438s] Level 1:colcon.colcon_core.package_identification:_identify(src/ldrobot-lidar-ros2/images) by extension 'python_setup_py'
[1.439s] Level 1:colcon.colcon_core.package_identification:_identify(src/ldrobot-lidar-ros2/ldlidar) by extensions ['ignore', 'ignore_ament_install']
[1.439s] Level 1:colcon.colcon_core.package_identification:_identify(src/ldrobot-lidar-ros2/ldlidar) by extension 'ignore'
[1.439s] Level 1:colcon.colcon_core.package_identification:_identify(src/ldrobot-lidar-ros2/ldlidar) by extension 'ignore_ament_install'
[1.440s] Level 1:colcon.colcon_core.package_identification:_identify(src/ldrobot-lidar-ros2/ldlidar) by extensions ['colcon_pkg']
[1.440s] Level 1:colcon.colcon_core.package_identification:_identify(src/ldrobot-lidar-ros2/ldlidar) by extension 'colcon_pkg'
[1.440s] Level 1:colcon.colcon_core.package_identification:_identify(src/ldrobot-lidar-ros2/ldlidar) by extensions ['colcon_meta']
[1.440s] Level 1:colcon.colcon_core.package_identification:_identify(src/ldrobot-lidar-ros2/ldlidar) by extension 'colcon_meta'
[1.440s] Level 1:colcon.colcon_core.package_identification:_identify(src/ldrobot-lidar-ros2/ldlidar) by extensions ['ros']
[1.440s] Level 1:colcon.colcon_core.package_identification:_identify(src/ldrobot-lidar-ros2/ldlidar) by extension 'ros'
[1.443s] DEBUG:colcon.colcon_core.package_identification:Package 'src/ldrobot-lidar-ros2/ldlidar' with type 'ros.ament_cmake' and name 'ldlidar'
[1.443s] Level 1:colcon.colcon_core.package_identification:_identify(src/ldrobot-lidar-ros2/ldlidar_component) by extensions ['ignore', 'ignore_ament_install']
[1.444s] Level 1:colcon.colcon_core.package_identification:_identify(src/ldrobot-lidar-ros2/ldlidar_component) by extension 'ignore'
[1.444s] Level 1:colcon.colcon_core.package_identification:_identify(src/ldrobot-lidar-ros2/ldlidar_component) by extension 'ignore_ament_install'
[1.444s] Level 1:colcon.colcon_core.package_identification:_identify(src/ldrobot-lidar-ros2/ldlidar_component) by extensions ['colcon_pkg']
[1.444s] Level 1:colcon.colcon_core.package_identification:_identify(src/ldrobot-lidar-ros2/ldlidar_component) by extension 'colcon_pkg'
[1.445s] Level 1:colcon.colcon_core.package_identification:_identify(src/ldrobot-lidar-ros2/ldlidar_component) by extensions ['colcon_meta']
[1.445s] Level 1:colcon.colcon_core.package_identification:_identify(src/ldrobot-lidar-ros2/ldlidar_component) by extension 'colcon_meta'
[1.445s] Level 1:colcon.colcon_core.package_identification:_identify(src/ldrobot-lidar-ros2/ldlidar_component) by extensions ['ros']
[1.445s] Level 1:colcon.colcon_core.package_identification:_identify(src/ldrobot-lidar-ros2/ldlidar_component) by extension 'ros'
[1.450s] DEBUG:colcon.colcon_core.package_identification:Package 'src/ldrobot-lidar-ros2/ldlidar_component' with type 'ros.ament_cmake' and name 'ldlidar_component'
[1.451s] Level 1:colcon.colcon_core.package_identification:_identify(src/ldrobot-lidar-ros2/ldlidar_node) by extensions ['ignore', 'ignore_ament_install']
[1.451s] Level 1:colcon.colcon_core.package_identification:_identify(src/ldrobot-lidar-ros2/ldlidar_node) by extension 'ignore'
[1.451s] Level 1:colcon.colcon_core.package_identification:_identify(src/ldrobot-lidar-ros2/ldlidar_node) by extension 'ignore_ament_install'
[1.451s] Level 1:colcon.colcon_core.package_identification:_identify(src/ldrobot-lidar-ros2/ldlidar_node) by extensions ['colcon_pkg']
[1.452s] Level 1:colcon.colcon_core.package_identification:_identify(src/ldrobot-lidar-ros2/ldlidar_node) by extension 'colcon_pkg'
[1.452s] Level 1:colcon.colcon_core.package_identification:_identify(src/ldrobot-lidar-ros2/ldlidar_node) by extensions ['colcon_meta']
[1.452s] Level 1:colcon.colcon_core.package_identification:_identify(src/ldrobot-lidar-ros2/ldlidar_node) by extension 'colcon_meta'
[1.452s] Level 1:colcon.colcon_core.package_identification:_identify(src/ldrobot-lidar-ros2/ldlidar_node) by extensions ['ros']
[1.452s] Level 1:colcon.colcon_core.package_identification:_identify(src/ldrobot-lidar-ros2/ldlidar_node) by extension 'ros'
[1.456s] DEBUG:colcon.colcon_core.package_identification:Package 'src/ldrobot-lidar-ros2/ldlidar_node' with type 'ros.ament_cmake' and name 'ldlidar_node'
[1.456s] Level 1:colcon.colcon_core.package_identification:_identify(src/ldrobot-lidar-ros2/rules) by extensions ['ignore', 'ignore_ament_install']
[1.457s] Level 1:colcon.colcon_core.package_identification:_identify(src/ldrobot-lidar-ros2/rules) by extension 'ignore'
[1.457s] Level 1:colcon.colcon_core.package_identification:_identify(src/ldrobot-lidar-ros2/rules) by extension 'ignore_ament_install'
[1.457s] Level 1:colcon.colcon_core.package_identification:_identify(src/ldrobot-lidar-ros2/rules) by extensions ['colcon_pkg']
[1.457s] Level 1:colcon.colcon_core.package_identification:_identify(src/ldrobot-lidar-ros2/rules) by extension 'colcon_pkg'
[1.457s] Level 1:colcon.colcon_core.package_identification:_identify(src/ldrobot-lidar-ros2/rules) by extensions ['colcon_meta']
[1.458s] Level 1:colcon.colcon_core.package_identification:_identify(src/ldrobot-lidar-ros2/rules) by extension 'colcon_meta'
[1.458s] Level 1:colcon.colcon_core.package_identification:_identify(src/ldrobot-lidar-ros2/rules) by extensions ['ros']
[1.458s] Level 1:colcon.colcon_core.package_identification:_identify(src/ldrobot-lidar-ros2/rules) by extension 'ros'
[1.458s] Level 1:colcon.colcon_core.package_identification:_identify(src/ldrobot-lidar-ros2/rules) by extensions ['cmake', 'python']
[1.458s] Level 1:colcon.colcon_core.package_identification:_identify(src/ldrobot-lidar-ros2/rules) by extension 'cmake'
[1.458s] Level 1:colcon.colcon_core.package_identification:_identify(src/ldrobot-lidar-ros2/rules) by extension 'python'
[1.459s] Level 1:colcon.colcon_core.package_identification:_identify(src/ldrobot-lidar-ros2/rules) by extensions ['python_setup_py']
[1.459s] Level 1:colcon.colcon_core.package_identification:_identify(src/ldrobot-lidar-ros2/rules) by extension 'python_setup_py'
[1.459s] Level 1:colcon.colcon_core.package_identification:_identify(src/ldrobot-lidar-ros2/scripts) by extensions ['ignore', 'ignore_ament_install']
[1.459s] Level 1:colcon.colcon_core.package_identification:_identify(src/ldrobot-lidar-ros2/scripts) by extension 'ignore'
[1.460s] Level 1:colcon.colcon_core.package_identification:_identify(src/ldrobot-lidar-ros2/scripts) by extension 'ignore_ament_install'
[1.460s] Level 1:colcon.colcon_core.package_identification:_identify(src/ldrobot-lidar-ros2/scripts) by extensions ['colcon_pkg']
[1.460s] Level 1:colcon.colcon_core.package_identification:_identify(src/ldrobot-lidar-ros2/scripts) by extension 'colcon_pkg'
[1.460s] Level 1:colcon.colcon_core.package_identification:_identify(src/ldrobot-lidar-ros2/scripts) by extensions ['colcon_meta']
[1.460s] Level 1:colcon.colcon_core.package_identification:_identify(src/ldrobot-lidar-ros2/scripts) by extension 'colcon_meta'
[1.461s] Level 1:colcon.colcon_core.package_identification:_identify(src/ldrobot-lidar-ros2/scripts) by extensions ['ros']
[1.461s] Level 1:colcon.colcon_core.package_identification:_identify(src/ldrobot-lidar-ros2/scripts) by extension 'ros'
[1.461s] Level 1:colcon.colcon_core.package_identification:_identify(src/ldrobot-lidar-ros2/scripts) by extensions ['cmake', 'python']
[1.461s] Level 1:colcon.colcon_core.package_identification:_identify(src/ldrobot-lidar-ros2/scripts) by extension 'cmake'
[1.461s] Level 1:colcon.colcon_core.package_identification:_identify(src/ldrobot-lidar-ros2/scripts) by extension 'python'
[1.461s] Level 1:colcon.colcon_core.package_identification:_identify(src/ldrobot-lidar-ros2/scripts) by extensions ['python_setup_py']
[1.461s] Level 1:colcon.colcon_core.package_identification:_identify(src/ldrobot-lidar-ros2/scripts) by extension 'python_setup_py'
[1.462s] Level 1:colcon.colcon_core.package_identification:_identify(src/log) by extensions ['ignore', 'ignore_ament_install']
[1.462s] Level 1:colcon.colcon_core.package_identification:_identify(src/log) by extension 'ignore'
[1.462s] Level 1:colcon.colcon_core.package_identification:_identify(src/log) ignored
[1.463s] Level 1:colcon.colcon_core.package_identification:_identify(src/py_pkg) by extensions ['ignore', 'ignore_ament_install']
[1.463s] Level 1:colcon.colcon_core.package_identification:_identify(src/py_pkg) by extension 'ignore'
[1.463s] Level 1:colcon.colcon_core.package_identification:_identify(src/py_pkg) by extension 'ignore_ament_install'
[1.464s] Level 1:colcon.colcon_core.package_identification:_identify(src/py_pkg) by extensions ['colcon_pkg']
[1.464s] Level 1:colcon.colcon_core.package_identification:_identify(src/py_pkg) by extension 'colcon_pkg'
[1.464s] Level 1:colcon.colcon_core.package_identification:_identify(src/py_pkg) by extensions ['colcon_meta']
[1.464s] Level 1:colcon.colcon_core.package_identification:_identify(src/py_pkg) by extension 'colcon_meta'
[1.464s] Level 1:colcon.colcon_core.package_identification:_identify(src/py_pkg) by extensions ['ros']
[1.464s] Level 1:colcon.colcon_core.package_identification:_identify(src/py_pkg) by extension 'ros'
[1.467s] DEBUG:colcon.colcon_core.package_identification:Package 'src/py_pkg' with type 'ros.ament_python' and name 'py_pkg'
[1.467s] Level 1:colcon.colcon_core.package_discovery:discover_packages(recursive) using defaults
[1.467s] Level 1:colcon.colcon_core.package_discovery:discover_packages(ignore) discover
[1.467s] Level 1:colcon.colcon_core.package_discovery:discover_packages(ignore) using defaults
[1.467s] Level 1:colcon.colcon_core.package_discovery:discover_packages(path) discover
[1.468s] Level 1:colcon.colcon_core.package_discovery:discover_packages(path) using defaults
[1.594s] INFO:colcon.colcon_core.package_selection:Skipping not selected package 'ldlidar' in 'sdk_ldrobotsensorteam_stl/ros2_app/src/ldlidar'
[1.594s] INFO:colcon.colcon_core.package_selection:Skipping not selected package 'ldlidar' in 'sdk_ldrobotsensorteam_stl/ros_app/src/ldlidar'
[1.595s] INFO:colcon.colcon_core.package_selection:Skipping not selected package 'ldlidar_component' in 'src/ldrobot-lidar-ros2/ldlidar_component'
[1.595s] INFO:colcon.colcon_core.package_selection:Skipping not selected package 'ldlidar_stl' in 'sdk_ldrobotsensorteam_stl/linux_app'
[1.595s] INFO:colcon.colcon_core.package_selection:Skipping not selected package 'py_pkg' in 'src/py_pkg'
[1.595s] INFO:colcon.colcon_core.package_selection:Skipping not selected package 'ldlidar_node' in 'src/ldrobot-lidar-ros2/ldlidar_node'
[1.595s] INFO:colcon.colcon_core.package_selection:Skipping not selected package 'ldlidar' in 'src/ldrobot-lidar-ros2/ldlidar'
[1.597s] Level 1:colcon.colcon_core.package_discovery:discover_packages(prefix_path) check parameters
[1.597s] Level 1:colcon.colcon_core.package_discovery:discover_packages(prefix_path) discover
[1.606s] DEBUG:colcon.colcon_installed_package_information.package_discovery:Found 1 installed packages in /home/user/ldlidar_ros2_ws/install
[1.609s] DEBUG:colcon.colcon_installed_package_information.package_discovery:Found 1 installed packages in /home/user/ros2_ws/sdk_ldrobotsensorteam_stl/ros2_app/install
[1.611s] DEBUG:colcon.colcon_installed_package_information.package_discovery:Found 5 installed packages in /home/user/ros2_ws/install
[1.622s] DEBUG:colcon.colcon_installed_package_information.package_discovery:Found 338 installed packages in /opt/ros/humble
[1.630s] Level 1:colcon.colcon_core.package_discovery:discover_packages(prefix_path) using defaults
[1.826s] Level 5:colcon.colcon_core.verb:set package 'cpp_pkg' build argument 'cmake_args' from command line to 'None'
[1.826s] Level 5:colcon.colcon_core.verb:set package 'cpp_pkg' build argument 'cmake_target' from command line to 'None'
[1.826s] Level 5:colcon.colcon_core.verb:set package 'cpp_pkg' build argument 'cmake_target_skip_unavailable' from command line to 'False'
[1.827s] Level 5:colcon.colcon_core.verb:set package 'cpp_pkg' build argument 'cmake_clean_cache' from command line to 'False'
[1.827s] Level 5:colcon.colcon_core.verb:set package 'cpp_pkg' build argument 'cmake_clean_first' from command line to 'False'
[1.827s] Level 5:colcon.colcon_core.verb:set package 'cpp_pkg' build argument 'cmake_force_configure' from command line to 'False'
[1.827s] Level 5:colcon.colcon_core.verb:set package 'cpp_pkg' build argument 'ament_cmake_args' from command line to 'None'
[1.827s] Level 5:colcon.colcon_core.verb:set package 'cpp_pkg' build argument 'catkin_cmake_args' from command line to 'None'
[1.827s] Level 5:colcon.colcon_core.verb:set package 'cpp_pkg' build argument 'catkin_skip_building_tests' from command line to 'False'
[1.827s] DEBUG:colcon.colcon_core.verb:Building package 'cpp_pkg' with the following arguments: {'ament_cmake_args': None, 'build_base': '/home/user/ros2_ws/build/cpp_pkg', 'catkin_cmake_args': None, 'catkin_skip_building_tests': False, 'cmake_args': None, 'cmake_clean_cache': False, 'cmake_clean_first': False, 'cmake_force_configure': False, 'cmake_target': None, 'cmake_target_skip_unavailable': False, 'install_base': '/home/user/ros2_ws/install/cpp_pkg', 'merge_install': False, 'path': '/home/user/ros2_ws/src/cpp_pkg', 'symlink_install': False, 'test_result_base': None}
[1.828s] INFO:colcon.colcon_core.executor:Executing jobs using 'parallel' executor
[1.831s] DEBUG:colcon.colcon_parallel_executor.executor.parallel:run_until_complete
[1.832s] INFO:colcon.colcon_ros.task.ament_cmake.build:Building ROS package in '/home/user/ros2_ws/src/cpp_pkg' with build type 'ament_cmake'
[1.833s] INFO:colcon.colcon_cmake.task.cmake.build:Building CMake package in '/home/user/ros2_ws/src/cpp_pkg'
[1.842s] INFO:colcon.colcon_core.plugin_system:Skipping extension 'colcon_core.shell.bat': Not used on non-Windows systems
[1.843s] INFO:colcon.colcon_core.shell:Skip shell extension 'powershell' for command environment: Not usable outside of PowerShell
[1.843s] DEBUG:colcon.colcon_core.shell:Skip shell extension 'dsv' for command environment
[1.896s] DEBUG:colcon.colcon_core.event_handler.log_command:Invoking command in '/home/user/ros2_ws/build/cpp_pkg': CMAKE_PREFIX_PATH=${CMAKE_PREFIX_PATH}:/home/user/ros2_ws/install/py_pkg:/opt/ros/humble /usr/bin/cmake --build /home/user/ros2_ws/build/cpp_pkg -- -j4 -l4
[17.847s] DEBUG:colcon.colcon_core.event_handler.log_command:Invoked command in '/home/user/ros2_ws/build/cpp_pkg' returned '0': CMAKE_PREFIX_PATH=${CMAKE_PREFIX_PATH}:/home/user/ros2_ws/install/py_pkg:/opt/ros/humble /usr/bin/cmake --build /home/user/ros2_ws/build/cpp_pkg -- -j4 -l4
[17.889s] DEBUG:colcon.colcon_core.event_handler.log_command:Invoking command in '/home/user/ros2_ws/build/cpp_pkg': CMAKE_PREFIX_PATH=${CMAKE_PREFIX_PATH}:/home/user/ros2_ws/install/py_pkg:/opt/ros/humble /usr/bin/cmake --install /home/user/ros2_ws/build/cpp_pkg
[17.975s] Level 1:colcon.colcon_core.environment:create_environment_scripts_only(cpp_pkg)
[17.977s] DEBUG:colcon.colcon_core.event_handler.log_command:Invoked command in '/home/user/ros2_ws/build/cpp_pkg' returned '0': CMAKE_PREFIX_PATH=${CMAKE_PREFIX_PATH}:/home/user/ros2_ws/install/py_pkg:/opt/ros/humble /usr/bin/cmake --install /home/user/ros2_ws/build/cpp_pkg
[17.988s] Level 1:colcon.colcon_core.environment:checking '/home/user/ros2_ws/install/cpp_pkg' for CMake module files
[17.991s] Level 1:colcon.colcon_core.environment:checking '/home/user/ros2_ws/install/cpp_pkg' for CMake config files
[17.994s] Level 1:colcon.colcon_core.shell:create_environment_hook('cpp_pkg', 'cmake_prefix_path')
[17.995s] INFO:colcon.colcon_core.shell:Creating environment hook '/home/user/ros2_ws/install/cpp_pkg/share/cpp_pkg/hook/cmake_prefix_path.ps1'
[17.998s] INFO:colcon.colcon_core.shell:Creating environment descriptor '/home/user/ros2_ws/install/cpp_pkg/share/cpp_pkg/hook/cmake_prefix_path.dsv'
[20.212s] INFO:colcon.colcon_core.shell:Creating environment hook '/home/user/ros2_ws/install/cpp_pkg/share/cpp_pkg/hook/cmake_prefix_path.sh'
[20.221s] Level 1:colcon.colcon_core.environment:checking '/home/user/ros2_ws/install/cpp_pkg/lib'
[20.222s] Level 1:colcon.colcon_core.environment:checking '/home/user/ros2_ws/install/cpp_pkg/bin'
[20.222s] Level 1:colcon.colcon_core.environment:checking '/home/user/ros2_ws/install/cpp_pkg/lib/pkgconfig/cpp_pkg.pc'
[20.223s] Level 1:colcon.colcon_core.environment:checking '/home/user/ros2_ws/install/cpp_pkg/lib/python3.10/site-packages'
[20.224s] Level 1:colcon.colcon_core.environment:checking '/home/user/ros2_ws/install/cpp_pkg/bin'
[20.226s] INFO:colcon.colcon_core.shell:Creating package script '/home/user/ros2_ws/install/cpp_pkg/share/cpp_pkg/package.ps1'
[20.230s] INFO:colcon.colcon_core.shell:Creating package descriptor '/home/user/ros2_ws/install/cpp_pkg/share/cpp_pkg/package.dsv'
[20.233s] INFO:colcon.colcon_core.shell:Creating package script '/home/user/ros2_ws/install/cpp_pkg/share/cpp_pkg/package.sh'
[20.236s] INFO:colcon.colcon_core.shell:Creating package script '/home/user/ros2_ws/install/cpp_pkg/share/cpp_pkg/package.bash'
[20.239s] INFO:colcon.colcon_core.shell:Creating package script '/home/user/ros2_ws/install/cpp_pkg/share/cpp_pkg/package.zsh'
[20.242s] Level 1:colcon.colcon_core.environment:create_file_with_runtime_dependencies(/home/user/ros2_ws/install/cpp_pkg/share/colcon-core/packages/cpp_pkg)
[20.245s] Level 1:colcon.colcon_core.environment:create_environment_scripts_only(cpp_pkg)
[20.246s] Level 1:colcon.colcon_core.environment:checking '/home/user/ros2_ws/install/cpp_pkg' for CMake module files
[20.249s] Level 1:colcon.colcon_core.environment:checking '/home/user/ros2_ws/install/cpp_pkg' for CMake config files
[20.252s] Level 1:colcon.colcon_core.shell:create_environment_hook('cpp_pkg', 'cmake_prefix_path')
[20.253s] INFO:colcon.colcon_core.shell:Creating environment hook '/home/user/ros2_ws/install/cpp_pkg/share/cpp_pkg/hook/cmake_prefix_path.ps1'
[20.255s] INFO:colcon.colcon_core.shell:Creating environment descriptor '/home/user/ros2_ws/install/cpp_pkg/share/cpp_pkg/hook/cmake_prefix_path.dsv'
[20.257s] INFO:colcon.colcon_core.shell:Creating environment hook '/home/user/ros2_ws/install/cpp_pkg/share/cpp_pkg/hook/cmake_prefix_path.sh'
[20.259s] Level 1:colcon.colcon_core.environment:checking '/home/user/ros2_ws/install/cpp_pkg/lib'
[20.260s] Level 1:colcon.colcon_core.environment:checking '/home/user/ros2_ws/install/cpp_pkg/bin'
[20.260s] Level 1:colcon.colcon_core.environment:checking '/home/user/ros2_ws/install/cpp_pkg/lib/pkgconfig/cpp_pkg.pc'
[20.261s] Level 1:colcon.colcon_core.environment:checking '/home/user/ros2_ws/install/cpp_pkg/lib/python3.10/site-packages'
[20.263s] Level 1:colcon.colcon_core.environment:checking '/home/user/ros2_ws/install/cpp_pkg/bin'
[20.264s] INFO:colcon.colcon_core.shell:Creating package script '/home/user/ros2_ws/install/cpp_pkg/share/cpp_pkg/package.ps1'
[20.267s] INFO:colcon.colcon_core.shell:Creating package descriptor '/home/user/ros2_ws/install/cpp_pkg/share/cpp_pkg/package.dsv'
[20.269s] INFO:colcon.colcon_core.shell:Creating package script '/home/user/ros2_ws/install/cpp_pkg/share/cpp_pkg/package.sh'
[21.426s] INFO:colcon.colcon_core.shell:Creating package script '/home/user/ros2_ws/install/cpp_pkg/share/cpp_pkg/package.bash'
[21.431s] INFO:colcon.colcon_core.shell:Creating package script '/home/user/ros2_ws/install/cpp_pkg/share/cpp_pkg/package.zsh'
[21.437s] Level 1:colcon.colcon_core.environment:create_file_with_runtime_dependencies(/home/user/ros2_ws/install/cpp_pkg/share/colcon-core/packages/cpp_pkg)
[21.439s] DEBUG:colcon.colcon_parallel_executor.executor.parallel:closing loop
[21.440s] DEBUG:colcon.colcon_parallel_executor.executor.parallel:loop closed
[21.441s] DEBUG:colcon.colcon_parallel_executor.executor.parallel:run_until_complete finished with '0'
[21.441s] DEBUG:colcon.colcon_core.event_reactor:joining thread
[21.470s] INFO:colcon.colcon_core.plugin_system:Skipping extension 'colcon_notification.desktop_notification.terminal_notifier': Not used on non-Darwin systems
[21.471s] INFO:colcon.colcon_core.plugin_system:Skipping extension 'colcon_notification.desktop_notification.win32': Not used on non-Windows systems
[21.471s] INFO:colcon.colcon_notification.desktop_notification:Sending desktop notification using 'notify2'
[21.523s] DEBUG:colcon.colcon_core.event_reactor:joined thread
[21.525s] INFO:colcon.colcon_core.shell:Creating prefix script '/home/user/ros2_ws/install/local_setup.ps1'
[21.529s] INFO:colcon.colcon_core.shell:Creating prefix util module '/home/user/ros2_ws/install/_local_setup_util_ps1.py'
[21.537s] INFO:colcon.colcon_core.shell:Creating prefix chain script '/home/user/ros2_ws/install/setup.ps1'
[21.545s] INFO:colcon.colcon_core.shell:Creating prefix script '/home/user/ros2_ws/install/local_setup.sh'
[21.548s] INFO:colcon.colcon_core.shell:Creating prefix util module '/home/user/ros2_ws/install/_local_setup_util_sh.py'
[21.551s] INFO:colcon.colcon_core.shell:Creating prefix chain script '/home/user/ros2_ws/install/setup.sh'
[21.559s] INFO:colcon.colcon_core.shell:Creating prefix script '/home/user/ros2_ws/install/local_setup.bash'
[21.563s] INFO:colcon.colcon_core.shell:Creating prefix chain script '/home/user/ros2_ws/install/setup.bash'
[21.571s] INFO:colcon.colcon_core.shell:Creating prefix script '/home/user/ros2_ws/install/local_setup.zsh'
[21.573s] INFO:colcon.colcon_core.shell:Creating prefix chain script '/home/user/ros2_ws/install/setup.zsh'
