[0.205s] Invoking command in '/home/user/ros2_ws/build/ldlidar': CMAKE_PREFIX_PATH=/home/user/ros2_ws/install/ldlidar_node:/home/user/ros2_ws/install/ldlidar_component:/home/user/ros2_ws/install/ldlidar:/home/user/ros2_ws/install/cpp_pkg:/home/user/ros2_ws/install/py_pkg:/opt/ros/humble /usr/bin/cmake --build /home/user/ros2_ws/build/ldlidar -- -j4 -l4
[1.183s] Invoked command in '/home/user/ros2_ws/build/ldlidar' returned '0': CMAKE_PREFIX_PATH=/home/user/ros2_ws/install/ldlidar_node:/home/user/ros2_ws/install/ldlidar_component:/home/user/ros2_ws/install/ldlidar:/home/user/ros2_ws/install/cpp_pkg:/home/user/ros2_ws/install/py_pkg:/opt/ros/humble /usr/bin/cmake --build /home/user/ros2_ws/build/ldlidar -- -j4 -l4
[1.237s] Invoking command in '/home/user/ros2_ws/build/ldlidar': CMAKE_PREFIX_PATH=/home/user/ros2_ws/install/ldlidar_node:/home/user/ros2_ws/install/ldlidar_component:/home/user/ros2_ws/install/ldlidar:/home/user/ros2_ws/install/cpp_pkg:/home/user/ros2_ws/install/py_pkg:/opt/ros/humble /usr/bin/cmake --install /home/user/ros2_ws/build/ldlidar
[1.396s] -- Install configuration: "Release"
[1.412s] -- Execute custom install script
[1.424s] -- Up-to-date symlink: /home/user/ros2_ws/install/ldlidar/share/ament_index/resource_index/package_run_dependencies/ldlidar
[1.437s] -- Up-to-date symlink: /home/user/ros2_ws/install/ldlidar/share/ament_index/resource_index/parent_prefix_path/ldlidar
[1.449s] -- Up-to-date symlink: /home/user/ros2_ws/install/ldlidar/share/ldlidar/environment/ament_prefix_path.sh
[1.457s] -- Up-to-date symlink: /home/user/ros2_ws/install/ldlidar/share/ldlidar/environment/ament_prefix_path.dsv
[1.463s] -- Up-to-date symlink: /home/user/ros2_ws/install/ldlidar/share/ldlidar/environment/path.sh
[1.468s] -- Up-to-date symlink: /home/user/ros2_ws/install/ldlidar/share/ldlidar/environment/path.dsv
[1.474s] -- Up-to-date symlink: /home/user/ros2_ws/install/ldlidar/share/ldlidar/local_setup.bash
[1.479s] -- Up-to-date symlink: /home/user/ros2_ws/install/ldlidar/share/ldlidar/local_setup.sh
[1.485s] -- Up-to-date symlink: /home/user/ros2_ws/install/ldlidar/share/ldlidar/local_setup.zsh
[1.492s] -- Up-to-date symlink: /home/user/ros2_ws/install/ldlidar/share/ldlidar/local_setup.dsv
[1.495s] -- Symlinking: /home/user/ros2_ws/install/ldlidar/share/ldlidar/package.dsv
[1.664s] -- Up-to-date symlink: /home/user/ros2_ws/install/ldlidar/share/ament_index/resource_index/packages/ldlidar
[1.672s] -- Up-to-date symlink: /home/user/ros2_ws/install/ldlidar/share/ldlidar/cmake/ldlidarConfig.cmake
[1.682s] -- Up-to-date symlink: /home/user/ros2_ws/install/ldlidar/share/ldlidar/cmake/ldlidarConfig-version.cmake
[1.690s] -- Up-to-date symlink: /home/user/ros2_ws/install/ldlidar/share/ldlidar/package.xml
[1.728s] Invoked command in '/home/user/ros2_ws/build/ldlidar' returned '0': CMAKE_PREFIX_PATH=/home/user/ros2_ws/install/ldlidar_node:/home/user/ros2_ws/install/ldlidar_component:/home/user/ros2_ws/install/ldlidar:/home/user/ros2_ws/install/cpp_pkg:/home/user/ros2_ws/install/py_pkg:/opt/ros/humble /usr/bin/cmake --install /home/user/ros2_ws/build/ldlidar
