[0.073s] Invoking command in '/home/user/ros2_ws/build/robot_bringup': AMENT_PREFIX_PATH=/home/user/ros2_ws/install/py_pkg:/home/user/ros2_ws/install/robot_bringup:/home/user/ros2_ws/install/ldlidar:/home/user/ros2_ws/install/ldlidar_node:/home/user/ros2_ws/install/ldlidar_component:/home/user/ros2_ws/install/cpp_pkg:/home/user/ldlidar_ros2_ws/install/ldlidar_stl_ros2:/home/user/ros2_ws/sdk_ldrobotsensorteam_stl/ros2_app/install/ldlidar:/opt/ros/humble CMAKE_PREFIX_PATH=/home/user/ros2_ws/install/cpp_pkg:/home/user/ros2_ws/install/robot_bringup:/home/user/ros2_ws/install/ldlidar:/home/user/ros2_ws/install/ldlidar_node:/home/user/ros2_ws/install/ldlidar_component:/home/user/ldlidar_ros2_ws/install/ldlidar_stl_ros2:/home/user/ros2_ws/sdk_ldrobotsensorteam_stl/ros2_app/install/ldlidar:/home/user/ros2_ws/install/py_pkg:/opt/ros/humble /usr/bin/cmake --build /home/user/ros2_ws/build/robot_bringup -- -j4 -l4
[0.224s] Invoked command in '/home/user/ros2_ws/build/robot_bringup' returned '0': AMENT_PREFIX_PATH=/home/user/ros2_ws/install/py_pkg:/home/user/ros2_ws/install/robot_bringup:/home/user/ros2_ws/install/ldlidar:/home/user/ros2_ws/install/ldlidar_node:/home/user/ros2_ws/install/ldlidar_component:/home/user/ros2_ws/install/cpp_pkg:/home/user/ldlidar_ros2_ws/install/ldlidar_stl_ros2:/home/user/ros2_ws/sdk_ldrobotsensorteam_stl/ros2_app/install/ldlidar:/opt/ros/humble CMAKE_PREFIX_PATH=/home/user/ros2_ws/install/cpp_pkg:/home/user/ros2_ws/install/robot_bringup:/home/user/ros2_ws/install/ldlidar:/home/user/ros2_ws/install/ldlidar_node:/home/user/ros2_ws/install/ldlidar_component:/home/user/ldlidar_ros2_ws/install/ldlidar_stl_ros2:/home/user/ros2_ws/sdk_ldrobotsensorteam_stl/ros2_app/install/ldlidar:/home/user/ros2_ws/install/py_pkg:/opt/ros/humble /usr/bin/cmake --build /home/user/ros2_ws/build/robot_bringup -- -j4 -l4
[0.268s] Invoking command in '/home/user/ros2_ws/build/robot_bringup': AMENT_PREFIX_PATH=/home/user/ros2_ws/install/py_pkg:/home/user/ros2_ws/install/robot_bringup:/home/user/ros2_ws/install/ldlidar:/home/user/ros2_ws/install/ldlidar_node:/home/user/ros2_ws/install/ldlidar_component:/home/user/ros2_ws/install/cpp_pkg:/home/user/ldlidar_ros2_ws/install/ldlidar_stl_ros2:/home/user/ros2_ws/sdk_ldrobotsensorteam_stl/ros2_app/install/ldlidar:/opt/ros/humble CMAKE_PREFIX_PATH=/home/user/ros2_ws/install/cpp_pkg:/home/user/ros2_ws/install/robot_bringup:/home/user/ros2_ws/install/ldlidar:/home/user/ros2_ws/install/ldlidar_node:/home/user/ros2_ws/install/ldlidar_component:/home/user/ldlidar_ros2_ws/install/ldlidar_stl_ros2:/home/user/ros2_ws/sdk_ldrobotsensorteam_stl/ros2_app/install/ldlidar:/home/user/ros2_ws/install/py_pkg:/opt/ros/humble /usr/bin/cmake --install /home/user/ros2_ws/build/robot_bringup
[0.296s] -- Install configuration: ""
[0.296s] -- Up-to-date: /home/user/ros2_ws/install/robot_bringup/share/robot_bringup/launch
[0.297s] -- Installing: /home/user/ros2_ws/install/robot_bringup/share/robot_bringup/launch/robot_launch.launch.py
[0.298s] -- Up-to-date: /home/user/ros2_ws/install/robot_bringup/share/ament_index/resource_index/package_run_dependencies/robot_bringup
[0.298s] -- Up-to-date: /home/user/ros2_ws/install/robot_bringup/share/ament_index/resource_index/parent_prefix_path/robot_bringup
[0.299s] -- Up-to-date: /home/user/ros2_ws/install/robot_bringup/share/robot_bringup/environment/ament_prefix_path.sh
[0.299s] -- Up-to-date: /home/user/ros2_ws/install/robot_bringup/share/robot_bringup/environment/ament_prefix_path.dsv
[0.300s] -- Up-to-date: /home/user/ros2_ws/install/robot_bringup/share/robot_bringup/environment/path.sh
[0.300s] -- Up-to-date: /home/user/ros2_ws/install/robot_bringup/share/robot_bringup/environment/path.dsv
[0.301s] -- Up-to-date: /home/user/ros2_ws/install/robot_bringup/share/robot_bringup/local_setup.bash
[0.301s] -- Up-to-date: /home/user/ros2_ws/install/robot_bringup/share/robot_bringup/local_setup.sh
[0.301s] -- Up-to-date: /home/user/ros2_ws/install/robot_bringup/share/robot_bringup/local_setup.zsh
[0.302s] -- Up-to-date: /home/user/ros2_ws/install/robot_bringup/share/robot_bringup/local_setup.dsv
[0.302s] -- Installing: /home/user/ros2_ws/install/robot_bringup/share/robot_bringup/package.dsv
[0.303s] -- Up-to-date: /home/user/ros2_ws/install/robot_bringup/share/ament_index/resource_index/packages/robot_bringup
[0.304s] -- Up-to-date: /home/user/ros2_ws/install/robot_bringup/share/robot_bringup/cmake/robot_bringupConfig.cmake
[0.304s] -- Up-to-date: /home/user/ros2_ws/install/robot_bringup/share/robot_bringup/cmake/robot_bringupConfig-version.cmake
[0.304s] -- Up-to-date: /home/user/ros2_ws/install/robot_bringup/share/robot_bringup/package.xml
[0.310s] Invoked command in '/home/user/ros2_ws/build/robot_bringup' returned '0': AMENT_PREFIX_PATH=/home/user/ros2_ws/install/py_pkg:/home/user/ros2_ws/install/robot_bringup:/home/user/ros2_ws/install/ldlidar:/home/user/ros2_ws/install/ldlidar_node:/home/user/ros2_ws/install/ldlidar_component:/home/user/ros2_ws/install/cpp_pkg:/home/user/ldlidar_ros2_ws/install/ldlidar_stl_ros2:/home/user/ros2_ws/sdk_ldrobotsensorteam_stl/ros2_app/install/ldlidar:/opt/ros/humble CMAKE_PREFIX_PATH=/home/user/ros2_ws/install/cpp_pkg:/home/user/ros2_ws/install/robot_bringup:/home/user/ros2_ws/install/ldlidar:/home/user/ros2_ws/install/ldlidar_node:/home/user/ros2_ws/install/ldlidar_component:/home/user/ldlidar_ros2_ws/install/ldlidar_stl_ros2:/home/user/ros2_ws/sdk_ldrobotsensorteam_stl/ros2_app/install/ldlidar:/home/user/ros2_ws/install/py_pkg:/opt/ros/humble /usr/bin/cmake --install /home/user/ros2_ws/build/robot_bringup
