[0.054s] Invoking command in '/home/user/ros2_ws/build/cpp_pkg': CMAKE_PREFIX_PATH=${CMAKE_PREFIX_PATH}:/home/user/ros2_ws/install/py_pkg:/opt/ros/humble /usr/bin/cmake --build /home/user/ros2_ws/build/cpp_pkg -- -j4 -l4
[0.302s] [ 75%] [32mBuilding CXX object CMakeFiles/test_node.dir/src/test_node.cpp.o[0m
[0.302s] [ 75%] Built target node_template
[14.911s] [100%] [32m[1mLinking CXX executable test_node[0m
[15.642s] [100%] Built target test_node
[15.686s] Invoked command in '/home/user/ros2_ws/build/cpp_pkg' returned '0': CMAKE_PREFIX_PATH=${CMAKE_PREFIX_PATH}:/home/user/ros2_ws/install/py_pkg:/opt/ros/humble /usr/bin/cmake --build /home/user/ros2_ws/build/cpp_pkg -- -j4 -l4
[15.876s] Invoking command in '/home/user/ros2_ws/build/cpp_pkg': CMAKE_PREFIX_PATH=${CMAKE_PREFIX_PATH}:/home/user/ros2_ws/install/py_pkg:/opt/ros/humble /usr/bin/cmake --install /home/user/ros2_ws/build/cpp_pkg
[15.909s] -- Install configuration: ""
[15.910s] -- Up-to-date: /home/user/ros2_ws/install/cpp_pkg/lib/cpp_pkg/node_template
[15.912s] -- Installing: /home/user/ros2_ws/install/cpp_pkg/lib/cpp_pkg/test_node
[15.916s] -- Set runtime path of "/home/user/ros2_ws/install/cpp_pkg/lib/cpp_pkg/test_node" to ""
[15.916s] -- Up-to-date: /home/user/ros2_ws/install/cpp_pkg/share/ament_index/resource_index/package_run_dependencies/cpp_pkg
[15.917s] -- Up-to-date: /home/user/ros2_ws/install/cpp_pkg/share/ament_index/resource_index/parent_prefix_path/cpp_pkg
[15.918s] -- Up-to-date: /home/user/ros2_ws/install/cpp_pkg/share/cpp_pkg/environment/ament_prefix_path.sh
[15.918s] -- Up-to-date: /home/user/ros2_ws/install/cpp_pkg/share/cpp_pkg/environment/ament_prefix_path.dsv
[15.918s] -- Up-to-date: /home/user/ros2_ws/install/cpp_pkg/share/cpp_pkg/environment/path.sh
[15.919s] -- Up-to-date: /home/user/ros2_ws/install/cpp_pkg/share/cpp_pkg/environment/path.dsv
[15.919s] -- Up-to-date: /home/user/ros2_ws/install/cpp_pkg/share/cpp_pkg/local_setup.bash
[15.920s] -- Up-to-date: /home/user/ros2_ws/install/cpp_pkg/share/cpp_pkg/local_setup.sh
[15.920s] -- Up-to-date: /home/user/ros2_ws/install/cpp_pkg/share/cpp_pkg/local_setup.zsh
[15.920s] -- Up-to-date: /home/user/ros2_ws/install/cpp_pkg/share/cpp_pkg/local_setup.dsv
[15.921s] -- Installing: /home/user/ros2_ws/install/cpp_pkg/share/cpp_pkg/package.dsv
[15.921s] -- Up-to-date: /home/user/ros2_ws/install/cpp_pkg/share/ament_index/resource_index/packages/cpp_pkg
[15.922s] -- Up-to-date: /home/user/ros2_ws/install/cpp_pkg/share/cpp_pkg/cmake/cpp_pkgConfig.cmake
[15.922s] -- Up-to-date: /home/user/ros2_ws/install/cpp_pkg/share/cpp_pkg/cmake/cpp_pkgConfig-version.cmake
[15.922s] -- Up-to-date: /home/user/ros2_ws/install/cpp_pkg/share/cpp_pkg/package.xml
[15.928s] Invoked command in '/home/user/ros2_ws/build/cpp_pkg' returned '0': CMAKE_PREFIX_PATH=${CMAKE_PREFIX_PATH}:/home/user/ros2_ws/install/py_pkg:/opt/ros/humble /usr/bin/cmake --install /home/user/ros2_ws/build/cpp_pkg
